<?xml version="1.0" encoding="UTF-8"?>
<testsuites name="test Sauce Demo" time="682.987" tests="31" failures="4" errors="0">
   <testsuite name="test Sauce Demo" tests="31" failures="4" errors="0" time="682.987" skipped="0" timestamp="2023-08-31 10:21:48" hostname="USER - DESKTOP-22KTP91" id="Test Suites/test Sauce Demo">
      <properties>
         <property name="deviceName" value=""/>
         <property name="devicePlatform" value=""/>
         <property name="logFolder" value="F:\\bootcamp\\batch-324-qa\\Ika\\Sauce demo\\Reports\\20230831_102139\\test Sauce Demo\\20230831_102139"/>
         <property name="logFiles" value="F:\\bootcamp\\batch-324-qa\\Ika\\Sauce demo\\Reports\\20230831_102139\\test Sauce Demo\\20230831_102139\\execution0.log"/>
         <property name="attachments" value="F:\\bootcamp\\batch-324-qa\\Ika\\Sauce demo\\Reports\\20230831_102139\\test Sauce Demo\\20230831_102139\\1693452151906.png, F:\\bootcamp\\batch-324-qa\\Ika\\Sauce demo\\Reports\\20230831_102139\\test Sauce Demo\\20230831_102139\\1693452152097.png, F:\\bootcamp\\batch-324-qa\\Ika\\Sauce demo\\Reports\\20230831_102139\\test Sauce Demo\\20230831_102139\\1693452161908.png, F:\\bootcamp\\batch-324-qa\\Ika\\Sauce demo\\Reports\\20230831_102139\\test Sauce Demo\\20230831_102139\\1693452162136.png, F:\\bootcamp\\batch-324-qa\\Ika\\Sauce demo\\Reports\\20230831_102139\\test Sauce Demo\\20230831_102139\\1693452170829.png, F:\\bootcamp\\batch-324-qa\\Ika\\Sauce demo\\Reports\\20230831_102139\\test Sauce Demo\\20230831_102139\\1693452170940.png, F:\\bootcamp\\batch-324-qa\\Ika\\Sauce demo\\Reports\\20230831_102139\\test Sauce Demo\\20230831_102139\\1693452180910.png, F:\\bootcamp\\batch-324-qa\\Ika\\Sauce demo\\Reports\\20230831_102139\\test Sauce Demo\\20230831_102139\\1693452181115.png, F:\\bootcamp\\batch-324-qa\\Ika\\Sauce demo\\Reports\\20230831_102139\\test Sauce Demo\\20230831_102139\\1693452298843.png, F:\\bootcamp\\batch-324-qa\\Ika\\Sauce demo\\Reports\\20230831_102139\\test Sauce Demo\\20230831_102139\\1693452299252.png, F:\\bootcamp\\batch-324-qa\\Ika\\Sauce demo\\Reports\\20230831_102139\\test Sauce Demo\\20230831_102139\\1693452317232.png, F:\\bootcamp\\batch-324-qa\\Ika\\Sauce demo\\Reports\\20230831_102139\\test Sauce Demo\\20230831_102139\\1693452317503.png, F:\\bootcamp\\batch-324-qa\\Ika\\Sauce demo\\Reports\\20230831_102139\\test Sauce Demo\\20230831_102139\\1693452336075.png, F:\\bootcamp\\batch-324-qa\\Ika\\Sauce demo\\Reports\\20230831_102139\\test Sauce Demo\\20230831_102139\\1693452336246.png, F:\\bootcamp\\batch-324-qa\\Ika\\Sauce demo\\Reports\\20230831_102139\\test Sauce Demo\\20230831_102139\\1693452354711.png, F:\\bootcamp\\batch-324-qa\\Ika\\Sauce demo\\Reports\\20230831_102139\\test Sauce Demo\\20230831_102139\\1693452354922.png, F:\\bootcamp\\batch-324-qa\\Ika\\Sauce demo\\Reports\\20230831_102139\\test Sauce Demo\\20230831_102139\\1693452480115.png, F:\\bootcamp\\batch-324-qa\\Ika\\Sauce demo\\Reports\\20230831_102139\\test Sauce Demo\\20230831_102139\\1693452480609.png, F:\\bootcamp\\batch-324-qa\\Ika\\Sauce demo\\Reports\\20230831_102139\\test Sauce Demo\\20230831_102139\\1693452499649.png, F:\\bootcamp\\batch-324-qa\\Ika\\Sauce demo\\Reports\\20230831_102139\\test Sauce Demo\\20230831_102139\\1693452499894.png, F:\\bootcamp\\batch-324-qa\\Ika\\Sauce demo\\Reports\\20230831_102139\\test Sauce Demo\\20230831_102139\\1693452519969.png, F:\\bootcamp\\batch-324-qa\\Ika\\Sauce demo\\Reports\\20230831_102139\\test Sauce Demo\\20230831_102139\\1693452520144.png, F:\\bootcamp\\batch-324-qa\\Ika\\Sauce demo\\Reports\\20230831_102139\\test Sauce Demo\\20230831_102139\\1693452540343.png, F:\\bootcamp\\batch-324-qa\\Ika\\Sauce demo\\Reports\\20230831_102139\\test Sauce Demo\\20230831_102139\\1693452540598.png, F:\\bootcamp\\batch-324-qa\\Ika\\Sauce demo\\Reports\\20230831_102139\\test Sauce Demo\\20230831_102139\\1693452692380.png, F:\\bootcamp\\batch-324-qa\\Ika\\Sauce demo\\Reports\\20230831_102139\\test Sauce Demo\\20230831_102139\\1693452692802.png, F:\\bootcamp\\batch-324-qa\\Ika\\Sauce demo\\Reports\\20230831_102139\\test Sauce Demo\\20230831_102139\\1693452712560.png, F:\\bootcamp\\batch-324-qa\\Ika\\Sauce demo\\Reports\\20230831_102139\\test Sauce Demo\\20230831_102139\\1693452712669.png, F:\\bootcamp\\batch-324-qa\\Ika\\Sauce demo\\Reports\\20230831_102139\\test Sauce Demo\\20230831_102139\\1693452734219.png, F:\\bootcamp\\batch-324-qa\\Ika\\Sauce demo\\Reports\\20230831_102139\\test Sauce Demo\\20230831_102139\\1693452734332.png, F:\\bootcamp\\batch-324-qa\\Ika\\Sauce demo\\Reports\\20230831_102139\\test Sauce Demo\\20230831_102139\\1693452757637.png, F:\\bootcamp\\batch-324-qa\\Ika\\Sauce demo\\Reports\\20230831_102139\\test Sauce Demo\\20230831_102139\\1693452757882.png"/>
         <property name="hostName" value="USER - DESKTOP-22KTP91"/>
         <property name="os" value="Windows 10 64bit"/>
         <property name="katalonVersion" value="8.6.5.208"/>
         <property name="browser" value="Edge Chromium 116"/>
         <property name="hostAddress" value="10.9.2.23"/>
         <property name="sessionId" value="bea034c9cab70034b173e37cf43d8f6e"/>
         <property name="seleniumVersion" value="3.141.59"/>
         <property name="proxyInformation" value="ProxyInformation { proxyOption=NO_PROXY, proxyServerType=HTTP, username=, password=********, proxyServerAddress=, proxyServerPort=0, executionList=&quot;&quot;, isApplyToDesiredCapabilities=true }"/>
         <property name="platform" value="Windows 10"/>
      </properties>
      <testcase name="Test Cases/1. login/TC-Login-Success-001" time="12.242" classname="Test Cases/1. login/TC-Login-Success-001" status="PASSED">
         <system-out><![CDATA[2023-08-31 10:21:48 - [TEST_CASE][PASSED] - Test Cases/1. login/TC-Login-Success-001: Test Cases/1. login/TC-Login-Success-001

2023-08-31 10:21:49 - [TEST_STEP][PASSED] - openBrowser(web): Browser is opened with url: 'https://www.saucedemo.com/inventory.html'

2023-08-31 10:21:49 - [MESSAGE][INFO] - Starting 'Edge Chromium' driver

2023-08-31 10:21:52 - [MESSAGE][INFO] - Action delay is set to 0 milliseconds

2023-08-31 10:21:57 - [MESSAGE][PASSED] - Browser is opened with url: 'https://www.saucedemo.com/inventory.html'

2023-08-31 10:21:57 - [TEST_STEP][PASSED] - maximizeWindow(): Current window maximized

2023-08-31 10:21:57 - [MESSAGE][PASSED] - Current window maximized

2023-08-31 10:21:57 - [TEST_STEP][PASSED] - verifyElementPresent(findTestObject("1. Login/halaman home swag labs"), 0): Object 'Object Repository/1. Login/halaman home swag labs' is present

2023-08-31 10:21:58 - [MESSAGE][WARNING] - Timeout '0' is invalid. Using default page load timeout: '30'

2023-08-31 10:21:58 - [MESSAGE][PASSED] - Object 'Object Repository/1. Login/halaman home swag labs' is present

2023-08-31 10:21:58 - [TEST_STEP][PASSED] - setText(findTestObject("1. Login/input username"), username): Text 'standard_user' is set on object 'Object Repository/1. Login/input username'

2023-08-31 10:21:59 - [MESSAGE][PASSED] - Text 'standard_user' is set on object 'Object Repository/1. Login/input username'

2023-08-31 10:21:59 - [TEST_STEP][PASSED] - setEncryptedText(findTestObject("1. Login/input password"), password): Text ****** has been set on object 'Object Repository/1. Login/input password'

2023-08-31 10:22:00 - [MESSAGE][PASSED] - Text ****** has been set on object 'Object Repository/1. Login/input password'

2023-08-31 10:22:00 - [TEST_STEP][PASSED] - click(findTestObject("1. Login/button Login")): Object: 'Object Repository/1. Login/button Login' is clicked on

2023-08-31 10:22:00 - [MESSAGE][PASSED] - Object: 'Object Repository/1. Login/button Login' is clicked on

2023-08-31 10:22:00 - [TEST_STEP][PASSED] - verifyElementText(findTestObject("1. Login/home product atau halaman Swag Labs"), "Swag Labs"): Actual text and expected text of test object 'Object Repository/1. Login/home product atau halaman Swag Labs' are matched.

2023-08-31 10:22:01 - [MESSAGE][PASSED] - Actual text and expected text of test object 'Object Repository/1. Login/home product atau halaman Swag Labs' are matched.]]></system-out>
         <system-err><![CDATA[]]></system-err>
      </testcase>
      <testcase name="Test Cases/1. login/TC-Login-Locked-001" time="12.698" classname="Test Cases/1. login/TC-Login-Locked-001" status="PASSED">
         <system-out><![CDATA[2023-08-31 10:22:01 - [TEST_CASE][PASSED] - Test Cases/1. login/TC-Login-Locked-001: Test Cases/1. login/TC-Login-Locked-001

2023-08-31 10:22:01 - [TEST_STEP][PASSED] - openBrowser(web): Browser is opened with url: 'https://www.saucedemo.com/inventory.html'

2023-08-31 10:22:01 - [MESSAGE][WARNING] - A browser is already opened. Closing browser and opening a new one

2023-08-31 10:22:02 - [MESSAGE][INFO] - Starting 'Edge Chromium' driver

2023-08-31 10:22:04 - [MESSAGE][INFO] - Action delay is set to 0 milliseconds

2023-08-31 10:22:07 - [MESSAGE][PASSED] - Browser is opened with url: 'https://www.saucedemo.com/inventory.html'

2023-08-31 10:22:07 - [TEST_STEP][PASSED] - maximizeWindow(): Current window maximized

2023-08-31 10:22:07 - [MESSAGE][PASSED] - Current window maximized

2023-08-31 10:22:07 - [TEST_STEP][PASSED] - verifyElementPresent(findTestObject("1. Login/halaman home swag labs"), 0): Object 'Object Repository/1. Login/halaman home swag labs' is present

2023-08-31 10:22:07 - [MESSAGE][WARNING] - Timeout '0' is invalid. Using default page load timeout: '30'

2023-08-31 10:22:07 - [MESSAGE][PASSED] - Object 'Object Repository/1. Login/halaman home swag labs' is present

2023-08-31 10:22:07 - [TEST_STEP][PASSED] - setText(findTestObject("1. Login/input username"), "dianty"): Text 'dianty' is set on object 'Object Repository/1. Login/input username'

2023-08-31 10:22:08 - [MESSAGE][PASSED] - Text 'dianty' is set on object 'Object Repository/1. Login/input username'

2023-08-31 10:22:08 - [TEST_STEP][PASSED] - setEncryptedText(findTestObject("1. Login/input password"), "tSupps0lC3o="): Text ****** has been set on object 'Object Repository/1. Login/input password'

2023-08-31 10:22:08 - [MESSAGE][PASSED] - Text ****** has been set on object 'Object Repository/1. Login/input password'

2023-08-31 10:22:08 - [TEST_STEP][PASSED] - click(findTestObject("1. Login/button Login")): Object: 'Object Repository/1. Login/button Login' is clicked on

2023-08-31 10:22:09 - [MESSAGE][PASSED] - Object: 'Object Repository/1. Login/button Login' is clicked on

2023-08-31 10:22:09 - [TEST_STEP][PASSED] - verifyElementText(findTestObject("1. Login/error salah usn dan password"), "Epic sadface: Username and password do not match any user in this service"): Actual text and expected text of test object 'Object Repository/1. Login/error salah usn dan password' are matched.

2023-08-31 10:22:09 - [MESSAGE][PASSED] - Actual text and expected text of test object 'Object Repository/1. Login/error salah usn dan password' are matched.

2023-08-31 10:22:09 - [TEST_STEP][PASSED] - delay(3): Delayed 3 second(s)

2023-08-31 10:22:12 - [MESSAGE][PASSED] - Delayed 3 second(s)

2023-08-31 10:22:12 - [TEST_STEP][PASSED] - closeBrowser(): Browser is closed

2023-08-31 10:22:13 - [MESSAGE][PASSED] - Browser is closed]]></system-out>
         <system-err><![CDATA[]]></system-err>
      </testcase>
      <testcase name="Test Cases/1. login/TC-Login-Failed-001" time="9.742" classname="Test Cases/1. login/TC-Login-Failed-001" status="PASSED">
         <system-out><![CDATA[2023-08-31 10:22:13 - [TEST_CASE][PASSED] - Test Cases/1. login/TC-Login-Failed-001: Test Cases/1. login/TC-Login-Failed-001

2023-08-31 10:22:14 - [TEST_STEP][PASSED] - openBrowser(web): Browser is opened with url: 'https://www.saucedemo.com/inventory.html'

2023-08-31 10:22:14 - [MESSAGE][INFO] - Starting 'Edge Chromium' driver

2023-08-31 10:22:16 - [MESSAGE][INFO] - Action delay is set to 0 milliseconds

2023-08-31 10:22:20 - [MESSAGE][PASSED] - Browser is opened with url: 'https://www.saucedemo.com/inventory.html'

2023-08-31 10:22:20 - [TEST_STEP][PASSED] - maximizeWindow(): Current window maximized

2023-08-31 10:22:20 - [MESSAGE][PASSED] - Current window maximized

2023-08-31 10:22:20 - [TEST_STEP][PASSED] - verifyElementPresent(findTestObject("1. Login/halaman home swag labs"), 0): Object 'Object Repository/1. Login/halaman home swag labs' is present

2023-08-31 10:22:20 - [MESSAGE][WARNING] - Timeout '0' is invalid. Using default page load timeout: '30'

2023-08-31 10:22:21 - [MESSAGE][PASSED] - Object 'Object Repository/1. Login/halaman home swag labs' is present

2023-08-31 10:22:21 - [TEST_STEP][PASSED] - setText(findTestObject("1. Login/input username"), username): Text 'standard_user' is set on object 'Object Repository/1. Login/input username'

2023-08-31 10:22:21 - [MESSAGE][PASSED] - Text 'standard_user' is set on object 'Object Repository/1. Login/input username'

2023-08-31 10:22:21 - [TEST_STEP][PASSED] - setEncryptedText(findTestObject("1. Login/input password"), password): Text ****** has been set on object 'Object Repository/1. Login/input password'

2023-08-31 10:22:22 - [MESSAGE][PASSED] - Text ****** has been set on object 'Object Repository/1. Login/input password'

2023-08-31 10:22:22 - [TEST_STEP][PASSED] - click(findTestObject("1. Login/button Login")): Object: 'Object Repository/1. Login/button Login' is clicked on

2023-08-31 10:22:23 - [MESSAGE][PASSED] - Object: 'Object Repository/1. Login/button Login' is clicked on

2023-08-31 10:22:23 - [TEST_STEP][PASSED] - verifyElementText(findTestObject("1. Login/home product atau halaman Swag Labs"), "Swag Labs"): Actual text and expected text of test object 'Object Repository/1. Login/home product atau halaman Swag Labs' are matched.

2023-08-31 10:22:23 - [MESSAGE][PASSED] - Actual text and expected text of test object 'Object Repository/1. Login/home product atau halaman Swag Labs' are matched.]]></system-out>
         <system-err><![CDATA[]]></system-err>
      </testcase>
      <testcase name="Test Cases/1. login/TC-Login-Failed-002" time="10.171" classname="Test Cases/1. login/TC-Login-Failed-002" status="FAILED">
         <failure type="FAILED" message="Test Cases/1. login/TC-Login-Failed-002 FAILED.
Reason:
com.kms.katalon.core.exception.StepFailedException: Verify element text of test object 'Object Repository/1. Login/error meminta pasword' FAILED.
	at com.kms.katalon.core.webui.keyword.internal.WebUIKeywordMain.stepFailed(WebUIKeywordMain.groovy:64)
	at com.kms.katalon.core.webui.keyword.internal.WebUIKeywordMain.runKeyword(WebUIKeywordMain.groovy:26)
	at com.kms.katalon.core.webui.keyword.builtin.VerifyElementTextKeyword.verifyElementText(VerifyElementTextKeyword.groovy:72)
	at com.kms.katalon.core.webui.keyword.builtin.VerifyElementTextKeyword.execute(VerifyElementTextKeyword.groovy:40)
	at com.kms.katalon.core.keyword.internal.KeywordExecutor.executeKeywordForPlatform(KeywordExecutor.groovy:74)
	at com.kms.katalon.core.webui.keyword.WebUiBuiltInKeywords.verifyElementText(WebUiBuiltInKeywords.groovy:4749)
	at com.kms.katalon.core.webui.keyword.WebUiBuiltInKeywords$verifyElementText$5.call(Unknown Source)
	at TC-Login-Failed-002.run(TC-Login-Failed-002:30)
	at com.kms.katalon.core.main.ScriptEngine.run(ScriptEngine.java:194)
	at com.kms.katalon.core.main.ScriptEngine.runScriptAsRawText(ScriptEngine.java:119)
	at com.kms.katalon.core.main.TestCaseExecutor.runScript(TestCaseExecutor.java:448)
	at com.kms.katalon.core.main.TestCaseExecutor.doExecute(TestCaseExecutor.java:439)
	at com.kms.katalon.core.main.TestCaseExecutor.processExecutionPhase(TestCaseExecutor.java:418)
	at com.kms.katalon.core.main.TestCaseExecutor.accessMainPhase(TestCaseExecutor.java:410)
	at com.kms.katalon.core.main.TestCaseExecutor.execute(TestCaseExecutor.java:285)
	at com.kms.katalon.core.main.TestCaseExecutor.execute(TestCaseExecutor.java:369)
	at com.kms.katalon.core.main.TestCaseExecutor.execute(TestCaseExecutor.java:369)
	at com.kms.katalon.core.main.TestCaseExecutor.execute(TestCaseExecutor.java:369)
	at com.kms.katalon.core.common.CommonExecutor.accessTestCaseMainPhase(CommonExecutor.java:65)
	at com.kms.katalon.core.main.TestSuiteExecutor.accessTestSuiteMainPhase(TestSuiteExecutor.java:148)
	at com.kms.katalon.core.main.TestSuiteExecutor.execute(TestSuiteExecutor.java:106)
	at com.kms.katalon.core.main.TestCaseMain.startTestSuite(TestCaseMain.java:187)
	at com.kms.katalon.core.main.TestCaseMain$startTestSuite$0.call(Unknown Source)
	at TempTestSuite1693452099201.run(TempTestSuite1693452099201.groovy:36)
Caused by: com.kms.katalon.core.exception.StepFailedException: Actual text 'Epic sadface: Password is required' and expected text 'Login failed! Please ensure the password are valid.' of test object 'Object Repository/1. Login/error meminta pasword' are NOT matched.
	at com.kms.katalon.core.webui.keyword.internal.WebUIKeywordMain.stepFailed(WebUIKeywordMain.groovy:64)
	at com.kms.katalon.core.webui.keyword.builtin.VerifyElementTextKeyword$_verifyElementText_closure1.doCall(VerifyElementTextKeyword.groovy:57)
	at com.kms.katalon.core.webui.keyword.builtin.VerifyElementTextKeyword$_verifyElementText_closure1.call(VerifyElementTextKeyword.groovy)
	at com.kms.katalon.core.webui.keyword.internal.WebUIKeywordMain.runKeyword(WebUIKeywordMain.groovy:20)
	... 22 more
"/>
         <system-out><![CDATA[2023-08-31 10:22:51 - [TEST_CASE][FAILED] - Test Cases/1. login/TC-Login-Failed-002: Test Cases/1. login/TC-Login-Failed-002 FAILED.
Reason:
com.kms.katalon.core.exception.StepFailedException: Verify element text of test object 'Object Repository/1. Login/error meminta pasword' FAILED.
	at com.kms.katalon.core.webui.keyword.internal.WebUIKeywordMain.stepFailed(WebUIKeywordMain.groovy:64)
	at com.kms.katalon.core.webui.keyword.internal.WebUIKeywordMain.runKeyword(WebUIKeywordMain.groovy:26)
	at com.kms.katalon.core.webui.keyword.builtin.VerifyElementTextKeyword.verifyElementText(VerifyElementTextKeyword.groovy:72)
	at com.kms.katalon.core.webui.keyword.builtin.VerifyElementTextKeyword.execute(VerifyElementTextKeyword.groovy:40)
	at com.kms.katalon.core.keyword.internal.KeywordExecutor.executeKeywordForPlatform(KeywordExecutor.groovy:74)
	at com.kms.katalon.core.webui.keyword.WebUiBuiltInKeywords.verifyElementText(WebUiBuiltInKeywords.groovy:4749)
	at com.kms.katalon.core.webui.keyword.WebUiBuiltInKeywords$verifyElementText$5.call(Unknown Source)
	at TC-Login-Failed-002.run(TC-Login-Failed-002:30)
	at com.kms.katalon.core.main.ScriptEngine.run(ScriptEngine.java:194)
	at com.kms.katalon.core.main.ScriptEngine.runScriptAsRawText(ScriptEngine.java:119)
	at com.kms.katalon.core.main.TestCaseExecutor.runScript(TestCaseExecutor.java:448)
	at com.kms.katalon.core.main.TestCaseExecutor.doExecute(TestCaseExecutor.java:439)
	at com.kms.katalon.core.main.TestCaseExecutor.processExecutionPhase(TestCaseExecutor.java:418)
	at com.kms.katalon.core.main.TestCaseExecutor.accessMainPhase(TestCaseExecutor.java:410)
	at com.kms.katalon.core.main.TestCaseExecutor.execute(TestCaseExecutor.java:285)
	at com.kms.katalon.core.main.TestCaseExecutor.execute(TestCaseExecutor.java:369)
	at com.kms.katalon.core.main.TestCaseExecutor.execute(TestCaseExecutor.java:369)
	at com.kms.katalon.core.main.TestCaseExecutor.execute(TestCaseExecutor.java:369)
	at com.kms.katalon.core.common.CommonExecutor.accessTestCaseMainPhase(CommonExecutor.java:65)
	at com.kms.katalon.core.main.TestSuiteExecutor.accessTestSuiteMainPhase(TestSuiteExecutor.java:148)
	at com.kms.katalon.core.main.TestSuiteExecutor.execute(TestSuiteExecutor.java:106)
	at com.kms.katalon.core.main.TestCaseMain.startTestSuite(TestCaseMain.java:187)
	at com.kms.katalon.core.main.TestCaseMain$startTestSuite$0.call(Unknown Source)
	at TempTestSuite1693452099201.run(TempTestSuite1693452099201.groovy:36)
Caused by: com.kms.katalon.core.exception.StepFailedException: Actual text 'Epic sadface: Password is required' and expected text 'Login failed! Please ensure the password are valid.' of test object 'Object Repository/1. Login/error meminta pasword' are NOT matched.
	at com.kms.katalon.core.webui.keyword.internal.WebUIKeywordMain.stepFailed(WebUIKeywordMain.groovy:64)
	at com.kms.katalon.core.webui.keyword.builtin.VerifyElementTextKeyword$_verifyElementText_closure1.doCall(VerifyElementTextKeyword.groovy:57)
	at com.kms.katalon.core.webui.keyword.builtin.VerifyElementTextKeyword$_verifyElementText_closure1.call(VerifyElementTextKeyword.groovy)
	at com.kms.katalon.core.webui.keyword.internal.WebUIKeywordMain.runKeyword(WebUIKeywordMain.groovy:20)
	... 22 more


2023-08-31 10:22:51 - [TEST_STEP][PASSED] - openBrowser(web): Browser is opened with url: 'https://www.saucedemo.com/inventory.html'

2023-08-31 10:22:51 - [MESSAGE][WARNING] - A browser is already opened. Closing browser and opening a new one

2023-08-31 10:22:51 - [MESSAGE][INFO] - Starting 'Edge Chromium' driver

2023-08-31 10:22:54 - [MESSAGE][INFO] - Action delay is set to 0 milliseconds

2023-08-31 10:22:58 - [MESSAGE][PASSED] - Browser is opened with url: 'https://www.saucedemo.com/inventory.html'

2023-08-31 10:22:58 - [TEST_STEP][PASSED] - maximizeWindow(): Current window maximized

2023-08-31 10:22:58 - [MESSAGE][PASSED] - Current window maximized

2023-08-31 10:22:58 - [TEST_STEP][PASSED] - verifyElementPresent(findTestObject("1. Login/halaman home swag labs"), 0): Object 'Object Repository/1. Login/halaman home swag labs' is present

2023-08-31 10:22:58 - [MESSAGE][WARNING] - Timeout '0' is invalid. Using default page load timeout: '30'

2023-08-31 10:22:59 - [MESSAGE][PASSED] - Object 'Object Repository/1. Login/halaman home swag labs' is present

2023-08-31 10:22:59 - [TEST_STEP][PASSED] - setText(findTestObject("1. Login/input username"), username): Text 'standard_user' is set on object 'Object Repository/1. Login/input username'

2023-08-31 10:22:59 - [MESSAGE][PASSED] - Text 'standard_user' is set on object 'Object Repository/1. Login/input username'

2023-08-31 10:22:59 - [TEST_STEP][PASSED] - click(findTestObject("1. Login/button Login")): Object: 'Object Repository/1. Login/button Login' is clicked on

2023-08-31 10:23:00 - [MESSAGE][PASSED] - Object: 'Object Repository/1. Login/button Login' is clicked on

2023-08-31 10:23:00 - [TEST_STEP][FAILED] - verifyElementText(findTestObject("1. Login/error meminta pasword"), "Login failed! Please ensure the password are valid."): Verify element text of test object 'Object Repository/1. Login/error meminta pasword' FAILED. (Root cause: com.kms.katalon.core.exception.StepFailedException: Verify element text of test object 'Object Repository/1. Login/error meminta pasword' FAILED.
	at com.kms.katalon.core.webui.keyword.internal.WebUIKeywordMain.stepFailed(WebUIKeywordMain.groovy:64)
	at com.kms.katalon.core.webui.keyword.internal.WebUIKeywordMain.runKeyword(WebUIKeywordMain.groovy:26)
	at com.kms.katalon.core.webui.keyword.builtin.VerifyElementTextKeyword.verifyElementText(VerifyElementTextKeyword.groovy:72)
	at com.kms.katalon.core.webui.keyword.builtin.VerifyElementTextKeyword.execute(VerifyElementTextKeyword.groovy:40)
	at com.kms.katalon.core.keyword.internal.KeywordExecutor.executeKeywordForPlatform(KeywordExecutor.groovy:74)
	at com.kms.katalon.core.webui.keyword.WebUiBuiltInKeywords.verifyElementText(WebUiBuiltInKeywords.groovy:4749)
	at com.kms.katalon.core.webui.keyword.WebUiBuiltInKeywords$verifyElementText$5.call(Unknown Source)
	at TC-Login-Failed-002.run(TC-Login-Failed-002:30)
	at com.kms.katalon.core.main.ScriptEngine.run(ScriptEngine.java:194)
	at com.kms.katalon.core.main.ScriptEngine.runScriptAsRawText(ScriptEngine.java:119)
	at com.kms.katalon.core.main.TestCaseExecutor.runScript(TestCaseExecutor.java:448)
	at com.kms.katalon.core.main.TestCaseExecutor.doExecute(TestCaseExecutor.java:439)
	at com.kms.katalon.core.main.TestCaseExecutor.processExecutionPhase(TestCaseExecutor.java:418)
	at com.kms.katalon.core.main.TestCaseExecutor.accessMainPhase(TestCaseExecutor.java:410)
	at com.kms.katalon.core.main.TestCaseExecutor.execute(TestCaseExecutor.java:285)
	at com.kms.katalon.core.main.TestCaseExecutor.execute(TestCaseExecutor.java:369)
	at com.kms.katalon.core.main.TestCaseExecutor.execute(TestCaseExecutor.java:369)
	at com.kms.katalon.core.main.TestCaseExecutor.execute(TestCaseExecutor.java:369)
	at com.kms.katalon.core.common.CommonExecutor.accessTestCaseMainPhase(CommonExecutor.java:65)
	at com.kms.katalon.core.main.TestSuiteExecutor.accessTestSuiteMainPhase(TestSuiteExecutor.java:148)
	at com.kms.katalon.core.main.TestSuiteExecutor.execute(TestSuiteExecutor.java:106)
	at com.kms.katalon.core.main.TestCaseMain.startTestSuite(TestCaseMain.java:187)
	at com.kms.katalon.core.main.TestCaseMain$startTestSuite$0.call(Unknown Source)
	at TempTestSuite1693452099201.run(TempTestSuite1693452099201.groovy:36)
Caused by: com.kms.katalon.core.exception.StepFailedException: Actual text 'Epic sadface: Password is required' and expected text 'Login failed! Please ensure the password are valid.' of test object 'Object Repository/1. Login/error meminta pasword' are NOT matched.
	at com.kms.katalon.core.webui.keyword.internal.WebUIKeywordMain.stepFailed(WebUIKeywordMain.groovy:64)
	at com.kms.katalon.core.webui.keyword.builtin.VerifyElementTextKeyword$_verifyElementText_closure1.doCall(VerifyElementTextKeyword.groovy:57)
	at com.kms.katalon.core.webui.keyword.builtin.VerifyElementTextKeyword$_verifyElementText_closure1.call(VerifyElementTextKeyword.groovy)
	at com.kms.katalon.core.webui.keyword.internal.WebUIKeywordMain.runKeyword(WebUIKeywordMain.groovy:20)
	... 22 more
)

2023-08-31 10:23:01 - [MESSAGE][FAILED] - Actual text 'Epic sadface: Password is required' and expected text 'Login failed! Please ensure the password are valid.' of test object 'Object Repository/1. Login/error meminta pasword' are NOT matched. (Root cause: com.kms.katalon.core.exception.StepFailedException: Actual text 'Epic sadface: Password is required' and expected text 'Login failed! Please ensure the password are valid.' of test object 'Object Repository/1. Login/error meminta pasword' are NOT matched.
	at com.kms.katalon.core.webui.keyword.internal.WebUIKeywordMain.stepFailed(WebUIKeywordMain.groovy:64)
	at com.kms.katalon.core.webui.keyword.builtin.VerifyElementTextKeyword$_verifyElementText_closure1.doCall(VerifyElementTextKeyword.groovy:57)
	at com.kms.katalon.core.webui.keyword.builtin.VerifyElementTextKeyword$_verifyElementText_closure1.call(VerifyElementTextKeyword.groovy)
	at com.kms.katalon.core.webui.keyword.internal.WebUIKeywordMain.runKeyword(WebUIKeywordMain.groovy:20)
	at com.kms.katalon.core.webui.keyword.builtin.VerifyElementTextKeyword.verifyElementText(VerifyElementTextKeyword.groovy:72)
	at com.kms.katalon.core.webui.keyword.builtin.VerifyElementTextKeyword.execute(VerifyElementTextKeyword.groovy:40)
	at com.kms.katalon.core.keyword.internal.KeywordExecutor.executeKeywordForPlatform(KeywordExecutor.groovy:74)
	at com.kms.katalon.core.webui.keyword.WebUiBuiltInKeywords.verifyElementText(WebUiBuiltInKeywords.groovy:4749)
	at com.kms.katalon.core.webui.keyword.WebUiBuiltInKeywords$verifyElementText$5.call(Unknown Source)
	at TC-Login-Failed-002.run(TC-Login-Failed-002:30)
	at com.kms.katalon.core.main.ScriptEngine.run(ScriptEngine.java:194)
	at com.kms.katalon.core.main.ScriptEngine.runScriptAsRawText(ScriptEngine.java:119)
	at com.kms.katalon.core.main.TestCaseExecutor.runScript(TestCaseExecutor.java:448)
	at com.kms.katalon.core.main.TestCaseExecutor.doExecute(TestCaseExecutor.java:439)
	at com.kms.katalon.core.main.TestCaseExecutor.processExecutionPhase(TestCaseExecutor.java:418)
	at com.kms.katalon.core.main.TestCaseExecutor.accessMainPhase(TestCaseExecutor.java:410)
	at com.kms.katalon.core.main.TestCaseExecutor.execute(TestCaseExecutor.java:285)
	at com.kms.katalon.core.main.TestCaseExecutor.execute(TestCaseExecutor.java:369)
	at com.kms.katalon.core.main.TestCaseExecutor.execute(TestCaseExecutor.java:369)
	at com.kms.katalon.core.main.TestCaseExecutor.execute(TestCaseExecutor.java:369)
	at com.kms.katalon.core.common.CommonExecutor.accessTestCaseMainPhase(CommonExecutor.java:65)
	at com.kms.katalon.core.main.TestSuiteExecutor.accessTestSuiteMainPhase(TestSuiteExecutor.java:148)
	at com.kms.katalon.core.main.TestSuiteExecutor.execute(TestSuiteExecutor.java:106)
	at com.kms.katalon.core.main.TestCaseMain.startTestSuite(TestCaseMain.java:187)
	at com.kms.katalon.core.main.TestCaseMain$startTestSuite$0.call(Unknown Source)
	at TempTestSuite1693452099201.run(TempTestSuite1693452099201.groovy:36)
)
[[ATTACHMENT|F:\\bootcamp\\batch-324-qa\\Ika\\Sauce demo\\Reports\\20230831_102139\\test Sauce Demo\\20230831_102139\\1693452180910.png]]

2023-08-31 10:23:01 - [MESSAGE][FAILED] - Verify element text of test object 'Object Repository/1. Login/error meminta pasword' FAILED. (Root cause: com.kms.katalon.core.exception.StepFailedException: Verify element text of test object 'Object Repository/1. Login/error meminta pasword' FAILED.
	at com.kms.katalon.core.webui.keyword.internal.WebUIKeywordMain.stepFailed(WebUIKeywordMain.groovy:64)
	at com.kms.katalon.core.webui.keyword.internal.WebUIKeywordMain.runKeyword(WebUIKeywordMain.groovy:26)
	at com.kms.katalon.core.webui.keyword.builtin.VerifyElementTextKeyword.verifyElementText(VerifyElementTextKeyword.groovy:72)
	at com.kms.katalon.core.webui.keyword.builtin.VerifyElementTextKeyword.execute(VerifyElementTextKeyword.groovy:40)
	at com.kms.katalon.core.keyword.internal.KeywordExecutor.executeKeywordForPlatform(KeywordExecutor.groovy:74)
	at com.kms.katalon.core.webui.keyword.WebUiBuiltInKeywords.verifyElementText(WebUiBuiltInKeywords.groovy:4749)
	at com.kms.katalon.core.webui.keyword.WebUiBuiltInKeywords$verifyElementText$5.call(Unknown Source)
	at TC-Login-Failed-002.run(TC-Login-Failed-002:30)
	at com.kms.katalon.core.main.ScriptEngine.run(ScriptEngine.java:194)
	at com.kms.katalon.core.main.ScriptEngine.runScriptAsRawText(ScriptEngine.java:119)
	at com.kms.katalon.core.main.TestCaseExecutor.runScript(TestCaseExecutor.java:448)
	at com.kms.katalon.core.main.TestCaseExecutor.doExecute(TestCaseExecutor.java:439)
	at com.kms.katalon.core.main.TestCaseExecutor.processExecutionPhase(TestCaseExecutor.java:418)
	at com.kms.katalon.core.main.TestCaseExecutor.accessMainPhase(TestCaseExecutor.java:410)
	at com.kms.katalon.core.main.TestCaseExecutor.execute(TestCaseExecutor.java:285)
	at com.kms.katalon.core.main.TestCaseExecutor.execute(TestCaseExecutor.java:369)
	at com.kms.katalon.core.main.TestCaseExecutor.execute(TestCaseExecutor.java:369)
	at com.kms.katalon.core.main.TestCaseExecutor.execute(TestCaseExecutor.java:369)
	at com.kms.katalon.core.common.CommonExecutor.accessTestCaseMainPhase(CommonExecutor.java:65)
	at com.kms.katalon.core.main.TestSuiteExecutor.accessTestSuiteMainPhase(TestSuiteExecutor.java:148)
	at com.kms.katalon.core.main.TestSuiteExecutor.execute(TestSuiteExecutor.java:106)
	at com.kms.katalon.core.main.TestCaseMain.startTestSuite(TestCaseMain.java:187)
	at com.kms.katalon.core.main.TestCaseMain$startTestSuite$0.call(Unknown Source)
	at TempTestSuite1693452099201.run(TempTestSuite1693452099201.groovy:36)
Caused by: com.kms.katalon.core.exception.StepFailedException: Actual text 'Epic sadface: Password is required' and expected text 'Login failed! Please ensure the password are valid.' of test object 'Object Repository/1. Login/error meminta pasword' are NOT matched.
	at com.kms.katalon.core.webui.keyword.internal.WebUIKeywordMain.stepFailed(WebUIKeywordMain.groovy:64)
	at com.kms.katalon.core.webui.keyword.builtin.VerifyElementTextKeyword$_verifyElementText_closure1.doCall(VerifyElementTextKeyword.groovy:57)
	at com.kms.katalon.core.webui.keyword.builtin.VerifyElementTextKeyword$_verifyElementText_closure1.call(VerifyElementTextKeyword.groovy)
	at com.kms.katalon.core.webui.keyword.internal.WebUIKeywordMain.runKeyword(WebUIKeywordMain.groovy:20)
	... 22 more
)
[[ATTACHMENT|F:\\bootcamp\\batch-324-qa\\Ika\\Sauce demo\\Reports\\20230831_102139\\test Sauce Demo\\20230831_102139\\1693452181115.png]]]]></system-out>
         <system-err><![CDATA[2023-08-31 10:22:51 - [TEST_CASE][FAILED] - Test Cases/1. login/TC-Login-Failed-002: Test Cases/1. login/TC-Login-Failed-002 FAILED.
Reason:
com.kms.katalon.core.exception.StepFailedException: Verify element text of test object 'Object Repository/1. Login/error meminta pasword' FAILED.
	at com.kms.katalon.core.webui.keyword.internal.WebUIKeywordMain.stepFailed(WebUIKeywordMain.groovy:64)
	at com.kms.katalon.core.webui.keyword.internal.WebUIKeywordMain.runKeyword(WebUIKeywordMain.groovy:26)
	at com.kms.katalon.core.webui.keyword.builtin.VerifyElementTextKeyword.verifyElementText(VerifyElementTextKeyword.groovy:72)
	at com.kms.katalon.core.webui.keyword.builtin.VerifyElementTextKeyword.execute(VerifyElementTextKeyword.groovy:40)
	at com.kms.katalon.core.keyword.internal.KeywordExecutor.executeKeywordForPlatform(KeywordExecutor.groovy:74)
	at com.kms.katalon.core.webui.keyword.WebUiBuiltInKeywords.verifyElementText(WebUiBuiltInKeywords.groovy:4749)
	at com.kms.katalon.core.webui.keyword.WebUiBuiltInKeywords$verifyElementText$5.call(Unknown Source)
	at TC-Login-Failed-002.run(TC-Login-Failed-002:30)
	at com.kms.katalon.core.main.ScriptEngine.run(ScriptEngine.java:194)
	at com.kms.katalon.core.main.ScriptEngine.runScriptAsRawText(ScriptEngine.java:119)
	at com.kms.katalon.core.main.TestCaseExecutor.runScript(TestCaseExecutor.java:448)
	at com.kms.katalon.core.main.TestCaseExecutor.doExecute(TestCaseExecutor.java:439)
	at com.kms.katalon.core.main.TestCaseExecutor.processExecutionPhase(TestCaseExecutor.java:418)
	at com.kms.katalon.core.main.TestCaseExecutor.accessMainPhase(TestCaseExecutor.java:410)
	at com.kms.katalon.core.main.TestCaseExecutor.execute(TestCaseExecutor.java:285)
	at com.kms.katalon.core.main.TestCaseExecutor.execute(TestCaseExecutor.java:369)
	at com.kms.katalon.core.main.TestCaseExecutor.execute(TestCaseExecutor.java:369)
	at com.kms.katalon.core.main.TestCaseExecutor.execute(TestCaseExecutor.java:369)
	at com.kms.katalon.core.common.CommonExecutor.accessTestCaseMainPhase(CommonExecutor.java:65)
	at com.kms.katalon.core.main.TestSuiteExecutor.accessTestSuiteMainPhase(TestSuiteExecutor.java:148)
	at com.kms.katalon.core.main.TestSuiteExecutor.execute(TestSuiteExecutor.java:106)
	at com.kms.katalon.core.main.TestCaseMain.startTestSuite(TestCaseMain.java:187)
	at com.kms.katalon.core.main.TestCaseMain$startTestSuite$0.call(Unknown Source)
	at TempTestSuite1693452099201.run(TempTestSuite1693452099201.groovy:36)
Caused by: com.kms.katalon.core.exception.StepFailedException: Actual text 'Epic sadface: Password is required' and expected text 'Login failed! Please ensure the password are valid.' of test object 'Object Repository/1. Login/error meminta pasword' are NOT matched.
	at com.kms.katalon.core.webui.keyword.internal.WebUIKeywordMain.stepFailed(WebUIKeywordMain.groovy:64)
	at com.kms.katalon.core.webui.keyword.builtin.VerifyElementTextKeyword$_verifyElementText_closure1.doCall(VerifyElementTextKeyword.groovy:57)
	at com.kms.katalon.core.webui.keyword.builtin.VerifyElementTextKeyword$_verifyElementText_closure1.call(VerifyElementTextKeyword.groovy)
	at com.kms.katalon.core.webui.keyword.internal.WebUIKeywordMain.runKeyword(WebUIKeywordMain.groovy:20)
	... 22 more]]></system-err>
      </testcase>
      <testcase name="Test Cases/1. login/TC-Login-Failed-003" time="7.582" classname="Test Cases/1. login/TC-Login-Failed-003" status="PASSED">
         <system-out><![CDATA[2023-08-31 10:23:01 - [TEST_CASE][PASSED] - Test Cases/1. login/TC-Login-Failed-003: Test Cases/1. login/TC-Login-Failed-003

2023-08-31 10:23:01 - [TEST_STEP][PASSED] - openBrowser(web): Browser is opened with url: 'https://www.saucedemo.com/inventory.html'

2023-08-31 10:23:01 - [MESSAGE][WARNING] - A browser is already opened. Closing browser and opening a new one

2023-08-31 10:23:02 - [MESSAGE][INFO] - Starting 'Edge Chromium' driver

2023-08-31 10:23:04 - [MESSAGE][INFO] - Action delay is set to 0 milliseconds

2023-08-31 10:23:06 - [MESSAGE][PASSED] - Browser is opened with url: 'https://www.saucedemo.com/inventory.html'

2023-08-31 10:23:06 - [TEST_STEP][PASSED] - maximizeWindow(): Current window maximized

2023-08-31 10:23:06 - [MESSAGE][PASSED] - Current window maximized

2023-08-31 10:23:06 - [TEST_STEP][PASSED] - verifyElementPresent(findTestObject("1. Login/halaman home swag labs"), 0): Object 'Object Repository/1. Login/halaman home swag labs' is present

2023-08-31 10:23:07 - [MESSAGE][WARNING] - Timeout '0' is invalid. Using default page load timeout: '30'

2023-08-31 10:23:07 - [MESSAGE][PASSED] - Object 'Object Repository/1. Login/halaman home swag labs' is present

2023-08-31 10:23:07 - [TEST_STEP][PASSED] - setEncryptedText(findTestObject("1. Login/input password"), password): Text ****** has been set on object 'Object Repository/1. Login/input password'

2023-08-31 10:23:07 - [MESSAGE][PASSED] - Text ****** has been set on object 'Object Repository/1. Login/input password'

2023-08-31 10:23:07 - [TEST_STEP][PASSED] - click(findTestObject("1. Login/button Login")): Object: 'Object Repository/1. Login/button Login' is clicked on

2023-08-31 10:23:08 - [MESSAGE][PASSED] - Object: 'Object Repository/1. Login/button Login' is clicked on

2023-08-31 10:23:08 - [TEST_STEP][PASSED] - verifyElementText(findTestObject("1. Login/error meminta username"), "Epic sadface: Username is required"): Actual text and expected text of test object 'Object Repository/1. Login/error meminta username' are matched.

2023-08-31 10:23:08 - [MESSAGE][PASSED] - Actual text and expected text of test object 'Object Repository/1. Login/error meminta username' are matched.]]></system-out>
         <system-err><![CDATA[]]></system-err>
      </testcase>
      <testcase name="Test Cases/1. login/TC-Login-Failed-004" time="7.442" classname="Test Cases/1. login/TC-Login-Failed-004" status="PASSED">
         <system-out><![CDATA[2023-08-31 10:23:08 - [TEST_CASE][PASSED] - Test Cases/1. login/TC-Login-Failed-004: Test Cases/1. login/TC-Login-Failed-004

2023-08-31 10:23:09 - [TEST_STEP][PASSED] - openBrowser(web): Browser is opened with url: 'https://www.saucedemo.com/inventory.html'

2023-08-31 10:23:09 - [MESSAGE][WARNING] - A browser is already opened. Closing browser and opening a new one

2023-08-31 10:23:10 - [MESSAGE][INFO] - Starting 'Edge Chromium' driver

2023-08-31 10:23:12 - [MESSAGE][INFO] - Action delay is set to 0 milliseconds

2023-08-31 10:23:14 - [MESSAGE][PASSED] - Browser is opened with url: 'https://www.saucedemo.com/inventory.html'

2023-08-31 10:23:14 - [TEST_STEP][PASSED] - maximizeWindow(): Current window maximized

2023-08-31 10:23:14 - [MESSAGE][PASSED] - Current window maximized

2023-08-31 10:23:14 - [TEST_STEP][PASSED] - verifyElementPresent(findTestObject("1. Login/halaman home swag labs"), 0): Object 'Object Repository/1. Login/halaman home swag labs' is present

2023-08-31 10:23:15 - [MESSAGE][WARNING] - Timeout '0' is invalid. Using default page load timeout: '30'

2023-08-31 10:23:15 - [MESSAGE][PASSED] - Object 'Object Repository/1. Login/halaman home swag labs' is present

2023-08-31 10:23:15 - [TEST_STEP][PASSED] - click(findTestObject("1. Login/button Login")): Object: 'Object Repository/1. Login/button Login' is clicked on

2023-08-31 10:23:15 - [MESSAGE][PASSED] - Object: 'Object Repository/1. Login/button Login' is clicked on

2023-08-31 10:23:15 - [TEST_STEP][PASSED] - verifyElementPresent(findTestObject("1. Login/error salah usn dan password"), 0): Object 'Object Repository/1. Login/error salah usn dan password' is present

2023-08-31 10:23:15 - [MESSAGE][WARNING] - Timeout '0' is invalid. Using default page load timeout: '30'

2023-08-31 10:23:16 - [MESSAGE][PASSED] - Object 'Object Repository/1. Login/error salah usn dan password' is present]]></system-out>
         <system-err><![CDATA[]]></system-err>
      </testcase>
      <testcase name="Test Cases/2. Products/TC-Product-Show-001" time="9.146" classname="Test Cases/2. Products/TC-Product-Show-001" status="PASSED">
         <system-out><![CDATA[2023-08-31 10:23:16 - [TEST_CASE][PASSED] - Test Cases/2. Products/TC-Product-Show-001: Test Cases/2. Products/TC-Product-Show-001

2023-08-31 10:23:16 - [TEST_STEP][PASSED] - callTestCase(findTestCase("1. login/TC-Login-Success-001"), [:], STOP_ON_FAILURE): Call Test Case 'Test Cases/1. login/TC-Login-Success-001' successfully

2023-08-31 10:23:16 - [TEST_CASE][PASSED] - Test Cases/1. login/TC-Login-Success-001: Test Cases/1. login/TC-Login-Success-001

2023-08-31 10:23:16 - [TEST_STEP][PASSED] - openBrowser(web): Browser is opened with url: 'https://www.saucedemo.com/inventory.html'

2023-08-31 10:23:16 - [MESSAGE][WARNING] - A browser is already opened. Closing browser and opening a new one

2023-08-31 10:23:17 - [MESSAGE][INFO] - Starting 'Edge Chromium' driver

2023-08-31 10:23:20 - [MESSAGE][INFO] - Action delay is set to 0 milliseconds

2023-08-31 10:23:22 - [MESSAGE][PASSED] - Browser is opened with url: 'https://www.saucedemo.com/inventory.html'

2023-08-31 10:23:22 - [TEST_STEP][PASSED] - maximizeWindow(): Current window maximized

2023-08-31 10:23:22 - [MESSAGE][PASSED] - Current window maximized

2023-08-31 10:23:22 - [TEST_STEP][PASSED] - verifyElementPresent(findTestObject("1. Login/halaman home swag labs"), 0): Object 'Object Repository/1. Login/halaman home swag labs' is present

2023-08-31 10:23:22 - [MESSAGE][WARNING] - Timeout '0' is invalid. Using default page load timeout: '30'

2023-08-31 10:23:22 - [MESSAGE][PASSED] - Object 'Object Repository/1. Login/halaman home swag labs' is present

2023-08-31 10:23:22 - [TEST_STEP][PASSED] - setText(findTestObject("1. Login/input username"), username): Text 'standard_user' is set on object 'Object Repository/1. Login/input username'

2023-08-31 10:23:23 - [MESSAGE][PASSED] - Text 'standard_user' is set on object 'Object Repository/1. Login/input username'

2023-08-31 10:23:23 - [TEST_STEP][PASSED] - setEncryptedText(findTestObject("1. Login/input password"), password): Text ****** has been set on object 'Object Repository/1. Login/input password'

2023-08-31 10:23:24 - [MESSAGE][PASSED] - Text ****** has been set on object 'Object Repository/1. Login/input password'

2023-08-31 10:23:24 - [TEST_STEP][PASSED] - click(findTestObject("1. Login/button Login")): Object: 'Object Repository/1. Login/button Login' is clicked on

2023-08-31 10:23:24 - [MESSAGE][PASSED] - Object: 'Object Repository/1. Login/button Login' is clicked on

2023-08-31 10:23:24 - [TEST_STEP][PASSED] - verifyElementText(findTestObject("1. Login/home product atau halaman Swag Labs"), "Swag Labs"): Actual text and expected text of test object 'Object Repository/1. Login/home product atau halaman Swag Labs' are matched.

2023-08-31 10:23:25 - [MESSAGE][PASSED] - Actual text and expected text of test object 'Object Repository/1. Login/home product atau halaman Swag Labs' are matched.

2023-08-31 10:23:25 - [MESSAGE][PASSED] - Call Test Case 'Test Cases/1. login/TC-Login-Success-001' successfully]]></system-out>
         <system-err><![CDATA[]]></system-err>
      </testcase>
      <testcase name="Test Cases/2. Products/TC-Product-Sort-001" time="10.922" classname="Test Cases/2. Products/TC-Product-Sort-001" status="PASSED">
         <system-out><![CDATA[2023-08-31 10:23:25 - [TEST_CASE][PASSED] - Test Cases/2. Products/TC-Product-Sort-001: Test Cases/2. Products/TC-Product-Sort-001

2023-08-31 10:23:25 - [TEST_STEP][PASSED] - callTestCase(findTestCase("2. Products/TC-Product-Show-001"), [:], STOP_ON_FAILURE): Call Test Case 'Test Cases/2. Products/TC-Product-Show-001' successfully

2023-08-31 10:23:25 - [TEST_CASE][PASSED] - Test Cases/2. Products/TC-Product-Show-001: Test Cases/2. Products/TC-Product-Show-001

2023-08-31 10:23:25 - [TEST_STEP][PASSED] - callTestCase(findTestCase("1. login/TC-Login-Success-001"), [:], STOP_ON_FAILURE): Call Test Case 'Test Cases/1. login/TC-Login-Success-001' successfully

2023-08-31 10:23:26 - [TEST_CASE][PASSED] - Test Cases/1. login/TC-Login-Success-001: Test Cases/1. login/TC-Login-Success-001

2023-08-31 10:23:26 - [TEST_STEP][PASSED] - openBrowser(web): Browser is opened with url: 'https://www.saucedemo.com/inventory.html'

2023-08-31 10:23:26 - [MESSAGE][WARNING] - A browser is already opened. Closing browser and opening a new one

2023-08-31 10:23:26 - [MESSAGE][INFO] - Starting 'Edge Chromium' driver

2023-08-31 10:23:29 - [MESSAGE][INFO] - Action delay is set to 0 milliseconds

2023-08-31 10:23:31 - [MESSAGE][PASSED] - Browser is opened with url: 'https://www.saucedemo.com/inventory.html'

2023-08-31 10:23:31 - [TEST_STEP][PASSED] - maximizeWindow(): Current window maximized

2023-08-31 10:23:31 - [MESSAGE][PASSED] - Current window maximized

2023-08-31 10:23:31 - [TEST_STEP][PASSED] - verifyElementPresent(findTestObject("1. Login/halaman home swag labs"), 0): Object 'Object Repository/1. Login/halaman home swag labs' is present

2023-08-31 10:23:32 - [MESSAGE][WARNING] - Timeout '0' is invalid. Using default page load timeout: '30'

2023-08-31 10:23:32 - [MESSAGE][PASSED] - Object 'Object Repository/1. Login/halaman home swag labs' is present

2023-08-31 10:23:32 - [TEST_STEP][PASSED] - setText(findTestObject("1. Login/input username"), username): Text 'standard_user' is set on object 'Object Repository/1. Login/input username'

2023-08-31 10:23:33 - [MESSAGE][PASSED] - Text 'standard_user' is set on object 'Object Repository/1. Login/input username'

2023-08-31 10:23:33 - [TEST_STEP][PASSED] - setEncryptedText(findTestObject("1. Login/input password"), password): Text ****** has been set on object 'Object Repository/1. Login/input password'

2023-08-31 10:23:33 - [MESSAGE][PASSED] - Text ****** has been set on object 'Object Repository/1. Login/input password'

2023-08-31 10:23:33 - [TEST_STEP][PASSED] - click(findTestObject("1. Login/button Login")): Object: 'Object Repository/1. Login/button Login' is clicked on

2023-08-31 10:23:34 - [MESSAGE][PASSED] - Object: 'Object Repository/1. Login/button Login' is clicked on

2023-08-31 10:23:34 - [TEST_STEP][PASSED] - verifyElementText(findTestObject("1. Login/home product atau halaman Swag Labs"), "Swag Labs"): Actual text and expected text of test object 'Object Repository/1. Login/home product atau halaman Swag Labs' are matched.

2023-08-31 10:23:34 - [MESSAGE][PASSED] - Actual text and expected text of test object 'Object Repository/1. Login/home product atau halaman Swag Labs' are matched.

2023-08-31 10:23:34 - [MESSAGE][PASSED] - Call Test Case 'Test Cases/1. login/TC-Login-Success-001' successfully

2023-08-31 10:23:34 - [MESSAGE][PASSED] - Call Test Case 'Test Cases/2. Products/TC-Product-Show-001' successfully

2023-08-31 10:23:34 - [TEST_STEP][PASSED] - selectOptionByValue(findTestObject("Products/dropdown fillter"), "az", false): All options with value 'az' are selected in object 'Object Repository/Products/dropdown fillter' 

2023-08-31 10:23:35 - [MESSAGE][PASSED] - All options with value 'az' are selected in object 'Object Repository/Products/dropdown fillter' 

2023-08-31 10:23:35 - [TEST_STEP][PASSED] - dataList = findWebElements(findTestObject("Object Repository/Products/nama semua produk"), 10): null

2023-08-31 10:23:36 - [TEST_STEP][PASSED] - arrProdukNameOri = []: null

2023-08-31 10:23:36 - [TEST_STEP][PASSED] - arrProdukNameSort = []: null

2023-08-31 10:23:36 - [TEST_STEP][PASSED] - for ([i = 0, i < dataList.size(), (i++)]): null

2023-08-31 10:23:36 - [TEST_STEP][PASSED] - text = text: null

2023-08-31 10:23:36 - [TEST_STEP][PASSED] - arrProdukNameOri[i] = text: null

2023-08-31 10:23:36 - [TEST_STEP][PASSED] - arrProdukNameSort[i] = text: null

2023-08-31 10:23:36 - [TEST_STEP][PASSED] - text = text: null

2023-08-31 10:23:36 - [TEST_STEP][PASSED] - arrProdukNameOri[i] = text: null

2023-08-31 10:23:36 - [TEST_STEP][PASSED] - arrProdukNameSort[i] = text: null

2023-08-31 10:23:36 - [TEST_STEP][PASSED] - text = text: null

2023-08-31 10:23:36 - [TEST_STEP][PASSED] - arrProdukNameOri[i] = text: null

2023-08-31 10:23:36 - [TEST_STEP][PASSED] - arrProdukNameSort[i] = text: null

2023-08-31 10:23:36 - [TEST_STEP][PASSED] - text = text: null

2023-08-31 10:23:36 - [TEST_STEP][PASSED] - arrProdukNameOri[i] = text: null

2023-08-31 10:23:36 - [TEST_STEP][PASSED] - arrProdukNameSort[i] = text: null

2023-08-31 10:23:36 - [TEST_STEP][PASSED] - text = text: null

2023-08-31 10:23:36 - [TEST_STEP][PASSED] - arrProdukNameOri[i] = text: null

2023-08-31 10:23:36 - [TEST_STEP][PASSED] - arrProdukNameSort[i] = text: null

2023-08-31 10:23:36 - [TEST_STEP][PASSED] - text = text: null

2023-08-31 10:23:36 - [TEST_STEP][PASSED] - arrProdukNameOri[i] = text: null

2023-08-31 10:23:36 - [TEST_STEP][PASSED] - arrProdukNameSort[i] = text: null

2023-08-31 10:23:36 - [TEST_STEP][PASSED] - Arrays.sort(arrProdukNameSort): null

2023-08-31 10:23:36 - [TEST_STEP][PASSED] - println(arrProdukNameOri): null

2023-08-31 10:23:36 - [TEST_STEP][PASSED] - println(arrProdukNameSort): null

2023-08-31 10:23:36 - [TEST_STEP][PASSED] - assert arrProdukNameOri == arrProdukNameSort: null]]></system-out>
         <system-err><![CDATA[]]></system-err>
      </testcase>
      <testcase name="Test Cases/2. Products/TC-Product-Sort-002" time="12.478" classname="Test Cases/2. Products/TC-Product-Sort-002" status="PASSED">
         <system-out><![CDATA[2023-08-31 10:23:36 - [TEST_CASE][PASSED] - Test Cases/2. Products/TC-Product-Sort-002: Test Cases/2. Products/TC-Product-Sort-002

2023-08-31 10:23:36 - [TEST_STEP][PASSED] - callTestCase(findTestCase("2. Products/TC-Product-Show-001"), [:], STOP_ON_FAILURE): Call Test Case 'Test Cases/2. Products/TC-Product-Show-001' successfully

2023-08-31 10:23:36 - [TEST_CASE][PASSED] - Test Cases/2. Products/TC-Product-Show-001: Test Cases/2. Products/TC-Product-Show-001

2023-08-31 10:23:36 - [TEST_STEP][PASSED] - callTestCase(findTestCase("1. login/TC-Login-Success-001"), [:], STOP_ON_FAILURE): Call Test Case 'Test Cases/1. login/TC-Login-Success-001' successfully

2023-08-31 10:23:36 - [TEST_CASE][PASSED] - Test Cases/1. login/TC-Login-Success-001: Test Cases/1. login/TC-Login-Success-001

2023-08-31 10:23:36 - [TEST_STEP][PASSED] - openBrowser(web): Browser is opened with url: 'https://www.saucedemo.com/inventory.html'

2023-08-31 10:23:36 - [MESSAGE][WARNING] - A browser is already opened. Closing browser and opening a new one

2023-08-31 10:23:37 - [MESSAGE][INFO] - Starting 'Edge Chromium' driver

2023-08-31 10:23:40 - [MESSAGE][INFO] - Action delay is set to 0 milliseconds

2023-08-31 10:23:44 - [MESSAGE][PASSED] - Browser is opened with url: 'https://www.saucedemo.com/inventory.html'

2023-08-31 10:23:44 - [TEST_STEP][PASSED] - maximizeWindow(): Current window maximized

2023-08-31 10:23:44 - [MESSAGE][PASSED] - Current window maximized

2023-08-31 10:23:44 - [TEST_STEP][PASSED] - verifyElementPresent(findTestObject("1. Login/halaman home swag labs"), 0): Object 'Object Repository/1. Login/halaman home swag labs' is present

2023-08-31 10:23:44 - [MESSAGE][WARNING] - Timeout '0' is invalid. Using default page load timeout: '30'

2023-08-31 10:23:44 - [MESSAGE][PASSED] - Object 'Object Repository/1. Login/halaman home swag labs' is present

2023-08-31 10:23:44 - [TEST_STEP][PASSED] - setText(findTestObject("1. Login/input username"), username): Text 'standard_user' is set on object 'Object Repository/1. Login/input username'

2023-08-31 10:23:45 - [MESSAGE][PASSED] - Text 'standard_user' is set on object 'Object Repository/1. Login/input username'

2023-08-31 10:23:45 - [TEST_STEP][PASSED] - setEncryptedText(findTestObject("1. Login/input password"), password): Text ****** has been set on object 'Object Repository/1. Login/input password'

2023-08-31 10:23:46 - [MESSAGE][PASSED] - Text ****** has been set on object 'Object Repository/1. Login/input password'

2023-08-31 10:23:46 - [TEST_STEP][PASSED] - click(findTestObject("1. Login/button Login")): Object: 'Object Repository/1. Login/button Login' is clicked on

2023-08-31 10:23:46 - [MESSAGE][PASSED] - Object: 'Object Repository/1. Login/button Login' is clicked on

2023-08-31 10:23:46 - [TEST_STEP][PASSED] - verifyElementText(findTestObject("1. Login/home product atau halaman Swag Labs"), "Swag Labs"): Actual text and expected text of test object 'Object Repository/1. Login/home product atau halaman Swag Labs' are matched.

2023-08-31 10:23:47 - [MESSAGE][PASSED] - Actual text and expected text of test object 'Object Repository/1. Login/home product atau halaman Swag Labs' are matched.

2023-08-31 10:23:47 - [MESSAGE][PASSED] - Call Test Case 'Test Cases/1. login/TC-Login-Success-001' successfully

2023-08-31 10:23:47 - [MESSAGE][PASSED] - Call Test Case 'Test Cases/2. Products/TC-Product-Show-001' successfully

2023-08-31 10:23:47 - [TEST_STEP][PASSED] - selectOptionByValue(findTestObject("Products/dropdown fillter"), "za", false): All options with value 'za' are selected in object 'Object Repository/Products/dropdown fillter' 

2023-08-31 10:23:48 - [MESSAGE][PASSED] - All options with value 'za' are selected in object 'Object Repository/Products/dropdown fillter' 

2023-08-31 10:23:48 - [TEST_STEP][PASSED] - dataList = findWebElements(findTestObject("Object Repository/Products/nama semua produk"), 10): null

2023-08-31 10:23:48 - [TEST_STEP][PASSED] - arrProdukNameOri = []: null

2023-08-31 10:23:48 - [TEST_STEP][PASSED] - arrProdukNameSort = []: null

2023-08-31 10:23:48 - [TEST_STEP][PASSED] - for ([i = 0, i < dataList.size(), (i++)]): null

2023-08-31 10:23:48 - [TEST_STEP][PASSED] - text = text: null

2023-08-31 10:23:48 - [TEST_STEP][PASSED] - arrProdukNameOri[i] = text: null

2023-08-31 10:23:48 - [TEST_STEP][PASSED] - arrProdukNameSort[i] = text: null

2023-08-31 10:23:48 - [TEST_STEP][PASSED] - text = text: null

2023-08-31 10:23:48 - [TEST_STEP][PASSED] - arrProdukNameOri[i] = text: null

2023-08-31 10:23:48 - [TEST_STEP][PASSED] - arrProdukNameSort[i] = text: null

2023-08-31 10:23:48 - [TEST_STEP][PASSED] - text = text: null

2023-08-31 10:23:48 - [TEST_STEP][PASSED] - arrProdukNameOri[i] = text: null

2023-08-31 10:23:48 - [TEST_STEP][PASSED] - arrProdukNameSort[i] = text: null

2023-08-31 10:23:48 - [TEST_STEP][PASSED] - text = text: null

2023-08-31 10:23:48 - [TEST_STEP][PASSED] - arrProdukNameOri[i] = text: null

2023-08-31 10:23:48 - [TEST_STEP][PASSED] - arrProdukNameSort[i] = text: null

2023-08-31 10:23:48 - [TEST_STEP][PASSED] - text = text: null

2023-08-31 10:23:48 - [TEST_STEP][PASSED] - arrProdukNameOri[i] = text: null

2023-08-31 10:23:48 - [TEST_STEP][PASSED] - arrProdukNameSort[i] = text: null

2023-08-31 10:23:48 - [TEST_STEP][PASSED] - text = text: null

2023-08-31 10:23:48 - [TEST_STEP][PASSED] - arrProdukNameOri[i] = text: null

2023-08-31 10:23:48 - [TEST_STEP][PASSED] - arrProdukNameSort[i] = text: null

2023-08-31 10:23:48 - [TEST_STEP][PASSED] - Arrays.sort(arrProdukNameSort, Collections.reverseOrder()): null

2023-08-31 10:23:48 - [TEST_STEP][PASSED] - println(arrProdukNameOri): null

2023-08-31 10:23:48 - [TEST_STEP][PASSED] - println(arrProdukNameSort): null

2023-08-31 10:23:48 - [TEST_STEP][PASSED] - assert arrProdukNameOri == arrProdukNameSort: null]]></system-out>
         <system-err><![CDATA[]]></system-err>
      </testcase>
      <testcase name="Test Cases/2. Products/TC-Product-Sort-003" time="10.008" classname="Test Cases/2. Products/TC-Product-Sort-003" status="PASSED">
         <system-out><![CDATA[2023-08-31 10:23:48 - [TEST_CASE][PASSED] - Test Cases/2. Products/TC-Product-Sort-003: Test Cases/2. Products/TC-Product-Sort-003

2023-08-31 10:23:49 - [TEST_STEP][PASSED] - callTestCase(findTestCase("2. Products/TC-Product-Show-001"), [:], STOP_ON_FAILURE): Call Test Case 'Test Cases/2. Products/TC-Product-Show-001' successfully

2023-08-31 10:23:49 - [TEST_CASE][PASSED] - Test Cases/2. Products/TC-Product-Show-001: Test Cases/2. Products/TC-Product-Show-001

2023-08-31 10:23:49 - [TEST_STEP][PASSED] - callTestCase(findTestCase("1. login/TC-Login-Success-001"), [:], STOP_ON_FAILURE): Call Test Case 'Test Cases/1. login/TC-Login-Success-001' successfully

2023-08-31 10:23:49 - [TEST_CASE][PASSED] - Test Cases/1. login/TC-Login-Success-001: Test Cases/1. login/TC-Login-Success-001

2023-08-31 10:23:49 - [TEST_STEP][PASSED] - openBrowser(web): Browser is opened with url: 'https://www.saucedemo.com/inventory.html'

2023-08-31 10:23:49 - [MESSAGE][WARNING] - A browser is already opened. Closing browser and opening a new one

2023-08-31 10:23:50 - [MESSAGE][INFO] - Starting 'Edge Chromium' driver

2023-08-31 10:23:52 - [MESSAGE][INFO] - Action delay is set to 0 milliseconds

2023-08-31 10:23:54 - [MESSAGE][PASSED] - Browser is opened with url: 'https://www.saucedemo.com/inventory.html'

2023-08-31 10:23:54 - [TEST_STEP][PASSED] - maximizeWindow(): Current window maximized

2023-08-31 10:23:54 - [MESSAGE][PASSED] - Current window maximized

2023-08-31 10:23:54 - [TEST_STEP][PASSED] - verifyElementPresent(findTestObject("1. Login/halaman home swag labs"), 0): Object 'Object Repository/1. Login/halaman home swag labs' is present

2023-08-31 10:23:54 - [MESSAGE][WARNING] - Timeout '0' is invalid. Using default page load timeout: '30'

2023-08-31 10:23:55 - [MESSAGE][PASSED] - Object 'Object Repository/1. Login/halaman home swag labs' is present

2023-08-31 10:23:55 - [TEST_STEP][PASSED] - setText(findTestObject("1. Login/input username"), username): Text 'standard_user' is set on object 'Object Repository/1. Login/input username'

2023-08-31 10:23:55 - [MESSAGE][PASSED] - Text 'standard_user' is set on object 'Object Repository/1. Login/input username'

2023-08-31 10:23:55 - [TEST_STEP][PASSED] - setEncryptedText(findTestObject("1. Login/input password"), password): Text ****** has been set on object 'Object Repository/1. Login/input password'

2023-08-31 10:23:56 - [MESSAGE][PASSED] - Text ****** has been set on object 'Object Repository/1. Login/input password'

2023-08-31 10:23:56 - [TEST_STEP][PASSED] - click(findTestObject("1. Login/button Login")): Object: 'Object Repository/1. Login/button Login' is clicked on

2023-08-31 10:23:56 - [MESSAGE][PASSED] - Object: 'Object Repository/1. Login/button Login' is clicked on

2023-08-31 10:23:56 - [TEST_STEP][PASSED] - verifyElementText(findTestObject("1. Login/home product atau halaman Swag Labs"), "Swag Labs"): Actual text and expected text of test object 'Object Repository/1. Login/home product atau halaman Swag Labs' are matched.

2023-08-31 10:23:57 - [MESSAGE][PASSED] - Actual text and expected text of test object 'Object Repository/1. Login/home product atau halaman Swag Labs' are matched.

2023-08-31 10:23:57 - [MESSAGE][PASSED] - Call Test Case 'Test Cases/1. login/TC-Login-Success-001' successfully

2023-08-31 10:23:57 - [MESSAGE][PASSED] - Call Test Case 'Test Cases/2. Products/TC-Product-Show-001' successfully

2023-08-31 10:23:57 - [TEST_STEP][PASSED] - selectOptionByValue(findTestObject("Products/dropdown fillter"), "lohi", false): All options with value 'lohi' are selected in object 'Object Repository/Products/dropdown fillter' 

2023-08-31 10:23:58 - [MESSAGE][PASSED] - All options with value 'lohi' are selected in object 'Object Repository/Products/dropdown fillter' 

2023-08-31 10:23:58 - [TEST_STEP][PASSED] - dataList = findWebElements(findTestObject("Object Repository/Products/harga semua produk"), 10): null

2023-08-31 10:23:58 - [TEST_STEP][PASSED] - arrHargaOri = []: null

2023-08-31 10:23:58 - [TEST_STEP][PASSED] - arrHargaSort = []: null

2023-08-31 10:23:58 - [TEST_STEP][PASSED] - for ([i = 0, i < dataList.size(), (i++)]): null

2023-08-31 10:23:58 - [TEST_STEP][PASSED] - text = text.replace("$", ""): null

2023-08-31 10:23:58 - [TEST_STEP][PASSED] - arrNilai = Double.parseDouble(text): null

2023-08-31 10:23:58 - [TEST_STEP][PASSED] - arrHargaOri[i] = arrNilai: null

2023-08-31 10:23:58 - [TEST_STEP][PASSED] - arrHargaSort[i] = arrNilai: null

2023-08-31 10:23:58 - [TEST_STEP][PASSED] - text = text.replace("$", ""): null

2023-08-31 10:23:58 - [TEST_STEP][PASSED] - arrNilai = Double.parseDouble(text): null

2023-08-31 10:23:58 - [TEST_STEP][PASSED] - arrHargaOri[i] = arrNilai: null

2023-08-31 10:23:58 - [TEST_STEP][PASSED] - arrHargaSort[i] = arrNilai: null

2023-08-31 10:23:58 - [TEST_STEP][PASSED] - text = text.replace("$", ""): null

2023-08-31 10:23:58 - [TEST_STEP][PASSED] - arrNilai = Double.parseDouble(text): null

2023-08-31 10:23:58 - [TEST_STEP][PASSED] - arrHargaOri[i] = arrNilai: null

2023-08-31 10:23:58 - [TEST_STEP][PASSED] - arrHargaSort[i] = arrNilai: null

2023-08-31 10:23:58 - [TEST_STEP][PASSED] - text = text.replace("$", ""): null

2023-08-31 10:23:58 - [TEST_STEP][PASSED] - arrNilai = Double.parseDouble(text): null

2023-08-31 10:23:58 - [TEST_STEP][PASSED] - arrHargaOri[i] = arrNilai: null

2023-08-31 10:23:58 - [TEST_STEP][PASSED] - arrHargaSort[i] = arrNilai: null

2023-08-31 10:23:58 - [TEST_STEP][PASSED] - text = text.replace("$", ""): null

2023-08-31 10:23:58 - [TEST_STEP][PASSED] - arrNilai = Double.parseDouble(text): null

2023-08-31 10:23:58 - [TEST_STEP][PASSED] - arrHargaOri[i] = arrNilai: null

2023-08-31 10:23:58 - [TEST_STEP][PASSED] - arrHargaSort[i] = arrNilai: null

2023-08-31 10:23:58 - [TEST_STEP][PASSED] - text = text.replace("$", ""): null

2023-08-31 10:23:58 - [TEST_STEP][PASSED] - arrNilai = Double.parseDouble(text): null

2023-08-31 10:23:58 - [TEST_STEP][PASSED] - arrHargaOri[i] = arrNilai: null

2023-08-31 10:23:58 - [TEST_STEP][PASSED] - arrHargaSort[i] = arrNilai: null

2023-08-31 10:23:58 - [TEST_STEP][PASSED] - Arrays.sort(arrHargaSort): null

2023-08-31 10:23:58 - [TEST_STEP][PASSED] - println(arrHargaOri): null

2023-08-31 10:23:58 - [TEST_STEP][PASSED] - println(arrHargaSort): null

2023-08-31 10:23:58 - [TEST_STEP][PASSED] - assert arrHargaOri == arrHargaSort: null]]></system-out>
         <system-err><![CDATA[]]></system-err>
      </testcase>
      <testcase name="Test Cases/2. Products/TC-Product-Sort-004" time="12.807" classname="Test Cases/2. Products/TC-Product-Sort-004" status="PASSED">
         <system-out><![CDATA[2023-08-31 10:23:58 - [TEST_CASE][PASSED] - Test Cases/2. Products/TC-Product-Sort-004: Test Cases/2. Products/TC-Product-Sort-004

2023-08-31 10:23:59 - [TEST_STEP][PASSED] - callTestCase(findTestCase("2. Products/TC-Product-Show-001"), [:], STOP_ON_FAILURE): Call Test Case 'Test Cases/2. Products/TC-Product-Show-001' successfully

2023-08-31 10:23:59 - [TEST_CASE][PASSED] - Test Cases/2. Products/TC-Product-Show-001: Test Cases/2. Products/TC-Product-Show-001

2023-08-31 10:23:59 - [TEST_STEP][PASSED] - callTestCase(findTestCase("1. login/TC-Login-Success-001"), [:], STOP_ON_FAILURE): Call Test Case 'Test Cases/1. login/TC-Login-Success-001' successfully

2023-08-31 10:23:59 - [TEST_CASE][PASSED] - Test Cases/1. login/TC-Login-Success-001: Test Cases/1. login/TC-Login-Success-001

2023-08-31 10:23:59 - [TEST_STEP][PASSED] - openBrowser(web): Browser is opened with url: 'https://www.saucedemo.com/inventory.html'

2023-08-31 10:23:59 - [MESSAGE][WARNING] - A browser is already opened. Closing browser and opening a new one

2023-08-31 10:24:00 - [MESSAGE][INFO] - Starting 'Edge Chromium' driver

2023-08-31 10:24:02 - [MESSAGE][INFO] - Action delay is set to 0 milliseconds

2023-08-31 10:24:06 - [MESSAGE][PASSED] - Browser is opened with url: 'https://www.saucedemo.com/inventory.html'

2023-08-31 10:24:06 - [TEST_STEP][PASSED] - maximizeWindow(): Current window maximized

2023-08-31 10:24:06 - [MESSAGE][PASSED] - Current window maximized

2023-08-31 10:24:06 - [TEST_STEP][PASSED] - verifyElementPresent(findTestObject("1. Login/halaman home swag labs"), 0): Object 'Object Repository/1. Login/halaman home swag labs' is present

2023-08-31 10:24:07 - [MESSAGE][WARNING] - Timeout '0' is invalid. Using default page load timeout: '30'

2023-08-31 10:24:07 - [MESSAGE][PASSED] - Object 'Object Repository/1. Login/halaman home swag labs' is present

2023-08-31 10:24:07 - [TEST_STEP][PASSED] - setText(findTestObject("1. Login/input username"), username): Text 'standard_user' is set on object 'Object Repository/1. Login/input username'

2023-08-31 10:24:08 - [MESSAGE][PASSED] - Text 'standard_user' is set on object 'Object Repository/1. Login/input username'

2023-08-31 10:24:08 - [TEST_STEP][PASSED] - setEncryptedText(findTestObject("1. Login/input password"), password): Text ****** has been set on object 'Object Repository/1. Login/input password'

2023-08-31 10:24:08 - [MESSAGE][PASSED] - Text ****** has been set on object 'Object Repository/1. Login/input password'

2023-08-31 10:24:08 - [TEST_STEP][PASSED] - click(findTestObject("1. Login/button Login")): Object: 'Object Repository/1. Login/button Login' is clicked on

2023-08-31 10:24:09 - [MESSAGE][PASSED] - Object: 'Object Repository/1. Login/button Login' is clicked on

2023-08-31 10:24:09 - [TEST_STEP][PASSED] - verifyElementText(findTestObject("1. Login/home product atau halaman Swag Labs"), "Swag Labs"): Actual text and expected text of test object 'Object Repository/1. Login/home product atau halaman Swag Labs' are matched.

2023-08-31 10:24:10 - [MESSAGE][PASSED] - Actual text and expected text of test object 'Object Repository/1. Login/home product atau halaman Swag Labs' are matched.

2023-08-31 10:24:10 - [MESSAGE][PASSED] - Call Test Case 'Test Cases/1. login/TC-Login-Success-001' successfully

2023-08-31 10:24:10 - [MESSAGE][PASSED] - Call Test Case 'Test Cases/2. Products/TC-Product-Show-001' successfully

2023-08-31 10:24:10 - [TEST_STEP][PASSED] - selectOptionByValue(findTestObject("Products/dropdown fillter"), "hilo", false): All options with value 'hilo' are selected in object 'Object Repository/Products/dropdown fillter' 

2023-08-31 10:24:11 - [MESSAGE][PASSED] - All options with value 'hilo' are selected in object 'Object Repository/Products/dropdown fillter' 

2023-08-31 10:24:11 - [TEST_STEP][PASSED] - dataList = findWebElements(findTestObject("Object Repository/Products/harga semua produk"), 10): null

2023-08-31 10:24:11 - [TEST_STEP][PASSED] - arrHargaOri = []: null

2023-08-31 10:24:11 - [TEST_STEP][PASSED] - arrHargaSort = []: null

2023-08-31 10:24:11 - [TEST_STEP][PASSED] - for ([i = 0, i < dataList.size(), (i++)]): null

2023-08-31 10:24:11 - [TEST_STEP][PASSED] - text = text.replace("$", ""): null

2023-08-31 10:24:11 - [TEST_STEP][PASSED] - arrNilai = Double.parseDouble(text): null

2023-08-31 10:24:11 - [TEST_STEP][PASSED] - arrHargaOri[i] = arrNilai: null

2023-08-31 10:24:11 - [TEST_STEP][PASSED] - arrHargaSort[i] = arrNilai: null

2023-08-31 10:24:11 - [TEST_STEP][PASSED] - text = text.replace("$", ""): null

2023-08-31 10:24:11 - [TEST_STEP][PASSED] - arrNilai = Double.parseDouble(text): null

2023-08-31 10:24:11 - [TEST_STEP][PASSED] - arrHargaOri[i] = arrNilai: null

2023-08-31 10:24:11 - [TEST_STEP][PASSED] - arrHargaSort[i] = arrNilai: null

2023-08-31 10:24:11 - [TEST_STEP][PASSED] - text = text.replace("$", ""): null

2023-08-31 10:24:11 - [TEST_STEP][PASSED] - arrNilai = Double.parseDouble(text): null

2023-08-31 10:24:11 - [TEST_STEP][PASSED] - arrHargaOri[i] = arrNilai: null

2023-08-31 10:24:11 - [TEST_STEP][PASSED] - arrHargaSort[i] = arrNilai: null

2023-08-31 10:24:11 - [TEST_STEP][PASSED] - text = text.replace("$", ""): null

2023-08-31 10:24:11 - [TEST_STEP][PASSED] - arrNilai = Double.parseDouble(text): null

2023-08-31 10:24:11 - [TEST_STEP][PASSED] - arrHargaOri[i] = arrNilai: null

2023-08-31 10:24:11 - [TEST_STEP][PASSED] - arrHargaSort[i] = arrNilai: null

2023-08-31 10:24:11 - [TEST_STEP][PASSED] - text = text.replace("$", ""): null

2023-08-31 10:24:11 - [TEST_STEP][PASSED] - arrNilai = Double.parseDouble(text): null

2023-08-31 10:24:11 - [TEST_STEP][PASSED] - arrHargaOri[i] = arrNilai: null

2023-08-31 10:24:11 - [TEST_STEP][PASSED] - arrHargaSort[i] = arrNilai: null

2023-08-31 10:24:11 - [TEST_STEP][PASSED] - text = text.replace("$", ""): null

2023-08-31 10:24:11 - [TEST_STEP][PASSED] - arrNilai = Double.parseDouble(text): null

2023-08-31 10:24:11 - [TEST_STEP][PASSED] - arrHargaOri[i] = arrNilai: null

2023-08-31 10:24:11 - [TEST_STEP][PASSED] - arrHargaSort[i] = arrNilai: null

2023-08-31 10:24:11 - [TEST_STEP][PASSED] - Arrays.sort(arrHargaSort, Collections.reverseOrder()): null

2023-08-31 10:24:11 - [TEST_STEP][PASSED] - println(arrHargaOri): null

2023-08-31 10:24:11 - [TEST_STEP][PASSED] - println(arrHargaSort): null

2023-08-31 10:24:11 - [TEST_STEP][PASSED] - assert arrHargaOri == arrHargaSort: null]]></system-out>
         <system-err><![CDATA[]]></system-err>
      </testcase>
      <testcase name="Test Cases/2. Products/TC-Product-AddCart-001" time="11.877" classname="Test Cases/2. Products/TC-Product-AddCart-001" status="PASSED">
         <system-out><![CDATA[2023-08-31 10:24:11 - [TEST_CASE][PASSED] - Test Cases/2. Products/TC-Product-AddCart-001: Test Cases/2. Products/TC-Product-AddCart-001

2023-08-31 10:24:12 - [TEST_STEP][PASSED] - callTestCase(findTestCase("2. Products/TC-Product-Show-001"), [:], STOP_ON_FAILURE): Call Test Case 'Test Cases/2. Products/TC-Product-Show-001' successfully

2023-08-31 10:24:12 - [TEST_CASE][PASSED] - Test Cases/2. Products/TC-Product-Show-001: Test Cases/2. Products/TC-Product-Show-001

2023-08-31 10:24:12 - [TEST_STEP][PASSED] - callTestCase(findTestCase("1. login/TC-Login-Success-001"), [:], STOP_ON_FAILURE): Call Test Case 'Test Cases/1. login/TC-Login-Success-001' successfully

2023-08-31 10:24:12 - [TEST_CASE][PASSED] - Test Cases/1. login/TC-Login-Success-001: Test Cases/1. login/TC-Login-Success-001

2023-08-31 10:24:12 - [TEST_STEP][PASSED] - openBrowser(web): Browser is opened with url: 'https://www.saucedemo.com/inventory.html'

2023-08-31 10:24:12 - [MESSAGE][WARNING] - A browser is already opened. Closing browser and opening a new one

2023-08-31 10:24:13 - [MESSAGE][INFO] - Starting 'Edge Chromium' driver

2023-08-31 10:24:15 - [MESSAGE][INFO] - Action delay is set to 0 milliseconds

2023-08-31 10:24:17 - [MESSAGE][PASSED] - Browser is opened with url: 'https://www.saucedemo.com/inventory.html'

2023-08-31 10:24:17 - [TEST_STEP][PASSED] - maximizeWindow(): Current window maximized

2023-08-31 10:24:17 - [MESSAGE][PASSED] - Current window maximized

2023-08-31 10:24:17 - [TEST_STEP][PASSED] - verifyElementPresent(findTestObject("1. Login/halaman home swag labs"), 0): Object 'Object Repository/1. Login/halaman home swag labs' is present

2023-08-31 10:24:18 - [MESSAGE][WARNING] - Timeout '0' is invalid. Using default page load timeout: '30'

2023-08-31 10:24:18 - [MESSAGE][PASSED] - Object 'Object Repository/1. Login/halaman home swag labs' is present

2023-08-31 10:24:18 - [TEST_STEP][PASSED] - setText(findTestObject("1. Login/input username"), username): Text 'standard_user' is set on object 'Object Repository/1. Login/input username'

2023-08-31 10:24:19 - [MESSAGE][PASSED] - Text 'standard_user' is set on object 'Object Repository/1. Login/input username'

2023-08-31 10:24:19 - [TEST_STEP][PASSED] - setEncryptedText(findTestObject("1. Login/input password"), password): Text ****** has been set on object 'Object Repository/1. Login/input password'

2023-08-31 10:24:19 - [MESSAGE][PASSED] - Text ****** has been set on object 'Object Repository/1. Login/input password'

2023-08-31 10:24:19 - [TEST_STEP][PASSED] - click(findTestObject("1. Login/button Login")): Object: 'Object Repository/1. Login/button Login' is clicked on

2023-08-31 10:24:20 - [MESSAGE][PASSED] - Object: 'Object Repository/1. Login/button Login' is clicked on

2023-08-31 10:24:20 - [TEST_STEP][PASSED] - verifyElementText(findTestObject("1. Login/home product atau halaman Swag Labs"), "Swag Labs"): Actual text and expected text of test object 'Object Repository/1. Login/home product atau halaman Swag Labs' are matched.

2023-08-31 10:24:20 - [MESSAGE][PASSED] - Actual text and expected text of test object 'Object Repository/1. Login/home product atau halaman Swag Labs' are matched.

2023-08-31 10:24:20 - [MESSAGE][PASSED] - Call Test Case 'Test Cases/1. login/TC-Login-Success-001' successfully

2023-08-31 10:24:20 - [MESSAGE][PASSED] - Call Test Case 'Test Cases/2. Products/TC-Product-Show-001' successfully

2023-08-31 10:24:20 - [TEST_STEP][PASSED] - click(findTestObject("Products/button_Add to cart 1")): Object: 'Object Repository/Products/button_Add to cart 1' is clicked on

2023-08-31 10:24:21 - [MESSAGE][PASSED] - Object: 'Object Repository/Products/button_Add to cart 1' is clicked on

2023-08-31 10:24:21 - [TEST_STEP][PASSED] - verifyElementPresent(findTestObject("Object Repository/Products/button_Remove"), 0): Object 'Object Repository/Products/button_Remove' is present

2023-08-31 10:24:21 - [MESSAGE][WARNING] - Timeout '0' is invalid. Using default page load timeout: '30'

2023-08-31 10:24:21 - [MESSAGE][PASSED] - Object 'Object Repository/Products/button_Remove' is present

2023-08-31 10:24:21 - [TEST_STEP][PASSED] - verifyElementPresent(findTestObject("Products/shopping cart 1"), 0): Object 'Object Repository/Products/shopping cart 1' is present

2023-08-31 10:24:21 - [MESSAGE][WARNING] - Timeout '0' is invalid. Using default page load timeout: '30'

2023-08-31 10:24:22 - [MESSAGE][PASSED] - Object 'Object Repository/Products/shopping cart 1' is present

2023-08-31 10:24:22 - [TEST_STEP][PASSED] - badge = getText(findTestObject("Object Repository/Products/angka di keranjang")): Text of object 'Object Repository/Products/angka di keranjang' is: '1'

2023-08-31 10:24:22 - [MESSAGE][PASSED] - Text of object 'Object Repository/Products/angka di keranjang' is: '1'

2023-08-31 10:24:22 - [TEST_STEP][PASSED] - assert badge == "1": null

2023-08-31 10:24:22 - [TEST_STEP][PASSED] - namaProduk = getText(findTestObject("Products/div_Sauce Labs Backpack")): Text of object 'Object Repository/Products/div_Sauce Labs Backpack' is: 'Sauce Labs Backpack'

2023-08-31 10:24:22 - [MESSAGE][PASSED] - Text of object 'Object Repository/Products/div_Sauce Labs Backpack' is: 'Sauce Labs Backpack'

2023-08-31 10:24:22 - [TEST_STEP][PASSED] - deskripsi = getText(findTestObject("Products/deskripsi")): Text of object 'Object Repository/Products/deskripsi' is: 'carry.allTheThings() with the sleek, streamlined Sly Pack that melds uncompromising style with unequaled laptop and tablet protection.'

2023-08-31 10:24:23 - [MESSAGE][PASSED] - Text of object 'Object Repository/Products/deskripsi' is: 'carry.allTheThings() with the sleek, streamlined Sly Pack that melds uncompromising style with unequaled laptop and tablet protection.'

2023-08-31 10:24:23 - [TEST_STEP][PASSED] - price = getText(findTestObject("Products/harga produk 1")): Text of object 'Object Repository/Products/harga produk 1' is: '$29.99'

2023-08-31 10:24:23 - [MESSAGE][PASSED] - Text of object 'Object Repository/Products/harga produk 1' is: '$29.99'

2023-08-31 10:24:23 - [TEST_STEP][PASSED] - assert trim().equalsIgnoreCase(produkName.trim()): null

2023-08-31 10:24:23 - [TEST_STEP][PASSED] - assert trim().equalsIgnoreCase(deskripsi.trim()): null

2023-08-31 10:24:23 - [TEST_STEP][PASSED] - assert trim().equalsIgnoreCase(price.trim()): null

2023-08-31 10:24:23 - [TEST_STEP][PASSED] - dataProduk = new java.util.HashMap(): null

2023-08-31 10:24:23 - [TEST_STEP][PASSED] - dataProduk.put("namaProduk", namaProduk): null

2023-08-31 10:24:23 - [TEST_STEP][PASSED] - dataProduk.put("deskripsi", deskripsi): null

2023-08-31 10:24:23 - [TEST_STEP][PASSED] - dataProduk.put("price", price): null

2023-08-31 10:24:23 - [TEST_STEP][PASSED] - return dataProduk: null]]></system-out>
         <system-err><![CDATA[]]></system-err>
      </testcase>
      <testcase name="Test Cases/2. Products/TC-Product-AddCart-002" time="14.776" classname="Test Cases/2. Products/TC-Product-AddCart-002" status="PASSED">
         <system-out><![CDATA[2023-08-31 10:24:23 - [TEST_CASE][PASSED] - Test Cases/2. Products/TC-Product-AddCart-002: Test Cases/2. Products/TC-Product-AddCart-002

2023-08-31 10:24:24 - [TEST_STEP][PASSED] - dataCart1 = callTestCase(findTestCase("2. Products/TC-Product-AddCart-001"), ["produkName":"Sauce Labs Backpack", "deskripsi":"carry.allTheThings() with the sleek, streamlined Sly Pack that melds uncompromising style with unequaled laptop and tablet protection.", ... ], STOP_ON_FAILURE): Call Test Case 'Test Cases/2. Products/TC-Product-AddCart-001' successfully

2023-08-31 10:24:24 - [TEST_CASE][PASSED] - Test Cases/2. Products/TC-Product-AddCart-001: Test Cases/2. Products/TC-Product-AddCart-001

2023-08-31 10:24:24 - [TEST_STEP][PASSED] - callTestCase(findTestCase("2. Products/TC-Product-Show-001"), [:], STOP_ON_FAILURE): Call Test Case 'Test Cases/2. Products/TC-Product-Show-001' successfully

2023-08-31 10:24:24 - [TEST_CASE][PASSED] - Test Cases/2. Products/TC-Product-Show-001: Test Cases/2. Products/TC-Product-Show-001

2023-08-31 10:24:24 - [TEST_STEP][PASSED] - callTestCase(findTestCase("1. login/TC-Login-Success-001"), [:], STOP_ON_FAILURE): Call Test Case 'Test Cases/1. login/TC-Login-Success-001' successfully

2023-08-31 10:24:24 - [TEST_CASE][PASSED] - Test Cases/1. login/TC-Login-Success-001: Test Cases/1. login/TC-Login-Success-001

2023-08-31 10:24:24 - [TEST_STEP][PASSED] - openBrowser(web): Browser is opened with url: 'https://www.saucedemo.com/inventory.html'

2023-08-31 10:24:24 - [MESSAGE][WARNING] - A browser is already opened. Closing browser and opening a new one

2023-08-31 10:24:25 - [MESSAGE][INFO] - Starting 'Edge Chromium' driver

2023-08-31 10:24:27 - [MESSAGE][INFO] - Action delay is set to 0 milliseconds

2023-08-31 10:24:30 - [MESSAGE][PASSED] - Browser is opened with url: 'https://www.saucedemo.com/inventory.html'

2023-08-31 10:24:30 - [TEST_STEP][PASSED] - maximizeWindow(): Current window maximized

2023-08-31 10:24:30 - [MESSAGE][PASSED] - Current window maximized

2023-08-31 10:24:30 - [TEST_STEP][PASSED] - verifyElementPresent(findTestObject("1. Login/halaman home swag labs"), 0): Object 'Object Repository/1. Login/halaman home swag labs' is present

2023-08-31 10:24:30 - [MESSAGE][WARNING] - Timeout '0' is invalid. Using default page load timeout: '30'

2023-08-31 10:24:30 - [MESSAGE][PASSED] - Object 'Object Repository/1. Login/halaman home swag labs' is present

2023-08-31 10:24:30 - [TEST_STEP][PASSED] - setText(findTestObject("1. Login/input username"), username): Text 'standard_user' is set on object 'Object Repository/1. Login/input username'

2023-08-31 10:24:31 - [MESSAGE][PASSED] - Text 'standard_user' is set on object 'Object Repository/1. Login/input username'

2023-08-31 10:24:31 - [TEST_STEP][PASSED] - setEncryptedText(findTestObject("1. Login/input password"), password): Text ****** has been set on object 'Object Repository/1. Login/input password'

2023-08-31 10:24:32 - [MESSAGE][PASSED] - Text ****** has been set on object 'Object Repository/1. Login/input password'

2023-08-31 10:24:32 - [TEST_STEP][PASSED] - click(findTestObject("1. Login/button Login")): Object: 'Object Repository/1. Login/button Login' is clicked on

2023-08-31 10:24:33 - [MESSAGE][PASSED] - Object: 'Object Repository/1. Login/button Login' is clicked on

2023-08-31 10:24:33 - [TEST_STEP][PASSED] - verifyElementText(findTestObject("1. Login/home product atau halaman Swag Labs"), "Swag Labs"): Actual text and expected text of test object 'Object Repository/1. Login/home product atau halaman Swag Labs' are matched.

2023-08-31 10:24:33 - [MESSAGE][PASSED] - Actual text and expected text of test object 'Object Repository/1. Login/home product atau halaman Swag Labs' are matched.

2023-08-31 10:24:33 - [MESSAGE][PASSED] - Call Test Case 'Test Cases/1. login/TC-Login-Success-001' successfully

2023-08-31 10:24:33 - [MESSAGE][PASSED] - Call Test Case 'Test Cases/2. Products/TC-Product-Show-001' successfully

2023-08-31 10:24:33 - [TEST_STEP][PASSED] - click(findTestObject("Products/button_Add to cart 1")): Object: 'Object Repository/Products/button_Add to cart 1' is clicked on

2023-08-31 10:24:34 - [MESSAGE][PASSED] - Object: 'Object Repository/Products/button_Add to cart 1' is clicked on

2023-08-31 10:24:34 - [TEST_STEP][PASSED] - verifyElementPresent(findTestObject("Object Repository/Products/button_Remove"), 0): Object 'Object Repository/Products/button_Remove' is present

2023-08-31 10:24:34 - [MESSAGE][WARNING] - Timeout '0' is invalid. Using default page load timeout: '30'

2023-08-31 10:24:34 - [MESSAGE][PASSED] - Object 'Object Repository/Products/button_Remove' is present

2023-08-31 10:24:34 - [TEST_STEP][PASSED] - verifyElementPresent(findTestObject("Products/shopping cart 1"), 0): Object 'Object Repository/Products/shopping cart 1' is present

2023-08-31 10:24:34 - [MESSAGE][WARNING] - Timeout '0' is invalid. Using default page load timeout: '30'

2023-08-31 10:24:34 - [MESSAGE][PASSED] - Object 'Object Repository/Products/shopping cart 1' is present

2023-08-31 10:24:34 - [TEST_STEP][PASSED] - badge = getText(findTestObject("Object Repository/Products/angka di keranjang")): Text of object 'Object Repository/Products/angka di keranjang' is: '1'

2023-08-31 10:24:35 - [MESSAGE][PASSED] - Text of object 'Object Repository/Products/angka di keranjang' is: '1'

2023-08-31 10:24:35 - [TEST_STEP][PASSED] - assert badge == "1": null

2023-08-31 10:24:35 - [TEST_STEP][PASSED] - namaProduk = getText(findTestObject("Products/div_Sauce Labs Backpack")): Text of object 'Object Repository/Products/div_Sauce Labs Backpack' is: 'Sauce Labs Backpack'

2023-08-31 10:24:35 - [MESSAGE][PASSED] - Text of object 'Object Repository/Products/div_Sauce Labs Backpack' is: 'Sauce Labs Backpack'

2023-08-31 10:24:35 - [TEST_STEP][PASSED] - deskripsi = getText(findTestObject("Products/deskripsi")): Text of object 'Object Repository/Products/deskripsi' is: 'carry.allTheThings() with the sleek, streamlined Sly Pack that melds uncompromising style with unequaled laptop and tablet protection.'

2023-08-31 10:24:36 - [MESSAGE][PASSED] - Text of object 'Object Repository/Products/deskripsi' is: 'carry.allTheThings() with the sleek, streamlined Sly Pack that melds uncompromising style with unequaled laptop and tablet protection.'

2023-08-31 10:24:36 - [TEST_STEP][PASSED] - price = getText(findTestObject("Products/harga produk 1")): Text of object 'Object Repository/Products/harga produk 1' is: '$29.99'

2023-08-31 10:24:36 - [MESSAGE][PASSED] - Text of object 'Object Repository/Products/harga produk 1' is: '$29.99'

2023-08-31 10:24:36 - [TEST_STEP][PASSED] - assert trim().equalsIgnoreCase(produkName.trim()): null

2023-08-31 10:24:36 - [TEST_STEP][PASSED] - assert trim().equalsIgnoreCase(deskripsi.trim()): null

2023-08-31 10:24:36 - [TEST_STEP][PASSED] - assert trim().equalsIgnoreCase(price.trim()): null

2023-08-31 10:24:36 - [TEST_STEP][PASSED] - dataProduk = new java.util.HashMap(): null

2023-08-31 10:24:36 - [TEST_STEP][PASSED] - dataProduk.put("namaProduk", namaProduk): null

2023-08-31 10:24:36 - [TEST_STEP][PASSED] - dataProduk.put("deskripsi", deskripsi): null

2023-08-31 10:24:36 - [TEST_STEP][PASSED] - dataProduk.put("price", price): null

2023-08-31 10:24:36 - [TEST_STEP][PASSED] - return dataProduk: null

2023-08-31 10:24:36 - [MESSAGE][PASSED] - Call Test Case 'Test Cases/2. Products/TC-Product-AddCart-001' successfully

2023-08-31 10:24:36 - [TEST_STEP][PASSED] - produk = dataCart1.get("namaProduk"): null

2023-08-31 10:24:36 - [TEST_STEP][PASSED] - Deskripsi = dataCart1.get("deskripsi"): null

2023-08-31 10:24:36 - [TEST_STEP][PASSED] - harga = dataCart1.get("price"): null

2023-08-31 10:24:36 - [TEST_STEP][PASSED] - click(findTestObject("Products/button_Add to cart")): Object: 'Object Repository/Products/button_Add to cart' is clicked on

2023-08-31 10:24:36 - [MESSAGE][PASSED] - Object: 'Object Repository/Products/button_Add to cart' is clicked on

2023-08-31 10:24:36 - [TEST_STEP][PASSED] - verifyElementPresent(findTestObject("Object Repository/Products/button_Remove"), 0): Object 'Object Repository/Products/button_Remove' is present

2023-08-31 10:24:36 - [MESSAGE][WARNING] - Timeout '0' is invalid. Using default page load timeout: '30'

2023-08-31 10:24:37 - [MESSAGE][PASSED] - Object 'Object Repository/Products/button_Remove' is present

2023-08-31 10:24:37 - [TEST_STEP][PASSED] - namaProduk = getText(findTestObject("Object Repository/Products/nama produk 2")): Text of object 'Object Repository/Products/nama produk 2' is: 'Sauce Labs Bike Light'

2023-08-31 10:24:37 - [MESSAGE][PASSED] - Text of object 'Object Repository/Products/nama produk 2' is: 'Sauce Labs Bike Light'

2023-08-31 10:24:37 - [TEST_STEP][PASSED] - deskripsi = getText(findTestObject("Object Repository/Products/deskripsi produk 2")): Text of object 'Object Repository/Products/deskripsi produk 2' is: 'A red light isn't the desired state in testing but it sure helps when riding your bike at night. Water-resistant with 3 lighting modes, 1 AAA battery included.'

2023-08-31 10:24:38 - [MESSAGE][PASSED] - Text of object 'Object Repository/Products/deskripsi produk 2' is: 'A red light isn't the desired state in testing but it sure helps when riding your bike at night. Water-resistant with 3 lighting modes, 1 AAA battery included.'

2023-08-31 10:24:38 - [TEST_STEP][PASSED] - Harga = getText(findTestObject("Object Repository/Products/harga produk 2")): Text of object 'Object Repository/Products/harga produk 2' is: '$9.99'

2023-08-31 10:24:38 - [MESSAGE][PASSED] - Text of object 'Object Repository/Products/harga produk 2' is: '$9.99'

2023-08-31 10:24:38 - [TEST_STEP][PASSED] - NamaProduk = []: null

2023-08-31 10:24:38 - [TEST_STEP][PASSED] - deskripsiProduk = []: null

2023-08-31 10:24:38 - [TEST_STEP][PASSED] - hargaBarang = []: null

2023-08-31 10:24:38 - [TEST_STEP][PASSED] - for ([i = 0, i < 2, (i++)]): null

2023-08-31 10:24:38 - [TEST_STEP][PASSED] - NamaProduk[0] = produk: null

2023-08-31 10:24:38 - [TEST_STEP][PASSED] - NamaProduk[1] = namaProduk: null

2023-08-31 10:24:38 - [TEST_STEP][PASSED] - deskripsiProduk[0] = Deskripsi: null

2023-08-31 10:24:38 - [TEST_STEP][PASSED] - deskripsiProduk[1] = deskripsi: null

2023-08-31 10:24:38 - [TEST_STEP][PASSED] - hargaBarang[0] = harga: null

2023-08-31 10:24:38 - [TEST_STEP][PASSED] - hargaBarang[1] = Harga: null

2023-08-31 10:24:38 - [TEST_STEP][PASSED] - NamaProduk[0] = produk: null

2023-08-31 10:24:38 - [TEST_STEP][PASSED] - NamaProduk[1] = namaProduk: null

2023-08-31 10:24:38 - [TEST_STEP][PASSED] - deskripsiProduk[0] = Deskripsi: null

2023-08-31 10:24:38 - [TEST_STEP][PASSED] - deskripsiProduk[1] = deskripsi: null

2023-08-31 10:24:38 - [TEST_STEP][PASSED] - hargaBarang[0] = harga: null

2023-08-31 10:24:38 - [TEST_STEP][PASSED] - hargaBarang[1] = Harga: null

2023-08-31 10:24:38 - [TEST_STEP][PASSED] - dataProduk2 = new java.util.HashMap(): null

2023-08-31 10:24:38 - [TEST_STEP][PASSED] - dataProduk2.put("NamaProduk2", NamaProduk): null

2023-08-31 10:24:38 - [TEST_STEP][PASSED] - dataProduk2.put("deskripsiProduk2", deskripsiProduk): null

2023-08-31 10:24:38 - [TEST_STEP][PASSED] - dataProduk2.put("hargaBarang2", hargaBarang): null

2023-08-31 10:24:38 - [TEST_STEP][PASSED] - return dataProduk2: null]]></system-out>
         <system-err><![CDATA[]]></system-err>
      </testcase>
      <testcase name="Test Cases/2. Products/TC-Product-RemoveCart-001" time="18.676" classname="Test Cases/2. Products/TC-Product-RemoveCart-001" status="FAILED">
         <failure type="FAILED" message="Test Cases/2. Products/TC-Product-RemoveCart-001 FAILED.
Reason:
com.kms.katalon.core.exception.StepFailedException: Unable to verify object 'Object Repository/Products/angka di keranjang' is present
	at com.kms.katalon.core.webui.keyword.internal.WebUIKeywordMain.stepFailed(WebUIKeywordMain.groovy:64)
	at com.kms.katalon.core.webui.keyword.internal.WebUIKeywordMain.runKeyword(WebUIKeywordMain.groovy:26)
	at com.kms.katalon.core.webui.keyword.builtin.VerifyElementPresentKeyword.verifyElementPresent(VerifyElementPresentKeyword.groovy:92)
	at com.kms.katalon.core.webui.keyword.builtin.VerifyElementPresentKeyword.execute(VerifyElementPresentKeyword.groovy:68)
	at com.kms.katalon.core.keyword.internal.KeywordExecutor.executeKeywordForPlatform(KeywordExecutor.groovy:74)
	at com.kms.katalon.core.webui.keyword.WebUiBuiltInKeywords.verifyElementPresent(WebUiBuiltInKeywords.groovy:1464)
	at com.kms.katalon.core.webui.keyword.WebUiBuiltInKeywords$verifyElementPresent$1.call(Unknown Source)
	at TC-Product-RemoveCart-001.run(TC-Product-RemoveCart-001:26)
	at com.kms.katalon.core.main.ScriptEngine.run(ScriptEngine.java:194)
	at com.kms.katalon.core.main.ScriptEngine.runScriptAsRawText(ScriptEngine.java:119)
	at com.kms.katalon.core.main.TestCaseExecutor.runScript(TestCaseExecutor.java:448)
	at com.kms.katalon.core.main.TestCaseExecutor.doExecute(TestCaseExecutor.java:439)
	at com.kms.katalon.core.main.TestCaseExecutor.processExecutionPhase(TestCaseExecutor.java:418)
	at com.kms.katalon.core.main.TestCaseExecutor.accessMainPhase(TestCaseExecutor.java:410)
	at com.kms.katalon.core.main.TestCaseExecutor.execute(TestCaseExecutor.java:285)
	at com.kms.katalon.core.main.TestCaseExecutor.execute(TestCaseExecutor.java:369)
	at com.kms.katalon.core.main.TestCaseExecutor.execute(TestCaseExecutor.java:369)
	at com.kms.katalon.core.main.TestCaseExecutor.execute(TestCaseExecutor.java:369)
	at com.kms.katalon.core.common.CommonExecutor.accessTestCaseMainPhase(CommonExecutor.java:65)
	at com.kms.katalon.core.main.TestSuiteExecutor.accessTestSuiteMainPhase(TestSuiteExecutor.java:148)
	at com.kms.katalon.core.main.TestSuiteExecutor.execute(TestSuiteExecutor.java:106)
	at com.kms.katalon.core.main.TestCaseMain.startTestSuite(TestCaseMain.java:187)
	at com.kms.katalon.core.main.TestCaseMain$startTestSuite$0.call(Unknown Source)
	at TempTestSuite1693452099201.run(TempTestSuite1693452099201.groovy:36)
Caused by: com.kms.katalon.core.exception.StepFailedException: com.kms.katalon.core.webui.exception.WebElementNotFoundException: Web element with id: 'Object Repository/Products/angka di keranjang' located by '//div[@id='shopping_cart_container']/a/span' not found
	at com.kms.katalon.core.webui.keyword.internal.WebUIKeywordMain.stepFailed(WebUIKeywordMain.groovy:64)
	at com.kms.katalon.core.webui.keyword.builtin.VerifyElementPresentKeyword$_verifyElementPresent_closure1.doCall(VerifyElementPresentKeyword.groovy:85)
	at com.kms.katalon.core.webui.keyword.builtin.VerifyElementPresentKeyword$_verifyElementPresent_closure1.call(VerifyElementPresentKeyword.groovy)
	at com.kms.katalon.core.webui.keyword.internal.WebUIKeywordMain.runKeyword(WebUIKeywordMain.groovy:20)
	... 22 more
"/>
         <system-out><![CDATA[2023-08-31 10:25:36 - [TEST_CASE][FAILED] - Test Cases/2. Products/TC-Product-RemoveCart-001: Test Cases/2. Products/TC-Product-RemoveCart-001 FAILED.
Reason:
com.kms.katalon.core.exception.StepFailedException: Unable to verify object 'Object Repository/Products/angka di keranjang' is present
	at com.kms.katalon.core.webui.keyword.internal.WebUIKeywordMain.stepFailed(WebUIKeywordMain.groovy:64)
	at com.kms.katalon.core.webui.keyword.internal.WebUIKeywordMain.runKeyword(WebUIKeywordMain.groovy:26)
	at com.kms.katalon.core.webui.keyword.builtin.VerifyElementPresentKeyword.verifyElementPresent(VerifyElementPresentKeyword.groovy:92)
	at com.kms.katalon.core.webui.keyword.builtin.VerifyElementPresentKeyword.execute(VerifyElementPresentKeyword.groovy:68)
	at com.kms.katalon.core.keyword.internal.KeywordExecutor.executeKeywordForPlatform(KeywordExecutor.groovy:74)
	at com.kms.katalon.core.webui.keyword.WebUiBuiltInKeywords.verifyElementPresent(WebUiBuiltInKeywords.groovy:1464)
	at com.kms.katalon.core.webui.keyword.WebUiBuiltInKeywords$verifyElementPresent$1.call(Unknown Source)
	at TC-Product-RemoveCart-001.run(TC-Product-RemoveCart-001:26)
	at com.kms.katalon.core.main.ScriptEngine.run(ScriptEngine.java:194)
	at com.kms.katalon.core.main.ScriptEngine.runScriptAsRawText(ScriptEngine.java:119)
	at com.kms.katalon.core.main.TestCaseExecutor.runScript(TestCaseExecutor.java:448)
	at com.kms.katalon.core.main.TestCaseExecutor.doExecute(TestCaseExecutor.java:439)
	at com.kms.katalon.core.main.TestCaseExecutor.processExecutionPhase(TestCaseExecutor.java:418)
	at com.kms.katalon.core.main.TestCaseExecutor.accessMainPhase(TestCaseExecutor.java:410)
	at com.kms.katalon.core.main.TestCaseExecutor.execute(TestCaseExecutor.java:285)
	at com.kms.katalon.core.main.TestCaseExecutor.execute(TestCaseExecutor.java:369)
	at com.kms.katalon.core.main.TestCaseExecutor.execute(TestCaseExecutor.java:369)
	at com.kms.katalon.core.main.TestCaseExecutor.execute(TestCaseExecutor.java:369)
	at com.kms.katalon.core.common.CommonExecutor.accessTestCaseMainPhase(CommonExecutor.java:65)
	at com.kms.katalon.core.main.TestSuiteExecutor.accessTestSuiteMainPhase(TestSuiteExecutor.java:148)
	at com.kms.katalon.core.main.TestSuiteExecutor.execute(TestSuiteExecutor.java:106)
	at com.kms.katalon.core.main.TestCaseMain.startTestSuite(TestCaseMain.java:187)
	at com.kms.katalon.core.main.TestCaseMain$startTestSuite$0.call(Unknown Source)
	at TempTestSuite1693452099201.run(TempTestSuite1693452099201.groovy:36)
Caused by: com.kms.katalon.core.exception.StepFailedException: com.kms.katalon.core.webui.exception.WebElementNotFoundException: Web element with id: 'Object Repository/Products/angka di keranjang' located by '//div[@id='shopping_cart_container']/a/span' not found
	at com.kms.katalon.core.webui.keyword.internal.WebUIKeywordMain.stepFailed(WebUIKeywordMain.groovy:64)
	at com.kms.katalon.core.webui.keyword.builtin.VerifyElementPresentKeyword$_verifyElementPresent_closure1.doCall(VerifyElementPresentKeyword.groovy:85)
	at com.kms.katalon.core.webui.keyword.builtin.VerifyElementPresentKeyword$_verifyElementPresent_closure1.call(VerifyElementPresentKeyword.groovy)
	at com.kms.katalon.core.webui.keyword.internal.WebUIKeywordMain.runKeyword(WebUIKeywordMain.groovy:20)
	... 22 more


2023-08-31 10:25:36 - [TEST_STEP][PASSED] - callTestCase(findTestCase("2. Products/TC-Product-AddCart-001"), [:], STOP_ON_FAILURE): Call Test Case 'Test Cases/2. Products/TC-Product-AddCart-001' successfully

2023-08-31 10:25:36 - [TEST_CASE][PASSED] - Test Cases/2. Products/TC-Product-AddCart-001: Test Cases/2. Products/TC-Product-AddCart-001

2023-08-31 10:25:36 - [TEST_STEP][PASSED] - callTestCase(findTestCase("2. Products/TC-Product-Show-001"), [:], STOP_ON_FAILURE): Call Test Case 'Test Cases/2. Products/TC-Product-Show-001' successfully

2023-08-31 10:25:36 - [TEST_CASE][PASSED] - Test Cases/2. Products/TC-Product-Show-001: Test Cases/2. Products/TC-Product-Show-001

2023-08-31 10:25:36 - [TEST_STEP][PASSED] - callTestCase(findTestCase("1. login/TC-Login-Success-001"), [:], STOP_ON_FAILURE): Call Test Case 'Test Cases/1. login/TC-Login-Success-001' successfully

2023-08-31 10:25:36 - [TEST_CASE][PASSED] - Test Cases/1. login/TC-Login-Success-001: Test Cases/1. login/TC-Login-Success-001

2023-08-31 10:25:36 - [TEST_STEP][PASSED] - openBrowser(web): Browser is opened with url: 'https://www.saucedemo.com/inventory.html'

2023-08-31 10:25:36 - [MESSAGE][WARNING] - A browser is already opened. Closing browser and opening a new one

2023-08-31 10:25:37 - [MESSAGE][INFO] - Starting 'Edge Chromium' driver

2023-08-31 10:25:39 - [MESSAGE][INFO] - Action delay is set to 0 milliseconds

2023-08-31 10:25:41 - [MESSAGE][PASSED] - Browser is opened with url: 'https://www.saucedemo.com/inventory.html'

2023-08-31 10:25:41 - [TEST_STEP][PASSED] - maximizeWindow(): Current window maximized

2023-08-31 10:25:42 - [MESSAGE][PASSED] - Current window maximized

2023-08-31 10:25:42 - [TEST_STEP][PASSED] - verifyElementPresent(findTestObject("1. Login/halaman home swag labs"), 0): Object 'Object Repository/1. Login/halaman home swag labs' is present

2023-08-31 10:25:42 - [MESSAGE][WARNING] - Timeout '0' is invalid. Using default page load timeout: '30'

2023-08-31 10:25:42 - [MESSAGE][PASSED] - Object 'Object Repository/1. Login/halaman home swag labs' is present

2023-08-31 10:25:42 - [TEST_STEP][PASSED] - setText(findTestObject("1. Login/input username"), username): Text 'standard_user' is set on object 'Object Repository/1. Login/input username'

2023-08-31 10:25:43 - [MESSAGE][PASSED] - Text 'standard_user' is set on object 'Object Repository/1. Login/input username'

2023-08-31 10:25:43 - [TEST_STEP][PASSED] - setEncryptedText(findTestObject("1. Login/input password"), password): Text ****** has been set on object 'Object Repository/1. Login/input password'

2023-08-31 10:25:43 - [MESSAGE][PASSED] - Text ****** has been set on object 'Object Repository/1. Login/input password'

2023-08-31 10:25:43 - [TEST_STEP][PASSED] - click(findTestObject("1. Login/button Login")): Object: 'Object Repository/1. Login/button Login' is clicked on

2023-08-31 10:25:44 - [MESSAGE][PASSED] - Object: 'Object Repository/1. Login/button Login' is clicked on

2023-08-31 10:25:44 - [TEST_STEP][PASSED] - verifyElementText(findTestObject("1. Login/home product atau halaman Swag Labs"), "Swag Labs"): Actual text and expected text of test object 'Object Repository/1. Login/home product atau halaman Swag Labs' are matched.

2023-08-31 10:25:44 - [MESSAGE][PASSED] - Actual text and expected text of test object 'Object Repository/1. Login/home product atau halaman Swag Labs' are matched.

2023-08-31 10:25:44 - [MESSAGE][PASSED] - Call Test Case 'Test Cases/1. login/TC-Login-Success-001' successfully

2023-08-31 10:25:44 - [MESSAGE][PASSED] - Call Test Case 'Test Cases/2. Products/TC-Product-Show-001' successfully

2023-08-31 10:25:44 - [TEST_STEP][PASSED] - click(findTestObject("Products/button_Add to cart 1")): Object: 'Object Repository/Products/button_Add to cart 1' is clicked on

2023-08-31 10:25:45 - [MESSAGE][PASSED] - Object: 'Object Repository/Products/button_Add to cart 1' is clicked on

2023-08-31 10:25:45 - [TEST_STEP][PASSED] - verifyElementPresent(findTestObject("Object Repository/Products/button_Remove"), 0): Object 'Object Repository/Products/button_Remove' is present

2023-08-31 10:25:45 - [MESSAGE][WARNING] - Timeout '0' is invalid. Using default page load timeout: '30'

2023-08-31 10:25:45 - [MESSAGE][PASSED] - Object 'Object Repository/Products/button_Remove' is present

2023-08-31 10:25:45 - [TEST_STEP][PASSED] - verifyElementPresent(findTestObject("Products/shopping cart 1"), 0): Object 'Object Repository/Products/shopping cart 1' is present

2023-08-31 10:25:45 - [MESSAGE][WARNING] - Timeout '0' is invalid. Using default page load timeout: '30'

2023-08-31 10:25:45 - [MESSAGE][PASSED] - Object 'Object Repository/Products/shopping cart 1' is present

2023-08-31 10:25:45 - [TEST_STEP][PASSED] - badge = getText(findTestObject("Object Repository/Products/angka di keranjang")): Text of object 'Object Repository/Products/angka di keranjang' is: '1'

2023-08-31 10:25:46 - [MESSAGE][PASSED] - Text of object 'Object Repository/Products/angka di keranjang' is: '1'

2023-08-31 10:25:46 - [TEST_STEP][PASSED] - assert badge == "1": null

2023-08-31 10:25:46 - [TEST_STEP][PASSED] - namaProduk = getText(findTestObject("Products/div_Sauce Labs Backpack")): Text of object 'Object Repository/Products/div_Sauce Labs Backpack' is: 'Sauce Labs Backpack'

2023-08-31 10:25:46 - [MESSAGE][PASSED] - Text of object 'Object Repository/Products/div_Sauce Labs Backpack' is: 'Sauce Labs Backpack'

2023-08-31 10:25:46 - [TEST_STEP][PASSED] - deskripsi = getText(findTestObject("Products/deskripsi")): Text of object 'Object Repository/Products/deskripsi' is: 'carry.allTheThings() with the sleek, streamlined Sly Pack that melds uncompromising style with unequaled laptop and tablet protection.'

2023-08-31 10:25:47 - [MESSAGE][PASSED] - Text of object 'Object Repository/Products/deskripsi' is: 'carry.allTheThings() with the sleek, streamlined Sly Pack that melds uncompromising style with unequaled laptop and tablet protection.'

2023-08-31 10:25:47 - [TEST_STEP][PASSED] - price = getText(findTestObject("Products/harga produk 1")): Text of object 'Object Repository/Products/harga produk 1' is: '$29.99'

2023-08-31 10:25:47 - [MESSAGE][PASSED] - Text of object 'Object Repository/Products/harga produk 1' is: '$29.99'

2023-08-31 10:25:47 - [TEST_STEP][PASSED] - assert trim().equalsIgnoreCase(produkName.trim()): null

2023-08-31 10:25:47 - [TEST_STEP][PASSED] - assert trim().equalsIgnoreCase(deskripsi.trim()): null

2023-08-31 10:25:47 - [TEST_STEP][PASSED] - assert trim().equalsIgnoreCase(price.trim()): null

2023-08-31 10:25:47 - [TEST_STEP][PASSED] - dataProduk = new java.util.HashMap(): null

2023-08-31 10:25:47 - [TEST_STEP][PASSED] - dataProduk.put("namaProduk", namaProduk): null

2023-08-31 10:25:47 - [TEST_STEP][PASSED] - dataProduk.put("deskripsi", deskripsi): null

2023-08-31 10:25:47 - [TEST_STEP][PASSED] - dataProduk.put("price", price): null

2023-08-31 10:25:47 - [TEST_STEP][PASSED] - return dataProduk: null

2023-08-31 10:25:47 - [MESSAGE][PASSED] - Call Test Case 'Test Cases/2. Products/TC-Product-AddCart-001' successfully

2023-08-31 10:25:47 - [TEST_STEP][PASSED] - click(findTestObject("Products/button_Remove")): Object: 'Object Repository/Products/button_Remove' is clicked on

2023-08-31 10:25:47 - [MESSAGE][PASSED] - Object: 'Object Repository/Products/button_Remove' is clicked on

2023-08-31 10:25:47 - [TEST_STEP][PASSED] - verifyElementPresent(findTestObject("Products/button_Add to cart"), 5): Object 'Object Repository/Products/button_Add to cart' is present

2023-08-31 10:25:48 - [MESSAGE][PASSED] - Object 'Object Repository/Products/button_Add to cart' is present

2023-08-31 10:25:48 - [TEST_STEP][FAILED] - verifyElementPresent(findTestObject("Products/angka di keranjang"), 5): Unable to verify object 'Object Repository/Products/angka di keranjang' is present (Root cause: com.kms.katalon.core.exception.StepFailedException: Unable to verify object 'Object Repository/Products/angka di keranjang' is present
	at com.kms.katalon.core.webui.keyword.internal.WebUIKeywordMain.stepFailed(WebUIKeywordMain.groovy:64)
	at com.kms.katalon.core.webui.keyword.internal.WebUIKeywordMain.runKeyword(WebUIKeywordMain.groovy:26)
	at com.kms.katalon.core.webui.keyword.builtin.VerifyElementPresentKeyword.verifyElementPresent(VerifyElementPresentKeyword.groovy:92)
	at com.kms.katalon.core.webui.keyword.builtin.VerifyElementPresentKeyword.execute(VerifyElementPresentKeyword.groovy:68)
	at com.kms.katalon.core.keyword.internal.KeywordExecutor.executeKeywordForPlatform(KeywordExecutor.groovy:74)
	at com.kms.katalon.core.webui.keyword.WebUiBuiltInKeywords.verifyElementPresent(WebUiBuiltInKeywords.groovy:1464)
	at com.kms.katalon.core.webui.keyword.WebUiBuiltInKeywords$verifyElementPresent$1.call(Unknown Source)
	at TC-Product-RemoveCart-001.run(TC-Product-RemoveCart-001:26)
	at com.kms.katalon.core.main.ScriptEngine.run(ScriptEngine.java:194)
	at com.kms.katalon.core.main.ScriptEngine.runScriptAsRawText(ScriptEngine.java:119)
	at com.kms.katalon.core.main.TestCaseExecutor.runScript(TestCaseExecutor.java:448)
	at com.kms.katalon.core.main.TestCaseExecutor.doExecute(TestCaseExecutor.java:439)
	at com.kms.katalon.core.main.TestCaseExecutor.processExecutionPhase(TestCaseExecutor.java:418)
	at com.kms.katalon.core.main.TestCaseExecutor.accessMainPhase(TestCaseExecutor.java:410)
	at com.kms.katalon.core.main.TestCaseExecutor.execute(TestCaseExecutor.java:285)
	at com.kms.katalon.core.main.TestCaseExecutor.execute(TestCaseExecutor.java:369)
	at com.kms.katalon.core.main.TestCaseExecutor.execute(TestCaseExecutor.java:369)
	at com.kms.katalon.core.main.TestCaseExecutor.execute(TestCaseExecutor.java:369)
	at com.kms.katalon.core.common.CommonExecutor.accessTestCaseMainPhase(CommonExecutor.java:65)
	at com.kms.katalon.core.main.TestSuiteExecutor.accessTestSuiteMainPhase(TestSuiteExecutor.java:148)
	at com.kms.katalon.core.main.TestSuiteExecutor.execute(TestSuiteExecutor.java:106)
	at com.kms.katalon.core.main.TestCaseMain.startTestSuite(TestCaseMain.java:187)
	at com.kms.katalon.core.main.TestCaseMain$startTestSuite$0.call(Unknown Source)
	at TempTestSuite1693452099201.run(TempTestSuite1693452099201.groovy:36)
Caused by: com.kms.katalon.core.exception.StepFailedException: com.kms.katalon.core.webui.exception.WebElementNotFoundException: Web element with id: 'Object Repository/Products/angka di keranjang' located by '//div[@id='shopping_cart_container']/a/span' not found
	at com.kms.katalon.core.webui.keyword.internal.WebUIKeywordMain.stepFailed(WebUIKeywordMain.groovy:64)
	at com.kms.katalon.core.webui.keyword.builtin.VerifyElementPresentKeyword$_verifyElementPresent_closure1.doCall(VerifyElementPresentKeyword.groovy:85)
	at com.kms.katalon.core.webui.keyword.builtin.VerifyElementPresentKeyword$_verifyElementPresent_closure1.call(VerifyElementPresentKeyword.groovy)
	at com.kms.katalon.core.webui.keyword.internal.WebUIKeywordMain.runKeyword(WebUIKeywordMain.groovy:20)
	... 22 more
)

2023-08-31 10:25:54 - [MESSAGE][INFO] - Unable to find the element located by 'By.xpath: //div[@id='shopping_cart_container']/a/span'. Please recheck the objects properties to make sure the desired element is located. 

2023-08-31 10:25:54 - [MESSAGE][FAILED] - com.kms.katalon.core.webui.exception.WebElementNotFoundException: Web element with id: 'Object Repository/Products/angka di keranjang' located by '//div[@id='shopping_cart_container']/a/span' not found (Root cause: com.kms.katalon.core.exception.StepFailedException: com.kms.katalon.core.webui.exception.WebElementNotFoundException: Web element with id: 'Object Repository/Products/angka di keranjang' located by '//div[@id='shopping_cart_container']/a/span' not found
	at com.kms.katalon.core.webui.keyword.internal.WebUIKeywordMain.stepFailed(WebUIKeywordMain.groovy:64)
	at com.kms.katalon.core.webui.keyword.builtin.VerifyElementPresentKeyword$_verifyElementPresent_closure1.doCall(VerifyElementPresentKeyword.groovy:85)
	at com.kms.katalon.core.webui.keyword.builtin.VerifyElementPresentKeyword$_verifyElementPresent_closure1.call(VerifyElementPresentKeyword.groovy)
	at com.kms.katalon.core.webui.keyword.internal.WebUIKeywordMain.runKeyword(WebUIKeywordMain.groovy:20)
	at com.kms.katalon.core.webui.keyword.builtin.VerifyElementPresentKeyword.verifyElementPresent(VerifyElementPresentKeyword.groovy:92)
	at com.kms.katalon.core.webui.keyword.builtin.VerifyElementPresentKeyword.execute(VerifyElementPresentKeyword.groovy:68)
	at com.kms.katalon.core.keyword.internal.KeywordExecutor.executeKeywordForPlatform(KeywordExecutor.groovy:74)
	at com.kms.katalon.core.webui.keyword.WebUiBuiltInKeywords.verifyElementPresent(WebUiBuiltInKeywords.groovy:1464)
	at com.kms.katalon.core.webui.keyword.WebUiBuiltInKeywords$verifyElementPresent$1.call(Unknown Source)
	at TC-Product-RemoveCart-001.run(TC-Product-RemoveCart-001:26)
	at com.kms.katalon.core.main.ScriptEngine.run(ScriptEngine.java:194)
	at com.kms.katalon.core.main.ScriptEngine.runScriptAsRawText(ScriptEngine.java:119)
	at com.kms.katalon.core.main.TestCaseExecutor.runScript(TestCaseExecutor.java:448)
	at com.kms.katalon.core.main.TestCaseExecutor.doExecute(TestCaseExecutor.java:439)
	at com.kms.katalon.core.main.TestCaseExecutor.processExecutionPhase(TestCaseExecutor.java:418)
	at com.kms.katalon.core.main.TestCaseExecutor.accessMainPhase(TestCaseExecutor.java:410)
	at com.kms.katalon.core.main.TestCaseExecutor.execute(TestCaseExecutor.java:285)
	at com.kms.katalon.core.main.TestCaseExecutor.execute(TestCaseExecutor.java:369)
	at com.kms.katalon.core.main.TestCaseExecutor.execute(TestCaseExecutor.java:369)
	at com.kms.katalon.core.main.TestCaseExecutor.execute(TestCaseExecutor.java:369)
	at com.kms.katalon.core.common.CommonExecutor.accessTestCaseMainPhase(CommonExecutor.java:65)
	at com.kms.katalon.core.main.TestSuiteExecutor.accessTestSuiteMainPhase(TestSuiteExecutor.java:148)
	at com.kms.katalon.core.main.TestSuiteExecutor.execute(TestSuiteExecutor.java:106)
	at com.kms.katalon.core.main.TestCaseMain.startTestSuite(TestCaseMain.java:187)
	at com.kms.katalon.core.main.TestCaseMain$startTestSuite$0.call(Unknown Source)
	at TempTestSuite1693452099201.run(TempTestSuite1693452099201.groovy:36)
)
[[ATTACHMENT|F:\\bootcamp\\batch-324-qa\\Ika\\Sauce demo\\Reports\\20230831_102139\\test Sauce Demo\\20230831_102139\\1693452354711.png]]

2023-08-31 10:25:55 - [MESSAGE][FAILED] - Unable to verify object 'Object Repository/Products/angka di keranjang' is present (Root cause: com.kms.katalon.core.exception.StepFailedException: Unable to verify object 'Object Repository/Products/angka di keranjang' is present
	at com.kms.katalon.core.webui.keyword.internal.WebUIKeywordMain.stepFailed(WebUIKeywordMain.groovy:64)
	at com.kms.katalon.core.webui.keyword.internal.WebUIKeywordMain.runKeyword(WebUIKeywordMain.groovy:26)
	at com.kms.katalon.core.webui.keyword.builtin.VerifyElementPresentKeyword.verifyElementPresent(VerifyElementPresentKeyword.groovy:92)
	at com.kms.katalon.core.webui.keyword.builtin.VerifyElementPresentKeyword.execute(VerifyElementPresentKeyword.groovy:68)
	at com.kms.katalon.core.keyword.internal.KeywordExecutor.executeKeywordForPlatform(KeywordExecutor.groovy:74)
	at com.kms.katalon.core.webui.keyword.WebUiBuiltInKeywords.verifyElementPresent(WebUiBuiltInKeywords.groovy:1464)
	at com.kms.katalon.core.webui.keyword.WebUiBuiltInKeywords$verifyElementPresent$1.call(Unknown Source)
	at TC-Product-RemoveCart-001.run(TC-Product-RemoveCart-001:26)
	at com.kms.katalon.core.main.ScriptEngine.run(ScriptEngine.java:194)
	at com.kms.katalon.core.main.ScriptEngine.runScriptAsRawText(ScriptEngine.java:119)
	at com.kms.katalon.core.main.TestCaseExecutor.runScript(TestCaseExecutor.java:448)
	at com.kms.katalon.core.main.TestCaseExecutor.doExecute(TestCaseExecutor.java:439)
	at com.kms.katalon.core.main.TestCaseExecutor.processExecutionPhase(TestCaseExecutor.java:418)
	at com.kms.katalon.core.main.TestCaseExecutor.accessMainPhase(TestCaseExecutor.java:410)
	at com.kms.katalon.core.main.TestCaseExecutor.execute(TestCaseExecutor.java:285)
	at com.kms.katalon.core.main.TestCaseExecutor.execute(TestCaseExecutor.java:369)
	at com.kms.katalon.core.main.TestCaseExecutor.execute(TestCaseExecutor.java:369)
	at com.kms.katalon.core.main.TestCaseExecutor.execute(TestCaseExecutor.java:369)
	at com.kms.katalon.core.common.CommonExecutor.accessTestCaseMainPhase(CommonExecutor.java:65)
	at com.kms.katalon.core.main.TestSuiteExecutor.accessTestSuiteMainPhase(TestSuiteExecutor.java:148)
	at com.kms.katalon.core.main.TestSuiteExecutor.execute(TestSuiteExecutor.java:106)
	at com.kms.katalon.core.main.TestCaseMain.startTestSuite(TestCaseMain.java:187)
	at com.kms.katalon.core.main.TestCaseMain$startTestSuite$0.call(Unknown Source)
	at TempTestSuite1693452099201.run(TempTestSuite1693452099201.groovy:36)
Caused by: com.kms.katalon.core.exception.StepFailedException: com.kms.katalon.core.webui.exception.WebElementNotFoundException: Web element with id: 'Object Repository/Products/angka di keranjang' located by '//div[@id='shopping_cart_container']/a/span' not found
	at com.kms.katalon.core.webui.keyword.internal.WebUIKeywordMain.stepFailed(WebUIKeywordMain.groovy:64)
	at com.kms.katalon.core.webui.keyword.builtin.VerifyElementPresentKeyword$_verifyElementPresent_closure1.doCall(VerifyElementPresentKeyword.groovy:85)
	at com.kms.katalon.core.webui.keyword.builtin.VerifyElementPresentKeyword$_verifyElementPresent_closure1.call(VerifyElementPresentKeyword.groovy)
	at com.kms.katalon.core.webui.keyword.internal.WebUIKeywordMain.runKeyword(WebUIKeywordMain.groovy:20)
	... 22 more
)
[[ATTACHMENT|F:\\bootcamp\\batch-324-qa\\Ika\\Sauce demo\\Reports\\20230831_102139\\test Sauce Demo\\20230831_102139\\1693452354922.png]]]]></system-out>
         <system-err><![CDATA[2023-08-31 10:25:36 - [TEST_CASE][FAILED] - Test Cases/2. Products/TC-Product-RemoveCart-001: Test Cases/2. Products/TC-Product-RemoveCart-001 FAILED.
Reason:
com.kms.katalon.core.exception.StepFailedException: Unable to verify object 'Object Repository/Products/angka di keranjang' is present
	at com.kms.katalon.core.webui.keyword.internal.WebUIKeywordMain.stepFailed(WebUIKeywordMain.groovy:64)
	at com.kms.katalon.core.webui.keyword.internal.WebUIKeywordMain.runKeyword(WebUIKeywordMain.groovy:26)
	at com.kms.katalon.core.webui.keyword.builtin.VerifyElementPresentKeyword.verifyElementPresent(VerifyElementPresentKeyword.groovy:92)
	at com.kms.katalon.core.webui.keyword.builtin.VerifyElementPresentKeyword.execute(VerifyElementPresentKeyword.groovy:68)
	at com.kms.katalon.core.keyword.internal.KeywordExecutor.executeKeywordForPlatform(KeywordExecutor.groovy:74)
	at com.kms.katalon.core.webui.keyword.WebUiBuiltInKeywords.verifyElementPresent(WebUiBuiltInKeywords.groovy:1464)
	at com.kms.katalon.core.webui.keyword.WebUiBuiltInKeywords$verifyElementPresent$1.call(Unknown Source)
	at TC-Product-RemoveCart-001.run(TC-Product-RemoveCart-001:26)
	at com.kms.katalon.core.main.ScriptEngine.run(ScriptEngine.java:194)
	at com.kms.katalon.core.main.ScriptEngine.runScriptAsRawText(ScriptEngine.java:119)
	at com.kms.katalon.core.main.TestCaseExecutor.runScript(TestCaseExecutor.java:448)
	at com.kms.katalon.core.main.TestCaseExecutor.doExecute(TestCaseExecutor.java:439)
	at com.kms.katalon.core.main.TestCaseExecutor.processExecutionPhase(TestCaseExecutor.java:418)
	at com.kms.katalon.core.main.TestCaseExecutor.accessMainPhase(TestCaseExecutor.java:410)
	at com.kms.katalon.core.main.TestCaseExecutor.execute(TestCaseExecutor.java:285)
	at com.kms.katalon.core.main.TestCaseExecutor.execute(TestCaseExecutor.java:369)
	at com.kms.katalon.core.main.TestCaseExecutor.execute(TestCaseExecutor.java:369)
	at com.kms.katalon.core.main.TestCaseExecutor.execute(TestCaseExecutor.java:369)
	at com.kms.katalon.core.common.CommonExecutor.accessTestCaseMainPhase(CommonExecutor.java:65)
	at com.kms.katalon.core.main.TestSuiteExecutor.accessTestSuiteMainPhase(TestSuiteExecutor.java:148)
	at com.kms.katalon.core.main.TestSuiteExecutor.execute(TestSuiteExecutor.java:106)
	at com.kms.katalon.core.main.TestCaseMain.startTestSuite(TestCaseMain.java:187)
	at com.kms.katalon.core.main.TestCaseMain$startTestSuite$0.call(Unknown Source)
	at TempTestSuite1693452099201.run(TempTestSuite1693452099201.groovy:36)
Caused by: com.kms.katalon.core.exception.StepFailedException: com.kms.katalon.core.webui.exception.WebElementNotFoundException: Web element with id: 'Object Repository/Products/angka di keranjang' located by '//div[@id='shopping_cart_container']/a/span' not found
	at com.kms.katalon.core.webui.keyword.internal.WebUIKeywordMain.stepFailed(WebUIKeywordMain.groovy:64)
	at com.kms.katalon.core.webui.keyword.builtin.VerifyElementPresentKeyword$_verifyElementPresent_closure1.doCall(VerifyElementPresentKeyword.groovy:85)
	at com.kms.katalon.core.webui.keyword.builtin.VerifyElementPresentKeyword$_verifyElementPresent_closure1.call(VerifyElementPresentKeyword.groovy)
	at com.kms.katalon.core.webui.keyword.internal.WebUIKeywordMain.runKeyword(WebUIKeywordMain.groovy:20)
	... 22 more]]></system-err>
      </testcase>
      <testcase name="Test Cases/3. Detail Products/TC-DetailProduct-Show-001" time="11.944" classname="Test Cases/3. Detail Products/TC-DetailProduct-Show-001" status="PASSED">
         <system-out><![CDATA[2023-08-31 10:25:55 - [TEST_CASE][PASSED] - Test Cases/3. Detail Products/TC-DetailProduct-Show-001: Test Cases/3. Detail Products/TC-DetailProduct-Show-001

2023-08-31 10:25:55 - [TEST_STEP][PASSED] - callTestCase(findTestCase("1. login/TC-Login-Success-001"), [:], STOP_ON_FAILURE): Call Test Case 'Test Cases/1. login/TC-Login-Success-001' successfully

2023-08-31 10:25:55 - [TEST_CASE][PASSED] - Test Cases/1. login/TC-Login-Success-001: Test Cases/1. login/TC-Login-Success-001

2023-08-31 10:25:55 - [TEST_STEP][PASSED] - openBrowser(web): Browser is opened with url: 'https://www.saucedemo.com/inventory.html'

2023-08-31 10:25:55 - [MESSAGE][WARNING] - A browser is already opened. Closing browser and opening a new one

2023-08-31 10:25:56 - [MESSAGE][INFO] - Starting 'Edge Chromium' driver

2023-08-31 10:25:58 - [MESSAGE][INFO] - Action delay is set to 0 milliseconds

2023-08-31 10:26:01 - [MESSAGE][PASSED] - Browser is opened with url: 'https://www.saucedemo.com/inventory.html'

2023-08-31 10:26:01 - [TEST_STEP][PASSED] - maximizeWindow(): Current window maximized

2023-08-31 10:26:01 - [MESSAGE][PASSED] - Current window maximized

2023-08-31 10:26:01 - [TEST_STEP][PASSED] - verifyElementPresent(findTestObject("1. Login/halaman home swag labs"), 0): Object 'Object Repository/1. Login/halaman home swag labs' is present

2023-08-31 10:26:01 - [MESSAGE][WARNING] - Timeout '0' is invalid. Using default page load timeout: '30'

2023-08-31 10:26:01 - [MESSAGE][PASSED] - Object 'Object Repository/1. Login/halaman home swag labs' is present

2023-08-31 10:26:01 - [TEST_STEP][PASSED] - setText(findTestObject("1. Login/input username"), username): Text 'standard_user' is set on object 'Object Repository/1. Login/input username'

2023-08-31 10:26:02 - [MESSAGE][PASSED] - Text 'standard_user' is set on object 'Object Repository/1. Login/input username'

2023-08-31 10:26:02 - [TEST_STEP][PASSED] - setEncryptedText(findTestObject("1. Login/input password"), password): Text ****** has been set on object 'Object Repository/1. Login/input password'

2023-08-31 10:26:02 - [MESSAGE][PASSED] - Text ****** has been set on object 'Object Repository/1. Login/input password'

2023-08-31 10:26:02 - [TEST_STEP][PASSED] - click(findTestObject("1. Login/button Login")): Object: 'Object Repository/1. Login/button Login' is clicked on

2023-08-31 10:26:03 - [MESSAGE][PASSED] - Object: 'Object Repository/1. Login/button Login' is clicked on

2023-08-31 10:26:03 - [TEST_STEP][PASSED] - verifyElementText(findTestObject("1. Login/home product atau halaman Swag Labs"), "Swag Labs"): Actual text and expected text of test object 'Object Repository/1. Login/home product atau halaman Swag Labs' are matched.

2023-08-31 10:26:03 - [MESSAGE][PASSED] - Actual text and expected text of test object 'Object Repository/1. Login/home product atau halaman Swag Labs' are matched.

2023-08-31 10:26:03 - [MESSAGE][PASSED] - Call Test Case 'Test Cases/1. login/TC-Login-Success-001' successfully

2023-08-31 10:26:03 - [TEST_STEP][PASSED] - nmProduk = getText(findTestObject("Object Repository/1. Login/nama produk1 di halaman produk")): Text of object 'Object Repository/1. Login/nama produk1 di halaman produk' is: 'Sauce Labs Backpack'

2023-08-31 10:26:04 - [MESSAGE][PASSED] - Text of object 'Object Repository/1. Login/nama produk1 di halaman produk' is: 'Sauce Labs Backpack'

2023-08-31 10:26:04 - [TEST_STEP][PASSED] - desc = getText(findTestObject("Object Repository/1. Login/deskripsi produk 1 di produk")): Text of object 'Object Repository/1. Login/deskripsi produk 1 di produk' is: 'carry.allTheThings() with the sleek, streamlined Sly Pack that melds uncompromising style with unequaled laptop and tablet protection.'

2023-08-31 10:26:04 - [MESSAGE][PASSED] - Text of object 'Object Repository/1. Login/deskripsi produk 1 di produk' is: 'carry.allTheThings() with the sleek, streamlined Sly Pack that melds uncompromising style with unequaled laptop and tablet protection.'

2023-08-31 10:26:04 - [TEST_STEP][PASSED] - harga = getText(findTestObject("Object Repository/1. Login/harga produk 1 di halaman produk")): Text of object 'Object Repository/1. Login/harga produk 1 di halaman produk' is: '$29.99'

2023-08-31 10:26:05 - [MESSAGE][PASSED] - Text of object 'Object Repository/1. Login/harga produk 1 di halaman produk' is: '$29.99'

2023-08-31 10:26:05 - [TEST_STEP][PASSED] - click(findTestObject("Detail Product/produk 1")): Object: 'Object Repository/Detail Product/produk 1' is clicked on

2023-08-31 10:26:05 - [MESSAGE][PASSED] - Object: 'Object Repository/Detail Product/produk 1' is clicked on

2023-08-31 10:26:05 - [TEST_STEP][PASSED] - namaProduk = getText(findTestObject("Object Repository/Detail Product/nama produk 1")): Text of object 'Object Repository/Detail Product/nama produk 1' is: 'Sauce Labs Backpack'

2023-08-31 10:26:06 - [MESSAGE][PASSED] - Text of object 'Object Repository/Detail Product/nama produk 1' is: 'Sauce Labs Backpack'

2023-08-31 10:26:06 - [TEST_STEP][PASSED] - deskripsi = getText(findTestObject("Object Repository/Detail Product/deskripsi produk 1")): Text of object 'Object Repository/Detail Product/deskripsi produk 1' is: 'carry.allTheThings() with the sleek, streamlined Sly Pack that melds uncompromising style with unequaled laptop and tablet protection.'

2023-08-31 10:26:06 - [MESSAGE][PASSED] - Text of object 'Object Repository/Detail Product/deskripsi produk 1' is: 'carry.allTheThings() with the sleek, streamlined Sly Pack that melds uncompromising style with unequaled laptop and tablet protection.'

2023-08-31 10:26:06 - [TEST_STEP][PASSED] - price = getText(findTestObject("Object Repository/Detail Product/deskripsi harga produk")): Text of object 'Object Repository/Detail Product/deskripsi harga produk' is: '$29.99'

2023-08-31 10:26:07 - [MESSAGE][PASSED] - Text of object 'Object Repository/Detail Product/deskripsi harga produk' is: '$29.99'

2023-08-31 10:26:07 - [TEST_STEP][PASSED] - assert trim().equalsIgnoreCase(nmProduk.trim()): null

2023-08-31 10:26:07 - [TEST_STEP][PASSED] - assert trim().equalsIgnoreCase(desc.trim()): null

2023-08-31 10:26:07 - [TEST_STEP][PASSED] - assert trim().equalsIgnoreCase(harga.trim()): null]]></system-out>
         <system-err><![CDATA[]]></system-err>
      </testcase>
      <testcase name="Test Cases/3. Detail Products/TC-DetailProduct-AddCart-001" time="16.773" classname="Test Cases/3. Detail Products/TC-DetailProduct-AddCart-001" status="PASSED">
         <system-out><![CDATA[2023-08-31 10:26:07 - [TEST_CASE][PASSED] - Test Cases/3. Detail Products/TC-DetailProduct-AddCart-001: Test Cases/3. Detail Products/TC-DetailProduct-AddCart-001

2023-08-31 10:26:07 - [TEST_STEP][PASSED] - callTestCase(findTestCase("3. Detail Products/TC-DetailProduct-Show-001"), [:], STOP_ON_FAILURE): Call Test Case 'Test Cases/3. Detail Products/TC-DetailProduct-Show-001' successfully

2023-08-31 10:26:07 - [TEST_CASE][PASSED] - Test Cases/3. Detail Products/TC-DetailProduct-Show-001: Test Cases/3. Detail Products/TC-DetailProduct-Show-001

2023-08-31 10:26:07 - [TEST_STEP][PASSED] - callTestCase(findTestCase("1. login/TC-Login-Success-001"), [:], STOP_ON_FAILURE): Call Test Case 'Test Cases/1. login/TC-Login-Success-001' successfully

2023-08-31 10:26:07 - [TEST_CASE][PASSED] - Test Cases/1. login/TC-Login-Success-001: Test Cases/1. login/TC-Login-Success-001

2023-08-31 10:26:07 - [TEST_STEP][PASSED] - openBrowser(web): Browser is opened with url: 'https://www.saucedemo.com/inventory.html'

2023-08-31 10:26:07 - [MESSAGE][WARNING] - A browser is already opened. Closing browser and opening a new one

2023-08-31 10:26:08 - [MESSAGE][INFO] - Starting 'Edge Chromium' driver

2023-08-31 10:26:10 - [MESSAGE][INFO] - Action delay is set to 0 milliseconds

2023-08-31 10:26:14 - [MESSAGE][PASSED] - Browser is opened with url: 'https://www.saucedemo.com/inventory.html'

2023-08-31 10:26:14 - [TEST_STEP][PASSED] - maximizeWindow(): Current window maximized

2023-08-31 10:26:15 - [MESSAGE][PASSED] - Current window maximized

2023-08-31 10:26:15 - [TEST_STEP][PASSED] - verifyElementPresent(findTestObject("1. Login/halaman home swag labs"), 0): Object 'Object Repository/1. Login/halaman home swag labs' is present

2023-08-31 10:26:15 - [MESSAGE][WARNING] - Timeout '0' is invalid. Using default page load timeout: '30'

2023-08-31 10:26:15 - [MESSAGE][PASSED] - Object 'Object Repository/1. Login/halaman home swag labs' is present

2023-08-31 10:26:15 - [TEST_STEP][PASSED] - setText(findTestObject("1. Login/input username"), username): Text 'standard_user' is set on object 'Object Repository/1. Login/input username'

2023-08-31 10:26:16 - [MESSAGE][PASSED] - Text 'standard_user' is set on object 'Object Repository/1. Login/input username'

2023-08-31 10:26:16 - [TEST_STEP][PASSED] - setEncryptedText(findTestObject("1. Login/input password"), password): Text ****** has been set on object 'Object Repository/1. Login/input password'

2023-08-31 10:26:16 - [MESSAGE][PASSED] - Text ****** has been set on object 'Object Repository/1. Login/input password'

2023-08-31 10:26:16 - [TEST_STEP][PASSED] - click(findTestObject("1. Login/button Login")): Object: 'Object Repository/1. Login/button Login' is clicked on

2023-08-31 10:26:17 - [MESSAGE][PASSED] - Object: 'Object Repository/1. Login/button Login' is clicked on

2023-08-31 10:26:17 - [TEST_STEP][PASSED] - verifyElementText(findTestObject("1. Login/home product atau halaman Swag Labs"), "Swag Labs"): Actual text and expected text of test object 'Object Repository/1. Login/home product atau halaman Swag Labs' are matched.

2023-08-31 10:26:17 - [MESSAGE][PASSED] - Actual text and expected text of test object 'Object Repository/1. Login/home product atau halaman Swag Labs' are matched.

2023-08-31 10:26:17 - [MESSAGE][PASSED] - Call Test Case 'Test Cases/1. login/TC-Login-Success-001' successfully

2023-08-31 10:26:17 - [TEST_STEP][PASSED] - nmProduk = getText(findTestObject("Object Repository/1. Login/nama produk1 di halaman produk")): Text of object 'Object Repository/1. Login/nama produk1 di halaman produk' is: 'Sauce Labs Backpack'

2023-08-31 10:26:18 - [MESSAGE][PASSED] - Text of object 'Object Repository/1. Login/nama produk1 di halaman produk' is: 'Sauce Labs Backpack'

2023-08-31 10:26:18 - [TEST_STEP][PASSED] - desc = getText(findTestObject("Object Repository/1. Login/deskripsi produk 1 di produk")): Text of object 'Object Repository/1. Login/deskripsi produk 1 di produk' is: 'carry.allTheThings() with the sleek, streamlined Sly Pack that melds uncompromising style with unequaled laptop and tablet protection.'

2023-08-31 10:26:18 - [MESSAGE][PASSED] - Text of object 'Object Repository/1. Login/deskripsi produk 1 di produk' is: 'carry.allTheThings() with the sleek, streamlined Sly Pack that melds uncompromising style with unequaled laptop and tablet protection.'

2023-08-31 10:26:18 - [TEST_STEP][PASSED] - harga = getText(findTestObject("Object Repository/1. Login/harga produk 1 di halaman produk")): Text of object 'Object Repository/1. Login/harga produk 1 di halaman produk' is: '$29.99'

2023-08-31 10:26:19 - [MESSAGE][PASSED] - Text of object 'Object Repository/1. Login/harga produk 1 di halaman produk' is: '$29.99'

2023-08-31 10:26:19 - [TEST_STEP][PASSED] - click(findTestObject("Detail Product/produk 1")): Object: 'Object Repository/Detail Product/produk 1' is clicked on

2023-08-31 10:26:19 - [MESSAGE][PASSED] - Object: 'Object Repository/Detail Product/produk 1' is clicked on

2023-08-31 10:26:19 - [TEST_STEP][PASSED] - namaProduk = getText(findTestObject("Object Repository/Detail Product/nama produk 1")): Text of object 'Object Repository/Detail Product/nama produk 1' is: 'Sauce Labs Backpack'

2023-08-31 10:26:20 - [MESSAGE][PASSED] - Text of object 'Object Repository/Detail Product/nama produk 1' is: 'Sauce Labs Backpack'

2023-08-31 10:26:20 - [TEST_STEP][PASSED] - deskripsi = getText(findTestObject("Object Repository/Detail Product/deskripsi produk 1")): Text of object 'Object Repository/Detail Product/deskripsi produk 1' is: 'carry.allTheThings() with the sleek, streamlined Sly Pack that melds uncompromising style with unequaled laptop and tablet protection.'

2023-08-31 10:26:20 - [MESSAGE][PASSED] - Text of object 'Object Repository/Detail Product/deskripsi produk 1' is: 'carry.allTheThings() with the sleek, streamlined Sly Pack that melds uncompromising style with unequaled laptop and tablet protection.'

2023-08-31 10:26:20 - [TEST_STEP][PASSED] - price = getText(findTestObject("Object Repository/Detail Product/deskripsi harga produk")): Text of object 'Object Repository/Detail Product/deskripsi harga produk' is: '$29.99'

2023-08-31 10:26:21 - [MESSAGE][PASSED] - Text of object 'Object Repository/Detail Product/deskripsi harga produk' is: '$29.99'

2023-08-31 10:26:21 - [TEST_STEP][PASSED] - assert trim().equalsIgnoreCase(nmProduk.trim()): null

2023-08-31 10:26:21 - [TEST_STEP][PASSED] - assert trim().equalsIgnoreCase(desc.trim()): null

2023-08-31 10:26:21 - [TEST_STEP][PASSED] - assert trim().equalsIgnoreCase(harga.trim()): null

2023-08-31 10:26:21 - [MESSAGE][PASSED] - Call Test Case 'Test Cases/3. Detail Products/TC-DetailProduct-Show-001' successfully

2023-08-31 10:26:21 - [TEST_STEP][PASSED] - click(findTestObject("Detail Product/button_Add to cart")): Object: 'Object Repository/Detail Product/button_Add to cart' is clicked on

2023-08-31 10:26:21 - [MESSAGE][PASSED] - Object: 'Object Repository/Detail Product/button_Add to cart' is clicked on

2023-08-31 10:26:21 - [TEST_STEP][PASSED] - verifyElementPresent(findTestObject("Object Repository/Detail Product/button_Remove"), 0): Object 'Object Repository/Detail Product/button_Remove' is present

2023-08-31 10:26:21 - [MESSAGE][WARNING] - Timeout '0' is invalid. Using default page load timeout: '30'

2023-08-31 10:26:22 - [MESSAGE][PASSED] - Object 'Object Repository/Detail Product/button_Remove' is present

2023-08-31 10:26:22 - [TEST_STEP][PASSED] - verifyElementPresent(findTestObject("Detail Product/shopping cart"), 0): Object 'Object Repository/Detail Product/shopping cart' is present

2023-08-31 10:26:22 - [MESSAGE][WARNING] - Timeout '0' is invalid. Using default page load timeout: '30'

2023-08-31 10:26:22 - [MESSAGE][PASSED] - Object 'Object Repository/Detail Product/shopping cart' is present

2023-08-31 10:26:22 - [TEST_STEP][PASSED] - badge = Integer.parseInt(getText(findTestObject("Object Repository/Detail Product/angka di keranjang"))): Text of object 'Object Repository/Detail Product/angka di keranjang' is: '1'

2023-08-31 10:26:22 - [MESSAGE][PASSED] - Text of object 'Object Repository/Detail Product/angka di keranjang' is: '1'

2023-08-31 10:26:22 - [TEST_STEP][PASSED] - assert badge == badge: null

2023-08-31 10:26:22 - [TEST_STEP][PASSED] - namaProduk = getText(findTestObject("Object Repository/Detail Product/nama produk 1")): Text of object 'Object Repository/Detail Product/nama produk 1' is: 'Sauce Labs Backpack'

2023-08-31 10:26:23 - [MESSAGE][PASSED] - Text of object 'Object Repository/Detail Product/nama produk 1' is: 'Sauce Labs Backpack'

2023-08-31 10:26:23 - [TEST_STEP][PASSED] - deskripsi = getText(findTestObject("Object Repository/Detail Product/deskripsi produk 1")): Text of object 'Object Repository/Detail Product/deskripsi produk 1' is: 'carry.allTheThings() with the sleek, streamlined Sly Pack that melds uncompromising style with unequaled laptop and tablet protection.'

2023-08-31 10:26:23 - [MESSAGE][PASSED] - Text of object 'Object Repository/Detail Product/deskripsi produk 1' is: 'carry.allTheThings() with the sleek, streamlined Sly Pack that melds uncompromising style with unequaled laptop and tablet protection.'

2023-08-31 10:26:23 - [TEST_STEP][PASSED] - price = getText(findTestObject("Object Repository/Detail Product/deskripsi harga produk")): Text of object 'Object Repository/Detail Product/deskripsi harga produk' is: '$29.99'

2023-08-31 10:26:23 - [MESSAGE][PASSED] - Text of object 'Object Repository/Detail Product/deskripsi harga produk' is: '$29.99'

2023-08-31 10:26:23 - [TEST_STEP][PASSED] - assert trim().equalsIgnoreCase(produkName.trim()): null

2023-08-31 10:26:23 - [TEST_STEP][PASSED] - assert trim().equalsIgnoreCase(deskripsi.trim()): null

2023-08-31 10:26:23 - [TEST_STEP][PASSED] - assert trim().equalsIgnoreCase(price.trim()): null

2023-08-31 10:26:23 - [TEST_STEP][PASSED] - data = new java.util.HashMap(): null

2023-08-31 10:26:23 - [TEST_STEP][PASSED] - data.put("namaProduk", namaProduk): null

2023-08-31 10:26:23 - [TEST_STEP][PASSED] - data.put("deskripsi", deskripsi): null

2023-08-31 10:26:23 - [TEST_STEP][PASSED] - data.put("price", price): null

2023-08-31 10:26:23 - [TEST_STEP][PASSED] - return data: null]]></system-out>
         <system-err><![CDATA[]]></system-err>
      </testcase>
      <testcase name="Test Cases/3. Detail Products/TC-DetailProduct-RemoveCart-001" time="16.305" classname="Test Cases/3. Detail Products/TC-DetailProduct-RemoveCart-001" status="PASSED">
         <system-out><![CDATA[2023-08-31 10:26:23 - [TEST_CASE][PASSED] - Test Cases/3. Detail Products/TC-DetailProduct-RemoveCart-001: Test Cases/3. Detail Products/TC-DetailProduct-RemoveCart-001

2023-08-31 10:26:24 - [TEST_STEP][PASSED] - callTestCase(findTestCase("3. Detail Products/TC-DetailProduct-AddCart-001"), [:], STOP_ON_FAILURE): Call Test Case 'Test Cases/3. Detail Products/TC-DetailProduct-AddCart-001' successfully

2023-08-31 10:26:24 - [TEST_CASE][PASSED] - Test Cases/3. Detail Products/TC-DetailProduct-AddCart-001: Test Cases/3. Detail Products/TC-DetailProduct-AddCart-001

2023-08-31 10:26:24 - [TEST_STEP][PASSED] - callTestCase(findTestCase("3. Detail Products/TC-DetailProduct-Show-001"), [:], STOP_ON_FAILURE): Call Test Case 'Test Cases/3. Detail Products/TC-DetailProduct-Show-001' successfully

2023-08-31 10:26:24 - [TEST_CASE][PASSED] - Test Cases/3. Detail Products/TC-DetailProduct-Show-001: Test Cases/3. Detail Products/TC-DetailProduct-Show-001

2023-08-31 10:26:24 - [TEST_STEP][PASSED] - callTestCase(findTestCase("1. login/TC-Login-Success-001"), [:], STOP_ON_FAILURE): Call Test Case 'Test Cases/1. login/TC-Login-Success-001' successfully

2023-08-31 10:26:24 - [TEST_CASE][PASSED] - Test Cases/1. login/TC-Login-Success-001: Test Cases/1. login/TC-Login-Success-001

2023-08-31 10:26:24 - [TEST_STEP][PASSED] - openBrowser(web): Browser is opened with url: 'https://www.saucedemo.com/inventory.html'

2023-08-31 10:26:24 - [MESSAGE][WARNING] - A browser is already opened. Closing browser and opening a new one

2023-08-31 10:26:25 - [MESSAGE][INFO] - Starting 'Edge Chromium' driver

2023-08-31 10:26:27 - [MESSAGE][INFO] - Action delay is set to 0 milliseconds

2023-08-31 10:26:30 - [MESSAGE][PASSED] - Browser is opened with url: 'https://www.saucedemo.com/inventory.html'

2023-08-31 10:26:30 - [TEST_STEP][PASSED] - maximizeWindow(): Current window maximized

2023-08-31 10:26:30 - [MESSAGE][PASSED] - Current window maximized

2023-08-31 10:26:30 - [TEST_STEP][PASSED] - verifyElementPresent(findTestObject("1. Login/halaman home swag labs"), 0): Object 'Object Repository/1. Login/halaman home swag labs' is present

2023-08-31 10:26:30 - [MESSAGE][WARNING] - Timeout '0' is invalid. Using default page load timeout: '30'

2023-08-31 10:26:30 - [MESSAGE][PASSED] - Object 'Object Repository/1. Login/halaman home swag labs' is present

2023-08-31 10:26:30 - [TEST_STEP][PASSED] - setText(findTestObject("1. Login/input username"), username): Text 'standard_user' is set on object 'Object Repository/1. Login/input username'

2023-08-31 10:26:31 - [MESSAGE][PASSED] - Text 'standard_user' is set on object 'Object Repository/1. Login/input username'

2023-08-31 10:26:31 - [TEST_STEP][PASSED] - setEncryptedText(findTestObject("1. Login/input password"), password): Text ****** has been set on object 'Object Repository/1. Login/input password'

2023-08-31 10:26:32 - [MESSAGE][PASSED] - Text ****** has been set on object 'Object Repository/1. Login/input password'

2023-08-31 10:26:32 - [TEST_STEP][PASSED] - click(findTestObject("1. Login/button Login")): Object: 'Object Repository/1. Login/button Login' is clicked on

2023-08-31 10:26:32 - [MESSAGE][PASSED] - Object: 'Object Repository/1. Login/button Login' is clicked on

2023-08-31 10:26:32 - [TEST_STEP][PASSED] - verifyElementText(findTestObject("1. Login/home product atau halaman Swag Labs"), "Swag Labs"): Actual text and expected text of test object 'Object Repository/1. Login/home product atau halaman Swag Labs' are matched.

2023-08-31 10:26:33 - [MESSAGE][PASSED] - Actual text and expected text of test object 'Object Repository/1. Login/home product atau halaman Swag Labs' are matched.

2023-08-31 10:26:33 - [MESSAGE][PASSED] - Call Test Case 'Test Cases/1. login/TC-Login-Success-001' successfully

2023-08-31 10:26:33 - [TEST_STEP][PASSED] - nmProduk = getText(findTestObject("Object Repository/1. Login/nama produk1 di halaman produk")): Text of object 'Object Repository/1. Login/nama produk1 di halaman produk' is: 'Sauce Labs Backpack'

2023-08-31 10:26:33 - [MESSAGE][PASSED] - Text of object 'Object Repository/1. Login/nama produk1 di halaman produk' is: 'Sauce Labs Backpack'

2023-08-31 10:26:33 - [TEST_STEP][PASSED] - desc = getText(findTestObject("Object Repository/1. Login/deskripsi produk 1 di produk")): Text of object 'Object Repository/1. Login/deskripsi produk 1 di produk' is: 'carry.allTheThings() with the sleek, streamlined Sly Pack that melds uncompromising style with unequaled laptop and tablet protection.'

2023-08-31 10:26:34 - [MESSAGE][PASSED] - Text of object 'Object Repository/1. Login/deskripsi produk 1 di produk' is: 'carry.allTheThings() with the sleek, streamlined Sly Pack that melds uncompromising style with unequaled laptop and tablet protection.'

2023-08-31 10:26:34 - [TEST_STEP][PASSED] - harga = getText(findTestObject("Object Repository/1. Login/harga produk 1 di halaman produk")): Text of object 'Object Repository/1. Login/harga produk 1 di halaman produk' is: '$29.99'

2023-08-31 10:26:34 - [MESSAGE][PASSED] - Text of object 'Object Repository/1. Login/harga produk 1 di halaman produk' is: '$29.99'

2023-08-31 10:26:34 - [TEST_STEP][PASSED] - click(findTestObject("Detail Product/produk 1")): Object: 'Object Repository/Detail Product/produk 1' is clicked on

2023-08-31 10:26:35 - [MESSAGE][PASSED] - Object: 'Object Repository/Detail Product/produk 1' is clicked on

2023-08-31 10:26:35 - [TEST_STEP][PASSED] - namaProduk = getText(findTestObject("Object Repository/Detail Product/nama produk 1")): Text of object 'Object Repository/Detail Product/nama produk 1' is: 'Sauce Labs Backpack'

2023-08-31 10:26:35 - [MESSAGE][PASSED] - Text of object 'Object Repository/Detail Product/nama produk 1' is: 'Sauce Labs Backpack'

2023-08-31 10:26:35 - [TEST_STEP][PASSED] - deskripsi = getText(findTestObject("Object Repository/Detail Product/deskripsi produk 1")): Text of object 'Object Repository/Detail Product/deskripsi produk 1' is: 'carry.allTheThings() with the sleek, streamlined Sly Pack that melds uncompromising style with unequaled laptop and tablet protection.'

2023-08-31 10:26:35 - [MESSAGE][PASSED] - Text of object 'Object Repository/Detail Product/deskripsi produk 1' is: 'carry.allTheThings() with the sleek, streamlined Sly Pack that melds uncompromising style with unequaled laptop and tablet protection.'

2023-08-31 10:26:35 - [TEST_STEP][PASSED] - price = getText(findTestObject("Object Repository/Detail Product/deskripsi harga produk")): Text of object 'Object Repository/Detail Product/deskripsi harga produk' is: '$29.99'

2023-08-31 10:26:36 - [MESSAGE][PASSED] - Text of object 'Object Repository/Detail Product/deskripsi harga produk' is: '$29.99'

2023-08-31 10:26:36 - [TEST_STEP][PASSED] - assert trim().equalsIgnoreCase(nmProduk.trim()): null

2023-08-31 10:26:36 - [TEST_STEP][PASSED] - assert trim().equalsIgnoreCase(desc.trim()): null

2023-08-31 10:26:36 - [TEST_STEP][PASSED] - assert trim().equalsIgnoreCase(harga.trim()): null

2023-08-31 10:26:36 - [MESSAGE][PASSED] - Call Test Case 'Test Cases/3. Detail Products/TC-DetailProduct-Show-001' successfully

2023-08-31 10:26:36 - [TEST_STEP][PASSED] - click(findTestObject("Detail Product/button_Add to cart")): Object: 'Object Repository/Detail Product/button_Add to cart' is clicked on

2023-08-31 10:26:36 - [MESSAGE][PASSED] - Object: 'Object Repository/Detail Product/button_Add to cart' is clicked on

2023-08-31 10:26:36 - [TEST_STEP][PASSED] - verifyElementPresent(findTestObject("Object Repository/Detail Product/button_Remove"), 0): Object 'Object Repository/Detail Product/button_Remove' is present

2023-08-31 10:26:36 - [MESSAGE][WARNING] - Timeout '0' is invalid. Using default page load timeout: '30'

2023-08-31 10:26:37 - [MESSAGE][PASSED] - Object 'Object Repository/Detail Product/button_Remove' is present

2023-08-31 10:26:37 - [TEST_STEP][PASSED] - verifyElementPresent(findTestObject("Detail Product/shopping cart"), 0): Object 'Object Repository/Detail Product/shopping cart' is present

2023-08-31 10:26:37 - [MESSAGE][WARNING] - Timeout '0' is invalid. Using default page load timeout: '30'

2023-08-31 10:26:37 - [MESSAGE][PASSED] - Object 'Object Repository/Detail Product/shopping cart' is present

2023-08-31 10:26:37 - [TEST_STEP][PASSED] - badge = Integer.parseInt(getText(findTestObject("Object Repository/Detail Product/angka di keranjang"))): Text of object 'Object Repository/Detail Product/angka di keranjang' is: '1'

2023-08-31 10:26:38 - [MESSAGE][PASSED] - Text of object 'Object Repository/Detail Product/angka di keranjang' is: '1'

2023-08-31 10:26:38 - [TEST_STEP][PASSED] - assert badge == badge: null

2023-08-31 10:26:38 - [TEST_STEP][PASSED] - namaProduk = getText(findTestObject("Object Repository/Detail Product/nama produk 1")): Text of object 'Object Repository/Detail Product/nama produk 1' is: 'Sauce Labs Backpack'

2023-08-31 10:26:38 - [MESSAGE][PASSED] - Text of object 'Object Repository/Detail Product/nama produk 1' is: 'Sauce Labs Backpack'

2023-08-31 10:26:38 - [TEST_STEP][PASSED] - deskripsi = getText(findTestObject("Object Repository/Detail Product/deskripsi produk 1")): Text of object 'Object Repository/Detail Product/deskripsi produk 1' is: 'carry.allTheThings() with the sleek, streamlined Sly Pack that melds uncompromising style with unequaled laptop and tablet protection.'

2023-08-31 10:26:38 - [MESSAGE][PASSED] - Text of object 'Object Repository/Detail Product/deskripsi produk 1' is: 'carry.allTheThings() with the sleek, streamlined Sly Pack that melds uncompromising style with unequaled laptop and tablet protection.'

2023-08-31 10:26:38 - [TEST_STEP][PASSED] - price = getText(findTestObject("Object Repository/Detail Product/deskripsi harga produk")): Text of object 'Object Repository/Detail Product/deskripsi harga produk' is: '$29.99'

2023-08-31 10:26:39 - [MESSAGE][PASSED] - Text of object 'Object Repository/Detail Product/deskripsi harga produk' is: '$29.99'

2023-08-31 10:26:39 - [TEST_STEP][PASSED] - assert trim().equalsIgnoreCase(produkName.trim()): null

2023-08-31 10:26:39 - [TEST_STEP][PASSED] - assert trim().equalsIgnoreCase(deskripsi.trim()): null

2023-08-31 10:26:39 - [TEST_STEP][PASSED] - assert trim().equalsIgnoreCase(price.trim()): null

2023-08-31 10:26:39 - [TEST_STEP][PASSED] - data = new java.util.HashMap(): null

2023-08-31 10:26:39 - [TEST_STEP][PASSED] - data.put("namaProduk", namaProduk): null

2023-08-31 10:26:39 - [TEST_STEP][PASSED] - data.put("deskripsi", deskripsi): null

2023-08-31 10:26:39 - [TEST_STEP][PASSED] - data.put("price", price): null

2023-08-31 10:26:39 - [TEST_STEP][PASSED] - return data: null

2023-08-31 10:26:39 - [MESSAGE][PASSED] - Call Test Case 'Test Cases/3. Detail Products/TC-DetailProduct-AddCart-001' successfully

2023-08-31 10:26:39 - [TEST_STEP][PASSED] - click(findTestObject("Detail Product/button_Remove")): Object: 'Object Repository/Detail Product/button_Remove' is clicked on

2023-08-31 10:26:39 - [MESSAGE][PASSED] - Object: 'Object Repository/Detail Product/button_Remove' is clicked on

2023-08-31 10:26:39 - [TEST_STEP][PASSED] - verifyElementNotPresent(findTestObject("Detail Product/angka di keranjang"), 0): Web element with id: 'Object Repository/Detail Product/angka di keranjang' located by 'By.xpath: //div[@id='shopping_cart_container']/a/span' is not present after '30' second(s)

2023-08-31 10:26:39 - [MESSAGE][WARNING] - Timeout '0' is invalid. Using default page load timeout: '30'

2023-08-31 10:26:40 - [MESSAGE][PASSED] - Web element with id: 'Object Repository/Detail Product/angka di keranjang' located by 'By.xpath: //div[@id='shopping_cart_container']/a/span' is not present after '30' second(s)]]></system-out>
         <system-err><![CDATA[]]></system-err>
      </testcase>
      <testcase name="Test Cases/3. Detail Products/TC-DetailProduct-Nav-001" time="14.663" classname="Test Cases/3. Detail Products/TC-DetailProduct-Nav-001" status="PASSED">
         <system-out><![CDATA[2023-08-31 10:26:40 - [TEST_CASE][PASSED] - Test Cases/3. Detail Products/TC-DetailProduct-Nav-001: Test Cases/3. Detail Products/TC-DetailProduct-Nav-001

2023-08-31 10:26:40 - [TEST_STEP][PASSED] - callTestCase(findTestCase("3. Detail Products/TC-DetailProduct-Show-001"), [:], STOP_ON_FAILURE): Call Test Case 'Test Cases/3. Detail Products/TC-DetailProduct-Show-001' successfully

2023-08-31 10:26:40 - [TEST_CASE][PASSED] - Test Cases/3. Detail Products/TC-DetailProduct-Show-001: Test Cases/3. Detail Products/TC-DetailProduct-Show-001

2023-08-31 10:26:40 - [TEST_STEP][PASSED] - callTestCase(findTestCase("1. login/TC-Login-Success-001"), [:], STOP_ON_FAILURE): Call Test Case 'Test Cases/1. login/TC-Login-Success-001' successfully

2023-08-31 10:26:40 - [TEST_CASE][PASSED] - Test Cases/1. login/TC-Login-Success-001: Test Cases/1. login/TC-Login-Success-001

2023-08-31 10:26:40 - [TEST_STEP][PASSED] - openBrowser(web): Browser is opened with url: 'https://www.saucedemo.com/inventory.html'

2023-08-31 10:26:40 - [MESSAGE][WARNING] - A browser is already opened. Closing browser and opening a new one

2023-08-31 10:26:41 - [MESSAGE][INFO] - Starting 'Edge Chromium' driver

2023-08-31 10:26:43 - [MESSAGE][INFO] - Action delay is set to 0 milliseconds

2023-08-31 10:26:48 - [MESSAGE][PASSED] - Browser is opened with url: 'https://www.saucedemo.com/inventory.html'

2023-08-31 10:26:48 - [TEST_STEP][PASSED] - maximizeWindow(): Current window maximized

2023-08-31 10:26:48 - [MESSAGE][PASSED] - Current window maximized

2023-08-31 10:26:48 - [TEST_STEP][PASSED] - verifyElementPresent(findTestObject("1. Login/halaman home swag labs"), 0): Object 'Object Repository/1. Login/halaman home swag labs' is present

2023-08-31 10:26:48 - [MESSAGE][WARNING] - Timeout '0' is invalid. Using default page load timeout: '30'

2023-08-31 10:26:48 - [MESSAGE][PASSED] - Object 'Object Repository/1. Login/halaman home swag labs' is present

2023-08-31 10:26:48 - [TEST_STEP][PASSED] - setText(findTestObject("1. Login/input username"), username): Text 'standard_user' is set on object 'Object Repository/1. Login/input username'

2023-08-31 10:26:49 - [MESSAGE][PASSED] - Text 'standard_user' is set on object 'Object Repository/1. Login/input username'

2023-08-31 10:26:49 - [TEST_STEP][PASSED] - setEncryptedText(findTestObject("1. Login/input password"), password): Text ****** has been set on object 'Object Repository/1. Login/input password'

2023-08-31 10:26:50 - [MESSAGE][PASSED] - Text ****** has been set on object 'Object Repository/1. Login/input password'

2023-08-31 10:26:50 - [TEST_STEP][PASSED] - click(findTestObject("1. Login/button Login")): Object: 'Object Repository/1. Login/button Login' is clicked on

2023-08-31 10:26:50 - [MESSAGE][PASSED] - Object: 'Object Repository/1. Login/button Login' is clicked on

2023-08-31 10:26:50 - [TEST_STEP][PASSED] - verifyElementText(findTestObject("1. Login/home product atau halaman Swag Labs"), "Swag Labs"): Actual text and expected text of test object 'Object Repository/1. Login/home product atau halaman Swag Labs' are matched.

2023-08-31 10:26:51 - [MESSAGE][PASSED] - Actual text and expected text of test object 'Object Repository/1. Login/home product atau halaman Swag Labs' are matched.

2023-08-31 10:26:51 - [MESSAGE][PASSED] - Call Test Case 'Test Cases/1. login/TC-Login-Success-001' successfully

2023-08-31 10:26:51 - [TEST_STEP][PASSED] - nmProduk = getText(findTestObject("Object Repository/1. Login/nama produk1 di halaman produk")): Text of object 'Object Repository/1. Login/nama produk1 di halaman produk' is: 'Sauce Labs Backpack'

2023-08-31 10:26:51 - [MESSAGE][PASSED] - Text of object 'Object Repository/1. Login/nama produk1 di halaman produk' is: 'Sauce Labs Backpack'

2023-08-31 10:26:51 - [TEST_STEP][PASSED] - desc = getText(findTestObject("Object Repository/1. Login/deskripsi produk 1 di produk")): Text of object 'Object Repository/1. Login/deskripsi produk 1 di produk' is: 'carry.allTheThings() with the sleek, streamlined Sly Pack that melds uncompromising style with unequaled laptop and tablet protection.'

2023-08-31 10:26:52 - [MESSAGE][PASSED] - Text of object 'Object Repository/1. Login/deskripsi produk 1 di produk' is: 'carry.allTheThings() with the sleek, streamlined Sly Pack that melds uncompromising style with unequaled laptop and tablet protection.'

2023-08-31 10:26:52 - [TEST_STEP][PASSED] - harga = getText(findTestObject("Object Repository/1. Login/harga produk 1 di halaman produk")): Text of object 'Object Repository/1. Login/harga produk 1 di halaman produk' is: '$29.99'

2023-08-31 10:26:52 - [MESSAGE][PASSED] - Text of object 'Object Repository/1. Login/harga produk 1 di halaman produk' is: '$29.99'

2023-08-31 10:26:52 - [TEST_STEP][PASSED] - click(findTestObject("Detail Product/produk 1")): Object: 'Object Repository/Detail Product/produk 1' is clicked on

2023-08-31 10:26:52 - [MESSAGE][PASSED] - Object: 'Object Repository/Detail Product/produk 1' is clicked on

2023-08-31 10:26:52 - [TEST_STEP][PASSED] - namaProduk = getText(findTestObject("Object Repository/Detail Product/nama produk 1")): Text of object 'Object Repository/Detail Product/nama produk 1' is: 'Sauce Labs Backpack'

2023-08-31 10:26:53 - [MESSAGE][PASSED] - Text of object 'Object Repository/Detail Product/nama produk 1' is: 'Sauce Labs Backpack'

2023-08-31 10:26:53 - [TEST_STEP][PASSED] - deskripsi = getText(findTestObject("Object Repository/Detail Product/deskripsi produk 1")): Text of object 'Object Repository/Detail Product/deskripsi produk 1' is: 'carry.allTheThings() with the sleek, streamlined Sly Pack that melds uncompromising style with unequaled laptop and tablet protection.'

2023-08-31 10:26:53 - [MESSAGE][PASSED] - Text of object 'Object Repository/Detail Product/deskripsi produk 1' is: 'carry.allTheThings() with the sleek, streamlined Sly Pack that melds uncompromising style with unequaled laptop and tablet protection.'

2023-08-31 10:26:53 - [TEST_STEP][PASSED] - price = getText(findTestObject("Object Repository/Detail Product/deskripsi harga produk")): Text of object 'Object Repository/Detail Product/deskripsi harga produk' is: '$29.99'

2023-08-31 10:26:54 - [MESSAGE][PASSED] - Text of object 'Object Repository/Detail Product/deskripsi harga produk' is: '$29.99'

2023-08-31 10:26:54 - [TEST_STEP][PASSED] - assert trim().equalsIgnoreCase(nmProduk.trim()): null

2023-08-31 10:26:54 - [TEST_STEP][PASSED] - assert trim().equalsIgnoreCase(desc.trim()): null

2023-08-31 10:26:54 - [TEST_STEP][PASSED] - assert trim().equalsIgnoreCase(harga.trim()): null

2023-08-31 10:26:54 - [MESSAGE][PASSED] - Call Test Case 'Test Cases/3. Detail Products/TC-DetailProduct-Show-001' successfully

2023-08-31 10:26:54 - [TEST_STEP][PASSED] - click(findTestObject("Detail Product/button_Back to products")): Object: 'Object Repository/Detail Product/button_Back to products' is clicked on

2023-08-31 10:26:54 - [MESSAGE][PASSED] - Object: 'Object Repository/Detail Product/button_Back to products' is clicked on

2023-08-31 10:26:54 - [TEST_STEP][PASSED] - verifyElementPresent(findTestObject("1. Login/home product atau halaman Swag Labs"), 0): Object 'Object Repository/1. Login/home product atau halaman Swag Labs' is present

2023-08-31 10:26:54 - [MESSAGE][WARNING] - Timeout '0' is invalid. Using default page load timeout: '30'

2023-08-31 10:26:54 - [MESSAGE][PASSED] - Object 'Object Repository/1. Login/home product atau halaman Swag Labs' is present]]></system-out>
         <system-err><![CDATA[]]></system-err>
      </testcase>
      <testcase name="Test Cases/4. keranjang/TC-Cart-Show-001" time="11.66" classname="Test Cases/4. keranjang/TC-Cart-Show-001" status="PASSED">
         <system-out><![CDATA[2023-08-31 10:26:54 - [TEST_CASE][PASSED] - Test Cases/4. keranjang/TC-Cart-Show-001: Test Cases/4. keranjang/TC-Cart-Show-001

2023-08-31 10:26:55 - [TEST_STEP][PASSED] - callTestCase(findTestCase("1. login/TC-Login-Success-001"), [:], STOP_ON_FAILURE): Call Test Case 'Test Cases/1. login/TC-Login-Success-001' successfully

2023-08-31 10:26:55 - [TEST_CASE][PASSED] - Test Cases/1. login/TC-Login-Success-001: Test Cases/1. login/TC-Login-Success-001

2023-08-31 10:26:55 - [TEST_STEP][PASSED] - openBrowser(web): Browser is opened with url: 'https://www.saucedemo.com/inventory.html'

2023-08-31 10:26:55 - [MESSAGE][WARNING] - A browser is already opened. Closing browser and opening a new one

2023-08-31 10:26:56 - [MESSAGE][INFO] - Starting 'Edge Chromium' driver

2023-08-31 10:26:58 - [MESSAGE][INFO] - Action delay is set to 0 milliseconds

2023-08-31 10:27:02 - [MESSAGE][PASSED] - Browser is opened with url: 'https://www.saucedemo.com/inventory.html'

2023-08-31 10:27:02 - [TEST_STEP][PASSED] - maximizeWindow(): Current window maximized

2023-08-31 10:27:02 - [MESSAGE][PASSED] - Current window maximized

2023-08-31 10:27:02 - [TEST_STEP][PASSED] - verifyElementPresent(findTestObject("1. Login/halaman home swag labs"), 0): Object 'Object Repository/1. Login/halaman home swag labs' is present

2023-08-31 10:27:02 - [MESSAGE][WARNING] - Timeout '0' is invalid. Using default page load timeout: '30'

2023-08-31 10:27:03 - [MESSAGE][PASSED] - Object 'Object Repository/1. Login/halaman home swag labs' is present

2023-08-31 10:27:03 - [TEST_STEP][PASSED] - setText(findTestObject("1. Login/input username"), username): Text 'standard_user' is set on object 'Object Repository/1. Login/input username'

2023-08-31 10:27:04 - [MESSAGE][PASSED] - Text 'standard_user' is set on object 'Object Repository/1. Login/input username'

2023-08-31 10:27:04 - [TEST_STEP][PASSED] - setEncryptedText(findTestObject("1. Login/input password"), password): Text ****** has been set on object 'Object Repository/1. Login/input password'

2023-08-31 10:27:04 - [MESSAGE][PASSED] - Text ****** has been set on object 'Object Repository/1. Login/input password'

2023-08-31 10:27:04 - [TEST_STEP][PASSED] - click(findTestObject("1. Login/button Login")): Object: 'Object Repository/1. Login/button Login' is clicked on

2023-08-31 10:27:05 - [MESSAGE][PASSED] - Object: 'Object Repository/1. Login/button Login' is clicked on

2023-08-31 10:27:05 - [TEST_STEP][PASSED] - verifyElementText(findTestObject("1. Login/home product atau halaman Swag Labs"), "Swag Labs"): Actual text and expected text of test object 'Object Repository/1. Login/home product atau halaman Swag Labs' are matched.

2023-08-31 10:27:05 - [MESSAGE][PASSED] - Actual text and expected text of test object 'Object Repository/1. Login/home product atau halaman Swag Labs' are matched.

2023-08-31 10:27:05 - [MESSAGE][PASSED] - Call Test Case 'Test Cases/1. login/TC-Login-Success-001' successfully

2023-08-31 10:27:05 - [TEST_STEP][PASSED] - click(findTestObject("keranjang/keranjang belanja")): Object: 'Object Repository/keranjang/keranjang belanja' is clicked on

2023-08-31 10:27:06 - [MESSAGE][PASSED] - Object: 'Object Repository/keranjang/keranjang belanja' is clicked on

2023-08-31 10:27:06 - [TEST_STEP][PASSED] - verifyElementPresent(findTestObject("keranjang/div_Your Cart"), 0): Object 'Object Repository/keranjang/div_Your Cart' is present

2023-08-31 10:27:06 - [MESSAGE][WARNING] - Timeout '0' is invalid. Using default page load timeout: '30'

2023-08-31 10:27:06 - [MESSAGE][PASSED] - Object 'Object Repository/keranjang/div_Your Cart' is present]]></system-out>
         <system-err><![CDATA[]]></system-err>
      </testcase>
      <testcase name="Test Cases/4. keranjang/TC-Cart-Show-002" time="14.361" classname="Test Cases/4. keranjang/TC-Cart-Show-002" status="PASSED">
         <system-out><![CDATA[2023-08-31 10:27:06 - [TEST_CASE][PASSED] - Test Cases/4. keranjang/TC-Cart-Show-002: Test Cases/4. keranjang/TC-Cart-Show-002

2023-08-31 10:27:06 - [TEST_STEP][PASSED] - dataProduk = callTestCase(findTestCase("2. Products/TC-Product-AddCart-001"), [:], STOP_ON_FAILURE): Call Test Case 'Test Cases/2. Products/TC-Product-AddCart-001' successfully

2023-08-31 10:27:06 - [TEST_CASE][PASSED] - Test Cases/2. Products/TC-Product-AddCart-001: Test Cases/2. Products/TC-Product-AddCart-001

2023-08-31 10:27:06 - [TEST_STEP][PASSED] - callTestCase(findTestCase("2. Products/TC-Product-Show-001"), [:], STOP_ON_FAILURE): Call Test Case 'Test Cases/2. Products/TC-Product-Show-001' successfully

2023-08-31 10:27:07 - [TEST_CASE][PASSED] - Test Cases/2. Products/TC-Product-Show-001: Test Cases/2. Products/TC-Product-Show-001

2023-08-31 10:27:07 - [TEST_STEP][PASSED] - callTestCase(findTestCase("1. login/TC-Login-Success-001"), [:], STOP_ON_FAILURE): Call Test Case 'Test Cases/1. login/TC-Login-Success-001' successfully

2023-08-31 10:27:07 - [TEST_CASE][PASSED] - Test Cases/1. login/TC-Login-Success-001: Test Cases/1. login/TC-Login-Success-001

2023-08-31 10:27:07 - [TEST_STEP][PASSED] - openBrowser(web): Browser is opened with url: 'https://www.saucedemo.com/inventory.html'

2023-08-31 10:27:07 - [MESSAGE][WARNING] - A browser is already opened. Closing browser and opening a new one

2023-08-31 10:27:07 - [MESSAGE][INFO] - Starting 'Edge Chromium' driver

2023-08-31 10:27:10 - [MESSAGE][INFO] - Action delay is set to 0 milliseconds

2023-08-31 10:27:12 - [MESSAGE][PASSED] - Browser is opened with url: 'https://www.saucedemo.com/inventory.html'

2023-08-31 10:27:12 - [TEST_STEP][PASSED] - maximizeWindow(): Current window maximized

2023-08-31 10:27:12 - [MESSAGE][PASSED] - Current window maximized

2023-08-31 10:27:12 - [TEST_STEP][PASSED] - verifyElementPresent(findTestObject("1. Login/halaman home swag labs"), 0): Object 'Object Repository/1. Login/halaman home swag labs' is present

2023-08-31 10:27:12 - [MESSAGE][WARNING] - Timeout '0' is invalid. Using default page load timeout: '30'

2023-08-31 10:27:13 - [MESSAGE][PASSED] - Object 'Object Repository/1. Login/halaman home swag labs' is present

2023-08-31 10:27:13 - [TEST_STEP][PASSED] - setText(findTestObject("1. Login/input username"), username): Text 'standard_user' is set on object 'Object Repository/1. Login/input username'

2023-08-31 10:27:14 - [MESSAGE][PASSED] - Text 'standard_user' is set on object 'Object Repository/1. Login/input username'

2023-08-31 10:27:14 - [TEST_STEP][PASSED] - setEncryptedText(findTestObject("1. Login/input password"), password): Text ****** has been set on object 'Object Repository/1. Login/input password'

2023-08-31 10:27:14 - [MESSAGE][PASSED] - Text ****** has been set on object 'Object Repository/1. Login/input password'

2023-08-31 10:27:14 - [TEST_STEP][PASSED] - click(findTestObject("1. Login/button Login")): Object: 'Object Repository/1. Login/button Login' is clicked on

2023-08-31 10:27:15 - [MESSAGE][PASSED] - Object: 'Object Repository/1. Login/button Login' is clicked on

2023-08-31 10:27:15 - [TEST_STEP][PASSED] - verifyElementText(findTestObject("1. Login/home product atau halaman Swag Labs"), "Swag Labs"): Actual text and expected text of test object 'Object Repository/1. Login/home product atau halaman Swag Labs' are matched.

2023-08-31 10:27:15 - [MESSAGE][PASSED] - Actual text and expected text of test object 'Object Repository/1. Login/home product atau halaman Swag Labs' are matched.

2023-08-31 10:27:15 - [MESSAGE][PASSED] - Call Test Case 'Test Cases/1. login/TC-Login-Success-001' successfully

2023-08-31 10:27:15 - [MESSAGE][PASSED] - Call Test Case 'Test Cases/2. Products/TC-Product-Show-001' successfully

2023-08-31 10:27:15 - [TEST_STEP][PASSED] - click(findTestObject("Products/button_Add to cart 1")): Object: 'Object Repository/Products/button_Add to cart 1' is clicked on

2023-08-31 10:27:16 - [MESSAGE][PASSED] - Object: 'Object Repository/Products/button_Add to cart 1' is clicked on

2023-08-31 10:27:16 - [TEST_STEP][PASSED] - verifyElementPresent(findTestObject("Object Repository/Products/button_Remove"), 0): Object 'Object Repository/Products/button_Remove' is present

2023-08-31 10:27:16 - [MESSAGE][WARNING] - Timeout '0' is invalid. Using default page load timeout: '30'

2023-08-31 10:27:16 - [MESSAGE][PASSED] - Object 'Object Repository/Products/button_Remove' is present

2023-08-31 10:27:16 - [TEST_STEP][PASSED] - verifyElementPresent(findTestObject("Products/shopping cart 1"), 0): Object 'Object Repository/Products/shopping cart 1' is present

2023-08-31 10:27:16 - [MESSAGE][WARNING] - Timeout '0' is invalid. Using default page load timeout: '30'

2023-08-31 10:27:16 - [MESSAGE][PASSED] - Object 'Object Repository/Products/shopping cart 1' is present

2023-08-31 10:27:16 - [TEST_STEP][PASSED] - badge = getText(findTestObject("Object Repository/Products/angka di keranjang")): Text of object 'Object Repository/Products/angka di keranjang' is: '1'

2023-08-31 10:27:17 - [MESSAGE][PASSED] - Text of object 'Object Repository/Products/angka di keranjang' is: '1'

2023-08-31 10:27:17 - [TEST_STEP][PASSED] - assert badge == "1": null

2023-08-31 10:27:17 - [TEST_STEP][PASSED] - namaProduk = getText(findTestObject("Products/div_Sauce Labs Backpack")): Text of object 'Object Repository/Products/div_Sauce Labs Backpack' is: 'Sauce Labs Backpack'

2023-08-31 10:27:17 - [MESSAGE][PASSED] - Text of object 'Object Repository/Products/div_Sauce Labs Backpack' is: 'Sauce Labs Backpack'

2023-08-31 10:27:17 - [TEST_STEP][PASSED] - deskripsi = getText(findTestObject("Products/deskripsi")): Text of object 'Object Repository/Products/deskripsi' is: 'carry.allTheThings() with the sleek, streamlined Sly Pack that melds uncompromising style with unequaled laptop and tablet protection.'

2023-08-31 10:27:18 - [MESSAGE][PASSED] - Text of object 'Object Repository/Products/deskripsi' is: 'carry.allTheThings() with the sleek, streamlined Sly Pack that melds uncompromising style with unequaled laptop and tablet protection.'

2023-08-31 10:27:18 - [TEST_STEP][PASSED] - price = getText(findTestObject("Products/harga produk 1")): Text of object 'Object Repository/Products/harga produk 1' is: '$29.99'

2023-08-31 10:27:18 - [MESSAGE][PASSED] - Text of object 'Object Repository/Products/harga produk 1' is: '$29.99'

2023-08-31 10:27:18 - [TEST_STEP][PASSED] - assert trim().equalsIgnoreCase(produkName.trim()): null

2023-08-31 10:27:18 - [TEST_STEP][PASSED] - assert trim().equalsIgnoreCase(deskripsi.trim()): null

2023-08-31 10:27:18 - [TEST_STEP][PASSED] - assert trim().equalsIgnoreCase(price.trim()): null

2023-08-31 10:27:18 - [TEST_STEP][PASSED] - dataProduk = new java.util.HashMap(): null

2023-08-31 10:27:18 - [TEST_STEP][PASSED] - dataProduk.put("namaProduk", namaProduk): null

2023-08-31 10:27:18 - [TEST_STEP][PASSED] - dataProduk.put("deskripsi", deskripsi): null

2023-08-31 10:27:18 - [TEST_STEP][PASSED] - dataProduk.put("price", price): null

2023-08-31 10:27:18 - [TEST_STEP][PASSED] - return dataProduk: null

2023-08-31 10:27:18 - [MESSAGE][PASSED] - Call Test Case 'Test Cases/2. Products/TC-Product-AddCart-001' successfully

2023-08-31 10:27:18 - [TEST_STEP][PASSED] - produk = dataProduk.get("namaProduk"): null

2023-08-31 10:27:18 - [TEST_STEP][PASSED] - Deskripsi = dataProduk.get("deskripsi"): null

2023-08-31 10:27:18 - [TEST_STEP][PASSED] - price = dataProduk.get("price"): null

2023-08-31 10:27:18 - [TEST_STEP][PASSED] - click(findTestObject("keranjang/keranjang belanja")): Object: 'Object Repository/keranjang/keranjang belanja' is clicked on

2023-08-31 10:27:19 - [MESSAGE][PASSED] - Object: 'Object Repository/keranjang/keranjang belanja' is clicked on

2023-08-31 10:27:19 - [TEST_STEP][PASSED] - verifyElementPresent(findTestObject("keranjang/div_Your Cart"), 0): Object 'Object Repository/keranjang/div_Your Cart' is present

2023-08-31 10:27:19 - [MESSAGE][WARNING] - Timeout '0' is invalid. Using default page load timeout: '30'

2023-08-31 10:27:19 - [MESSAGE][PASSED] - Object 'Object Repository/keranjang/div_Your Cart' is present

2023-08-31 10:27:19 - [TEST_STEP][PASSED] - namaProduk = getText(findTestObject("Object Repository/keranjang/nama produk")): Text of object 'Object Repository/keranjang/nama produk' is: 'Sauce Labs Backpack'

2023-08-31 10:27:20 - [MESSAGE][PASSED] - Text of object 'Object Repository/keranjang/nama produk' is: 'Sauce Labs Backpack'

2023-08-31 10:27:20 - [TEST_STEP][PASSED] - deskripsi = getText(findTestObject("Object Repository/keranjang/deskripsi")): Text of object 'Object Repository/keranjang/deskripsi' is: 'carry.allTheThings() with the sleek, streamlined Sly Pack that melds uncompromising style with unequaled laptop and tablet protection.'

2023-08-31 10:27:20 - [MESSAGE][PASSED] - Text of object 'Object Repository/keranjang/deskripsi' is: 'carry.allTheThings() with the sleek, streamlined Sly Pack that melds uncompromising style with unequaled laptop and tablet protection.'

2023-08-31 10:27:20 - [TEST_STEP][PASSED] - harga = getText(findTestObject("Object Repository/keranjang/harga")): Text of object 'Object Repository/keranjang/harga' is: '$29.99'

2023-08-31 10:27:20 - [MESSAGE][PASSED] - Text of object 'Object Repository/keranjang/harga' is: '$29.99'

2023-08-31 10:27:20 - [TEST_STEP][PASSED] - assert trim().equalsIgnoreCase(produk.trim()): null

2023-08-31 10:27:20 - [TEST_STEP][PASSED] - assert trim().equalsIgnoreCase(Deskripsi.trim()): null

2023-08-31 10:27:20 - [TEST_STEP][PASSED] - assert trim().equalsIgnoreCase(price.trim()): null

2023-08-31 10:27:20 - [TEST_STEP][PASSED] - dataKeranjang = new java.util.HashMap(): null

2023-08-31 10:27:20 - [TEST_STEP][PASSED] - dataKeranjang.put("namaProduk", namaProduk): null

2023-08-31 10:27:20 - [TEST_STEP][PASSED] - dataKeranjang.put("deskripsi", deskripsi): null

2023-08-31 10:27:20 - [TEST_STEP][PASSED] - dataKeranjang.put("harga", harga): null

2023-08-31 10:27:20 - [TEST_STEP][PASSED] - return dataKeranjang: null]]></system-out>
         <system-err><![CDATA[]]></system-err>
      </testcase>
      <testcase name="Test Cases/4. keranjang/TC-Cart-Show-003" time="17.157" classname="Test Cases/4. keranjang/TC-Cart-Show-003" status="PASSED">
         <system-out><![CDATA[2023-08-31 10:27:21 - [TEST_CASE][PASSED] - Test Cases/4. keranjang/TC-Cart-Show-003: Test Cases/4. keranjang/TC-Cart-Show-003

2023-08-31 10:27:21 - [TEST_STEP][PASSED] - dataProduk2 = callTestCase(findTestCase("2. Products/TC-Product-AddCart-002"), [:], STOP_ON_FAILURE): Call Test Case 'Test Cases/2. Products/TC-Product-AddCart-002' successfully

2023-08-31 10:27:21 - [TEST_CASE][PASSED] - Test Cases/2. Products/TC-Product-AddCart-002: Test Cases/2. Products/TC-Product-AddCart-002

2023-08-31 10:27:21 - [TEST_STEP][PASSED] - dataCart1 = callTestCase(findTestCase("2. Products/TC-Product-AddCart-001"), ["produkName":"Sauce Labs Backpack", "deskripsi":"carry.allTheThings() with the sleek, streamlined Sly Pack that melds uncompromising style with unequaled laptop and tablet protection.", ... ], STOP_ON_FAILURE): Call Test Case 'Test Cases/2. Products/TC-Product-AddCart-001' successfully

2023-08-31 10:27:21 - [TEST_CASE][PASSED] - Test Cases/2. Products/TC-Product-AddCart-001: Test Cases/2. Products/TC-Product-AddCart-001

2023-08-31 10:27:21 - [TEST_STEP][PASSED] - callTestCase(findTestCase("2. Products/TC-Product-Show-001"), [:], STOP_ON_FAILURE): Call Test Case 'Test Cases/2. Products/TC-Product-Show-001' successfully

2023-08-31 10:27:21 - [TEST_CASE][PASSED] - Test Cases/2. Products/TC-Product-Show-001: Test Cases/2. Products/TC-Product-Show-001

2023-08-31 10:27:21 - [TEST_STEP][PASSED] - callTestCase(findTestCase("1. login/TC-Login-Success-001"), [:], STOP_ON_FAILURE): Call Test Case 'Test Cases/1. login/TC-Login-Success-001' successfully

2023-08-31 10:27:21 - [TEST_CASE][PASSED] - Test Cases/1. login/TC-Login-Success-001: Test Cases/1. login/TC-Login-Success-001

2023-08-31 10:27:21 - [TEST_STEP][PASSED] - openBrowser(web): Browser is opened with url: 'https://www.saucedemo.com/inventory.html'

2023-08-31 10:27:21 - [MESSAGE][WARNING] - A browser is already opened. Closing browser and opening a new one

2023-08-31 10:27:22 - [MESSAGE][INFO] - Starting 'Edge Chromium' driver

2023-08-31 10:27:25 - [MESSAGE][INFO] - Action delay is set to 0 milliseconds

2023-08-31 10:27:28 - [MESSAGE][PASSED] - Browser is opened with url: 'https://www.saucedemo.com/inventory.html'

2023-08-31 10:27:28 - [TEST_STEP][PASSED] - maximizeWindow(): Current window maximized

2023-08-31 10:27:28 - [MESSAGE][PASSED] - Current window maximized

2023-08-31 10:27:28 - [TEST_STEP][PASSED] - verifyElementPresent(findTestObject("1. Login/halaman home swag labs"), 0): Object 'Object Repository/1. Login/halaman home swag labs' is present

2023-08-31 10:27:28 - [MESSAGE][WARNING] - Timeout '0' is invalid. Using default page load timeout: '30'

2023-08-31 10:27:28 - [MESSAGE][PASSED] - Object 'Object Repository/1. Login/halaman home swag labs' is present

2023-08-31 10:27:28 - [TEST_STEP][PASSED] - setText(findTestObject("1. Login/input username"), username): Text 'standard_user' is set on object 'Object Repository/1. Login/input username'

2023-08-31 10:27:29 - [MESSAGE][PASSED] - Text 'standard_user' is set on object 'Object Repository/1. Login/input username'

2023-08-31 10:27:29 - [TEST_STEP][PASSED] - setEncryptedText(findTestObject("1. Login/input password"), password): Text ****** has been set on object 'Object Repository/1. Login/input password'

2023-08-31 10:27:30 - [MESSAGE][PASSED] - Text ****** has been set on object 'Object Repository/1. Login/input password'

2023-08-31 10:27:30 - [TEST_STEP][PASSED] - click(findTestObject("1. Login/button Login")): Object: 'Object Repository/1. Login/button Login' is clicked on

2023-08-31 10:27:30 - [MESSAGE][PASSED] - Object: 'Object Repository/1. Login/button Login' is clicked on

2023-08-31 10:27:30 - [TEST_STEP][PASSED] - verifyElementText(findTestObject("1. Login/home product atau halaman Swag Labs"), "Swag Labs"): Actual text and expected text of test object 'Object Repository/1. Login/home product atau halaman Swag Labs' are matched.

2023-08-31 10:27:31 - [MESSAGE][PASSED] - Actual text and expected text of test object 'Object Repository/1. Login/home product atau halaman Swag Labs' are matched.

2023-08-31 10:27:31 - [MESSAGE][PASSED] - Call Test Case 'Test Cases/1. login/TC-Login-Success-001' successfully

2023-08-31 10:27:31 - [MESSAGE][PASSED] - Call Test Case 'Test Cases/2. Products/TC-Product-Show-001' successfully

2023-08-31 10:27:31 - [TEST_STEP][PASSED] - click(findTestObject("Products/button_Add to cart 1")): Object: 'Object Repository/Products/button_Add to cart 1' is clicked on

2023-08-31 10:27:31 - [MESSAGE][PASSED] - Object: 'Object Repository/Products/button_Add to cart 1' is clicked on

2023-08-31 10:27:31 - [TEST_STEP][PASSED] - verifyElementPresent(findTestObject("Object Repository/Products/button_Remove"), 0): Object 'Object Repository/Products/button_Remove' is present

2023-08-31 10:27:31 - [MESSAGE][WARNING] - Timeout '0' is invalid. Using default page load timeout: '30'

2023-08-31 10:27:32 - [MESSAGE][PASSED] - Object 'Object Repository/Products/button_Remove' is present

2023-08-31 10:27:32 - [TEST_STEP][PASSED] - verifyElementPresent(findTestObject("Products/shopping cart 1"), 0): Object 'Object Repository/Products/shopping cart 1' is present

2023-08-31 10:27:32 - [MESSAGE][WARNING] - Timeout '0' is invalid. Using default page load timeout: '30'

2023-08-31 10:27:32 - [MESSAGE][PASSED] - Object 'Object Repository/Products/shopping cart 1' is present

2023-08-31 10:27:32 - [TEST_STEP][PASSED] - badge = getText(findTestObject("Object Repository/Products/angka di keranjang")): Text of object 'Object Repository/Products/angka di keranjang' is: '1'

2023-08-31 10:27:33 - [MESSAGE][PASSED] - Text of object 'Object Repository/Products/angka di keranjang' is: '1'

2023-08-31 10:27:33 - [TEST_STEP][PASSED] - assert badge == "1": null

2023-08-31 10:27:33 - [TEST_STEP][PASSED] - namaProduk = getText(findTestObject("Products/div_Sauce Labs Backpack")): Text of object 'Object Repository/Products/div_Sauce Labs Backpack' is: 'Sauce Labs Backpack'

2023-08-31 10:27:33 - [MESSAGE][PASSED] - Text of object 'Object Repository/Products/div_Sauce Labs Backpack' is: 'Sauce Labs Backpack'

2023-08-31 10:27:33 - [TEST_STEP][PASSED] - deskripsi = getText(findTestObject("Products/deskripsi")): Text of object 'Object Repository/Products/deskripsi' is: 'carry.allTheThings() with the sleek, streamlined Sly Pack that melds uncompromising style with unequaled laptop and tablet protection.'

2023-08-31 10:27:33 - [MESSAGE][PASSED] - Text of object 'Object Repository/Products/deskripsi' is: 'carry.allTheThings() with the sleek, streamlined Sly Pack that melds uncompromising style with unequaled laptop and tablet protection.'

2023-08-31 10:27:33 - [TEST_STEP][PASSED] - price = getText(findTestObject("Products/harga produk 1")): Text of object 'Object Repository/Products/harga produk 1' is: '$29.99'

2023-08-31 10:27:34 - [MESSAGE][PASSED] - Text of object 'Object Repository/Products/harga produk 1' is: '$29.99'

2023-08-31 10:27:34 - [TEST_STEP][PASSED] - assert trim().equalsIgnoreCase(produkName.trim()): null

2023-08-31 10:27:34 - [TEST_STEP][PASSED] - assert trim().equalsIgnoreCase(deskripsi.trim()): null

2023-08-31 10:27:34 - [TEST_STEP][PASSED] - assert trim().equalsIgnoreCase(price.trim()): null

2023-08-31 10:27:34 - [TEST_STEP][PASSED] - dataProduk = new java.util.HashMap(): null

2023-08-31 10:27:34 - [TEST_STEP][PASSED] - dataProduk.put("namaProduk", namaProduk): null

2023-08-31 10:27:34 - [TEST_STEP][PASSED] - dataProduk.put("deskripsi", deskripsi): null

2023-08-31 10:27:34 - [TEST_STEP][PASSED] - dataProduk.put("price", price): null

2023-08-31 10:27:34 - [TEST_STEP][PASSED] - return dataProduk: null

2023-08-31 10:27:34 - [MESSAGE][PASSED] - Call Test Case 'Test Cases/2. Products/TC-Product-AddCart-001' successfully

2023-08-31 10:27:34 - [TEST_STEP][PASSED] - produk = dataCart1.get("namaProduk"): null

2023-08-31 10:27:34 - [TEST_STEP][PASSED] - Deskripsi = dataCart1.get("deskripsi"): null

2023-08-31 10:27:34 - [TEST_STEP][PASSED] - harga = dataCart1.get("price"): null

2023-08-31 10:27:34 - [TEST_STEP][PASSED] - click(findTestObject("Products/button_Add to cart")): Object: 'Object Repository/Products/button_Add to cart' is clicked on

2023-08-31 10:27:34 - [MESSAGE][PASSED] - Object: 'Object Repository/Products/button_Add to cart' is clicked on

2023-08-31 10:27:34 - [TEST_STEP][PASSED] - verifyElementPresent(findTestObject("Object Repository/Products/button_Remove"), 0): Object 'Object Repository/Products/button_Remove' is present

2023-08-31 10:27:34 - [MESSAGE][WARNING] - Timeout '0' is invalid. Using default page load timeout: '30'

2023-08-31 10:27:35 - [MESSAGE][PASSED] - Object 'Object Repository/Products/button_Remove' is present

2023-08-31 10:27:35 - [TEST_STEP][PASSED] - namaProduk = getText(findTestObject("Object Repository/Products/nama produk 2")): Text of object 'Object Repository/Products/nama produk 2' is: 'Sauce Labs Bike Light'

2023-08-31 10:27:35 - [MESSAGE][PASSED] - Text of object 'Object Repository/Products/nama produk 2' is: 'Sauce Labs Bike Light'

2023-08-31 10:27:35 - [TEST_STEP][PASSED] - deskripsi = getText(findTestObject("Object Repository/Products/deskripsi produk 2")): Text of object 'Object Repository/Products/deskripsi produk 2' is: 'A red light isn't the desired state in testing but it sure helps when riding your bike at night. Water-resistant with 3 lighting modes, 1 AAA battery included.'

2023-08-31 10:27:35 - [MESSAGE][PASSED] - Text of object 'Object Repository/Products/deskripsi produk 2' is: 'A red light isn't the desired state in testing but it sure helps when riding your bike at night. Water-resistant with 3 lighting modes, 1 AAA battery included.'

2023-08-31 10:27:35 - [TEST_STEP][PASSED] - Harga = getText(findTestObject("Object Repository/Products/harga produk 2")): Text of object 'Object Repository/Products/harga produk 2' is: '$9.99'

2023-08-31 10:27:36 - [MESSAGE][PASSED] - Text of object 'Object Repository/Products/harga produk 2' is: '$9.99'

2023-08-31 10:27:36 - [TEST_STEP][PASSED] - NamaProduk = []: null

2023-08-31 10:27:36 - [TEST_STEP][PASSED] - deskripsiProduk = []: null

2023-08-31 10:27:36 - [TEST_STEP][PASSED] - hargaBarang = []: null

2023-08-31 10:27:36 - [TEST_STEP][PASSED] - for ([i = 0, i < 2, (i++)]): null

2023-08-31 10:27:36 - [TEST_STEP][PASSED] - NamaProduk[0] = produk: null

2023-08-31 10:27:36 - [TEST_STEP][PASSED] - NamaProduk[1] = namaProduk: null

2023-08-31 10:27:36 - [TEST_STEP][PASSED] - deskripsiProduk[0] = Deskripsi: null

2023-08-31 10:27:36 - [TEST_STEP][PASSED] - deskripsiProduk[1] = deskripsi: null

2023-08-31 10:27:36 - [TEST_STEP][PASSED] - hargaBarang[0] = harga: null

2023-08-31 10:27:36 - [TEST_STEP][PASSED] - hargaBarang[1] = Harga: null

2023-08-31 10:27:36 - [TEST_STEP][PASSED] - NamaProduk[0] = produk: null

2023-08-31 10:27:36 - [TEST_STEP][PASSED] - NamaProduk[1] = namaProduk: null

2023-08-31 10:27:36 - [TEST_STEP][PASSED] - deskripsiProduk[0] = Deskripsi: null

2023-08-31 10:27:36 - [TEST_STEP][PASSED] - deskripsiProduk[1] = deskripsi: null

2023-08-31 10:27:36 - [TEST_STEP][PASSED] - hargaBarang[0] = harga: null

2023-08-31 10:27:36 - [TEST_STEP][PASSED] - hargaBarang[1] = Harga: null

2023-08-31 10:27:36 - [TEST_STEP][PASSED] - dataProduk2 = new java.util.HashMap(): null

2023-08-31 10:27:36 - [TEST_STEP][PASSED] - dataProduk2.put("NamaProduk2", NamaProduk): null

2023-08-31 10:27:36 - [TEST_STEP][PASSED] - dataProduk2.put("deskripsiProduk2", deskripsiProduk): null

2023-08-31 10:27:36 - [TEST_STEP][PASSED] - dataProduk2.put("hargaBarang2", hargaBarang): null

2023-08-31 10:27:36 - [TEST_STEP][PASSED] - return dataProduk2: null

2023-08-31 10:27:36 - [MESSAGE][PASSED] - Call Test Case 'Test Cases/2. Products/TC-Product-AddCart-002' successfully

2023-08-31 10:27:36 - [TEST_STEP][PASSED] - nmProduk = dataProduk2.get("NamaProduk2"): null

2023-08-31 10:27:36 - [TEST_STEP][PASSED] - desc = dataProduk2.get("deskripsiProduk2"): null

2023-08-31 10:27:36 - [TEST_STEP][PASSED] - Price = dataProduk2.get("hargaBarang2"): null

2023-08-31 10:27:36 - [TEST_STEP][PASSED] - click(findTestObject("keranjang/keranjang belanja")): Object: 'Object Repository/keranjang/keranjang belanja' is clicked on

2023-08-31 10:27:36 - [MESSAGE][PASSED] - Object: 'Object Repository/keranjang/keranjang belanja' is clicked on

2023-08-31 10:27:36 - [TEST_STEP][PASSED] - verifyElementPresent(findTestObject("keranjang/div_Your Cart"), 0): Object 'Object Repository/keranjang/div_Your Cart' is present

2023-08-31 10:27:36 - [MESSAGE][WARNING] - Timeout '0' is invalid. Using default page load timeout: '30'

2023-08-31 10:27:37 - [MESSAGE][PASSED] - Object 'Object Repository/keranjang/div_Your Cart' is present

2023-08-31 10:27:37 - [TEST_STEP][PASSED] - NamaProdukList = findWebElements(findTestObject("Object Repository/keranjang/nama semua produk(keranjang)"), 5): null

2023-08-31 10:27:37 - [TEST_STEP][PASSED] - DescProdukList = findWebElements(findTestObject("Object Repository/keranjang/desc semua produk"), 5): null

2023-08-31 10:27:37 - [TEST_STEP][PASSED] - hargaProdukList = findWebElements(findTestObject("Object Repository/keranjang/harga semua produk"), 5): null

2023-08-31 10:27:38 - [TEST_STEP][PASSED] - nmProdukOri = new java.util.ArrayList(): null

2023-08-31 10:27:38 - [TEST_STEP][PASSED] - descProdukOri = new java.util.ArrayList(): null

2023-08-31 10:27:38 - [TEST_STEP][PASSED] - hargaProdukOri = new java.util.ArrayList(): null

2023-08-31 10:27:38 - [TEST_STEP][PASSED] - for ([i = 0, i < NamaProdukList.size(), (i++)]): null

2023-08-31 10:27:38 - [TEST_STEP][PASSED] - namaText = text.trim(): null

2023-08-31 10:27:38 - [TEST_STEP][PASSED] - descText = text.trim(): null

2023-08-31 10:27:38 - [TEST_STEP][PASSED] - hargaText = text.trim(): null

2023-08-31 10:27:38 - [TEST_STEP][PASSED] - nmProdukOri.add(namaText): null

2023-08-31 10:27:38 - [TEST_STEP][PASSED] - descProdukOri.add(descText): null

2023-08-31 10:27:38 - [TEST_STEP][PASSED] - hargaProdukOri.add(hargaText): null

2023-08-31 10:27:38 - [TEST_STEP][PASSED] - namaText = text.trim(): null

2023-08-31 10:27:38 - [TEST_STEP][PASSED] - descText = text.trim(): null

2023-08-31 10:27:38 - [TEST_STEP][PASSED] - hargaText = text.trim(): null

2023-08-31 10:27:38 - [TEST_STEP][PASSED] - nmProdukOri.add(namaText): null

2023-08-31 10:27:38 - [TEST_STEP][PASSED] - descProdukOri.add(descText): null

2023-08-31 10:27:38 - [TEST_STEP][PASSED] - hargaProdukOri.add(hargaText): null

2023-08-31 10:27:38 - [TEST_STEP][PASSED] - assert nmProduk == nmProdukOri: null

2023-08-31 10:27:38 - [TEST_STEP][PASSED] - assert desc == descProdukOri: null

2023-08-31 10:27:38 - [TEST_STEP][PASSED] - assert Price == hargaProdukOri: null

2023-08-31 10:27:38 - [TEST_STEP][PASSED] - return dataProduk2: null]]></system-out>
         <system-err><![CDATA[]]></system-err>
      </testcase>
      <testcase name="Test Cases/4. keranjang/TC-Cart-Remove-001" time="20.525" classname="Test Cases/4. keranjang/TC-Cart-Remove-001" status="FAILED">
         <failure type="FAILED" message="Test Cases/4. keranjang/TC-Cart-Remove-001 FAILED.
Reason:
com.kms.katalon.core.exception.StepFailedException: Unable to verify object 'Object Repository/keranjang/jumlah di keranjang' is present
	at com.kms.katalon.core.webui.keyword.internal.WebUIKeywordMain.stepFailed(WebUIKeywordMain.groovy:64)
	at com.kms.katalon.core.webui.keyword.internal.WebUIKeywordMain.runKeyword(WebUIKeywordMain.groovy:26)
	at com.kms.katalon.core.webui.keyword.builtin.VerifyElementPresentKeyword.verifyElementPresent(VerifyElementPresentKeyword.groovy:92)
	at com.kms.katalon.core.webui.keyword.builtin.VerifyElementPresentKeyword.execute(VerifyElementPresentKeyword.groovy:68)
	at com.kms.katalon.core.keyword.internal.KeywordExecutor.executeKeywordForPlatform(KeywordExecutor.groovy:74)
	at com.kms.katalon.core.webui.keyword.WebUiBuiltInKeywords.verifyElementPresent(WebUiBuiltInKeywords.groovy:1464)
	at com.kms.katalon.core.webui.keyword.WebUiBuiltInKeywords$verifyElementPresent$1.call(Unknown Source)
	at TC-Cart-Remove-001.run(TC-Cart-Remove-001:24)
	at com.kms.katalon.core.main.ScriptEngine.run(ScriptEngine.java:194)
	at com.kms.katalon.core.main.ScriptEngine.runScriptAsRawText(ScriptEngine.java:119)
	at com.kms.katalon.core.main.TestCaseExecutor.runScript(TestCaseExecutor.java:448)
	at com.kms.katalon.core.main.TestCaseExecutor.doExecute(TestCaseExecutor.java:439)
	at com.kms.katalon.core.main.TestCaseExecutor.processExecutionPhase(TestCaseExecutor.java:418)
	at com.kms.katalon.core.main.TestCaseExecutor.accessMainPhase(TestCaseExecutor.java:410)
	at com.kms.katalon.core.main.TestCaseExecutor.execute(TestCaseExecutor.java:285)
	at com.kms.katalon.core.main.TestCaseExecutor.execute(TestCaseExecutor.java:369)
	at com.kms.katalon.core.main.TestCaseExecutor.execute(TestCaseExecutor.java:369)
	at com.kms.katalon.core.main.TestCaseExecutor.execute(TestCaseExecutor.java:369)
	at com.kms.katalon.core.common.CommonExecutor.accessTestCaseMainPhase(CommonExecutor.java:65)
	at com.kms.katalon.core.main.TestSuiteExecutor.accessTestSuiteMainPhase(TestSuiteExecutor.java:148)
	at com.kms.katalon.core.main.TestSuiteExecutor.execute(TestSuiteExecutor.java:106)
	at com.kms.katalon.core.main.TestCaseMain.startTestSuite(TestCaseMain.java:187)
	at com.kms.katalon.core.main.TestCaseMain$startTestSuite$0.call(Unknown Source)
	at TempTestSuite1693452099201.run(TempTestSuite1693452099201.groovy:36)
Caused by: com.kms.katalon.core.exception.StepFailedException: com.kms.katalon.core.webui.exception.WebElementNotFoundException: Web element with id: 'Object Repository/keranjang/jumlah di keranjang' located by '//div[@id='shopping_cart_container']/a/span' not found
	at com.kms.katalon.core.webui.keyword.internal.WebUIKeywordMain.stepFailed(WebUIKeywordMain.groovy:64)
	at com.kms.katalon.core.webui.keyword.builtin.VerifyElementPresentKeyword$_verifyElementPresent_closure1.doCall(VerifyElementPresentKeyword.groovy:85)
	at com.kms.katalon.core.webui.keyword.builtin.VerifyElementPresentKeyword$_verifyElementPresent_closure1.call(VerifyElementPresentKeyword.groovy)
	at com.kms.katalon.core.webui.keyword.internal.WebUIKeywordMain.runKeyword(WebUIKeywordMain.groovy:20)
	... 22 more
"/>
         <system-out><![CDATA[2023-08-31 10:28:40 - [TEST_CASE][FAILED] - Test Cases/4. keranjang/TC-Cart-Remove-001: Test Cases/4. keranjang/TC-Cart-Remove-001 FAILED.
Reason:
com.kms.katalon.core.exception.StepFailedException: Unable to verify object 'Object Repository/keranjang/jumlah di keranjang' is present
	at com.kms.katalon.core.webui.keyword.internal.WebUIKeywordMain.stepFailed(WebUIKeywordMain.groovy:64)
	at com.kms.katalon.core.webui.keyword.internal.WebUIKeywordMain.runKeyword(WebUIKeywordMain.groovy:26)
	at com.kms.katalon.core.webui.keyword.builtin.VerifyElementPresentKeyword.verifyElementPresent(VerifyElementPresentKeyword.groovy:92)
	at com.kms.katalon.core.webui.keyword.builtin.VerifyElementPresentKeyword.execute(VerifyElementPresentKeyword.groovy:68)
	at com.kms.katalon.core.keyword.internal.KeywordExecutor.executeKeywordForPlatform(KeywordExecutor.groovy:74)
	at com.kms.katalon.core.webui.keyword.WebUiBuiltInKeywords.verifyElementPresent(WebUiBuiltInKeywords.groovy:1464)
	at com.kms.katalon.core.webui.keyword.WebUiBuiltInKeywords$verifyElementPresent$1.call(Unknown Source)
	at TC-Cart-Remove-001.run(TC-Cart-Remove-001:24)
	at com.kms.katalon.core.main.ScriptEngine.run(ScriptEngine.java:194)
	at com.kms.katalon.core.main.ScriptEngine.runScriptAsRawText(ScriptEngine.java:119)
	at com.kms.katalon.core.main.TestCaseExecutor.runScript(TestCaseExecutor.java:448)
	at com.kms.katalon.core.main.TestCaseExecutor.doExecute(TestCaseExecutor.java:439)
	at com.kms.katalon.core.main.TestCaseExecutor.processExecutionPhase(TestCaseExecutor.java:418)
	at com.kms.katalon.core.main.TestCaseExecutor.accessMainPhase(TestCaseExecutor.java:410)
	at com.kms.katalon.core.main.TestCaseExecutor.execute(TestCaseExecutor.java:285)
	at com.kms.katalon.core.main.TestCaseExecutor.execute(TestCaseExecutor.java:369)
	at com.kms.katalon.core.main.TestCaseExecutor.execute(TestCaseExecutor.java:369)
	at com.kms.katalon.core.main.TestCaseExecutor.execute(TestCaseExecutor.java:369)
	at com.kms.katalon.core.common.CommonExecutor.accessTestCaseMainPhase(CommonExecutor.java:65)
	at com.kms.katalon.core.main.TestSuiteExecutor.accessTestSuiteMainPhase(TestSuiteExecutor.java:148)
	at com.kms.katalon.core.main.TestSuiteExecutor.execute(TestSuiteExecutor.java:106)
	at com.kms.katalon.core.main.TestCaseMain.startTestSuite(TestCaseMain.java:187)
	at com.kms.katalon.core.main.TestCaseMain$startTestSuite$0.call(Unknown Source)
	at TempTestSuite1693452099201.run(TempTestSuite1693452099201.groovy:36)
Caused by: com.kms.katalon.core.exception.StepFailedException: com.kms.katalon.core.webui.exception.WebElementNotFoundException: Web element with id: 'Object Repository/keranjang/jumlah di keranjang' located by '//div[@id='shopping_cart_container']/a/span' not found
	at com.kms.katalon.core.webui.keyword.internal.WebUIKeywordMain.stepFailed(WebUIKeywordMain.groovy:64)
	at com.kms.katalon.core.webui.keyword.builtin.VerifyElementPresentKeyword$_verifyElementPresent_closure1.doCall(VerifyElementPresentKeyword.groovy:85)
	at com.kms.katalon.core.webui.keyword.builtin.VerifyElementPresentKeyword$_verifyElementPresent_closure1.call(VerifyElementPresentKeyword.groovy)
	at com.kms.katalon.core.webui.keyword.internal.WebUIKeywordMain.runKeyword(WebUIKeywordMain.groovy:20)
	... 22 more


2023-08-31 10:28:40 - [TEST_STEP][PASSED] - callTestCase(findTestCase("4. keranjang/TC-Cart-Show-002"), [:], STOP_ON_FAILURE): Call Test Case 'Test Cases/4. keranjang/TC-Cart-Show-002' successfully

2023-08-31 10:28:40 - [TEST_CASE][PASSED] - Test Cases/4. keranjang/TC-Cart-Show-002: Test Cases/4. keranjang/TC-Cart-Show-002

2023-08-31 10:28:40 - [TEST_STEP][PASSED] - dataProduk = callTestCase(findTestCase("2. Products/TC-Product-AddCart-001"), [:], STOP_ON_FAILURE): Call Test Case 'Test Cases/2. Products/TC-Product-AddCart-001' successfully

2023-08-31 10:28:40 - [TEST_CASE][PASSED] - Test Cases/2. Products/TC-Product-AddCart-001: Test Cases/2. Products/TC-Product-AddCart-001

2023-08-31 10:28:40 - [TEST_STEP][PASSED] - callTestCase(findTestCase("2. Products/TC-Product-Show-001"), [:], STOP_ON_FAILURE): Call Test Case 'Test Cases/2. Products/TC-Product-Show-001' successfully

2023-08-31 10:28:40 - [TEST_CASE][PASSED] - Test Cases/2. Products/TC-Product-Show-001: Test Cases/2. Products/TC-Product-Show-001

2023-08-31 10:28:40 - [TEST_STEP][PASSED] - callTestCase(findTestCase("1. login/TC-Login-Success-001"), [:], STOP_ON_FAILURE): Call Test Case 'Test Cases/1. login/TC-Login-Success-001' successfully

2023-08-31 10:28:40 - [TEST_CASE][PASSED] - Test Cases/1. login/TC-Login-Success-001: Test Cases/1. login/TC-Login-Success-001

2023-08-31 10:28:40 - [TEST_STEP][PASSED] - openBrowser(web): Browser is opened with url: 'https://www.saucedemo.com/inventory.html'

2023-08-31 10:28:40 - [MESSAGE][WARNING] - A browser is already opened. Closing browser and opening a new one

2023-08-31 10:28:41 - [MESSAGE][INFO] - Starting 'Edge Chromium' driver

2023-08-31 10:28:43 - [MESSAGE][INFO] - Action delay is set to 0 milliseconds

2023-08-31 10:28:45 - [MESSAGE][PASSED] - Browser is opened with url: 'https://www.saucedemo.com/inventory.html'

2023-08-31 10:28:45 - [TEST_STEP][PASSED] - maximizeWindow(): Current window maximized

2023-08-31 10:28:45 - [MESSAGE][PASSED] - Current window maximized

2023-08-31 10:28:45 - [TEST_STEP][PASSED] - verifyElementPresent(findTestObject("1. Login/halaman home swag labs"), 0): Object 'Object Repository/1. Login/halaman home swag labs' is present

2023-08-31 10:28:45 - [MESSAGE][WARNING] - Timeout '0' is invalid. Using default page load timeout: '30'

2023-08-31 10:28:46 - [MESSAGE][PASSED] - Object 'Object Repository/1. Login/halaman home swag labs' is present

2023-08-31 10:28:46 - [TEST_STEP][PASSED] - setText(findTestObject("1. Login/input username"), username): Text 'standard_user' is set on object 'Object Repository/1. Login/input username'

2023-08-31 10:28:47 - [MESSAGE][PASSED] - Text 'standard_user' is set on object 'Object Repository/1. Login/input username'

2023-08-31 10:28:47 - [TEST_STEP][PASSED] - setEncryptedText(findTestObject("1. Login/input password"), password): Text ****** has been set on object 'Object Repository/1. Login/input password'

2023-08-31 10:28:47 - [MESSAGE][PASSED] - Text ****** has been set on object 'Object Repository/1. Login/input password'

2023-08-31 10:28:47 - [TEST_STEP][PASSED] - click(findTestObject("1. Login/button Login")): Object: 'Object Repository/1. Login/button Login' is clicked on

2023-08-31 10:28:48 - [MESSAGE][PASSED] - Object: 'Object Repository/1. Login/button Login' is clicked on

2023-08-31 10:28:48 - [TEST_STEP][PASSED] - verifyElementText(findTestObject("1. Login/home product atau halaman Swag Labs"), "Swag Labs"): Actual text and expected text of test object 'Object Repository/1. Login/home product atau halaman Swag Labs' are matched.

2023-08-31 10:28:48 - [MESSAGE][PASSED] - Actual text and expected text of test object 'Object Repository/1. Login/home product atau halaman Swag Labs' are matched.

2023-08-31 10:28:48 - [MESSAGE][PASSED] - Call Test Case 'Test Cases/1. login/TC-Login-Success-001' successfully

2023-08-31 10:28:48 - [MESSAGE][PASSED] - Call Test Case 'Test Cases/2. Products/TC-Product-Show-001' successfully

2023-08-31 10:28:48 - [TEST_STEP][PASSED] - click(findTestObject("Products/button_Add to cart 1")): Object: 'Object Repository/Products/button_Add to cart 1' is clicked on

2023-08-31 10:28:49 - [MESSAGE][PASSED] - Object: 'Object Repository/Products/button_Add to cart 1' is clicked on

2023-08-31 10:28:49 - [TEST_STEP][PASSED] - verifyElementPresent(findTestObject("Object Repository/Products/button_Remove"), 0): Object 'Object Repository/Products/button_Remove' is present

2023-08-31 10:28:49 - [MESSAGE][WARNING] - Timeout '0' is invalid. Using default page load timeout: '30'

2023-08-31 10:28:49 - [MESSAGE][PASSED] - Object 'Object Repository/Products/button_Remove' is present

2023-08-31 10:28:49 - [TEST_STEP][PASSED] - verifyElementPresent(findTestObject("Products/shopping cart 1"), 0): Object 'Object Repository/Products/shopping cart 1' is present

2023-08-31 10:28:49 - [MESSAGE][WARNING] - Timeout '0' is invalid. Using default page load timeout: '30'

2023-08-31 10:28:50 - [MESSAGE][PASSED] - Object 'Object Repository/Products/shopping cart 1' is present

2023-08-31 10:28:50 - [TEST_STEP][PASSED] - badge = getText(findTestObject("Object Repository/Products/angka di keranjang")): Text of object 'Object Repository/Products/angka di keranjang' is: '1'

2023-08-31 10:28:50 - [MESSAGE][PASSED] - Text of object 'Object Repository/Products/angka di keranjang' is: '1'

2023-08-31 10:28:50 - [TEST_STEP][PASSED] - assert badge == "1": null

2023-08-31 10:28:50 - [TEST_STEP][PASSED] - namaProduk = getText(findTestObject("Products/div_Sauce Labs Backpack")): Text of object 'Object Repository/Products/div_Sauce Labs Backpack' is: 'Sauce Labs Backpack'

2023-08-31 10:28:51 - [MESSAGE][PASSED] - Text of object 'Object Repository/Products/div_Sauce Labs Backpack' is: 'Sauce Labs Backpack'

2023-08-31 10:28:51 - [TEST_STEP][PASSED] - deskripsi = getText(findTestObject("Products/deskripsi")): Text of object 'Object Repository/Products/deskripsi' is: 'carry.allTheThings() with the sleek, streamlined Sly Pack that melds uncompromising style with unequaled laptop and tablet protection.'

2023-08-31 10:28:51 - [MESSAGE][PASSED] - Text of object 'Object Repository/Products/deskripsi' is: 'carry.allTheThings() with the sleek, streamlined Sly Pack that melds uncompromising style with unequaled laptop and tablet protection.'

2023-08-31 10:28:51 - [TEST_STEP][PASSED] - price = getText(findTestObject("Products/harga produk 1")): Text of object 'Object Repository/Products/harga produk 1' is: '$29.99'

2023-08-31 10:28:51 - [MESSAGE][PASSED] - Text of object 'Object Repository/Products/harga produk 1' is: '$29.99'

2023-08-31 10:28:51 - [TEST_STEP][PASSED] - assert trim().equalsIgnoreCase(produkName.trim()): null

2023-08-31 10:28:51 - [TEST_STEP][PASSED] - assert trim().equalsIgnoreCase(deskripsi.trim()): null

2023-08-31 10:28:51 - [TEST_STEP][PASSED] - assert trim().equalsIgnoreCase(price.trim()): null

2023-08-31 10:28:51 - [TEST_STEP][PASSED] - dataProduk = new java.util.HashMap(): null

2023-08-31 10:28:51 - [TEST_STEP][PASSED] - dataProduk.put("namaProduk", namaProduk): null

2023-08-31 10:28:51 - [TEST_STEP][PASSED] - dataProduk.put("deskripsi", deskripsi): null

2023-08-31 10:28:51 - [TEST_STEP][PASSED] - dataProduk.put("price", price): null

2023-08-31 10:28:51 - [TEST_STEP][PASSED] - return dataProduk: null

2023-08-31 10:28:51 - [MESSAGE][PASSED] - Call Test Case 'Test Cases/2. Products/TC-Product-AddCart-001' successfully

2023-08-31 10:28:51 - [TEST_STEP][PASSED] - produk = dataProduk.get("namaProduk"): null

2023-08-31 10:28:51 - [TEST_STEP][PASSED] - Deskripsi = dataProduk.get("deskripsi"): null

2023-08-31 10:28:51 - [TEST_STEP][PASSED] - price = dataProduk.get("price"): null

2023-08-31 10:28:51 - [TEST_STEP][PASSED] - click(findTestObject("keranjang/keranjang belanja")): Object: 'Object Repository/keranjang/keranjang belanja' is clicked on

2023-08-31 10:28:52 - [MESSAGE][PASSED] - Object: 'Object Repository/keranjang/keranjang belanja' is clicked on

2023-08-31 10:28:52 - [TEST_STEP][PASSED] - verifyElementPresent(findTestObject("keranjang/div_Your Cart"), 0): Object 'Object Repository/keranjang/div_Your Cart' is present

2023-08-31 10:28:52 - [MESSAGE][WARNING] - Timeout '0' is invalid. Using default page load timeout: '30'

2023-08-31 10:28:52 - [MESSAGE][PASSED] - Object 'Object Repository/keranjang/div_Your Cart' is present

2023-08-31 10:28:52 - [TEST_STEP][PASSED] - namaProduk = getText(findTestObject("Object Repository/keranjang/nama produk")): Text of object 'Object Repository/keranjang/nama produk' is: 'Sauce Labs Backpack'

2023-08-31 10:28:53 - [MESSAGE][PASSED] - Text of object 'Object Repository/keranjang/nama produk' is: 'Sauce Labs Backpack'

2023-08-31 10:28:53 - [TEST_STEP][PASSED] - deskripsi = getText(findTestObject("Object Repository/keranjang/deskripsi")): Text of object 'Object Repository/keranjang/deskripsi' is: 'carry.allTheThings() with the sleek, streamlined Sly Pack that melds uncompromising style with unequaled laptop and tablet protection.'

2023-08-31 10:28:53 - [MESSAGE][PASSED] - Text of object 'Object Repository/keranjang/deskripsi' is: 'carry.allTheThings() with the sleek, streamlined Sly Pack that melds uncompromising style with unequaled laptop and tablet protection.'

2023-08-31 10:28:53 - [TEST_STEP][PASSED] - harga = getText(findTestObject("Object Repository/keranjang/harga")): Text of object 'Object Repository/keranjang/harga' is: '$29.99'

2023-08-31 10:28:53 - [MESSAGE][PASSED] - Text of object 'Object Repository/keranjang/harga' is: '$29.99'

2023-08-31 10:28:53 - [TEST_STEP][PASSED] - assert trim().equalsIgnoreCase(produk.trim()): null

2023-08-31 10:28:53 - [TEST_STEP][PASSED] - assert trim().equalsIgnoreCase(Deskripsi.trim()): null

2023-08-31 10:28:53 - [TEST_STEP][PASSED] - assert trim().equalsIgnoreCase(price.trim()): null

2023-08-31 10:28:53 - [TEST_STEP][PASSED] - dataKeranjang = new java.util.HashMap(): null

2023-08-31 10:28:53 - [TEST_STEP][PASSED] - dataKeranjang.put("namaProduk", namaProduk): null

2023-08-31 10:28:53 - [TEST_STEP][PASSED] - dataKeranjang.put("deskripsi", deskripsi): null

2023-08-31 10:28:53 - [TEST_STEP][PASSED] - dataKeranjang.put("harga", harga): null

2023-08-31 10:28:53 - [TEST_STEP][PASSED] - return dataKeranjang: null

2023-08-31 10:28:53 - [MESSAGE][PASSED] - Call Test Case 'Test Cases/4. keranjang/TC-Cart-Show-002' successfully

2023-08-31 10:28:53 - [TEST_STEP][PASSED] - click(findTestObject("keranjang/button_Remove")): Object: 'Object Repository/keranjang/button_Remove' is clicked on

2023-08-31 10:28:54 - [MESSAGE][PASSED] - Object: 'Object Repository/keranjang/button_Remove' is clicked on

2023-08-31 10:28:54 - [TEST_STEP][FAILED] - verifyElementPresent(findTestObject("keranjang/jumlah di keranjang"), 5): Unable to verify object 'Object Repository/keranjang/jumlah di keranjang' is present (Root cause: com.kms.katalon.core.exception.StepFailedException: Unable to verify object 'Object Repository/keranjang/jumlah di keranjang' is present
	at com.kms.katalon.core.webui.keyword.internal.WebUIKeywordMain.stepFailed(WebUIKeywordMain.groovy:64)
	at com.kms.katalon.core.webui.keyword.internal.WebUIKeywordMain.runKeyword(WebUIKeywordMain.groovy:26)
	at com.kms.katalon.core.webui.keyword.builtin.VerifyElementPresentKeyword.verifyElementPresent(VerifyElementPresentKeyword.groovy:92)
	at com.kms.katalon.core.webui.keyword.builtin.VerifyElementPresentKeyword.execute(VerifyElementPresentKeyword.groovy:68)
	at com.kms.katalon.core.keyword.internal.KeywordExecutor.executeKeywordForPlatform(KeywordExecutor.groovy:74)
	at com.kms.katalon.core.webui.keyword.WebUiBuiltInKeywords.verifyElementPresent(WebUiBuiltInKeywords.groovy:1464)
	at com.kms.katalon.core.webui.keyword.WebUiBuiltInKeywords$verifyElementPresent$1.call(Unknown Source)
	at TC-Cart-Remove-001.run(TC-Cart-Remove-001:24)
	at com.kms.katalon.core.main.ScriptEngine.run(ScriptEngine.java:194)
	at com.kms.katalon.core.main.ScriptEngine.runScriptAsRawText(ScriptEngine.java:119)
	at com.kms.katalon.core.main.TestCaseExecutor.runScript(TestCaseExecutor.java:448)
	at com.kms.katalon.core.main.TestCaseExecutor.doExecute(TestCaseExecutor.java:439)
	at com.kms.katalon.core.main.TestCaseExecutor.processExecutionPhase(TestCaseExecutor.java:418)
	at com.kms.katalon.core.main.TestCaseExecutor.accessMainPhase(TestCaseExecutor.java:410)
	at com.kms.katalon.core.main.TestCaseExecutor.execute(TestCaseExecutor.java:285)
	at com.kms.katalon.core.main.TestCaseExecutor.execute(TestCaseExecutor.java:369)
	at com.kms.katalon.core.main.TestCaseExecutor.execute(TestCaseExecutor.java:369)
	at com.kms.katalon.core.main.TestCaseExecutor.execute(TestCaseExecutor.java:369)
	at com.kms.katalon.core.common.CommonExecutor.accessTestCaseMainPhase(CommonExecutor.java:65)
	at com.kms.katalon.core.main.TestSuiteExecutor.accessTestSuiteMainPhase(TestSuiteExecutor.java:148)
	at com.kms.katalon.core.main.TestSuiteExecutor.execute(TestSuiteExecutor.java:106)
	at com.kms.katalon.core.main.TestCaseMain.startTestSuite(TestCaseMain.java:187)
	at com.kms.katalon.core.main.TestCaseMain$startTestSuite$0.call(Unknown Source)
	at TempTestSuite1693452099201.run(TempTestSuite1693452099201.groovy:36)
Caused by: com.kms.katalon.core.exception.StepFailedException: com.kms.katalon.core.webui.exception.WebElementNotFoundException: Web element with id: 'Object Repository/keranjang/jumlah di keranjang' located by '//div[@id='shopping_cart_container']/a/span' not found
	at com.kms.katalon.core.webui.keyword.internal.WebUIKeywordMain.stepFailed(WebUIKeywordMain.groovy:64)
	at com.kms.katalon.core.webui.keyword.builtin.VerifyElementPresentKeyword$_verifyElementPresent_closure1.doCall(VerifyElementPresentKeyword.groovy:85)
	at com.kms.katalon.core.webui.keyword.builtin.VerifyElementPresentKeyword$_verifyElementPresent_closure1.call(VerifyElementPresentKeyword.groovy)
	at com.kms.katalon.core.webui.keyword.internal.WebUIKeywordMain.runKeyword(WebUIKeywordMain.groovy:20)
	... 22 more
)

2023-08-31 10:29:00 - [MESSAGE][INFO] - Unable to find the element located by 'By.xpath: //div[@id='shopping_cart_container']/a/span'. Please recheck the objects properties to make sure the desired element is located. 

2023-08-31 10:29:00 - [MESSAGE][FAILED] - com.kms.katalon.core.webui.exception.WebElementNotFoundException: Web element with id: 'Object Repository/keranjang/jumlah di keranjang' located by '//div[@id='shopping_cart_container']/a/span' not found (Root cause: com.kms.katalon.core.exception.StepFailedException: com.kms.katalon.core.webui.exception.WebElementNotFoundException: Web element with id: 'Object Repository/keranjang/jumlah di keranjang' located by '//div[@id='shopping_cart_container']/a/span' not found
	at com.kms.katalon.core.webui.keyword.internal.WebUIKeywordMain.stepFailed(WebUIKeywordMain.groovy:64)
	at com.kms.katalon.core.webui.keyword.builtin.VerifyElementPresentKeyword$_verifyElementPresent_closure1.doCall(VerifyElementPresentKeyword.groovy:85)
	at com.kms.katalon.core.webui.keyword.builtin.VerifyElementPresentKeyword$_verifyElementPresent_closure1.call(VerifyElementPresentKeyword.groovy)
	at com.kms.katalon.core.webui.keyword.internal.WebUIKeywordMain.runKeyword(WebUIKeywordMain.groovy:20)
	at com.kms.katalon.core.webui.keyword.builtin.VerifyElementPresentKeyword.verifyElementPresent(VerifyElementPresentKeyword.groovy:92)
	at com.kms.katalon.core.webui.keyword.builtin.VerifyElementPresentKeyword.execute(VerifyElementPresentKeyword.groovy:68)
	at com.kms.katalon.core.keyword.internal.KeywordExecutor.executeKeywordForPlatform(KeywordExecutor.groovy:74)
	at com.kms.katalon.core.webui.keyword.WebUiBuiltInKeywords.verifyElementPresent(WebUiBuiltInKeywords.groovy:1464)
	at com.kms.katalon.core.webui.keyword.WebUiBuiltInKeywords$verifyElementPresent$1.call(Unknown Source)
	at TC-Cart-Remove-001.run(TC-Cart-Remove-001:24)
	at com.kms.katalon.core.main.ScriptEngine.run(ScriptEngine.java:194)
	at com.kms.katalon.core.main.ScriptEngine.runScriptAsRawText(ScriptEngine.java:119)
	at com.kms.katalon.core.main.TestCaseExecutor.runScript(TestCaseExecutor.java:448)
	at com.kms.katalon.core.main.TestCaseExecutor.doExecute(TestCaseExecutor.java:439)
	at com.kms.katalon.core.main.TestCaseExecutor.processExecutionPhase(TestCaseExecutor.java:418)
	at com.kms.katalon.core.main.TestCaseExecutor.accessMainPhase(TestCaseExecutor.java:410)
	at com.kms.katalon.core.main.TestCaseExecutor.execute(TestCaseExecutor.java:285)
	at com.kms.katalon.core.main.TestCaseExecutor.execute(TestCaseExecutor.java:369)
	at com.kms.katalon.core.main.TestCaseExecutor.execute(TestCaseExecutor.java:369)
	at com.kms.katalon.core.main.TestCaseExecutor.execute(TestCaseExecutor.java:369)
	at com.kms.katalon.core.common.CommonExecutor.accessTestCaseMainPhase(CommonExecutor.java:65)
	at com.kms.katalon.core.main.TestSuiteExecutor.accessTestSuiteMainPhase(TestSuiteExecutor.java:148)
	at com.kms.katalon.core.main.TestSuiteExecutor.execute(TestSuiteExecutor.java:106)
	at com.kms.katalon.core.main.TestCaseMain.startTestSuite(TestCaseMain.java:187)
	at com.kms.katalon.core.main.TestCaseMain$startTestSuite$0.call(Unknown Source)
	at TempTestSuite1693452099201.run(TempTestSuite1693452099201.groovy:36)
)
[[ATTACHMENT|F:\\bootcamp\\batch-324-qa\\Ika\\Sauce demo\\Reports\\20230831_102139\\test Sauce Demo\\20230831_102139\\1693452540343.png]]

2023-08-31 10:29:00 - [MESSAGE][FAILED] - Unable to verify object 'Object Repository/keranjang/jumlah di keranjang' is present (Root cause: com.kms.katalon.core.exception.StepFailedException: Unable to verify object 'Object Repository/keranjang/jumlah di keranjang' is present
	at com.kms.katalon.core.webui.keyword.internal.WebUIKeywordMain.stepFailed(WebUIKeywordMain.groovy:64)
	at com.kms.katalon.core.webui.keyword.internal.WebUIKeywordMain.runKeyword(WebUIKeywordMain.groovy:26)
	at com.kms.katalon.core.webui.keyword.builtin.VerifyElementPresentKeyword.verifyElementPresent(VerifyElementPresentKeyword.groovy:92)
	at com.kms.katalon.core.webui.keyword.builtin.VerifyElementPresentKeyword.execute(VerifyElementPresentKeyword.groovy:68)
	at com.kms.katalon.core.keyword.internal.KeywordExecutor.executeKeywordForPlatform(KeywordExecutor.groovy:74)
	at com.kms.katalon.core.webui.keyword.WebUiBuiltInKeywords.verifyElementPresent(WebUiBuiltInKeywords.groovy:1464)
	at com.kms.katalon.core.webui.keyword.WebUiBuiltInKeywords$verifyElementPresent$1.call(Unknown Source)
	at TC-Cart-Remove-001.run(TC-Cart-Remove-001:24)
	at com.kms.katalon.core.main.ScriptEngine.run(ScriptEngine.java:194)
	at com.kms.katalon.core.main.ScriptEngine.runScriptAsRawText(ScriptEngine.java:119)
	at com.kms.katalon.core.main.TestCaseExecutor.runScript(TestCaseExecutor.java:448)
	at com.kms.katalon.core.main.TestCaseExecutor.doExecute(TestCaseExecutor.java:439)
	at com.kms.katalon.core.main.TestCaseExecutor.processExecutionPhase(TestCaseExecutor.java:418)
	at com.kms.katalon.core.main.TestCaseExecutor.accessMainPhase(TestCaseExecutor.java:410)
	at com.kms.katalon.core.main.TestCaseExecutor.execute(TestCaseExecutor.java:285)
	at com.kms.katalon.core.main.TestCaseExecutor.execute(TestCaseExecutor.java:369)
	at com.kms.katalon.core.main.TestCaseExecutor.execute(TestCaseExecutor.java:369)
	at com.kms.katalon.core.main.TestCaseExecutor.execute(TestCaseExecutor.java:369)
	at com.kms.katalon.core.common.CommonExecutor.accessTestCaseMainPhase(CommonExecutor.java:65)
	at com.kms.katalon.core.main.TestSuiteExecutor.accessTestSuiteMainPhase(TestSuiteExecutor.java:148)
	at com.kms.katalon.core.main.TestSuiteExecutor.execute(TestSuiteExecutor.java:106)
	at com.kms.katalon.core.main.TestCaseMain.startTestSuite(TestCaseMain.java:187)
	at com.kms.katalon.core.main.TestCaseMain$startTestSuite$0.call(Unknown Source)
	at TempTestSuite1693452099201.run(TempTestSuite1693452099201.groovy:36)
Caused by: com.kms.katalon.core.exception.StepFailedException: com.kms.katalon.core.webui.exception.WebElementNotFoundException: Web element with id: 'Object Repository/keranjang/jumlah di keranjang' located by '//div[@id='shopping_cart_container']/a/span' not found
	at com.kms.katalon.core.webui.keyword.internal.WebUIKeywordMain.stepFailed(WebUIKeywordMain.groovy:64)
	at com.kms.katalon.core.webui.keyword.builtin.VerifyElementPresentKeyword$_verifyElementPresent_closure1.doCall(VerifyElementPresentKeyword.groovy:85)
	at com.kms.katalon.core.webui.keyword.builtin.VerifyElementPresentKeyword$_verifyElementPresent_closure1.call(VerifyElementPresentKeyword.groovy)
	at com.kms.katalon.core.webui.keyword.internal.WebUIKeywordMain.runKeyword(WebUIKeywordMain.groovy:20)
	... 22 more
)
[[ATTACHMENT|F:\\bootcamp\\batch-324-qa\\Ika\\Sauce demo\\Reports\\20230831_102139\\test Sauce Demo\\20230831_102139\\1693452540598.png]]]]></system-out>
         <system-err><![CDATA[2023-08-31 10:28:40 - [TEST_CASE][FAILED] - Test Cases/4. keranjang/TC-Cart-Remove-001: Test Cases/4. keranjang/TC-Cart-Remove-001 FAILED.
Reason:
com.kms.katalon.core.exception.StepFailedException: Unable to verify object 'Object Repository/keranjang/jumlah di keranjang' is present
	at com.kms.katalon.core.webui.keyword.internal.WebUIKeywordMain.stepFailed(WebUIKeywordMain.groovy:64)
	at com.kms.katalon.core.webui.keyword.internal.WebUIKeywordMain.runKeyword(WebUIKeywordMain.groovy:26)
	at com.kms.katalon.core.webui.keyword.builtin.VerifyElementPresentKeyword.verifyElementPresent(VerifyElementPresentKeyword.groovy:92)
	at com.kms.katalon.core.webui.keyword.builtin.VerifyElementPresentKeyword.execute(VerifyElementPresentKeyword.groovy:68)
	at com.kms.katalon.core.keyword.internal.KeywordExecutor.executeKeywordForPlatform(KeywordExecutor.groovy:74)
	at com.kms.katalon.core.webui.keyword.WebUiBuiltInKeywords.verifyElementPresent(WebUiBuiltInKeywords.groovy:1464)
	at com.kms.katalon.core.webui.keyword.WebUiBuiltInKeywords$verifyElementPresent$1.call(Unknown Source)
	at TC-Cart-Remove-001.run(TC-Cart-Remove-001:24)
	at com.kms.katalon.core.main.ScriptEngine.run(ScriptEngine.java:194)
	at com.kms.katalon.core.main.ScriptEngine.runScriptAsRawText(ScriptEngine.java:119)
	at com.kms.katalon.core.main.TestCaseExecutor.runScript(TestCaseExecutor.java:448)
	at com.kms.katalon.core.main.TestCaseExecutor.doExecute(TestCaseExecutor.java:439)
	at com.kms.katalon.core.main.TestCaseExecutor.processExecutionPhase(TestCaseExecutor.java:418)
	at com.kms.katalon.core.main.TestCaseExecutor.accessMainPhase(TestCaseExecutor.java:410)
	at com.kms.katalon.core.main.TestCaseExecutor.execute(TestCaseExecutor.java:285)
	at com.kms.katalon.core.main.TestCaseExecutor.execute(TestCaseExecutor.java:369)
	at com.kms.katalon.core.main.TestCaseExecutor.execute(TestCaseExecutor.java:369)
	at com.kms.katalon.core.main.TestCaseExecutor.execute(TestCaseExecutor.java:369)
	at com.kms.katalon.core.common.CommonExecutor.accessTestCaseMainPhase(CommonExecutor.java:65)
	at com.kms.katalon.core.main.TestSuiteExecutor.accessTestSuiteMainPhase(TestSuiteExecutor.java:148)
	at com.kms.katalon.core.main.TestSuiteExecutor.execute(TestSuiteExecutor.java:106)
	at com.kms.katalon.core.main.TestCaseMain.startTestSuite(TestCaseMain.java:187)
	at com.kms.katalon.core.main.TestCaseMain$startTestSuite$0.call(Unknown Source)
	at TempTestSuite1693452099201.run(TempTestSuite1693452099201.groovy:36)
Caused by: com.kms.katalon.core.exception.StepFailedException: com.kms.katalon.core.webui.exception.WebElementNotFoundException: Web element with id: 'Object Repository/keranjang/jumlah di keranjang' located by '//div[@id='shopping_cart_container']/a/span' not found
	at com.kms.katalon.core.webui.keyword.internal.WebUIKeywordMain.stepFailed(WebUIKeywordMain.groovy:64)
	at com.kms.katalon.core.webui.keyword.builtin.VerifyElementPresentKeyword$_verifyElementPresent_closure1.doCall(VerifyElementPresentKeyword.groovy:85)
	at com.kms.katalon.core.webui.keyword.builtin.VerifyElementPresentKeyword$_verifyElementPresent_closure1.call(VerifyElementPresentKeyword.groovy)
	at com.kms.katalon.core.webui.keyword.internal.WebUIKeywordMain.runKeyword(WebUIKeywordMain.groovy:20)
	... 22 more]]></system-err>
      </testcase>
      <testcase name="Test Cases/4. keranjang/TC-Cart-Nav-001" time="15.972" classname="Test Cases/4. keranjang/TC-Cart-Nav-001" status="PASSED">
         <system-out><![CDATA[2023-08-31 10:29:00 - [TEST_CASE][PASSED] - Test Cases/4. keranjang/TC-Cart-Nav-001: Test Cases/4. keranjang/TC-Cart-Nav-001

2023-08-31 10:29:01 - [TEST_STEP][PASSED] - callTestCase(findTestCase("4. keranjang/TC-Cart-Show-002"), [:], STOP_ON_FAILURE): Call Test Case 'Test Cases/4. keranjang/TC-Cart-Show-002' successfully

2023-08-31 10:29:01 - [TEST_CASE][PASSED] - Test Cases/4. keranjang/TC-Cart-Show-002: Test Cases/4. keranjang/TC-Cart-Show-002

2023-08-31 10:29:01 - [TEST_STEP][PASSED] - dataProduk = callTestCase(findTestCase("2. Products/TC-Product-AddCart-001"), [:], STOP_ON_FAILURE): Call Test Case 'Test Cases/2. Products/TC-Product-AddCart-001' successfully

2023-08-31 10:29:01 - [TEST_CASE][PASSED] - Test Cases/2. Products/TC-Product-AddCart-001: Test Cases/2. Products/TC-Product-AddCart-001

2023-08-31 10:29:01 - [TEST_STEP][PASSED] - callTestCase(findTestCase("2. Products/TC-Product-Show-001"), [:], STOP_ON_FAILURE): Call Test Case 'Test Cases/2. Products/TC-Product-Show-001' successfully

2023-08-31 10:29:01 - [TEST_CASE][PASSED] - Test Cases/2. Products/TC-Product-Show-001: Test Cases/2. Products/TC-Product-Show-001

2023-08-31 10:29:01 - [TEST_STEP][PASSED] - callTestCase(findTestCase("1. login/TC-Login-Success-001"), [:], STOP_ON_FAILURE): Call Test Case 'Test Cases/1. login/TC-Login-Success-001' successfully

2023-08-31 10:29:01 - [TEST_CASE][PASSED] - Test Cases/1. login/TC-Login-Success-001: Test Cases/1. login/TC-Login-Success-001

2023-08-31 10:29:01 - [TEST_STEP][PASSED] - openBrowser(web): Browser is opened with url: 'https://www.saucedemo.com/inventory.html'

2023-08-31 10:29:01 - [MESSAGE][WARNING] - A browser is already opened. Closing browser and opening a new one

2023-08-31 10:29:02 - [MESSAGE][INFO] - Starting 'Edge Chromium' driver

2023-08-31 10:29:04 - [MESSAGE][INFO] - Action delay is set to 0 milliseconds

2023-08-31 10:29:07 - [MESSAGE][PASSED] - Browser is opened with url: 'https://www.saucedemo.com/inventory.html'

2023-08-31 10:29:07 - [TEST_STEP][PASSED] - maximizeWindow(): Current window maximized

2023-08-31 10:29:07 - [MESSAGE][PASSED] - Current window maximized

2023-08-31 10:29:07 - [TEST_STEP][PASSED] - verifyElementPresent(findTestObject("1. Login/halaman home swag labs"), 0): Object 'Object Repository/1. Login/halaman home swag labs' is present

2023-08-31 10:29:07 - [MESSAGE][WARNING] - Timeout '0' is invalid. Using default page load timeout: '30'

2023-08-31 10:29:07 - [MESSAGE][PASSED] - Object 'Object Repository/1. Login/halaman home swag labs' is present

2023-08-31 10:29:07 - [TEST_STEP][PASSED] - setText(findTestObject("1. Login/input username"), username): Text 'standard_user' is set on object 'Object Repository/1. Login/input username'

2023-08-31 10:29:09 - [MESSAGE][PASSED] - Text 'standard_user' is set on object 'Object Repository/1. Login/input username'

2023-08-31 10:29:09 - [TEST_STEP][PASSED] - setEncryptedText(findTestObject("1. Login/input password"), password): Text ****** has been set on object 'Object Repository/1. Login/input password'

2023-08-31 10:29:09 - [MESSAGE][PASSED] - Text ****** has been set on object 'Object Repository/1. Login/input password'

2023-08-31 10:29:09 - [TEST_STEP][PASSED] - click(findTestObject("1. Login/button Login")): Object: 'Object Repository/1. Login/button Login' is clicked on

2023-08-31 10:29:10 - [MESSAGE][PASSED] - Object: 'Object Repository/1. Login/button Login' is clicked on

2023-08-31 10:29:10 - [TEST_STEP][PASSED] - verifyElementText(findTestObject("1. Login/home product atau halaman Swag Labs"), "Swag Labs"): Actual text and expected text of test object 'Object Repository/1. Login/home product atau halaman Swag Labs' are matched.

2023-08-31 10:29:10 - [MESSAGE][PASSED] - Actual text and expected text of test object 'Object Repository/1. Login/home product atau halaman Swag Labs' are matched.

2023-08-31 10:29:10 - [MESSAGE][PASSED] - Call Test Case 'Test Cases/1. login/TC-Login-Success-001' successfully

2023-08-31 10:29:10 - [MESSAGE][PASSED] - Call Test Case 'Test Cases/2. Products/TC-Product-Show-001' successfully

2023-08-31 10:29:10 - [TEST_STEP][PASSED] - click(findTestObject("Products/button_Add to cart 1")): Object: 'Object Repository/Products/button_Add to cart 1' is clicked on

2023-08-31 10:29:11 - [MESSAGE][PASSED] - Object: 'Object Repository/Products/button_Add to cart 1' is clicked on

2023-08-31 10:29:11 - [TEST_STEP][PASSED] - verifyElementPresent(findTestObject("Object Repository/Products/button_Remove"), 0): Object 'Object Repository/Products/button_Remove' is present

2023-08-31 10:29:11 - [MESSAGE][WARNING] - Timeout '0' is invalid. Using default page load timeout: '30'

2023-08-31 10:29:11 - [MESSAGE][PASSED] - Object 'Object Repository/Products/button_Remove' is present

2023-08-31 10:29:11 - [TEST_STEP][PASSED] - verifyElementPresent(findTestObject("Products/shopping cart 1"), 0): Object 'Object Repository/Products/shopping cart 1' is present

2023-08-31 10:29:12 - [MESSAGE][WARNING] - Timeout '0' is invalid. Using default page load timeout: '30'

2023-08-31 10:29:12 - [MESSAGE][PASSED] - Object 'Object Repository/Products/shopping cart 1' is present

2023-08-31 10:29:12 - [TEST_STEP][PASSED] - badge = getText(findTestObject("Object Repository/Products/angka di keranjang")): Text of object 'Object Repository/Products/angka di keranjang' is: '1'

2023-08-31 10:29:12 - [MESSAGE][PASSED] - Text of object 'Object Repository/Products/angka di keranjang' is: '1'

2023-08-31 10:29:12 - [TEST_STEP][PASSED] - assert badge == "1": null

2023-08-31 10:29:12 - [TEST_STEP][PASSED] - namaProduk = getText(findTestObject("Products/div_Sauce Labs Backpack")): Text of object 'Object Repository/Products/div_Sauce Labs Backpack' is: 'Sauce Labs Backpack'

2023-08-31 10:29:13 - [MESSAGE][PASSED] - Text of object 'Object Repository/Products/div_Sauce Labs Backpack' is: 'Sauce Labs Backpack'

2023-08-31 10:29:13 - [TEST_STEP][PASSED] - deskripsi = getText(findTestObject("Products/deskripsi")): Text of object 'Object Repository/Products/deskripsi' is: 'carry.allTheThings() with the sleek, streamlined Sly Pack that melds uncompromising style with unequaled laptop and tablet protection.'

2023-08-31 10:29:13 - [MESSAGE][PASSED] - Text of object 'Object Repository/Products/deskripsi' is: 'carry.allTheThings() with the sleek, streamlined Sly Pack that melds uncompromising style with unequaled laptop and tablet protection.'

2023-08-31 10:29:13 - [TEST_STEP][PASSED] - price = getText(findTestObject("Products/harga produk 1")): Text of object 'Object Repository/Products/harga produk 1' is: '$29.99'

2023-08-31 10:29:13 - [MESSAGE][PASSED] - Text of object 'Object Repository/Products/harga produk 1' is: '$29.99'

2023-08-31 10:29:13 - [TEST_STEP][PASSED] - assert trim().equalsIgnoreCase(produkName.trim()): null

2023-08-31 10:29:13 - [TEST_STEP][PASSED] - assert trim().equalsIgnoreCase(deskripsi.trim()): null

2023-08-31 10:29:13 - [TEST_STEP][PASSED] - assert trim().equalsIgnoreCase(price.trim()): null

2023-08-31 10:29:13 - [TEST_STEP][PASSED] - dataProduk = new java.util.HashMap(): null

2023-08-31 10:29:13 - [TEST_STEP][PASSED] - dataProduk.put("namaProduk", namaProduk): null

2023-08-31 10:29:13 - [TEST_STEP][PASSED] - dataProduk.put("deskripsi", deskripsi): null

2023-08-31 10:29:13 - [TEST_STEP][PASSED] - dataProduk.put("price", price): null

2023-08-31 10:29:13 - [TEST_STEP][PASSED] - return dataProduk: null

2023-08-31 10:29:13 - [MESSAGE][PASSED] - Call Test Case 'Test Cases/2. Products/TC-Product-AddCart-001' successfully

2023-08-31 10:29:13 - [TEST_STEP][PASSED] - produk = dataProduk.get("namaProduk"): null

2023-08-31 10:29:13 - [TEST_STEP][PASSED] - Deskripsi = dataProduk.get("deskripsi"): null

2023-08-31 10:29:13 - [TEST_STEP][PASSED] - price = dataProduk.get("price"): null

2023-08-31 10:29:13 - [TEST_STEP][PASSED] - click(findTestObject("keranjang/keranjang belanja")): Object: 'Object Repository/keranjang/keranjang belanja' is clicked on

2023-08-31 10:29:14 - [MESSAGE][PASSED] - Object: 'Object Repository/keranjang/keranjang belanja' is clicked on

2023-08-31 10:29:14 - [TEST_STEP][PASSED] - verifyElementPresent(findTestObject("keranjang/div_Your Cart"), 0): Object 'Object Repository/keranjang/div_Your Cart' is present

2023-08-31 10:29:14 - [MESSAGE][WARNING] - Timeout '0' is invalid. Using default page load timeout: '30'

2023-08-31 10:29:14 - [MESSAGE][PASSED] - Object 'Object Repository/keranjang/div_Your Cart' is present

2023-08-31 10:29:14 - [TEST_STEP][PASSED] - namaProduk = getText(findTestObject("Object Repository/keranjang/nama produk")): Text of object 'Object Repository/keranjang/nama produk' is: 'Sauce Labs Backpack'

2023-08-31 10:29:15 - [MESSAGE][PASSED] - Text of object 'Object Repository/keranjang/nama produk' is: 'Sauce Labs Backpack'

2023-08-31 10:29:15 - [TEST_STEP][PASSED] - deskripsi = getText(findTestObject("Object Repository/keranjang/deskripsi")): Text of object 'Object Repository/keranjang/deskripsi' is: 'carry.allTheThings() with the sleek, streamlined Sly Pack that melds uncompromising style with unequaled laptop and tablet protection.'

2023-08-31 10:29:15 - [MESSAGE][PASSED] - Text of object 'Object Repository/keranjang/deskripsi' is: 'carry.allTheThings() with the sleek, streamlined Sly Pack that melds uncompromising style with unequaled laptop and tablet protection.'

2023-08-31 10:29:15 - [TEST_STEP][PASSED] - harga = getText(findTestObject("Object Repository/keranjang/harga")): Text of object 'Object Repository/keranjang/harga' is: '$29.99'

2023-08-31 10:29:15 - [MESSAGE][PASSED] - Text of object 'Object Repository/keranjang/harga' is: '$29.99'

2023-08-31 10:29:15 - [TEST_STEP][PASSED] - assert trim().equalsIgnoreCase(produk.trim()): null

2023-08-31 10:29:15 - [TEST_STEP][PASSED] - assert trim().equalsIgnoreCase(Deskripsi.trim()): null

2023-08-31 10:29:15 - [TEST_STEP][PASSED] - assert trim().equalsIgnoreCase(price.trim()): null

2023-08-31 10:29:15 - [TEST_STEP][PASSED] - dataKeranjang = new java.util.HashMap(): null

2023-08-31 10:29:15 - [TEST_STEP][PASSED] - dataKeranjang.put("namaProduk", namaProduk): null

2023-08-31 10:29:15 - [TEST_STEP][PASSED] - dataKeranjang.put("deskripsi", deskripsi): null

2023-08-31 10:29:15 - [TEST_STEP][PASSED] - dataKeranjang.put("harga", harga): null

2023-08-31 10:29:15 - [TEST_STEP][PASSED] - return dataKeranjang: null

2023-08-31 10:29:15 - [MESSAGE][PASSED] - Call Test Case 'Test Cases/4. keranjang/TC-Cart-Show-002' successfully

2023-08-31 10:29:15 - [TEST_STEP][PASSED] - click(findTestObject("keranjang/button_Continue Shopping")): Object: 'Object Repository/keranjang/button_Continue Shopping' is clicked on

2023-08-31 10:29:16 - [MESSAGE][PASSED] - Object: 'Object Repository/keranjang/button_Continue Shopping' is clicked on

2023-08-31 10:29:16 - [TEST_STEP][PASSED] - verifyElementPresent(findTestObject("1. Login/home product atau halaman Swag Labs"), 0): Object 'Object Repository/1. Login/home product atau halaman Swag Labs' is present

2023-08-31 10:29:16 - [MESSAGE][WARNING] - Timeout '0' is invalid. Using default page load timeout: '30'

2023-08-31 10:29:16 - [MESSAGE][PASSED] - Object 'Object Repository/1. Login/home product atau halaman Swag Labs' is present]]></system-out>
         <system-err><![CDATA[]]></system-err>
      </testcase>
      <testcase name="Test Cases/4. keranjang/TC-Cart-Nav-002" time="18.221" classname="Test Cases/4. keranjang/TC-Cart-Nav-002" status="PASSED">
         <system-out><![CDATA[2023-08-31 10:29:16 - [TEST_CASE][PASSED] - Test Cases/4. keranjang/TC-Cart-Nav-002: Test Cases/4. keranjang/TC-Cart-Nav-002

2023-08-31 10:29:17 - [TEST_STEP][PASSED] - callTestCase(findTestCase("4. keranjang/TC-Cart-Show-002"), [:], STOP_ON_FAILURE): Call Test Case 'Test Cases/4. keranjang/TC-Cart-Show-002' successfully

2023-08-31 10:29:17 - [TEST_CASE][PASSED] - Test Cases/4. keranjang/TC-Cart-Show-002: Test Cases/4. keranjang/TC-Cart-Show-002

2023-08-31 10:29:17 - [TEST_STEP][PASSED] - dataProduk = callTestCase(findTestCase("2. Products/TC-Product-AddCart-001"), [:], STOP_ON_FAILURE): Call Test Case 'Test Cases/2. Products/TC-Product-AddCart-001' successfully

2023-08-31 10:29:17 - [TEST_CASE][PASSED] - Test Cases/2. Products/TC-Product-AddCart-001: Test Cases/2. Products/TC-Product-AddCart-001

2023-08-31 10:29:17 - [TEST_STEP][PASSED] - callTestCase(findTestCase("2. Products/TC-Product-Show-001"), [:], STOP_ON_FAILURE): Call Test Case 'Test Cases/2. Products/TC-Product-Show-001' successfully

2023-08-31 10:29:17 - [TEST_CASE][PASSED] - Test Cases/2. Products/TC-Product-Show-001: Test Cases/2. Products/TC-Product-Show-001

2023-08-31 10:29:17 - [TEST_STEP][PASSED] - callTestCase(findTestCase("1. login/TC-Login-Success-001"), [:], STOP_ON_FAILURE): Call Test Case 'Test Cases/1. login/TC-Login-Success-001' successfully

2023-08-31 10:29:17 - [TEST_CASE][PASSED] - Test Cases/1. login/TC-Login-Success-001: Test Cases/1. login/TC-Login-Success-001

2023-08-31 10:29:17 - [TEST_STEP][PASSED] - openBrowser(web): Browser is opened with url: 'https://www.saucedemo.com/inventory.html'

2023-08-31 10:29:17 - [MESSAGE][WARNING] - A browser is already opened. Closing browser and opening a new one

2023-08-31 10:29:18 - [MESSAGE][INFO] - Starting 'Edge Chromium' driver

2023-08-31 10:29:20 - [MESSAGE][INFO] - Action delay is set to 0 milliseconds

2023-08-31 10:29:23 - [MESSAGE][PASSED] - Browser is opened with url: 'https://www.saucedemo.com/inventory.html'

2023-08-31 10:29:23 - [TEST_STEP][PASSED] - maximizeWindow(): Current window maximized

2023-08-31 10:29:23 - [MESSAGE][PASSED] - Current window maximized

2023-08-31 10:29:23 - [TEST_STEP][PASSED] - verifyElementPresent(findTestObject("1. Login/halaman home swag labs"), 0): Object 'Object Repository/1. Login/halaman home swag labs' is present

2023-08-31 10:29:24 - [MESSAGE][WARNING] - Timeout '0' is invalid. Using default page load timeout: '30'

2023-08-31 10:29:24 - [MESSAGE][PASSED] - Object 'Object Repository/1. Login/halaman home swag labs' is present

2023-08-31 10:29:24 - [TEST_STEP][PASSED] - setText(findTestObject("1. Login/input username"), username): Text 'standard_user' is set on object 'Object Repository/1. Login/input username'

2023-08-31 10:29:25 - [MESSAGE][PASSED] - Text 'standard_user' is set on object 'Object Repository/1. Login/input username'

2023-08-31 10:29:25 - [TEST_STEP][PASSED] - setEncryptedText(findTestObject("1. Login/input password"), password): Text ****** has been set on object 'Object Repository/1. Login/input password'

2023-08-31 10:29:25 - [MESSAGE][PASSED] - Text ****** has been set on object 'Object Repository/1. Login/input password'

2023-08-31 10:29:25 - [TEST_STEP][PASSED] - click(findTestObject("1. Login/button Login")): Object: 'Object Repository/1. Login/button Login' is clicked on

2023-08-31 10:29:26 - [MESSAGE][PASSED] - Object: 'Object Repository/1. Login/button Login' is clicked on

2023-08-31 10:29:26 - [TEST_STEP][PASSED] - verifyElementText(findTestObject("1. Login/home product atau halaman Swag Labs"), "Swag Labs"): Actual text and expected text of test object 'Object Repository/1. Login/home product atau halaman Swag Labs' are matched.

2023-08-31 10:29:26 - [MESSAGE][PASSED] - Actual text and expected text of test object 'Object Repository/1. Login/home product atau halaman Swag Labs' are matched.

2023-08-31 10:29:26 - [MESSAGE][PASSED] - Call Test Case 'Test Cases/1. login/TC-Login-Success-001' successfully

2023-08-31 10:29:26 - [MESSAGE][PASSED] - Call Test Case 'Test Cases/2. Products/TC-Product-Show-001' successfully

2023-08-31 10:29:26 - [TEST_STEP][PASSED] - click(findTestObject("Products/button_Add to cart 1")): Object: 'Object Repository/Products/button_Add to cart 1' is clicked on

2023-08-31 10:29:27 - [MESSAGE][PASSED] - Object: 'Object Repository/Products/button_Add to cart 1' is clicked on

2023-08-31 10:29:27 - [TEST_STEP][PASSED] - verifyElementPresent(findTestObject("Object Repository/Products/button_Remove"), 0): Object 'Object Repository/Products/button_Remove' is present

2023-08-31 10:29:27 - [MESSAGE][WARNING] - Timeout '0' is invalid. Using default page load timeout: '30'

2023-08-31 10:29:27 - [MESSAGE][PASSED] - Object 'Object Repository/Products/button_Remove' is present

2023-08-31 10:29:27 - [TEST_STEP][PASSED] - verifyElementPresent(findTestObject("Products/shopping cart 1"), 0): Object 'Object Repository/Products/shopping cart 1' is present

2023-08-31 10:29:27 - [MESSAGE][WARNING] - Timeout '0' is invalid. Using default page load timeout: '30'

2023-08-31 10:29:28 - [MESSAGE][PASSED] - Object 'Object Repository/Products/shopping cart 1' is present

2023-08-31 10:29:28 - [TEST_STEP][PASSED] - badge = getText(findTestObject("Object Repository/Products/angka di keranjang")): Text of object 'Object Repository/Products/angka di keranjang' is: '1'

2023-08-31 10:29:28 - [MESSAGE][PASSED] - Text of object 'Object Repository/Products/angka di keranjang' is: '1'

2023-08-31 10:29:28 - [TEST_STEP][PASSED] - assert badge == "1": null

2023-08-31 10:29:28 - [TEST_STEP][PASSED] - namaProduk = getText(findTestObject("Products/div_Sauce Labs Backpack")): Text of object 'Object Repository/Products/div_Sauce Labs Backpack' is: 'Sauce Labs Backpack'

2023-08-31 10:29:29 - [MESSAGE][PASSED] - Text of object 'Object Repository/Products/div_Sauce Labs Backpack' is: 'Sauce Labs Backpack'

2023-08-31 10:29:29 - [TEST_STEP][PASSED] - deskripsi = getText(findTestObject("Products/deskripsi")): Text of object 'Object Repository/Products/deskripsi' is: 'carry.allTheThings() with the sleek, streamlined Sly Pack that melds uncompromising style with unequaled laptop and tablet protection.'

2023-08-31 10:29:29 - [MESSAGE][PASSED] - Text of object 'Object Repository/Products/deskripsi' is: 'carry.allTheThings() with the sleek, streamlined Sly Pack that melds uncompromising style with unequaled laptop and tablet protection.'

2023-08-31 10:29:29 - [TEST_STEP][PASSED] - price = getText(findTestObject("Products/harga produk 1")): Text of object 'Object Repository/Products/harga produk 1' is: '$29.99'

2023-08-31 10:29:29 - [MESSAGE][PASSED] - Text of object 'Object Repository/Products/harga produk 1' is: '$29.99'

2023-08-31 10:29:29 - [TEST_STEP][PASSED] - assert trim().equalsIgnoreCase(produkName.trim()): null

2023-08-31 10:29:29 - [TEST_STEP][PASSED] - assert trim().equalsIgnoreCase(deskripsi.trim()): null

2023-08-31 10:29:29 - [TEST_STEP][PASSED] - assert trim().equalsIgnoreCase(price.trim()): null

2023-08-31 10:29:29 - [TEST_STEP][PASSED] - dataProduk = new java.util.HashMap(): null

2023-08-31 10:29:29 - [TEST_STEP][PASSED] - dataProduk.put("namaProduk", namaProduk): null

2023-08-31 10:29:29 - [TEST_STEP][PASSED] - dataProduk.put("deskripsi", deskripsi): null

2023-08-31 10:29:29 - [TEST_STEP][PASSED] - dataProduk.put("price", price): null

2023-08-31 10:29:29 - [TEST_STEP][PASSED] - return dataProduk: null

2023-08-31 10:29:29 - [MESSAGE][PASSED] - Call Test Case 'Test Cases/2. Products/TC-Product-AddCart-001' successfully

2023-08-31 10:29:29 - [TEST_STEP][PASSED] - produk = dataProduk.get("namaProduk"): null

2023-08-31 10:29:29 - [TEST_STEP][PASSED] - Deskripsi = dataProduk.get("deskripsi"): null

2023-08-31 10:29:29 - [TEST_STEP][PASSED] - price = dataProduk.get("price"): null

2023-08-31 10:29:29 - [TEST_STEP][PASSED] - click(findTestObject("keranjang/keranjang belanja")): Object: 'Object Repository/keranjang/keranjang belanja' is clicked on

2023-08-31 10:29:30 - [MESSAGE][PASSED] - Object: 'Object Repository/keranjang/keranjang belanja' is clicked on

2023-08-31 10:29:30 - [TEST_STEP][PASSED] - verifyElementPresent(findTestObject("keranjang/div_Your Cart"), 0): Object 'Object Repository/keranjang/div_Your Cart' is present

2023-08-31 10:29:30 - [MESSAGE][WARNING] - Timeout '0' is invalid. Using default page load timeout: '30'

2023-08-31 10:29:30 - [MESSAGE][PASSED] - Object 'Object Repository/keranjang/div_Your Cart' is present

2023-08-31 10:29:30 - [TEST_STEP][PASSED] - namaProduk = getText(findTestObject("Object Repository/keranjang/nama produk")): Text of object 'Object Repository/keranjang/nama produk' is: 'Sauce Labs Backpack'

2023-08-31 10:29:31 - [MESSAGE][PASSED] - Text of object 'Object Repository/keranjang/nama produk' is: 'Sauce Labs Backpack'

2023-08-31 10:29:31 - [TEST_STEP][PASSED] - deskripsi = getText(findTestObject("Object Repository/keranjang/deskripsi")): Text of object 'Object Repository/keranjang/deskripsi' is: 'carry.allTheThings() with the sleek, streamlined Sly Pack that melds uncompromising style with unequaled laptop and tablet protection.'

2023-08-31 10:29:31 - [MESSAGE][PASSED] - Text of object 'Object Repository/keranjang/deskripsi' is: 'carry.allTheThings() with the sleek, streamlined Sly Pack that melds uncompromising style with unequaled laptop and tablet protection.'

2023-08-31 10:29:31 - [TEST_STEP][PASSED] - harga = getText(findTestObject("Object Repository/keranjang/harga")): Text of object 'Object Repository/keranjang/harga' is: '$29.99'

2023-08-31 10:29:31 - [MESSAGE][PASSED] - Text of object 'Object Repository/keranjang/harga' is: '$29.99'

2023-08-31 10:29:31 - [TEST_STEP][PASSED] - assert trim().equalsIgnoreCase(produk.trim()): null

2023-08-31 10:29:31 - [TEST_STEP][PASSED] - assert trim().equalsIgnoreCase(Deskripsi.trim()): null

2023-08-31 10:29:31 - [TEST_STEP][PASSED] - assert trim().equalsIgnoreCase(price.trim()): null

2023-08-31 10:29:31 - [TEST_STEP][PASSED] - dataKeranjang = new java.util.HashMap(): null

2023-08-31 10:29:31 - [TEST_STEP][PASSED] - dataKeranjang.put("namaProduk", namaProduk): null

2023-08-31 10:29:31 - [TEST_STEP][PASSED] - dataKeranjang.put("deskripsi", deskripsi): null

2023-08-31 10:29:31 - [TEST_STEP][PASSED] - dataKeranjang.put("harga", harga): null

2023-08-31 10:29:31 - [TEST_STEP][PASSED] - return dataKeranjang: null

2023-08-31 10:29:31 - [MESSAGE][PASSED] - Call Test Case 'Test Cases/4. keranjang/TC-Cart-Show-002' successfully

2023-08-31 10:29:31 - [TEST_STEP][PASSED] - nmPro = getText(findTestObject("Object Repository/keranjang/div_Sauce Labs Backpack")): Text of object 'Object Repository/keranjang/div_Sauce Labs Backpack' is: 'Sauce Labs Backpack'

2023-08-31 10:29:32 - [MESSAGE][PASSED] - Text of object 'Object Repository/keranjang/div_Sauce Labs Backpack' is: 'Sauce Labs Backpack'

2023-08-31 10:29:32 - [TEST_STEP][PASSED] - desc = getText(findTestObject("Object Repository/keranjang/desc produk 1 di keranjang")): Text of object 'Object Repository/keranjang/desc produk 1 di keranjang' is: 'carry.allTheThings() with the sleek, streamlined Sly Pack that melds uncompromising style with unequaled laptop and tablet protection.'

2023-08-31 10:29:32 - [MESSAGE][PASSED] - Text of object 'Object Repository/keranjang/desc produk 1 di keranjang' is: 'carry.allTheThings() with the sleek, streamlined Sly Pack that melds uncompromising style with unequaled laptop and tablet protection.'

2023-08-31 10:29:32 - [TEST_STEP][PASSED] - harga = getText(findTestObject("Object Repository/keranjang/harga produk 1 di keranjang")): Text of object 'Object Repository/keranjang/harga produk 1 di keranjang' is: '$29.99'

2023-08-31 10:29:33 - [MESSAGE][PASSED] - Text of object 'Object Repository/keranjang/harga produk 1 di keranjang' is: '$29.99'

2023-08-31 10:29:33 - [TEST_STEP][PASSED] - click(findTestObject("keranjang/nama produk 1")): Object: 'Object Repository/keranjang/nama produk 1' is clicked on

2023-08-31 10:29:33 - [MESSAGE][PASSED] - Object: 'Object Repository/keranjang/nama produk 1' is clicked on

2023-08-31 10:29:33 - [TEST_STEP][PASSED] - namaProduk = getText(findTestObject("Object Repository/keranjang/nm produk detail produk")): Text of object 'Object Repository/keranjang/nm produk detail produk' is: 'Sauce Labs Backpack'

2023-08-31 10:29:34 - [MESSAGE][PASSED] - Text of object 'Object Repository/keranjang/nm produk detail produk' is: 'Sauce Labs Backpack'

2023-08-31 10:29:34 - [TEST_STEP][PASSED] - desc = getText(findTestObject("Object Repository/keranjang/desc produk di detail produk")): Text of object 'Object Repository/keranjang/desc produk di detail produk' is: 'carry.allTheThings() with the sleek, streamlined Sly Pack that melds uncompromising style with unequaled laptop and tablet protection.'

2023-08-31 10:29:34 - [MESSAGE][PASSED] - Text of object 'Object Repository/keranjang/desc produk di detail produk' is: 'carry.allTheThings() with the sleek, streamlined Sly Pack that melds uncompromising style with unequaled laptop and tablet protection.'

2023-08-31 10:29:34 - [TEST_STEP][PASSED] - price = getText(findTestObject("Object Repository/keranjang/harga produk 1 di detail produk")): Text of object 'Object Repository/keranjang/harga produk 1 di detail produk' is: '$29.99'

2023-08-31 10:29:35 - [MESSAGE][PASSED] - Text of object 'Object Repository/keranjang/harga produk 1 di detail produk' is: '$29.99'

2023-08-31 10:29:35 - [TEST_STEP][PASSED] - assert nmPro == namaProduk: null

2023-08-31 10:29:35 - [TEST_STEP][PASSED] - assert desc == desc: null

2023-08-31 10:29:35 - [TEST_STEP][PASSED] - assert harga == price: null]]></system-out>
         <system-err><![CDATA[]]></system-err>
      </testcase>
      <testcase name="Test Cases/5. Chekout/TC-Checkout-Success-001" time="25.722" classname="Test Cases/5. Chekout/TC-Checkout-Success-001" status="PASSED">
         <system-out><![CDATA[2023-08-31 10:29:35 - [TEST_CASE][PASSED] - Test Cases/5. Chekout/TC-Checkout-Success-001: Test Cases/5. Chekout/TC-Checkout-Success-001

2023-08-31 10:29:35 - [TEST_STEP][PASSED] - data = callTestCase(findTestCase("4. keranjang/TC-Cart-Show-002"), ["namaProduk":"Sauce Labs Backpack", "deskripsi":"carry.allTheThings() with the sleek, streamlined Sly Pack that melds uncompromising style with unequaled laptop and tablet protection.", ... ], STOP_ON_FAILURE): Call Test Case 'Test Cases/4. keranjang/TC-Cart-Show-002' successfully

2023-08-31 10:29:35 - [TEST_CASE][PASSED] - Test Cases/4. keranjang/TC-Cart-Show-002: Test Cases/4. keranjang/TC-Cart-Show-002

2023-08-31 10:29:35 - [TEST_STEP][PASSED] - dataProduk = callTestCase(findTestCase("2. Products/TC-Product-AddCart-001"), [:], STOP_ON_FAILURE): Call Test Case 'Test Cases/2. Products/TC-Product-AddCart-001' successfully

2023-08-31 10:29:35 - [TEST_CASE][PASSED] - Test Cases/2. Products/TC-Product-AddCart-001: Test Cases/2. Products/TC-Product-AddCart-001

2023-08-31 10:29:35 - [TEST_STEP][PASSED] - callTestCase(findTestCase("2. Products/TC-Product-Show-001"), [:], STOP_ON_FAILURE): Call Test Case 'Test Cases/2. Products/TC-Product-Show-001' successfully

2023-08-31 10:29:36 - [TEST_CASE][PASSED] - Test Cases/2. Products/TC-Product-Show-001: Test Cases/2. Products/TC-Product-Show-001

2023-08-31 10:29:36 - [TEST_STEP][PASSED] - callTestCase(findTestCase("1. login/TC-Login-Success-001"), [:], STOP_ON_FAILURE): Call Test Case 'Test Cases/1. login/TC-Login-Success-001' successfully

2023-08-31 10:29:36 - [TEST_CASE][PASSED] - Test Cases/1. login/TC-Login-Success-001: Test Cases/1. login/TC-Login-Success-001

2023-08-31 10:29:36 - [TEST_STEP][PASSED] - openBrowser(web): Browser is opened with url: 'https://www.saucedemo.com/inventory.html'

2023-08-31 10:29:36 - [MESSAGE][WARNING] - A browser is already opened. Closing browser and opening a new one

2023-08-31 10:29:37 - [MESSAGE][INFO] - Starting 'Edge Chromium' driver

2023-08-31 10:29:39 - [MESSAGE][INFO] - Action delay is set to 0 milliseconds

2023-08-31 10:29:43 - [MESSAGE][PASSED] - Browser is opened with url: 'https://www.saucedemo.com/inventory.html'

2023-08-31 10:29:43 - [TEST_STEP][PASSED] - maximizeWindow(): Current window maximized

2023-08-31 10:29:43 - [MESSAGE][PASSED] - Current window maximized

2023-08-31 10:29:43 - [TEST_STEP][PASSED] - verifyElementPresent(findTestObject("1. Login/halaman home swag labs"), 0): Object 'Object Repository/1. Login/halaman home swag labs' is present

2023-08-31 10:29:43 - [MESSAGE][WARNING] - Timeout '0' is invalid. Using default page load timeout: '30'

2023-08-31 10:29:43 - [MESSAGE][PASSED] - Object 'Object Repository/1. Login/halaman home swag labs' is present

2023-08-31 10:29:43 - [TEST_STEP][PASSED] - setText(findTestObject("1. Login/input username"), username): Text 'standard_user' is set on object 'Object Repository/1. Login/input username'

2023-08-31 10:29:44 - [MESSAGE][PASSED] - Text 'standard_user' is set on object 'Object Repository/1. Login/input username'

2023-08-31 10:29:44 - [TEST_STEP][PASSED] - setEncryptedText(findTestObject("1. Login/input password"), password): Text ****** has been set on object 'Object Repository/1. Login/input password'

2023-08-31 10:29:45 - [MESSAGE][PASSED] - Text ****** has been set on object 'Object Repository/1. Login/input password'

2023-08-31 10:29:45 - [TEST_STEP][PASSED] - click(findTestObject("1. Login/button Login")): Object: 'Object Repository/1. Login/button Login' is clicked on

2023-08-31 10:29:45 - [MESSAGE][PASSED] - Object: 'Object Repository/1. Login/button Login' is clicked on

2023-08-31 10:29:45 - [TEST_STEP][PASSED] - verifyElementText(findTestObject("1. Login/home product atau halaman Swag Labs"), "Swag Labs"): Actual text and expected text of test object 'Object Repository/1. Login/home product atau halaman Swag Labs' are matched.

2023-08-31 10:29:46 - [MESSAGE][PASSED] - Actual text and expected text of test object 'Object Repository/1. Login/home product atau halaman Swag Labs' are matched.

2023-08-31 10:29:46 - [MESSAGE][PASSED] - Call Test Case 'Test Cases/1. login/TC-Login-Success-001' successfully

2023-08-31 10:29:46 - [MESSAGE][PASSED] - Call Test Case 'Test Cases/2. Products/TC-Product-Show-001' successfully

2023-08-31 10:29:46 - [TEST_STEP][PASSED] - click(findTestObject("Products/button_Add to cart 1")): Object: 'Object Repository/Products/button_Add to cart 1' is clicked on

2023-08-31 10:29:46 - [MESSAGE][PASSED] - Object: 'Object Repository/Products/button_Add to cart 1' is clicked on

2023-08-31 10:29:46 - [TEST_STEP][PASSED] - verifyElementPresent(findTestObject("Object Repository/Products/button_Remove"), 0): Object 'Object Repository/Products/button_Remove' is present

2023-08-31 10:29:46 - [MESSAGE][WARNING] - Timeout '0' is invalid. Using default page load timeout: '30'

2023-08-31 10:29:47 - [MESSAGE][PASSED] - Object 'Object Repository/Products/button_Remove' is present

2023-08-31 10:29:47 - [TEST_STEP][PASSED] - verifyElementPresent(findTestObject("Products/shopping cart 1"), 0): Object 'Object Repository/Products/shopping cart 1' is present

2023-08-31 10:29:47 - [MESSAGE][WARNING] - Timeout '0' is invalid. Using default page load timeout: '30'

2023-08-31 10:29:47 - [MESSAGE][PASSED] - Object 'Object Repository/Products/shopping cart 1' is present

2023-08-31 10:29:47 - [TEST_STEP][PASSED] - badge = getText(findTestObject("Object Repository/Products/angka di keranjang")): Text of object 'Object Repository/Products/angka di keranjang' is: '1'

2023-08-31 10:29:47 - [MESSAGE][PASSED] - Text of object 'Object Repository/Products/angka di keranjang' is: '1'

2023-08-31 10:29:47 - [TEST_STEP][PASSED] - assert badge == "1": null

2023-08-31 10:29:47 - [TEST_STEP][PASSED] - namaProduk = getText(findTestObject("Products/div_Sauce Labs Backpack")): Text of object 'Object Repository/Products/div_Sauce Labs Backpack' is: 'Sauce Labs Backpack'

2023-08-31 10:29:48 - [MESSAGE][PASSED] - Text of object 'Object Repository/Products/div_Sauce Labs Backpack' is: 'Sauce Labs Backpack'

2023-08-31 10:29:48 - [TEST_STEP][PASSED] - deskripsi = getText(findTestObject("Products/deskripsi")): Text of object 'Object Repository/Products/deskripsi' is: 'carry.allTheThings() with the sleek, streamlined Sly Pack that melds uncompromising style with unequaled laptop and tablet protection.'

2023-08-31 10:29:48 - [MESSAGE][PASSED] - Text of object 'Object Repository/Products/deskripsi' is: 'carry.allTheThings() with the sleek, streamlined Sly Pack that melds uncompromising style with unequaled laptop and tablet protection.'

2023-08-31 10:29:48 - [TEST_STEP][PASSED] - price = getText(findTestObject("Products/harga produk 1")): Text of object 'Object Repository/Products/harga produk 1' is: '$29.99'

2023-08-31 10:29:48 - [MESSAGE][PASSED] - Text of object 'Object Repository/Products/harga produk 1' is: '$29.99'

2023-08-31 10:29:48 - [TEST_STEP][PASSED] - assert trim().equalsIgnoreCase(produkName.trim()): null

2023-08-31 10:29:48 - [TEST_STEP][PASSED] - assert trim().equalsIgnoreCase(deskripsi.trim()): null

2023-08-31 10:29:48 - [TEST_STEP][PASSED] - assert trim().equalsIgnoreCase(price.trim()): null

2023-08-31 10:29:48 - [TEST_STEP][PASSED] - dataProduk = new java.util.HashMap(): null

2023-08-31 10:29:48 - [TEST_STEP][PASSED] - dataProduk.put("namaProduk", namaProduk): null

2023-08-31 10:29:48 - [TEST_STEP][PASSED] - dataProduk.put("deskripsi", deskripsi): null

2023-08-31 10:29:48 - [TEST_STEP][PASSED] - dataProduk.put("price", price): null

2023-08-31 10:29:48 - [TEST_STEP][PASSED] - return dataProduk: null

2023-08-31 10:29:48 - [MESSAGE][PASSED] - Call Test Case 'Test Cases/2. Products/TC-Product-AddCart-001' successfully

2023-08-31 10:29:48 - [TEST_STEP][PASSED] - produk = dataProduk.get("namaProduk"): null

2023-08-31 10:29:48 - [TEST_STEP][PASSED] - Deskripsi = dataProduk.get("deskripsi"): null

2023-08-31 10:29:48 - [TEST_STEP][PASSED] - price = dataProduk.get("price"): null

2023-08-31 10:29:48 - [TEST_STEP][PASSED] - click(findTestObject("keranjang/keranjang belanja")): Object: 'Object Repository/keranjang/keranjang belanja' is clicked on

2023-08-31 10:29:49 - [MESSAGE][PASSED] - Object: 'Object Repository/keranjang/keranjang belanja' is clicked on

2023-08-31 10:29:49 - [TEST_STEP][PASSED] - verifyElementPresent(findTestObject("keranjang/div_Your Cart"), 0): Object 'Object Repository/keranjang/div_Your Cart' is present

2023-08-31 10:29:49 - [MESSAGE][WARNING] - Timeout '0' is invalid. Using default page load timeout: '30'

2023-08-31 10:29:49 - [MESSAGE][PASSED] - Object 'Object Repository/keranjang/div_Your Cart' is present

2023-08-31 10:29:49 - [TEST_STEP][PASSED] - namaProduk = getText(findTestObject("Object Repository/keranjang/nama produk")): Text of object 'Object Repository/keranjang/nama produk' is: 'Sauce Labs Backpack'

2023-08-31 10:29:50 - [MESSAGE][PASSED] - Text of object 'Object Repository/keranjang/nama produk' is: 'Sauce Labs Backpack'

2023-08-31 10:29:50 - [TEST_STEP][PASSED] - deskripsi = getText(findTestObject("Object Repository/keranjang/deskripsi")): Text of object 'Object Repository/keranjang/deskripsi' is: 'carry.allTheThings() with the sleek, streamlined Sly Pack that melds uncompromising style with unequaled laptop and tablet protection.'

2023-08-31 10:29:50 - [MESSAGE][PASSED] - Text of object 'Object Repository/keranjang/deskripsi' is: 'carry.allTheThings() with the sleek, streamlined Sly Pack that melds uncompromising style with unequaled laptop and tablet protection.'

2023-08-31 10:29:50 - [TEST_STEP][PASSED] - harga = getText(findTestObject("Object Repository/keranjang/harga")): Text of object 'Object Repository/keranjang/harga' is: '$29.99'

2023-08-31 10:29:51 - [MESSAGE][PASSED] - Text of object 'Object Repository/keranjang/harga' is: '$29.99'

2023-08-31 10:29:51 - [TEST_STEP][PASSED] - assert trim().equalsIgnoreCase(produk.trim()): null

2023-08-31 10:29:51 - [TEST_STEP][PASSED] - assert trim().equalsIgnoreCase(Deskripsi.trim()): null

2023-08-31 10:29:51 - [TEST_STEP][PASSED] - assert trim().equalsIgnoreCase(price.trim()): null

2023-08-31 10:29:51 - [TEST_STEP][PASSED] - dataKeranjang = new java.util.HashMap(): null

2023-08-31 10:29:51 - [TEST_STEP][PASSED] - dataKeranjang.put("namaProduk", namaProduk): null

2023-08-31 10:29:51 - [TEST_STEP][PASSED] - dataKeranjang.put("deskripsi", deskripsi): null

2023-08-31 10:29:51 - [TEST_STEP][PASSED] - dataKeranjang.put("harga", harga): null

2023-08-31 10:29:51 - [TEST_STEP][PASSED] - return dataKeranjang: null

2023-08-31 10:29:51 - [MESSAGE][PASSED] - Call Test Case 'Test Cases/4. keranjang/TC-Cart-Show-002' successfully

2023-08-31 10:29:51 - [TEST_STEP][PASSED] - nProduk = data.get("namaProduk"): null

2023-08-31 10:29:51 - [TEST_STEP][PASSED] - desc = data.get("deskripsi"): null

2023-08-31 10:29:51 - [TEST_STEP][PASSED] - price = data.get("harga"): null

2023-08-31 10:29:51 - [TEST_STEP][PASSED] - click(findTestObject("chekout/button_Checkout")): Object: 'Object Repository/chekout/button_Checkout' is clicked on

2023-08-31 10:29:51 - [MESSAGE][PASSED] - Object: 'Object Repository/chekout/button_Checkout' is clicked on

2023-08-31 10:29:51 - [TEST_STEP][PASSED] - verifyElementPresent(findTestObject("chekout/step 1 Checkout Your Information"), 0): Object 'Object Repository/chekout/step 1 Checkout Your Information' is present

2023-08-31 10:29:51 - [MESSAGE][WARNING] - Timeout '0' is invalid. Using default page load timeout: '30'

2023-08-31 10:29:52 - [MESSAGE][PASSED] - Object 'Object Repository/chekout/step 1 Checkout Your Information' is present

2023-08-31 10:29:52 - [TEST_STEP][PASSED] - setText(findTestObject("chekout/input_firstName_Checkout Your Information"), "Ika"): Text 'Ika' is set on object 'Object Repository/chekout/input_firstName_Checkout Your Information'

2023-08-31 10:29:53 - [MESSAGE][PASSED] - Text 'Ika' is set on object 'Object Repository/chekout/input_firstName_Checkout Your Information'

2023-08-31 10:29:53 - [TEST_STEP][PASSED] - setText(findTestObject("chekout/input_lastName_Checkout Your Information"), "Nur"): Text 'Nur' is set on object 'Object Repository/chekout/input_lastName_Checkout Your Information'

2023-08-31 10:29:54 - [MESSAGE][PASSED] - Text 'Nur' is set on object 'Object Repository/chekout/input_lastName_Checkout Your Information'

2023-08-31 10:29:54 - [TEST_STEP][PASSED] - setText(findTestObject("chekout/input_postalCode_Checkout Your Information"), "55582"): Text '55582' is set on object 'Object Repository/chekout/input_postalCode_Checkout Your Information'

2023-08-31 10:29:55 - [MESSAGE][PASSED] - Text '55582' is set on object 'Object Repository/chekout/input_postalCode_Checkout Your Information'

2023-08-31 10:29:55 - [TEST_STEP][PASSED] - click(findTestObject("chekout/continue (your Information)")): Object: 'Object Repository/chekout/continue (your Information)' is clicked on

2023-08-31 10:29:55 - [MESSAGE][PASSED] - Object: 'Object Repository/chekout/continue (your Information)' is clicked on

2023-08-31 10:29:55 - [TEST_STEP][PASSED] - verifyElementPresent(findTestObject("chekout/span_Checkout Overview"), 0): Object 'Object Repository/chekout/span_Checkout Overview' is present

2023-08-31 10:29:55 - [MESSAGE][WARNING] - Timeout '0' is invalid. Using default page load timeout: '30'

2023-08-31 10:29:56 - [MESSAGE][PASSED] - Object 'Object Repository/chekout/span_Checkout Overview' is present

2023-08-31 10:29:56 - [TEST_STEP][PASSED] - produk = getText(findTestObject("Object Repository/chekout/nama produk 1")): Text of object 'Object Repository/chekout/nama produk 1' is: 'Sauce Labs Backpack'

2023-08-31 10:29:57 - [MESSAGE][PASSED] - Text of object 'Object Repository/chekout/nama produk 1' is: 'Sauce Labs Backpack'

2023-08-31 10:29:57 - [TEST_STEP][PASSED] - descr = getText(findTestObject("Object Repository/chekout/deksripsi produk 1")): Text of object 'Object Repository/chekout/deksripsi produk 1' is: 'carry.allTheThings() with the sleek, streamlined Sly Pack that melds uncompromising style with unequaled laptop and tablet protection.'

2023-08-31 10:29:57 - [MESSAGE][PASSED] - Text of object 'Object Repository/chekout/deksripsi produk 1' is: 'carry.allTheThings() with the sleek, streamlined Sly Pack that melds uncompromising style with unequaled laptop and tablet protection.'

2023-08-31 10:29:57 - [TEST_STEP][PASSED] - Harga = getText(findTestObject("Object Repository/chekout/harga produk 1")): Text of object 'Object Repository/chekout/harga produk 1' is: '$29.99'

2023-08-31 10:29:57 - [MESSAGE][PASSED] - Text of object 'Object Repository/chekout/harga produk 1' is: '$29.99'

2023-08-31 10:29:57 - [TEST_STEP][PASSED] - assert nProduk == produk: null

2023-08-31 10:29:57 - [TEST_STEP][PASSED] - assert desc == descr: null

2023-08-31 10:29:57 - [TEST_STEP][PASSED] - assert price == Harga: null

2023-08-31 10:29:57 - [TEST_STEP][PASSED] - tax = getText(findTestObject("Object Repository/chekout/tax")).split("\$"): Text of object 'Object Repository/chekout/tax' is: 'Tax: $2.40'

2023-08-31 10:29:58 - [MESSAGE][PASSED] - Text of object 'Object Repository/chekout/tax' is: 'Tax: $2.40'

2023-08-31 10:29:58 - [TEST_STEP][PASSED] - newTax = Double.parseDouble(tax[1]): null

2023-08-31 10:29:58 - [TEST_STEP][PASSED] - total = getText(findTestObject("Object Repository/chekout/item total")).split("\$"): Text of object 'Object Repository/chekout/item total' is: 'Item total: $29.99'

2023-08-31 10:29:58 - [MESSAGE][PASSED] - Text of object 'Object Repository/chekout/item total' is: 'Item total: $29.99'

2023-08-31 10:29:58 - [TEST_STEP][PASSED] - totalHarga = Double.parseDouble(total[1]): null

2023-08-31 10:29:58 - [TEST_STEP][PASSED] - text = getText(findTestObject("Object Repository/chekout/item total")).split("\$"): Text of object 'Object Repository/chekout/item total' is: 'Item total: $29.99'

2023-08-31 10:29:59 - [MESSAGE][PASSED] - Text of object 'Object Repository/chekout/item total' is: 'Item total: $29.99'

2023-08-31 10:29:59 - [TEST_STEP][PASSED] - hargaNew = Double.parseDouble(text[1]): null

2023-08-31 10:29:59 - [TEST_STEP][PASSED] - hitTax = hargaNew * 0.08: null

2023-08-31 10:29:59 - [TEST_STEP][PASSED] - hitTax = Math.round(hitTax * 100) / 100: null

2023-08-31 10:29:59 - [TEST_STEP][PASSED] - hitTotal = hargaNew + hitTax: null

2023-08-31 10:29:59 - [TEST_STEP][PASSED] - sum = getText(findTestObject("Object Repository/chekout/total harga")).split("\$"): Text of object 'Object Repository/chekout/total harga' is: 'Total: $32.39'

2023-08-31 10:29:59 - [MESSAGE][PASSED] - Text of object 'Object Repository/chekout/total harga' is: 'Total: $32.39'

2023-08-31 10:29:59 - [TEST_STEP][PASSED] - sumPrice = Double.parseDouble(sum[1]): null

2023-08-31 10:29:59 - [TEST_STEP][PASSED] - assert newTax == hitTax: null

2023-08-31 10:29:59 - [TEST_STEP][PASSED] - assert sumPrice == hitTotal: null

2023-08-31 10:29:59 - [TEST_STEP][PASSED] - click(findTestObject("chekout/button_Cancel di halaman overview")): Object: 'Object Repository/chekout/button_Cancel di halaman overview' is clicked on

2023-08-31 10:30:00 - [MESSAGE][PASSED] - Object: 'Object Repository/chekout/button_Cancel di halaman overview' is clicked on

2023-08-31 10:30:00 - [TEST_STEP][PASSED] - verifyElementPresent(findTestObject("1. Login/home product atau halaman Swag Labs"), 0): Object 'Object Repository/1. Login/home product atau halaman Swag Labs' is present

2023-08-31 10:30:00 - [MESSAGE][WARNING] - Timeout '0' is invalid. Using default page load timeout: '30'

2023-08-31 10:30:00 - [MESSAGE][PASSED] - Object 'Object Repository/1. Login/home product atau halaman Swag Labs' is present]]></system-out>
         <system-err><![CDATA[]]></system-err>
      </testcase>
      <testcase name="Test Cases/5. Chekout/TC-Checkout-Success-002" time="24.727" classname="Test Cases/5. Chekout/TC-Checkout-Success-002" status="PASSED">
         <system-out><![CDATA[2023-08-31 10:30:01 - [TEST_CASE][PASSED] - Test Cases/5. Chekout/TC-Checkout-Success-002: Test Cases/5. Chekout/TC-Checkout-Success-002

2023-08-31 10:30:01 - [TEST_STEP][PASSED] - data = callTestCase(findTestCase("4. keranjang/TC-Cart-Show-003"), [:], STOP_ON_FAILURE): Call Test Case 'Test Cases/4. keranjang/TC-Cart-Show-003' successfully

2023-08-31 10:30:01 - [TEST_CASE][PASSED] - Test Cases/4. keranjang/TC-Cart-Show-003: Test Cases/4. keranjang/TC-Cart-Show-003

2023-08-31 10:30:01 - [TEST_STEP][PASSED] - dataProduk2 = callTestCase(findTestCase("2. Products/TC-Product-AddCart-002"), [:], STOP_ON_FAILURE): Call Test Case 'Test Cases/2. Products/TC-Product-AddCart-002' successfully

2023-08-31 10:30:01 - [TEST_CASE][PASSED] - Test Cases/2. Products/TC-Product-AddCart-002: Test Cases/2. Products/TC-Product-AddCart-002

2023-08-31 10:30:01 - [TEST_STEP][PASSED] - dataCart1 = callTestCase(findTestCase("2. Products/TC-Product-AddCart-001"), ["produkName":"Sauce Labs Backpack", "deskripsi":"carry.allTheThings() with the sleek, streamlined Sly Pack that melds uncompromising style with unequaled laptop and tablet protection.", ... ], STOP_ON_FAILURE): Call Test Case 'Test Cases/2. Products/TC-Product-AddCart-001' successfully

2023-08-31 10:30:01 - [TEST_CASE][PASSED] - Test Cases/2. Products/TC-Product-AddCart-001: Test Cases/2. Products/TC-Product-AddCart-001

2023-08-31 10:30:01 - [TEST_STEP][PASSED] - callTestCase(findTestCase("2. Products/TC-Product-Show-001"), [:], STOP_ON_FAILURE): Call Test Case 'Test Cases/2. Products/TC-Product-Show-001' successfully

2023-08-31 10:30:01 - [TEST_CASE][PASSED] - Test Cases/2. Products/TC-Product-Show-001: Test Cases/2. Products/TC-Product-Show-001

2023-08-31 10:30:01 - [TEST_STEP][PASSED] - callTestCase(findTestCase("1. login/TC-Login-Success-001"), [:], STOP_ON_FAILURE): Call Test Case 'Test Cases/1. login/TC-Login-Success-001' successfully

2023-08-31 10:30:01 - [TEST_CASE][PASSED] - Test Cases/1. login/TC-Login-Success-001: Test Cases/1. login/TC-Login-Success-001

2023-08-31 10:30:01 - [TEST_STEP][PASSED] - openBrowser(web): Browser is opened with url: 'https://www.saucedemo.com/inventory.html'

2023-08-31 10:30:02 - [MESSAGE][WARNING] - A browser is already opened. Closing browser and opening a new one

2023-08-31 10:30:02 - [MESSAGE][INFO] - Starting 'Edge Chromium' driver

2023-08-31 10:30:05 - [MESSAGE][INFO] - Action delay is set to 0 milliseconds

2023-08-31 10:30:08 - [MESSAGE][PASSED] - Browser is opened with url: 'https://www.saucedemo.com/inventory.html'

2023-08-31 10:30:08 - [TEST_STEP][PASSED] - maximizeWindow(): Current window maximized

2023-08-31 10:30:08 - [MESSAGE][PASSED] - Current window maximized

2023-08-31 10:30:08 - [TEST_STEP][PASSED] - verifyElementPresent(findTestObject("1. Login/halaman home swag labs"), 0): Object 'Object Repository/1. Login/halaman home swag labs' is present

2023-08-31 10:30:08 - [MESSAGE][WARNING] - Timeout '0' is invalid. Using default page load timeout: '30'

2023-08-31 10:30:08 - [MESSAGE][PASSED] - Object 'Object Repository/1. Login/halaman home swag labs' is present

2023-08-31 10:30:08 - [TEST_STEP][PASSED] - setText(findTestObject("1. Login/input username"), username): Text 'standard_user' is set on object 'Object Repository/1. Login/input username'

2023-08-31 10:30:09 - [MESSAGE][PASSED] - Text 'standard_user' is set on object 'Object Repository/1. Login/input username'

2023-08-31 10:30:09 - [TEST_STEP][PASSED] - setEncryptedText(findTestObject("1. Login/input password"), password): Text ****** has been set on object 'Object Repository/1. Login/input password'

2023-08-31 10:30:09 - [MESSAGE][PASSED] - Text ****** has been set on object 'Object Repository/1. Login/input password'

2023-08-31 10:30:09 - [TEST_STEP][PASSED] - click(findTestObject("1. Login/button Login")): Object: 'Object Repository/1. Login/button Login' is clicked on

2023-08-31 10:30:10 - [MESSAGE][PASSED] - Object: 'Object Repository/1. Login/button Login' is clicked on

2023-08-31 10:30:10 - [TEST_STEP][PASSED] - verifyElementText(findTestObject("1. Login/home product atau halaman Swag Labs"), "Swag Labs"): Actual text and expected text of test object 'Object Repository/1. Login/home product atau halaman Swag Labs' are matched.

2023-08-31 10:30:10 - [MESSAGE][PASSED] - Actual text and expected text of test object 'Object Repository/1. Login/home product atau halaman Swag Labs' are matched.

2023-08-31 10:30:10 - [MESSAGE][PASSED] - Call Test Case 'Test Cases/1. login/TC-Login-Success-001' successfully

2023-08-31 10:30:10 - [MESSAGE][PASSED] - Call Test Case 'Test Cases/2. Products/TC-Product-Show-001' successfully

2023-08-31 10:30:10 - [TEST_STEP][PASSED] - click(findTestObject("Products/button_Add to cart 1")): Object: 'Object Repository/Products/button_Add to cart 1' is clicked on

2023-08-31 10:30:11 - [MESSAGE][PASSED] - Object: 'Object Repository/Products/button_Add to cart 1' is clicked on

2023-08-31 10:30:11 - [TEST_STEP][PASSED] - verifyElementPresent(findTestObject("Object Repository/Products/button_Remove"), 0): Object 'Object Repository/Products/button_Remove' is present

2023-08-31 10:30:11 - [MESSAGE][WARNING] - Timeout '0' is invalid. Using default page load timeout: '30'

2023-08-31 10:30:11 - [MESSAGE][PASSED] - Object 'Object Repository/Products/button_Remove' is present

2023-08-31 10:30:11 - [TEST_STEP][PASSED] - verifyElementPresent(findTestObject("Products/shopping cart 1"), 0): Object 'Object Repository/Products/shopping cart 1' is present

2023-08-31 10:30:12 - [MESSAGE][WARNING] - Timeout '0' is invalid. Using default page load timeout: '30'

2023-08-31 10:30:12 - [MESSAGE][PASSED] - Object 'Object Repository/Products/shopping cart 1' is present

2023-08-31 10:30:12 - [TEST_STEP][PASSED] - badge = getText(findTestObject("Object Repository/Products/angka di keranjang")): Text of object 'Object Repository/Products/angka di keranjang' is: '1'

2023-08-31 10:30:12 - [MESSAGE][PASSED] - Text of object 'Object Repository/Products/angka di keranjang' is: '1'

2023-08-31 10:30:12 - [TEST_STEP][PASSED] - assert badge == "1": null

2023-08-31 10:30:12 - [TEST_STEP][PASSED] - namaProduk = getText(findTestObject("Products/div_Sauce Labs Backpack")): Text of object 'Object Repository/Products/div_Sauce Labs Backpack' is: 'Sauce Labs Backpack'

2023-08-31 10:30:13 - [MESSAGE][PASSED] - Text of object 'Object Repository/Products/div_Sauce Labs Backpack' is: 'Sauce Labs Backpack'

2023-08-31 10:30:13 - [TEST_STEP][PASSED] - deskripsi = getText(findTestObject("Products/deskripsi")): Text of object 'Object Repository/Products/deskripsi' is: 'carry.allTheThings() with the sleek, streamlined Sly Pack that melds uncompromising style with unequaled laptop and tablet protection.'

2023-08-31 10:30:13 - [MESSAGE][PASSED] - Text of object 'Object Repository/Products/deskripsi' is: 'carry.allTheThings() with the sleek, streamlined Sly Pack that melds uncompromising style with unequaled laptop and tablet protection.'

2023-08-31 10:30:13 - [TEST_STEP][PASSED] - price = getText(findTestObject("Products/harga produk 1")): Text of object 'Object Repository/Products/harga produk 1' is: '$29.99'

2023-08-31 10:30:13 - [MESSAGE][PASSED] - Text of object 'Object Repository/Products/harga produk 1' is: '$29.99'

2023-08-31 10:30:13 - [TEST_STEP][PASSED] - assert trim().equalsIgnoreCase(produkName.trim()): null

2023-08-31 10:30:13 - [TEST_STEP][PASSED] - assert trim().equalsIgnoreCase(deskripsi.trim()): null

2023-08-31 10:30:13 - [TEST_STEP][PASSED] - assert trim().equalsIgnoreCase(price.trim()): null

2023-08-31 10:30:13 - [TEST_STEP][PASSED] - dataProduk = new java.util.HashMap(): null

2023-08-31 10:30:13 - [TEST_STEP][PASSED] - dataProduk.put("namaProduk", namaProduk): null

2023-08-31 10:30:13 - [TEST_STEP][PASSED] - dataProduk.put("deskripsi", deskripsi): null

2023-08-31 10:30:13 - [TEST_STEP][PASSED] - dataProduk.put("price", price): null

2023-08-31 10:30:13 - [TEST_STEP][PASSED] - return dataProduk: null

2023-08-31 10:30:13 - [MESSAGE][PASSED] - Call Test Case 'Test Cases/2. Products/TC-Product-AddCart-001' successfully

2023-08-31 10:30:13 - [TEST_STEP][PASSED] - produk = dataCart1.get("namaProduk"): null

2023-08-31 10:30:13 - [TEST_STEP][PASSED] - Deskripsi = dataCart1.get("deskripsi"): null

2023-08-31 10:30:13 - [TEST_STEP][PASSED] - harga = dataCart1.get("price"): null

2023-08-31 10:30:13 - [TEST_STEP][PASSED] - click(findTestObject("Products/button_Add to cart")): Object: 'Object Repository/Products/button_Add to cart' is clicked on

2023-08-31 10:30:14 - [MESSAGE][PASSED] - Object: 'Object Repository/Products/button_Add to cart' is clicked on

2023-08-31 10:30:14 - [TEST_STEP][PASSED] - verifyElementPresent(findTestObject("Object Repository/Products/button_Remove"), 0): Object 'Object Repository/Products/button_Remove' is present

2023-08-31 10:30:14 - [MESSAGE][WARNING] - Timeout '0' is invalid. Using default page load timeout: '30'

2023-08-31 10:30:14 - [MESSAGE][PASSED] - Object 'Object Repository/Products/button_Remove' is present

2023-08-31 10:30:14 - [TEST_STEP][PASSED] - namaProduk = getText(findTestObject("Object Repository/Products/nama produk 2")): Text of object 'Object Repository/Products/nama produk 2' is: 'Sauce Labs Bike Light'

2023-08-31 10:30:15 - [MESSAGE][PASSED] - Text of object 'Object Repository/Products/nama produk 2' is: 'Sauce Labs Bike Light'

2023-08-31 10:30:15 - [TEST_STEP][PASSED] - deskripsi = getText(findTestObject("Object Repository/Products/deskripsi produk 2")): Text of object 'Object Repository/Products/deskripsi produk 2' is: 'A red light isn't the desired state in testing but it sure helps when riding your bike at night. Water-resistant with 3 lighting modes, 1 AAA battery included.'

2023-08-31 10:30:15 - [MESSAGE][PASSED] - Text of object 'Object Repository/Products/deskripsi produk 2' is: 'A red light isn't the desired state in testing but it sure helps when riding your bike at night. Water-resistant with 3 lighting modes, 1 AAA battery included.'

2023-08-31 10:30:15 - [TEST_STEP][PASSED] - Harga = getText(findTestObject("Object Repository/Products/harga produk 2")): Text of object 'Object Repository/Products/harga produk 2' is: '$9.99'

2023-08-31 10:30:15 - [MESSAGE][PASSED] - Text of object 'Object Repository/Products/harga produk 2' is: '$9.99'

2023-08-31 10:30:15 - [TEST_STEP][PASSED] - NamaProduk = []: null

2023-08-31 10:30:15 - [TEST_STEP][PASSED] - deskripsiProduk = []: null

2023-08-31 10:30:15 - [TEST_STEP][PASSED] - hargaBarang = []: null

2023-08-31 10:30:15 - [TEST_STEP][PASSED] - for ([i = 0, i < 2, (i++)]): null

2023-08-31 10:30:15 - [TEST_STEP][PASSED] - NamaProduk[0] = produk: null

2023-08-31 10:30:15 - [TEST_STEP][PASSED] - NamaProduk[1] = namaProduk: null

2023-08-31 10:30:15 - [TEST_STEP][PASSED] - deskripsiProduk[0] = Deskripsi: null

2023-08-31 10:30:15 - [TEST_STEP][PASSED] - deskripsiProduk[1] = deskripsi: null

2023-08-31 10:30:15 - [TEST_STEP][PASSED] - hargaBarang[0] = harga: null

2023-08-31 10:30:15 - [TEST_STEP][PASSED] - hargaBarang[1] = Harga: null

2023-08-31 10:30:15 - [TEST_STEP][PASSED] - NamaProduk[0] = produk: null

2023-08-31 10:30:15 - [TEST_STEP][PASSED] - NamaProduk[1] = namaProduk: null

2023-08-31 10:30:15 - [TEST_STEP][PASSED] - deskripsiProduk[0] = Deskripsi: null

2023-08-31 10:30:15 - [TEST_STEP][PASSED] - deskripsiProduk[1] = deskripsi: null

2023-08-31 10:30:15 - [TEST_STEP][PASSED] - hargaBarang[0] = harga: null

2023-08-31 10:30:15 - [TEST_STEP][PASSED] - hargaBarang[1] = Harga: null

2023-08-31 10:30:15 - [TEST_STEP][PASSED] - dataProduk2 = new java.util.HashMap(): null

2023-08-31 10:30:15 - [TEST_STEP][PASSED] - dataProduk2.put("NamaProduk2", NamaProduk): null

2023-08-31 10:30:15 - [TEST_STEP][PASSED] - dataProduk2.put("deskripsiProduk2", deskripsiProduk): null

2023-08-31 10:30:15 - [TEST_STEP][PASSED] - dataProduk2.put("hargaBarang2", hargaBarang): null

2023-08-31 10:30:15 - [TEST_STEP][PASSED] - return dataProduk2: null

2023-08-31 10:30:15 - [MESSAGE][PASSED] - Call Test Case 'Test Cases/2. Products/TC-Product-AddCart-002' successfully

2023-08-31 10:30:15 - [TEST_STEP][PASSED] - nmProduk = dataProduk2.get("NamaProduk2"): null

2023-08-31 10:30:15 - [TEST_STEP][PASSED] - desc = dataProduk2.get("deskripsiProduk2"): null

2023-08-31 10:30:15 - [TEST_STEP][PASSED] - Price = dataProduk2.get("hargaBarang2"): null

2023-08-31 10:30:15 - [TEST_STEP][PASSED] - click(findTestObject("keranjang/keranjang belanja")): Object: 'Object Repository/keranjang/keranjang belanja' is clicked on

2023-08-31 10:30:16 - [MESSAGE][PASSED] - Object: 'Object Repository/keranjang/keranjang belanja' is clicked on

2023-08-31 10:30:16 - [TEST_STEP][PASSED] - verifyElementPresent(findTestObject("keranjang/div_Your Cart"), 0): Object 'Object Repository/keranjang/div_Your Cart' is present

2023-08-31 10:30:16 - [MESSAGE][WARNING] - Timeout '0' is invalid. Using default page load timeout: '30'

2023-08-31 10:30:16 - [MESSAGE][PASSED] - Object 'Object Repository/keranjang/div_Your Cart' is present

2023-08-31 10:30:16 - [TEST_STEP][PASSED] - NamaProdukList = findWebElements(findTestObject("Object Repository/keranjang/nama semua produk(keranjang)"), 5): null

2023-08-31 10:30:17 - [TEST_STEP][PASSED] - DescProdukList = findWebElements(findTestObject("Object Repository/keranjang/desc semua produk"), 5): null

2023-08-31 10:30:17 - [TEST_STEP][PASSED] - hargaProdukList = findWebElements(findTestObject("Object Repository/keranjang/harga semua produk"), 5): null

2023-08-31 10:30:17 - [TEST_STEP][PASSED] - nmProdukOri = new java.util.ArrayList(): null

2023-08-31 10:30:17 - [TEST_STEP][PASSED] - descProdukOri = new java.util.ArrayList(): null

2023-08-31 10:30:17 - [TEST_STEP][PASSED] - hargaProdukOri = new java.util.ArrayList(): null

2023-08-31 10:30:17 - [TEST_STEP][PASSED] - for ([i = 0, i < NamaProdukList.size(), (i++)]): null

2023-08-31 10:30:17 - [TEST_STEP][PASSED] - namaText = text.trim(): null

2023-08-31 10:30:17 - [TEST_STEP][PASSED] - descText = text.trim(): null

2023-08-31 10:30:17 - [TEST_STEP][PASSED] - hargaText = text.trim(): null

2023-08-31 10:30:17 - [TEST_STEP][PASSED] - nmProdukOri.add(namaText): null

2023-08-31 10:30:17 - [TEST_STEP][PASSED] - descProdukOri.add(descText): null

2023-08-31 10:30:17 - [TEST_STEP][PASSED] - hargaProdukOri.add(hargaText): null

2023-08-31 10:30:17 - [TEST_STEP][PASSED] - namaText = text.trim(): null

2023-08-31 10:30:17 - [TEST_STEP][PASSED] - descText = text.trim(): null

2023-08-31 10:30:17 - [TEST_STEP][PASSED] - hargaText = text.trim(): null

2023-08-31 10:30:17 - [TEST_STEP][PASSED] - nmProdukOri.add(namaText): null

2023-08-31 10:30:17 - [TEST_STEP][PASSED] - descProdukOri.add(descText): null

2023-08-31 10:30:17 - [TEST_STEP][PASSED] - hargaProdukOri.add(hargaText): null

2023-08-31 10:30:17 - [TEST_STEP][PASSED] - assert nmProduk == nmProdukOri: null

2023-08-31 10:30:17 - [TEST_STEP][PASSED] - assert desc == descProdukOri: null

2023-08-31 10:30:17 - [TEST_STEP][PASSED] - assert Price == hargaProdukOri: null

2023-08-31 10:30:17 - [TEST_STEP][PASSED] - return dataProduk2: null

2023-08-31 10:30:17 - [MESSAGE][PASSED] - Call Test Case 'Test Cases/4. keranjang/TC-Cart-Show-003' successfully

2023-08-31 10:30:17 - [TEST_STEP][PASSED] - namaProduk = data.get("NamaProduk2"): null

2023-08-31 10:30:17 - [TEST_STEP][PASSED] - desc = data.get("deskripsiProduk2"): null

2023-08-31 10:30:17 - [TEST_STEP][PASSED] - harga = data.get("hargaBarang2"): null

2023-08-31 10:30:17 - [TEST_STEP][PASSED] - click(findTestObject("chekout/button_Checkout")): Object: 'Object Repository/chekout/button_Checkout' is clicked on

2023-08-31 10:30:18 - [MESSAGE][PASSED] - Object: 'Object Repository/chekout/button_Checkout' is clicked on

2023-08-31 10:30:18 - [TEST_STEP][PASSED] - verifyElementPresent(findTestObject("chekout/step 1 Checkout Your Information"), 0): Object 'Object Repository/chekout/step 1 Checkout Your Information' is present

2023-08-31 10:30:18 - [MESSAGE][WARNING] - Timeout '0' is invalid. Using default page load timeout: '30'

2023-08-31 10:30:18 - [MESSAGE][PASSED] - Object 'Object Repository/chekout/step 1 Checkout Your Information' is present

2023-08-31 10:30:18 - [TEST_STEP][PASSED] - setText(findTestObject("chekout/input_firstName_Checkout Your Information"), "Ika"): Text 'Ika' is set on object 'Object Repository/chekout/input_firstName_Checkout Your Information'

2023-08-31 10:30:19 - [MESSAGE][PASSED] - Text 'Ika' is set on object 'Object Repository/chekout/input_firstName_Checkout Your Information'

2023-08-31 10:30:19 - [TEST_STEP][PASSED] - setText(findTestObject("chekout/input_lastName_Checkout Your Information"), "Nur"): Text 'Nur' is set on object 'Object Repository/chekout/input_lastName_Checkout Your Information'

2023-08-31 10:30:20 - [MESSAGE][PASSED] - Text 'Nur' is set on object 'Object Repository/chekout/input_lastName_Checkout Your Information'

2023-08-31 10:30:20 - [TEST_STEP][PASSED] - setText(findTestObject("chekout/input_postalCode_Checkout Your Information"), "55582"): Text '55582' is set on object 'Object Repository/chekout/input_postalCode_Checkout Your Information'

2023-08-31 10:30:21 - [MESSAGE][PASSED] - Text '55582' is set on object 'Object Repository/chekout/input_postalCode_Checkout Your Information'

2023-08-31 10:30:21 - [TEST_STEP][PASSED] - click(findTestObject("chekout/continue (your Information)")): Object: 'Object Repository/chekout/continue (your Information)' is clicked on

2023-08-31 10:30:22 - [MESSAGE][PASSED] - Object: 'Object Repository/chekout/continue (your Information)' is clicked on

2023-08-31 10:30:22 - [TEST_STEP][PASSED] - verifyElementPresent(findTestObject("chekout/span_Checkout Overview"), 0): Object 'Object Repository/chekout/span_Checkout Overview' is present

2023-08-31 10:30:22 - [MESSAGE][WARNING] - Timeout '0' is invalid. Using default page load timeout: '30'

2023-08-31 10:30:22 - [MESSAGE][PASSED] - Object 'Object Repository/chekout/span_Checkout Overview' is present

2023-08-31 10:30:22 - [TEST_STEP][PASSED] - titleProduk = findWebElements(findTestObject("Object Repository/chekout/nama semua produk di overview"), 5): null

2023-08-31 10:30:22 - [TEST_STEP][PASSED] - descProduk = findWebElements(findTestObject("Object Repository/chekout/deskripsi di overview"), 5): null

2023-08-31 10:30:23 - [TEST_STEP][PASSED] - hargaProduk = findWebElements(findTestObject("Object Repository/chekout/harga semua di overview"), 5): null

2023-08-31 10:30:23 - [TEST_STEP][PASSED] - produk = new java.util.ArrayList(): null

2023-08-31 10:30:23 - [TEST_STEP][PASSED] - deskripsi = new java.util.ArrayList(): null

2023-08-31 10:30:23 - [TEST_STEP][PASSED] - price = new java.util.ArrayList(): null

2023-08-31 10:30:23 - [TEST_STEP][PASSED] - for ([i = 0, i < titleProduk.size(), (i++)]): null

2023-08-31 10:30:23 - [TEST_STEP][PASSED] - TitleProdukText = text.trim(): null

2023-08-31 10:30:23 - [TEST_STEP][PASSED] - descProdukText = text.trim(): null

2023-08-31 10:30:23 - [TEST_STEP][PASSED] - hargaProdukText = text.trim(): null

2023-08-31 10:30:23 - [TEST_STEP][PASSED] - produk.add(TitleProdukText): null

2023-08-31 10:30:23 - [TEST_STEP][PASSED] - deskripsi.add(descProdukText): null

2023-08-31 10:30:23 - [TEST_STEP][PASSED] - price.add(hargaProdukText): null

2023-08-31 10:30:23 - [TEST_STEP][PASSED] - TitleProdukText = text.trim(): null

2023-08-31 10:30:23 - [TEST_STEP][PASSED] - descProdukText = text.trim(): null

2023-08-31 10:30:23 - [TEST_STEP][PASSED] - hargaProdukText = text.trim(): null

2023-08-31 10:30:23 - [TEST_STEP][PASSED] - produk.add(TitleProdukText): null

2023-08-31 10:30:23 - [TEST_STEP][PASSED] - deskripsi.add(descProdukText): null

2023-08-31 10:30:23 - [TEST_STEP][PASSED] - price.add(hargaProdukText): null

2023-08-31 10:30:23 - [TEST_STEP][PASSED] - assert namaProduk == produk: null

2023-08-31 10:30:23 - [TEST_STEP][PASSED] - assert desc == deskripsi: null

2023-08-31 10:30:23 - [TEST_STEP][PASSED] - assert harga == price: null

2023-08-31 10:30:23 - [TEST_STEP][PASSED] - hargaTotalProduk = <not implemented yet for class: org.codehaus.groovy.ast.expr.EmptyExpression>: null

2023-08-31 10:30:23 - [TEST_STEP][PASSED] - n = 0.0: null

2023-08-31 10:30:23 - [TEST_STEP][PASSED] - for ([j = 0, j < hargaProduk.size(), (j++)]): null

2023-08-31 10:30:23 - [TEST_STEP][PASSED] - text = text.replace("$", ""): null

2023-08-31 10:30:23 - [TEST_STEP][PASSED] - tex = Double.parseDouble(text): null

2023-08-31 10:30:23 - [TEST_STEP][PASSED] - n = n + tex: null

2023-08-31 10:30:23 - [TEST_STEP][PASSED] - hargaTotalProduk = n: null

2023-08-31 10:30:23 - [TEST_STEP][PASSED] - println(n): null

2023-08-31 10:30:23 - [TEST_STEP][PASSED] - text = text.replace("$", ""): null

2023-08-31 10:30:23 - [TEST_STEP][PASSED] - tex = Double.parseDouble(text): null

2023-08-31 10:30:23 - [TEST_STEP][PASSED] - n = n + tex: null

2023-08-31 10:30:23 - [TEST_STEP][PASSED] - hargaTotalProduk = n: null

2023-08-31 10:30:23 - [TEST_STEP][PASSED] - println(n): null

2023-08-31 10:30:23 - [TEST_STEP][PASSED] - total = getText(findTestObject("Object Repository/chekout/item total")).split("\$"): Text of object 'Object Repository/chekout/item total' is: 'Item total: $39.98'

2023-08-31 10:30:24 - [MESSAGE][PASSED] - Text of object 'Object Repository/chekout/item total' is: 'Item total: $39.98'

2023-08-31 10:30:24 - [TEST_STEP][PASSED] - itemTotal = Double.parseDouble(total[1]): null

2023-08-31 10:30:24 - [TEST_STEP][PASSED] - tax = getText(findTestObject("Object Repository/chekout/tax")).split("\$"): Text of object 'Object Repository/chekout/tax' is: 'Tax: $3.20'

2023-08-31 10:30:24 - [MESSAGE][PASSED] - Text of object 'Object Repository/chekout/tax' is: 'Tax: $3.20'

2023-08-31 10:30:24 - [TEST_STEP][PASSED] - taxNew = Double.parseDouble(tax[1]): null

2023-08-31 10:30:24 - [TEST_STEP][PASSED] - hitTax = Math.round(itemTotal * 0.08 * 100) / 100: null

2023-08-31 10:30:24 - [TEST_STEP][PASSED] - hitTotalHarga = itemTotal + hitTax: null

2023-08-31 10:30:24 - [TEST_STEP][PASSED] - sumHarga = getText(findTestObject("Object Repository/chekout/total harga")).split("\$"): Text of object 'Object Repository/chekout/total harga' is: 'Total: $43.18'

2023-08-31 10:30:24 - [MESSAGE][PASSED] - Text of object 'Object Repository/chekout/total harga' is: 'Total: $43.18'

2023-08-31 10:30:24 - [TEST_STEP][PASSED] - sumPrice = Double.parseDouble(sumHarga[1]): null

2023-08-31 10:30:24 - [TEST_STEP][PASSED] - assert hargaTotalProduk == itemTotal: null

2023-08-31 10:30:24 - [TEST_STEP][PASSED] - assert sumPrice == hitTotalHarga: null

2023-08-31 10:30:24 - [TEST_STEP][PASSED] - click(findTestObject("chekout/button_Finish")): Object: 'Object Repository/chekout/button_Finish' is clicked on

2023-08-31 10:30:25 - [MESSAGE][PASSED] - Object: 'Object Repository/chekout/button_Finish' is clicked on

2023-08-31 10:30:25 - [TEST_STEP][PASSED] - verifyElementText(findTestObject("chekout/h2_Thank you for your order"), "Thank you for your order!"): Actual text and expected text of test object 'Object Repository/chekout/h2_Thank you for your order' are matched.

2023-08-31 10:30:25 - [MESSAGE][PASSED] - Actual text and expected text of test object 'Object Repository/chekout/h2_Thank you for your order' are matched.]]></system-out>
         <system-err><![CDATA[]]></system-err>
      </testcase>
      <testcase name="Test Cases/5. Chekout/TC-Checkout-Nav-001" time="24.825" classname="Test Cases/5. Chekout/TC-Checkout-Nav-001" status="PASSED">
         <system-out><![CDATA[2023-08-31 10:30:25 - [TEST_CASE][PASSED] - Test Cases/5. Chekout/TC-Checkout-Nav-001: Test Cases/5. Chekout/TC-Checkout-Nav-001

2023-08-31 10:30:26 - [TEST_STEP][PASSED] - data = callTestCase(findTestCase("4. keranjang/TC-Cart-Show-002"), ["namaProduk":"Sauce Labs Backpack", "deskripsi":"carry.allTheThings() with the sleek, streamlined Sly Pack that melds uncompromising style with unequaled laptop and tablet protection.", ... ], STOP_ON_FAILURE): Call Test Case 'Test Cases/4. keranjang/TC-Cart-Show-002' successfully

2023-08-31 10:30:26 - [TEST_CASE][PASSED] - Test Cases/4. keranjang/TC-Cart-Show-002: Test Cases/4. keranjang/TC-Cart-Show-002

2023-08-31 10:30:26 - [TEST_STEP][PASSED] - dataProduk = callTestCase(findTestCase("2. Products/TC-Product-AddCart-001"), [:], STOP_ON_FAILURE): Call Test Case 'Test Cases/2. Products/TC-Product-AddCart-001' successfully

2023-08-31 10:30:26 - [TEST_CASE][PASSED] - Test Cases/2. Products/TC-Product-AddCart-001: Test Cases/2. Products/TC-Product-AddCart-001

2023-08-31 10:30:26 - [TEST_STEP][PASSED] - callTestCase(findTestCase("2. Products/TC-Product-Show-001"), [:], STOP_ON_FAILURE): Call Test Case 'Test Cases/2. Products/TC-Product-Show-001' successfully

2023-08-31 10:30:26 - [TEST_CASE][PASSED] - Test Cases/2. Products/TC-Product-Show-001: Test Cases/2. Products/TC-Product-Show-001

2023-08-31 10:30:26 - [TEST_STEP][PASSED] - callTestCase(findTestCase("1. login/TC-Login-Success-001"), [:], STOP_ON_FAILURE): Call Test Case 'Test Cases/1. login/TC-Login-Success-001' successfully

2023-08-31 10:30:26 - [TEST_CASE][PASSED] - Test Cases/1. login/TC-Login-Success-001: Test Cases/1. login/TC-Login-Success-001

2023-08-31 10:30:26 - [TEST_STEP][PASSED] - openBrowser(web): Browser is opened with url: 'https://www.saucedemo.com/inventory.html'

2023-08-31 10:30:26 - [MESSAGE][WARNING] - A browser is already opened. Closing browser and opening a new one

2023-08-31 10:30:27 - [MESSAGE][INFO] - Starting 'Edge Chromium' driver

2023-08-31 10:30:30 - [MESSAGE][INFO] - Action delay is set to 0 milliseconds

2023-08-31 10:30:33 - [MESSAGE][PASSED] - Browser is opened with url: 'https://www.saucedemo.com/inventory.html'

2023-08-31 10:30:33 - [TEST_STEP][PASSED] - maximizeWindow(): Current window maximized

2023-08-31 10:30:33 - [MESSAGE][PASSED] - Current window maximized

2023-08-31 10:30:33 - [TEST_STEP][PASSED] - verifyElementPresent(findTestObject("1. Login/halaman home swag labs"), 0): Object 'Object Repository/1. Login/halaman home swag labs' is present

2023-08-31 10:30:33 - [MESSAGE][WARNING] - Timeout '0' is invalid. Using default page load timeout: '30'

2023-08-31 10:30:34 - [MESSAGE][PASSED] - Object 'Object Repository/1. Login/halaman home swag labs' is present

2023-08-31 10:30:34 - [TEST_STEP][PASSED] - setText(findTestObject("1. Login/input username"), username): Text 'standard_user' is set on object 'Object Repository/1. Login/input username'

2023-08-31 10:30:35 - [MESSAGE][PASSED] - Text 'standard_user' is set on object 'Object Repository/1. Login/input username'

2023-08-31 10:30:35 - [TEST_STEP][PASSED] - setEncryptedText(findTestObject("1. Login/input password"), password): Text ****** has been set on object 'Object Repository/1. Login/input password'

2023-08-31 10:30:35 - [MESSAGE][PASSED] - Text ****** has been set on object 'Object Repository/1. Login/input password'

2023-08-31 10:30:35 - [TEST_STEP][PASSED] - click(findTestObject("1. Login/button Login")): Object: 'Object Repository/1. Login/button Login' is clicked on

2023-08-31 10:30:36 - [MESSAGE][PASSED] - Object: 'Object Repository/1. Login/button Login' is clicked on

2023-08-31 10:30:36 - [TEST_STEP][PASSED] - verifyElementText(findTestObject("1. Login/home product atau halaman Swag Labs"), "Swag Labs"): Actual text and expected text of test object 'Object Repository/1. Login/home product atau halaman Swag Labs' are matched.

2023-08-31 10:30:36 - [MESSAGE][PASSED] - Actual text and expected text of test object 'Object Repository/1. Login/home product atau halaman Swag Labs' are matched.

2023-08-31 10:30:36 - [MESSAGE][PASSED] - Call Test Case 'Test Cases/1. login/TC-Login-Success-001' successfully

2023-08-31 10:30:36 - [MESSAGE][PASSED] - Call Test Case 'Test Cases/2. Products/TC-Product-Show-001' successfully

2023-08-31 10:30:36 - [TEST_STEP][PASSED] - click(findTestObject("Products/button_Add to cart 1")): Object: 'Object Repository/Products/button_Add to cart 1' is clicked on

2023-08-31 10:30:37 - [MESSAGE][PASSED] - Object: 'Object Repository/Products/button_Add to cart 1' is clicked on

2023-08-31 10:30:37 - [TEST_STEP][PASSED] - verifyElementPresent(findTestObject("Object Repository/Products/button_Remove"), 0): Object 'Object Repository/Products/button_Remove' is present

2023-08-31 10:30:37 - [MESSAGE][WARNING] - Timeout '0' is invalid. Using default page load timeout: '30'

2023-08-31 10:30:37 - [MESSAGE][PASSED] - Object 'Object Repository/Products/button_Remove' is present

2023-08-31 10:30:37 - [TEST_STEP][PASSED] - verifyElementPresent(findTestObject("Products/shopping cart 1"), 0): Object 'Object Repository/Products/shopping cart 1' is present

2023-08-31 10:30:37 - [MESSAGE][WARNING] - Timeout '0' is invalid. Using default page load timeout: '30'

2023-08-31 10:30:38 - [MESSAGE][PASSED] - Object 'Object Repository/Products/shopping cart 1' is present

2023-08-31 10:30:38 - [TEST_STEP][PASSED] - badge = getText(findTestObject("Object Repository/Products/angka di keranjang")): Text of object 'Object Repository/Products/angka di keranjang' is: '1'

2023-08-31 10:30:38 - [MESSAGE][PASSED] - Text of object 'Object Repository/Products/angka di keranjang' is: '1'

2023-08-31 10:30:38 - [TEST_STEP][PASSED] - assert badge == "1": null

2023-08-31 10:30:38 - [TEST_STEP][PASSED] - namaProduk = getText(findTestObject("Products/div_Sauce Labs Backpack")): Text of object 'Object Repository/Products/div_Sauce Labs Backpack' is: 'Sauce Labs Backpack'

2023-08-31 10:30:38 - [MESSAGE][PASSED] - Text of object 'Object Repository/Products/div_Sauce Labs Backpack' is: 'Sauce Labs Backpack'

2023-08-31 10:30:38 - [TEST_STEP][PASSED] - deskripsi = getText(findTestObject("Products/deskripsi")): Text of object 'Object Repository/Products/deskripsi' is: 'carry.allTheThings() with the sleek, streamlined Sly Pack that melds uncompromising style with unequaled laptop and tablet protection.'

2023-08-31 10:30:39 - [MESSAGE][PASSED] - Text of object 'Object Repository/Products/deskripsi' is: 'carry.allTheThings() with the sleek, streamlined Sly Pack that melds uncompromising style with unequaled laptop and tablet protection.'

2023-08-31 10:30:39 - [TEST_STEP][PASSED] - price = getText(findTestObject("Products/harga produk 1")): Text of object 'Object Repository/Products/harga produk 1' is: '$29.99'

2023-08-31 10:30:39 - [MESSAGE][PASSED] - Text of object 'Object Repository/Products/harga produk 1' is: '$29.99'

2023-08-31 10:30:39 - [TEST_STEP][PASSED] - assert trim().equalsIgnoreCase(produkName.trim()): null

2023-08-31 10:30:39 - [TEST_STEP][PASSED] - assert trim().equalsIgnoreCase(deskripsi.trim()): null

2023-08-31 10:30:39 - [TEST_STEP][PASSED] - assert trim().equalsIgnoreCase(price.trim()): null

2023-08-31 10:30:39 - [TEST_STEP][PASSED] - dataProduk = new java.util.HashMap(): null

2023-08-31 10:30:39 - [TEST_STEP][PASSED] - dataProduk.put("namaProduk", namaProduk): null

2023-08-31 10:30:39 - [TEST_STEP][PASSED] - dataProduk.put("deskripsi", deskripsi): null

2023-08-31 10:30:39 - [TEST_STEP][PASSED] - dataProduk.put("price", price): null

2023-08-31 10:30:39 - [TEST_STEP][PASSED] - return dataProduk: null

2023-08-31 10:30:39 - [MESSAGE][PASSED] - Call Test Case 'Test Cases/2. Products/TC-Product-AddCart-001' successfully

2023-08-31 10:30:39 - [TEST_STEP][PASSED] - produk = dataProduk.get("namaProduk"): null

2023-08-31 10:30:39 - [TEST_STEP][PASSED] - Deskripsi = dataProduk.get("deskripsi"): null

2023-08-31 10:30:39 - [TEST_STEP][PASSED] - price = dataProduk.get("price"): null

2023-08-31 10:30:39 - [TEST_STEP][PASSED] - click(findTestObject("keranjang/keranjang belanja")): Object: 'Object Repository/keranjang/keranjang belanja' is clicked on

2023-08-31 10:30:40 - [MESSAGE][PASSED] - Object: 'Object Repository/keranjang/keranjang belanja' is clicked on

2023-08-31 10:30:40 - [TEST_STEP][PASSED] - verifyElementPresent(findTestObject("keranjang/div_Your Cart"), 0): Object 'Object Repository/keranjang/div_Your Cart' is present

2023-08-31 10:30:40 - [MESSAGE][WARNING] - Timeout '0' is invalid. Using default page load timeout: '30'

2023-08-31 10:30:40 - [MESSAGE][PASSED] - Object 'Object Repository/keranjang/div_Your Cart' is present

2023-08-31 10:30:40 - [TEST_STEP][PASSED] - namaProduk = getText(findTestObject("Object Repository/keranjang/nama produk")): Text of object 'Object Repository/keranjang/nama produk' is: 'Sauce Labs Backpack'

2023-08-31 10:30:40 - [MESSAGE][PASSED] - Text of object 'Object Repository/keranjang/nama produk' is: 'Sauce Labs Backpack'

2023-08-31 10:30:40 - [TEST_STEP][PASSED] - deskripsi = getText(findTestObject("Object Repository/keranjang/deskripsi")): Text of object 'Object Repository/keranjang/deskripsi' is: 'carry.allTheThings() with the sleek, streamlined Sly Pack that melds uncompromising style with unequaled laptop and tablet protection.'

2023-08-31 10:30:41 - [MESSAGE][PASSED] - Text of object 'Object Repository/keranjang/deskripsi' is: 'carry.allTheThings() with the sleek, streamlined Sly Pack that melds uncompromising style with unequaled laptop and tablet protection.'

2023-08-31 10:30:41 - [TEST_STEP][PASSED] - harga = getText(findTestObject("Object Repository/keranjang/harga")): Text of object 'Object Repository/keranjang/harga' is: '$29.99'

2023-08-31 10:30:41 - [MESSAGE][PASSED] - Text of object 'Object Repository/keranjang/harga' is: '$29.99'

2023-08-31 10:30:41 - [TEST_STEP][PASSED] - assert trim().equalsIgnoreCase(produk.trim()): null

2023-08-31 10:30:41 - [TEST_STEP][PASSED] - assert trim().equalsIgnoreCase(Deskripsi.trim()): null

2023-08-31 10:30:41 - [TEST_STEP][PASSED] - assert trim().equalsIgnoreCase(price.trim()): null

2023-08-31 10:30:41 - [TEST_STEP][PASSED] - dataKeranjang = new java.util.HashMap(): null

2023-08-31 10:30:41 - [TEST_STEP][PASSED] - dataKeranjang.put("namaProduk", namaProduk): null

2023-08-31 10:30:41 - [TEST_STEP][PASSED] - dataKeranjang.put("deskripsi", deskripsi): null

2023-08-31 10:30:41 - [TEST_STEP][PASSED] - dataKeranjang.put("harga", harga): null

2023-08-31 10:30:41 - [TEST_STEP][PASSED] - return dataKeranjang: null

2023-08-31 10:30:41 - [MESSAGE][PASSED] - Call Test Case 'Test Cases/4. keranjang/TC-Cart-Show-002' successfully

2023-08-31 10:30:41 - [TEST_STEP][PASSED] - nProduk = data.get("namaProduk"): null

2023-08-31 10:30:41 - [TEST_STEP][PASSED] - desc = data.get("deskripsi"): null

2023-08-31 10:30:41 - [TEST_STEP][PASSED] - price = data.get("harga"): null

2023-08-31 10:30:41 - [TEST_STEP][PASSED] - click(findTestObject("chekout/button_Checkout")): Object: 'Object Repository/chekout/button_Checkout' is clicked on

2023-08-31 10:30:42 - [MESSAGE][PASSED] - Object: 'Object Repository/chekout/button_Checkout' is clicked on

2023-08-31 10:30:42 - [TEST_STEP][PASSED] - verifyElementPresent(findTestObject("chekout/step 1 Checkout Your Information"), 0): Object 'Object Repository/chekout/step 1 Checkout Your Information' is present

2023-08-31 10:30:42 - [MESSAGE][WARNING] - Timeout '0' is invalid. Using default page load timeout: '30'

2023-08-31 10:30:42 - [MESSAGE][PASSED] - Object 'Object Repository/chekout/step 1 Checkout Your Information' is present

2023-08-31 10:30:42 - [TEST_STEP][PASSED] - setText(findTestObject("chekout/input_firstName_Checkout Your Information"), "Ika"): Text 'Ika' is set on object 'Object Repository/chekout/input_firstName_Checkout Your Information'

2023-08-31 10:30:43 - [MESSAGE][PASSED] - Text 'Ika' is set on object 'Object Repository/chekout/input_firstName_Checkout Your Information'

2023-08-31 10:30:43 - [TEST_STEP][PASSED] - setText(findTestObject("chekout/input_lastName_Checkout Your Information"), "Nur"): Text 'Nur' is set on object 'Object Repository/chekout/input_lastName_Checkout Your Information'

2023-08-31 10:30:44 - [MESSAGE][PASSED] - Text 'Nur' is set on object 'Object Repository/chekout/input_lastName_Checkout Your Information'

2023-08-31 10:30:44 - [TEST_STEP][PASSED] - setText(findTestObject("chekout/input_postalCode_Checkout Your Information"), "55582"): Text '55582' is set on object 'Object Repository/chekout/input_postalCode_Checkout Your Information'

2023-08-31 10:30:45 - [MESSAGE][PASSED] - Text '55582' is set on object 'Object Repository/chekout/input_postalCode_Checkout Your Information'

2023-08-31 10:30:45 - [TEST_STEP][PASSED] - click(findTestObject("chekout/continue (your Information)")): Object: 'Object Repository/chekout/continue (your Information)' is clicked on

2023-08-31 10:30:46 - [MESSAGE][PASSED] - Object: 'Object Repository/chekout/continue (your Information)' is clicked on

2023-08-31 10:30:46 - [TEST_STEP][PASSED] - verifyElementPresent(findTestObject("chekout/span_Checkout Overview"), 0): Object 'Object Repository/chekout/span_Checkout Overview' is present

2023-08-31 10:30:46 - [MESSAGE][WARNING] - Timeout '0' is invalid. Using default page load timeout: '30'

2023-08-31 10:30:46 - [MESSAGE][PASSED] - Object 'Object Repository/chekout/span_Checkout Overview' is present

2023-08-31 10:30:46 - [TEST_STEP][PASSED] - produk = getText(findTestObject("Object Repository/chekout/nama produk 1")): Text of object 'Object Repository/chekout/nama produk 1' is: 'Sauce Labs Backpack'

2023-08-31 10:30:46 - [MESSAGE][PASSED] - Text of object 'Object Repository/chekout/nama produk 1' is: 'Sauce Labs Backpack'

2023-08-31 10:30:46 - [TEST_STEP][PASSED] - descr = getText(findTestObject("Object Repository/chekout/deksripsi produk 1")): Text of object 'Object Repository/chekout/deksripsi produk 1' is: 'carry.allTheThings() with the sleek, streamlined Sly Pack that melds uncompromising style with unequaled laptop and tablet protection.'

2023-08-31 10:30:47 - [MESSAGE][PASSED] - Text of object 'Object Repository/chekout/deksripsi produk 1' is: 'carry.allTheThings() with the sleek, streamlined Sly Pack that melds uncompromising style with unequaled laptop and tablet protection.'

2023-08-31 10:30:47 - [TEST_STEP][PASSED] - Harga = getText(findTestObject("Object Repository/chekout/harga produk 1")): Text of object 'Object Repository/chekout/harga produk 1' is: '$29.99'

2023-08-31 10:30:47 - [MESSAGE][PASSED] - Text of object 'Object Repository/chekout/harga produk 1' is: '$29.99'

2023-08-31 10:30:47 - [TEST_STEP][PASSED] - assert nProduk == produk: null

2023-08-31 10:30:47 - [TEST_STEP][PASSED] - assert desc == descr: null

2023-08-31 10:30:47 - [TEST_STEP][PASSED] - assert price == Harga: null

2023-08-31 10:30:47 - [TEST_STEP][PASSED] - tax = getText(findTestObject("Object Repository/chekout/tax")).split("\$"): Text of object 'Object Repository/chekout/tax' is: 'Tax: $2.40'

2023-08-31 10:30:48 - [MESSAGE][PASSED] - Text of object 'Object Repository/chekout/tax' is: 'Tax: $2.40'

2023-08-31 10:30:48 - [TEST_STEP][PASSED] - newTax = Double.parseDouble(tax[1]): null

2023-08-31 10:30:48 - [TEST_STEP][PASSED] - total = getText(findTestObject("Object Repository/chekout/item total")).split("\$"): Text of object 'Object Repository/chekout/item total' is: 'Item total: $29.99'

2023-08-31 10:30:48 - [MESSAGE][PASSED] - Text of object 'Object Repository/chekout/item total' is: 'Item total: $29.99'

2023-08-31 10:30:48 - [TEST_STEP][PASSED] - totalHarga = Double.parseDouble(total[1]): null

2023-08-31 10:30:48 - [TEST_STEP][PASSED] - text = getText(findTestObject("Object Repository/chekout/item total")).split("\$"): Text of object 'Object Repository/chekout/item total' is: 'Item total: $29.99'

2023-08-31 10:30:49 - [MESSAGE][PASSED] - Text of object 'Object Repository/chekout/item total' is: 'Item total: $29.99'

2023-08-31 10:30:49 - [TEST_STEP][PASSED] - hargaNew = Double.parseDouble(text[1]): null

2023-08-31 10:30:49 - [TEST_STEP][PASSED] - hitTax = hargaNew * 0.08: null

2023-08-31 10:30:49 - [TEST_STEP][PASSED] - hitTax = Math.round(hitTax * 100) / 100: null

2023-08-31 10:30:49 - [TEST_STEP][PASSED] - hitTotal = hargaNew + hitTax: null

2023-08-31 10:30:49 - [TEST_STEP][PASSED] - sum = getText(findTestObject("Object Repository/chekout/total harga")).split("\$"): Text of object 'Object Repository/chekout/total harga' is: 'Total: $32.39'

2023-08-31 10:30:49 - [MESSAGE][PASSED] - Text of object 'Object Repository/chekout/total harga' is: 'Total: $32.39'

2023-08-31 10:30:49 - [TEST_STEP][PASSED] - sumPrice = Double.parseDouble(sum[1]): null

2023-08-31 10:30:49 - [TEST_STEP][PASSED] - assert newTax == hitTax: null

2023-08-31 10:30:49 - [TEST_STEP][PASSED] - assert sumPrice == hitTotal: null

2023-08-31 10:30:49 - [TEST_STEP][PASSED] - click(findTestObject("chekout/button_Finish")): Object: 'Object Repository/chekout/button_Finish' is clicked on

2023-08-31 10:30:50 - [MESSAGE][PASSED] - Object: 'Object Repository/chekout/button_Finish' is clicked on

2023-08-31 10:30:50 - [TEST_STEP][PASSED] - verifyElementText(findTestObject("chekout/h2_Thank you for your order"), "Thank you for your order!"): Actual text and expected text of test object 'Object Repository/chekout/h2_Thank you for your order' are matched.

2023-08-31 10:30:50 - [MESSAGE][PASSED] - Actual text and expected text of test object 'Object Repository/chekout/h2_Thank you for your order' are matched.]]></system-out>
         <system-err><![CDATA[]]></system-err>
      </testcase>
      <testcase name="Test Cases/5. Chekout/TC-Checkout-Error-001" time="20.664" classname="Test Cases/5. Chekout/TC-Checkout-Error-001" status="PASSED">
         <system-out><![CDATA[2023-08-31 10:30:50 - [TEST_CASE][PASSED] - Test Cases/5. Chekout/TC-Checkout-Error-001: Test Cases/5. Chekout/TC-Checkout-Error-001

2023-08-31 10:30:51 - [TEST_STEP][PASSED] - data = callTestCase(findTestCase("4. keranjang/TC-Cart-Show-002"), ["namaProduk":"Sauce Labs Backpack", "deskripsi":"carry.allTheThings() with the sleek, streamlined Sly Pack that melds uncompromising style with unequaled laptop and tablet protection.", ... ], STOP_ON_FAILURE): Call Test Case 'Test Cases/4. keranjang/TC-Cart-Show-002' successfully

2023-08-31 10:30:51 - [TEST_CASE][PASSED] - Test Cases/4. keranjang/TC-Cart-Show-002: Test Cases/4. keranjang/TC-Cart-Show-002

2023-08-31 10:30:51 - [TEST_STEP][PASSED] - dataProduk = callTestCase(findTestCase("2. Products/TC-Product-AddCart-001"), [:], STOP_ON_FAILURE): Call Test Case 'Test Cases/2. Products/TC-Product-AddCart-001' successfully

2023-08-31 10:30:51 - [TEST_CASE][PASSED] - Test Cases/2. Products/TC-Product-AddCart-001: Test Cases/2. Products/TC-Product-AddCart-001

2023-08-31 10:30:51 - [TEST_STEP][PASSED] - callTestCase(findTestCase("2. Products/TC-Product-Show-001"), [:], STOP_ON_FAILURE): Call Test Case 'Test Cases/2. Products/TC-Product-Show-001' successfully

2023-08-31 10:30:51 - [TEST_CASE][PASSED] - Test Cases/2. Products/TC-Product-Show-001: Test Cases/2. Products/TC-Product-Show-001

2023-08-31 10:30:51 - [TEST_STEP][PASSED] - callTestCase(findTestCase("1. login/TC-Login-Success-001"), [:], STOP_ON_FAILURE): Call Test Case 'Test Cases/1. login/TC-Login-Success-001' successfully

2023-08-31 10:30:51 - [TEST_CASE][PASSED] - Test Cases/1. login/TC-Login-Success-001: Test Cases/1. login/TC-Login-Success-001

2023-08-31 10:30:51 - [TEST_STEP][PASSED] - openBrowser(web): Browser is opened with url: 'https://www.saucedemo.com/inventory.html'

2023-08-31 10:30:51 - [MESSAGE][WARNING] - A browser is already opened. Closing browser and opening a new one

2023-08-31 10:30:52 - [MESSAGE][INFO] - Starting 'Edge Chromium' driver

2023-08-31 10:30:54 - [MESSAGE][INFO] - Action delay is set to 0 milliseconds

2023-08-31 10:30:59 - [MESSAGE][PASSED] - Browser is opened with url: 'https://www.saucedemo.com/inventory.html'

2023-08-31 10:30:59 - [TEST_STEP][PASSED] - maximizeWindow(): Current window maximized

2023-08-31 10:30:59 - [MESSAGE][PASSED] - Current window maximized

2023-08-31 10:30:59 - [TEST_STEP][PASSED] - verifyElementPresent(findTestObject("1. Login/halaman home swag labs"), 0): Object 'Object Repository/1. Login/halaman home swag labs' is present

2023-08-31 10:30:59 - [MESSAGE][WARNING] - Timeout '0' is invalid. Using default page load timeout: '30'

2023-08-31 10:31:00 - [MESSAGE][PASSED] - Object 'Object Repository/1. Login/halaman home swag labs' is present

2023-08-31 10:31:00 - [TEST_STEP][PASSED] - setText(findTestObject("1. Login/input username"), username): Text 'standard_user' is set on object 'Object Repository/1. Login/input username'

2023-08-31 10:31:01 - [MESSAGE][PASSED] - Text 'standard_user' is set on object 'Object Repository/1. Login/input username'

2023-08-31 10:31:01 - [TEST_STEP][PASSED] - setEncryptedText(findTestObject("1. Login/input password"), password): Text ****** has been set on object 'Object Repository/1. Login/input password'

2023-08-31 10:31:01 - [MESSAGE][PASSED] - Text ****** has been set on object 'Object Repository/1. Login/input password'

2023-08-31 10:31:01 - [TEST_STEP][PASSED] - click(findTestObject("1. Login/button Login")): Object: 'Object Repository/1. Login/button Login' is clicked on

2023-08-31 10:31:02 - [MESSAGE][PASSED] - Object: 'Object Repository/1. Login/button Login' is clicked on

2023-08-31 10:31:02 - [TEST_STEP][PASSED] - verifyElementText(findTestObject("1. Login/home product atau halaman Swag Labs"), "Swag Labs"): Actual text and expected text of test object 'Object Repository/1. Login/home product atau halaman Swag Labs' are matched.

2023-08-31 10:31:02 - [MESSAGE][PASSED] - Actual text and expected text of test object 'Object Repository/1. Login/home product atau halaman Swag Labs' are matched.

2023-08-31 10:31:02 - [MESSAGE][PASSED] - Call Test Case 'Test Cases/1. login/TC-Login-Success-001' successfully

2023-08-31 10:31:02 - [MESSAGE][PASSED] - Call Test Case 'Test Cases/2. Products/TC-Product-Show-001' successfully

2023-08-31 10:31:02 - [TEST_STEP][PASSED] - click(findTestObject("Products/button_Add to cart 1")): Object: 'Object Repository/Products/button_Add to cart 1' is clicked on

2023-08-31 10:31:03 - [MESSAGE][PASSED] - Object: 'Object Repository/Products/button_Add to cart 1' is clicked on

2023-08-31 10:31:03 - [TEST_STEP][PASSED] - verifyElementPresent(findTestObject("Object Repository/Products/button_Remove"), 0): Object 'Object Repository/Products/button_Remove' is present

2023-08-31 10:31:03 - [MESSAGE][WARNING] - Timeout '0' is invalid. Using default page load timeout: '30'

2023-08-31 10:31:03 - [MESSAGE][PASSED] - Object 'Object Repository/Products/button_Remove' is present

2023-08-31 10:31:03 - [TEST_STEP][PASSED] - verifyElementPresent(findTestObject("Products/shopping cart 1"), 0): Object 'Object Repository/Products/shopping cart 1' is present

2023-08-31 10:31:03 - [MESSAGE][WARNING] - Timeout '0' is invalid. Using default page load timeout: '30'

2023-08-31 10:31:04 - [MESSAGE][PASSED] - Object 'Object Repository/Products/shopping cart 1' is present

2023-08-31 10:31:04 - [TEST_STEP][PASSED] - badge = getText(findTestObject("Object Repository/Products/angka di keranjang")): Text of object 'Object Repository/Products/angka di keranjang' is: '1'

2023-08-31 10:31:04 - [MESSAGE][PASSED] - Text of object 'Object Repository/Products/angka di keranjang' is: '1'

2023-08-31 10:31:04 - [TEST_STEP][PASSED] - assert badge == "1": null

2023-08-31 10:31:04 - [TEST_STEP][PASSED] - namaProduk = getText(findTestObject("Products/div_Sauce Labs Backpack")): Text of object 'Object Repository/Products/div_Sauce Labs Backpack' is: 'Sauce Labs Backpack'

2023-08-31 10:31:04 - [MESSAGE][PASSED] - Text of object 'Object Repository/Products/div_Sauce Labs Backpack' is: 'Sauce Labs Backpack'

2023-08-31 10:31:04 - [TEST_STEP][PASSED] - deskripsi = getText(findTestObject("Products/deskripsi")): Text of object 'Object Repository/Products/deskripsi' is: 'carry.allTheThings() with the sleek, streamlined Sly Pack that melds uncompromising style with unequaled laptop and tablet protection.'

2023-08-31 10:31:05 - [MESSAGE][PASSED] - Text of object 'Object Repository/Products/deskripsi' is: 'carry.allTheThings() with the sleek, streamlined Sly Pack that melds uncompromising style with unequaled laptop and tablet protection.'

2023-08-31 10:31:05 - [TEST_STEP][PASSED] - price = getText(findTestObject("Products/harga produk 1")): Text of object 'Object Repository/Products/harga produk 1' is: '$29.99'

2023-08-31 10:31:05 - [MESSAGE][PASSED] - Text of object 'Object Repository/Products/harga produk 1' is: '$29.99'

2023-08-31 10:31:05 - [TEST_STEP][PASSED] - assert trim().equalsIgnoreCase(produkName.trim()): null

2023-08-31 10:31:05 - [TEST_STEP][PASSED] - assert trim().equalsIgnoreCase(deskripsi.trim()): null

2023-08-31 10:31:05 - [TEST_STEP][PASSED] - assert trim().equalsIgnoreCase(price.trim()): null

2023-08-31 10:31:05 - [TEST_STEP][PASSED] - dataProduk = new java.util.HashMap(): null

2023-08-31 10:31:05 - [TEST_STEP][PASSED] - dataProduk.put("namaProduk", namaProduk): null

2023-08-31 10:31:05 - [TEST_STEP][PASSED] - dataProduk.put("deskripsi", deskripsi): null

2023-08-31 10:31:05 - [TEST_STEP][PASSED] - dataProduk.put("price", price): null

2023-08-31 10:31:05 - [TEST_STEP][PASSED] - return dataProduk: null

2023-08-31 10:31:05 - [MESSAGE][PASSED] - Call Test Case 'Test Cases/2. Products/TC-Product-AddCart-001' successfully

2023-08-31 10:31:05 - [TEST_STEP][PASSED] - produk = dataProduk.get("namaProduk"): null

2023-08-31 10:31:05 - [TEST_STEP][PASSED] - Deskripsi = dataProduk.get("deskripsi"): null

2023-08-31 10:31:05 - [TEST_STEP][PASSED] - price = dataProduk.get("price"): null

2023-08-31 10:31:05 - [TEST_STEP][PASSED] - click(findTestObject("keranjang/keranjang belanja")): Object: 'Object Repository/keranjang/keranjang belanja' is clicked on

2023-08-31 10:31:06 - [MESSAGE][PASSED] - Object: 'Object Repository/keranjang/keranjang belanja' is clicked on

2023-08-31 10:31:06 - [TEST_STEP][PASSED] - verifyElementPresent(findTestObject("keranjang/div_Your Cart"), 0): Object 'Object Repository/keranjang/div_Your Cart' is present

2023-08-31 10:31:06 - [MESSAGE][WARNING] - Timeout '0' is invalid. Using default page load timeout: '30'

2023-08-31 10:31:06 - [MESSAGE][PASSED] - Object 'Object Repository/keranjang/div_Your Cart' is present

2023-08-31 10:31:06 - [TEST_STEP][PASSED] - namaProduk = getText(findTestObject("Object Repository/keranjang/nama produk")): Text of object 'Object Repository/keranjang/nama produk' is: 'Sauce Labs Backpack'

2023-08-31 10:31:06 - [MESSAGE][PASSED] - Text of object 'Object Repository/keranjang/nama produk' is: 'Sauce Labs Backpack'

2023-08-31 10:31:06 - [TEST_STEP][PASSED] - deskripsi = getText(findTestObject("Object Repository/keranjang/deskripsi")): Text of object 'Object Repository/keranjang/deskripsi' is: 'carry.allTheThings() with the sleek, streamlined Sly Pack that melds uncompromising style with unequaled laptop and tablet protection.'

2023-08-31 10:31:07 - [MESSAGE][PASSED] - Text of object 'Object Repository/keranjang/deskripsi' is: 'carry.allTheThings() with the sleek, streamlined Sly Pack that melds uncompromising style with unequaled laptop and tablet protection.'

2023-08-31 10:31:07 - [TEST_STEP][PASSED] - harga = getText(findTestObject("Object Repository/keranjang/harga")): Text of object 'Object Repository/keranjang/harga' is: '$29.99'

2023-08-31 10:31:07 - [MESSAGE][PASSED] - Text of object 'Object Repository/keranjang/harga' is: '$29.99'

2023-08-31 10:31:07 - [TEST_STEP][PASSED] - assert trim().equalsIgnoreCase(produk.trim()): null

2023-08-31 10:31:07 - [TEST_STEP][PASSED] - assert trim().equalsIgnoreCase(Deskripsi.trim()): null

2023-08-31 10:31:07 - [TEST_STEP][PASSED] - assert trim().equalsIgnoreCase(price.trim()): null

2023-08-31 10:31:07 - [TEST_STEP][PASSED] - dataKeranjang = new java.util.HashMap(): null

2023-08-31 10:31:07 - [TEST_STEP][PASSED] - dataKeranjang.put("namaProduk", namaProduk): null

2023-08-31 10:31:07 - [TEST_STEP][PASSED] - dataKeranjang.put("deskripsi", deskripsi): null

2023-08-31 10:31:07 - [TEST_STEP][PASSED] - dataKeranjang.put("harga", harga): null

2023-08-31 10:31:07 - [TEST_STEP][PASSED] - return dataKeranjang: null

2023-08-31 10:31:07 - [MESSAGE][PASSED] - Call Test Case 'Test Cases/4. keranjang/TC-Cart-Show-002' successfully

2023-08-31 10:31:07 - [TEST_STEP][PASSED] - nProduk = data.get("namaProduk"): null

2023-08-31 10:31:07 - [TEST_STEP][PASSED] - desc = data.get("deskripsi"): null

2023-08-31 10:31:07 - [TEST_STEP][PASSED] - price = data.get("harga"): null

2023-08-31 10:31:07 - [TEST_STEP][PASSED] - click(findTestObject("chekout/button_Checkout")): Object: 'Object Repository/chekout/button_Checkout' is clicked on

2023-08-31 10:31:08 - [MESSAGE][PASSED] - Object: 'Object Repository/chekout/button_Checkout' is clicked on

2023-08-31 10:31:08 - [TEST_STEP][PASSED] - verifyElementPresent(findTestObject("chekout/step 1 Checkout Your Information"), 0): Object 'Object Repository/chekout/step 1 Checkout Your Information' is present

2023-08-31 10:31:08 - [MESSAGE][WARNING] - Timeout '0' is invalid. Using default page load timeout: '30'

2023-08-31 10:31:08 - [MESSAGE][PASSED] - Object 'Object Repository/chekout/step 1 Checkout Your Information' is present

2023-08-31 10:31:08 - [TEST_STEP][PASSED] - setText(findTestObject("chekout/input_lastName_Checkout Your Information"), "Nur"): Text 'Nur' is set on object 'Object Repository/chekout/input_lastName_Checkout Your Information'

2023-08-31 10:31:09 - [MESSAGE][PASSED] - Text 'Nur' is set on object 'Object Repository/chekout/input_lastName_Checkout Your Information'

2023-08-31 10:31:09 - [TEST_STEP][PASSED] - setText(findTestObject("chekout/input_postalCode_Checkout Your Information"), "55582"): Text '55582' is set on object 'Object Repository/chekout/input_postalCode_Checkout Your Information'

2023-08-31 10:31:10 - [MESSAGE][PASSED] - Text '55582' is set on object 'Object Repository/chekout/input_postalCode_Checkout Your Information'

2023-08-31 10:31:10 - [TEST_STEP][PASSED] - click(findTestObject("chekout/continue (your Information)")): Object: 'Object Repository/chekout/continue (your Information)' is clicked on

2023-08-31 10:31:10 - [MESSAGE][PASSED] - Object: 'Object Repository/chekout/continue (your Information)' is clicked on

2023-08-31 10:31:10 - [TEST_STEP][PASSED] - verifyElementText(findTestObject("chekout/Error minta input First Name"), "Error: First Name is required"): Actual text and expected text of test object 'Object Repository/chekout/Error minta input First Name' are matched.

2023-08-31 10:31:11 - [MESSAGE][PASSED] - Actual text and expected text of test object 'Object Repository/chekout/Error minta input First Name' are matched.]]></system-out>
         <system-err><![CDATA[]]></system-err>
      </testcase>
      <testcase name="Test Cases/5. Chekout/TC-Checkout-Error-002" time="23.576" classname="Test Cases/5. Chekout/TC-Checkout-Error-002" status="FAILED">
         <failure type="FAILED" message="Test Cases/5. Chekout/TC-Checkout-Error-002 FAILED.
Reason:
com.kms.katalon.core.exception.StepFailedException: Verify element text of test object 'Object Repository/chekout/Error minta input First Name' FAILED.
	at com.kms.katalon.core.webui.keyword.internal.WebUIKeywordMain.stepFailed(WebUIKeywordMain.groovy:64)
	at com.kms.katalon.core.webui.keyword.internal.WebUIKeywordMain.runKeyword(WebUIKeywordMain.groovy:26)
	at com.kms.katalon.core.webui.keyword.builtin.VerifyElementTextKeyword.verifyElementText(VerifyElementTextKeyword.groovy:72)
	at com.kms.katalon.core.webui.keyword.builtin.VerifyElementTextKeyword.execute(VerifyElementTextKeyword.groovy:40)
	at com.kms.katalon.core.keyword.internal.KeywordExecutor.executeKeywordForPlatform(KeywordExecutor.groovy:74)
	at com.kms.katalon.core.webui.keyword.WebUiBuiltInKeywords.verifyElementText(WebUiBuiltInKeywords.groovy:4749)
	at com.kms.katalon.core.webui.keyword.WebUiBuiltInKeywords$verifyElementText$5.call(Unknown Source)
	at TC-Checkout-Error-002.run(TC-Checkout-Error-002:38)
	at com.kms.katalon.core.main.ScriptEngine.run(ScriptEngine.java:194)
	at com.kms.katalon.core.main.ScriptEngine.runScriptAsRawText(ScriptEngine.java:119)
	at com.kms.katalon.core.main.TestCaseExecutor.runScript(TestCaseExecutor.java:448)
	at com.kms.katalon.core.main.TestCaseExecutor.doExecute(TestCaseExecutor.java:439)
	at com.kms.katalon.core.main.TestCaseExecutor.processExecutionPhase(TestCaseExecutor.java:418)
	at com.kms.katalon.core.main.TestCaseExecutor.accessMainPhase(TestCaseExecutor.java:410)
	at com.kms.katalon.core.main.TestCaseExecutor.execute(TestCaseExecutor.java:285)
	at com.kms.katalon.core.main.TestCaseExecutor.execute(TestCaseExecutor.java:369)
	at com.kms.katalon.core.main.TestCaseExecutor.execute(TestCaseExecutor.java:369)
	at com.kms.katalon.core.main.TestCaseExecutor.execute(TestCaseExecutor.java:369)
	at com.kms.katalon.core.common.CommonExecutor.accessTestCaseMainPhase(CommonExecutor.java:65)
	at com.kms.katalon.core.main.TestSuiteExecutor.accessTestSuiteMainPhase(TestSuiteExecutor.java:148)
	at com.kms.katalon.core.main.TestSuiteExecutor.execute(TestSuiteExecutor.java:106)
	at com.kms.katalon.core.main.TestCaseMain.startTestSuite(TestCaseMain.java:187)
	at com.kms.katalon.core.main.TestCaseMain$startTestSuite$0.call(Unknown Source)
	at TempTestSuite1693452099201.run(TempTestSuite1693452099201.groovy:36)
Caused by: com.kms.katalon.core.exception.StepFailedException: Actual text 'Error: Last Name is required' and expected text 'Last Name Required' of test object 'Object Repository/chekout/Error minta input First Name' are NOT matched.
	at com.kms.katalon.core.webui.keyword.internal.WebUIKeywordMain.stepFailed(WebUIKeywordMain.groovy:64)
	at com.kms.katalon.core.webui.keyword.builtin.VerifyElementTextKeyword$_verifyElementText_closure1.doCall(VerifyElementTextKeyword.groovy:57)
	at com.kms.katalon.core.webui.keyword.builtin.VerifyElementTextKeyword$_verifyElementText_closure1.call(VerifyElementTextKeyword.groovy)
	at com.kms.katalon.core.webui.keyword.internal.WebUIKeywordMain.runKeyword(WebUIKeywordMain.groovy:20)
	... 22 more
"/>
         <system-out><![CDATA[2023-08-31 10:32:14 - [TEST_CASE][FAILED] - Test Cases/5. Chekout/TC-Checkout-Error-002: Test Cases/5. Chekout/TC-Checkout-Error-002 FAILED.
Reason:
com.kms.katalon.core.exception.StepFailedException: Verify element text of test object 'Object Repository/chekout/Error minta input First Name' FAILED.
	at com.kms.katalon.core.webui.keyword.internal.WebUIKeywordMain.stepFailed(WebUIKeywordMain.groovy:64)
	at com.kms.katalon.core.webui.keyword.internal.WebUIKeywordMain.runKeyword(WebUIKeywordMain.groovy:26)
	at com.kms.katalon.core.webui.keyword.builtin.VerifyElementTextKeyword.verifyElementText(VerifyElementTextKeyword.groovy:72)
	at com.kms.katalon.core.webui.keyword.builtin.VerifyElementTextKeyword.execute(VerifyElementTextKeyword.groovy:40)
	at com.kms.katalon.core.keyword.internal.KeywordExecutor.executeKeywordForPlatform(KeywordExecutor.groovy:74)
	at com.kms.katalon.core.webui.keyword.WebUiBuiltInKeywords.verifyElementText(WebUiBuiltInKeywords.groovy:4749)
	at com.kms.katalon.core.webui.keyword.WebUiBuiltInKeywords$verifyElementText$5.call(Unknown Source)
	at TC-Checkout-Error-002.run(TC-Checkout-Error-002:38)
	at com.kms.katalon.core.main.ScriptEngine.run(ScriptEngine.java:194)
	at com.kms.katalon.core.main.ScriptEngine.runScriptAsRawText(ScriptEngine.java:119)
	at com.kms.katalon.core.main.TestCaseExecutor.runScript(TestCaseExecutor.java:448)
	at com.kms.katalon.core.main.TestCaseExecutor.doExecute(TestCaseExecutor.java:439)
	at com.kms.katalon.core.main.TestCaseExecutor.processExecutionPhase(TestCaseExecutor.java:418)
	at com.kms.katalon.core.main.TestCaseExecutor.accessMainPhase(TestCaseExecutor.java:410)
	at com.kms.katalon.core.main.TestCaseExecutor.execute(TestCaseExecutor.java:285)
	at com.kms.katalon.core.main.TestCaseExecutor.execute(TestCaseExecutor.java:369)
	at com.kms.katalon.core.main.TestCaseExecutor.execute(TestCaseExecutor.java:369)
	at com.kms.katalon.core.main.TestCaseExecutor.execute(TestCaseExecutor.java:369)
	at com.kms.katalon.core.common.CommonExecutor.accessTestCaseMainPhase(CommonExecutor.java:65)
	at com.kms.katalon.core.main.TestSuiteExecutor.accessTestSuiteMainPhase(TestSuiteExecutor.java:148)
	at com.kms.katalon.core.main.TestSuiteExecutor.execute(TestSuiteExecutor.java:106)
	at com.kms.katalon.core.main.TestCaseMain.startTestSuite(TestCaseMain.java:187)
	at com.kms.katalon.core.main.TestCaseMain$startTestSuite$0.call(Unknown Source)
	at TempTestSuite1693452099201.run(TempTestSuite1693452099201.groovy:36)
Caused by: com.kms.katalon.core.exception.StepFailedException: Actual text 'Error: Last Name is required' and expected text 'Last Name Required' of test object 'Object Repository/chekout/Error minta input First Name' are NOT matched.
	at com.kms.katalon.core.webui.keyword.internal.WebUIKeywordMain.stepFailed(WebUIKeywordMain.groovy:64)
	at com.kms.katalon.core.webui.keyword.builtin.VerifyElementTextKeyword$_verifyElementText_closure1.doCall(VerifyElementTextKeyword.groovy:57)
	at com.kms.katalon.core.webui.keyword.builtin.VerifyElementTextKeyword$_verifyElementText_closure1.call(VerifyElementTextKeyword.groovy)
	at com.kms.katalon.core.webui.keyword.internal.WebUIKeywordMain.runKeyword(WebUIKeywordMain.groovy:20)
	... 22 more


2023-08-31 10:32:14 - [TEST_STEP][PASSED] - data = callTestCase(findTestCase("4. keranjang/TC-Cart-Show-003"), [:], STOP_ON_FAILURE): Call Test Case 'Test Cases/4. keranjang/TC-Cart-Show-003' successfully

2023-08-31 10:32:14 - [TEST_CASE][PASSED] - Test Cases/4. keranjang/TC-Cart-Show-003: Test Cases/4. keranjang/TC-Cart-Show-003

2023-08-31 10:32:14 - [TEST_STEP][PASSED] - dataProduk2 = callTestCase(findTestCase("2. Products/TC-Product-AddCart-002"), [:], STOP_ON_FAILURE): Call Test Case 'Test Cases/2. Products/TC-Product-AddCart-002' successfully

2023-08-31 10:32:14 - [TEST_CASE][PASSED] - Test Cases/2. Products/TC-Product-AddCart-002: Test Cases/2. Products/TC-Product-AddCart-002

2023-08-31 10:32:14 - [TEST_STEP][PASSED] - dataCart1 = callTestCase(findTestCase("2. Products/TC-Product-AddCart-001"), ["produkName":"Sauce Labs Backpack", "deskripsi":"carry.allTheThings() with the sleek, streamlined Sly Pack that melds uncompromising style with unequaled laptop and tablet protection.", ... ], STOP_ON_FAILURE): Call Test Case 'Test Cases/2. Products/TC-Product-AddCart-001' successfully

2023-08-31 10:32:14 - [TEST_CASE][PASSED] - Test Cases/2. Products/TC-Product-AddCart-001: Test Cases/2. Products/TC-Product-AddCart-001

2023-08-31 10:32:14 - [TEST_STEP][PASSED] - callTestCase(findTestCase("2. Products/TC-Product-Show-001"), [:], STOP_ON_FAILURE): Call Test Case 'Test Cases/2. Products/TC-Product-Show-001' successfully

2023-08-31 10:32:14 - [TEST_CASE][PASSED] - Test Cases/2. Products/TC-Product-Show-001: Test Cases/2. Products/TC-Product-Show-001

2023-08-31 10:32:14 - [TEST_STEP][PASSED] - callTestCase(findTestCase("1. login/TC-Login-Success-001"), [:], STOP_ON_FAILURE): Call Test Case 'Test Cases/1. login/TC-Login-Success-001' successfully

2023-08-31 10:32:14 - [TEST_CASE][PASSED] - Test Cases/1. login/TC-Login-Success-001: Test Cases/1. login/TC-Login-Success-001

2023-08-31 10:32:14 - [TEST_STEP][PASSED] - openBrowser(web): Browser is opened with url: 'https://www.saucedemo.com/inventory.html'

2023-08-31 10:32:14 - [MESSAGE][WARNING] - A browser is already opened. Closing browser and opening a new one

2023-08-31 10:32:15 - [MESSAGE][INFO] - Starting 'Edge Chromium' driver

2023-08-31 10:32:17 - [MESSAGE][INFO] - Action delay is set to 0 milliseconds

2023-08-31 10:32:22 - [MESSAGE][PASSED] - Browser is opened with url: 'https://www.saucedemo.com/inventory.html'

2023-08-31 10:32:22 - [TEST_STEP][PASSED] - maximizeWindow(): Current window maximized

2023-08-31 10:32:22 - [MESSAGE][PASSED] - Current window maximized

2023-08-31 10:32:22 - [TEST_STEP][PASSED] - verifyElementPresent(findTestObject("1. Login/halaman home swag labs"), 0): Object 'Object Repository/1. Login/halaman home swag labs' is present

2023-08-31 10:32:22 - [MESSAGE][WARNING] - Timeout '0' is invalid. Using default page load timeout: '30'

2023-08-31 10:32:23 - [MESSAGE][PASSED] - Object 'Object Repository/1. Login/halaman home swag labs' is present

2023-08-31 10:32:23 - [TEST_STEP][PASSED] - setText(findTestObject("1. Login/input username"), username): Text 'standard_user' is set on object 'Object Repository/1. Login/input username'

2023-08-31 10:32:24 - [MESSAGE][PASSED] - Text 'standard_user' is set on object 'Object Repository/1. Login/input username'

2023-08-31 10:32:24 - [TEST_STEP][PASSED] - setEncryptedText(findTestObject("1. Login/input password"), password): Text ****** has been set on object 'Object Repository/1. Login/input password'

2023-08-31 10:32:24 - [MESSAGE][PASSED] - Text ****** has been set on object 'Object Repository/1. Login/input password'

2023-08-31 10:32:24 - [TEST_STEP][PASSED] - click(findTestObject("1. Login/button Login")): Object: 'Object Repository/1. Login/button Login' is clicked on

2023-08-31 10:32:25 - [MESSAGE][PASSED] - Object: 'Object Repository/1. Login/button Login' is clicked on

2023-08-31 10:32:25 - [TEST_STEP][PASSED] - verifyElementText(findTestObject("1. Login/home product atau halaman Swag Labs"), "Swag Labs"): Actual text and expected text of test object 'Object Repository/1. Login/home product atau halaman Swag Labs' are matched.

2023-08-31 10:32:25 - [MESSAGE][PASSED] - Actual text and expected text of test object 'Object Repository/1. Login/home product atau halaman Swag Labs' are matched.

2023-08-31 10:32:25 - [MESSAGE][PASSED] - Call Test Case 'Test Cases/1. login/TC-Login-Success-001' successfully

2023-08-31 10:32:25 - [MESSAGE][PASSED] - Call Test Case 'Test Cases/2. Products/TC-Product-Show-001' successfully

2023-08-31 10:32:25 - [TEST_STEP][PASSED] - click(findTestObject("Products/button_Add to cart 1")): Object: 'Object Repository/Products/button_Add to cart 1' is clicked on

2023-08-31 10:32:26 - [MESSAGE][PASSED] - Object: 'Object Repository/Products/button_Add to cart 1' is clicked on

2023-08-31 10:32:26 - [TEST_STEP][PASSED] - verifyElementPresent(findTestObject("Object Repository/Products/button_Remove"), 0): Object 'Object Repository/Products/button_Remove' is present

2023-08-31 10:32:26 - [MESSAGE][WARNING] - Timeout '0' is invalid. Using default page load timeout: '30'

2023-08-31 10:32:26 - [MESSAGE][PASSED] - Object 'Object Repository/Products/button_Remove' is present

2023-08-31 10:32:26 - [TEST_STEP][PASSED] - verifyElementPresent(findTestObject("Products/shopping cart 1"), 0): Object 'Object Repository/Products/shopping cart 1' is present

2023-08-31 10:32:26 - [MESSAGE][WARNING] - Timeout '0' is invalid. Using default page load timeout: '30'

2023-08-31 10:32:27 - [MESSAGE][PASSED] - Object 'Object Repository/Products/shopping cart 1' is present

2023-08-31 10:32:27 - [TEST_STEP][PASSED] - badge = getText(findTestObject("Object Repository/Products/angka di keranjang")): Text of object 'Object Repository/Products/angka di keranjang' is: '1'

2023-08-31 10:32:27 - [MESSAGE][PASSED] - Text of object 'Object Repository/Products/angka di keranjang' is: '1'

2023-08-31 10:32:27 - [TEST_STEP][PASSED] - assert badge == "1": null

2023-08-31 10:32:27 - [TEST_STEP][PASSED] - namaProduk = getText(findTestObject("Products/div_Sauce Labs Backpack")): Text of object 'Object Repository/Products/div_Sauce Labs Backpack' is: 'Sauce Labs Backpack'

2023-08-31 10:32:28 - [MESSAGE][PASSED] - Text of object 'Object Repository/Products/div_Sauce Labs Backpack' is: 'Sauce Labs Backpack'

2023-08-31 10:32:28 - [TEST_STEP][PASSED] - deskripsi = getText(findTestObject("Products/deskripsi")): Text of object 'Object Repository/Products/deskripsi' is: 'carry.allTheThings() with the sleek, streamlined Sly Pack that melds uncompromising style with unequaled laptop and tablet protection.'

2023-08-31 10:32:28 - [MESSAGE][PASSED] - Text of object 'Object Repository/Products/deskripsi' is: 'carry.allTheThings() with the sleek, streamlined Sly Pack that melds uncompromising style with unequaled laptop and tablet protection.'

2023-08-31 10:32:28 - [TEST_STEP][PASSED] - price = getText(findTestObject("Products/harga produk 1")): Text of object 'Object Repository/Products/harga produk 1' is: '$29.99'

2023-08-31 10:32:29 - [MESSAGE][PASSED] - Text of object 'Object Repository/Products/harga produk 1' is: '$29.99'

2023-08-31 10:32:29 - [TEST_STEP][PASSED] - assert trim().equalsIgnoreCase(produkName.trim()): null

2023-08-31 10:32:29 - [TEST_STEP][PASSED] - assert trim().equalsIgnoreCase(deskripsi.trim()): null

2023-08-31 10:32:29 - [TEST_STEP][PASSED] - assert trim().equalsIgnoreCase(price.trim()): null

2023-08-31 10:32:29 - [TEST_STEP][PASSED] - dataProduk = new java.util.HashMap(): null

2023-08-31 10:32:29 - [TEST_STEP][PASSED] - dataProduk.put("namaProduk", namaProduk): null

2023-08-31 10:32:29 - [TEST_STEP][PASSED] - dataProduk.put("deskripsi", deskripsi): null

2023-08-31 10:32:29 - [TEST_STEP][PASSED] - dataProduk.put("price", price): null

2023-08-31 10:32:29 - [TEST_STEP][PASSED] - return dataProduk: null

2023-08-31 10:32:29 - [MESSAGE][PASSED] - Call Test Case 'Test Cases/2. Products/TC-Product-AddCart-001' successfully

2023-08-31 10:32:29 - [TEST_STEP][PASSED] - produk = dataCart1.get("namaProduk"): null

2023-08-31 10:32:29 - [TEST_STEP][PASSED] - Deskripsi = dataCart1.get("deskripsi"): null

2023-08-31 10:32:29 - [TEST_STEP][PASSED] - harga = dataCart1.get("price"): null

2023-08-31 10:32:29 - [TEST_STEP][PASSED] - click(findTestObject("Products/button_Add to cart")): Object: 'Object Repository/Products/button_Add to cart' is clicked on

2023-08-31 10:32:29 - [MESSAGE][PASSED] - Object: 'Object Repository/Products/button_Add to cart' is clicked on

2023-08-31 10:32:29 - [TEST_STEP][PASSED] - verifyElementPresent(findTestObject("Object Repository/Products/button_Remove"), 0): Object 'Object Repository/Products/button_Remove' is present

2023-08-31 10:32:29 - [MESSAGE][WARNING] - Timeout '0' is invalid. Using default page load timeout: '30'

2023-08-31 10:32:30 - [MESSAGE][PASSED] - Object 'Object Repository/Products/button_Remove' is present

2023-08-31 10:32:30 - [TEST_STEP][PASSED] - namaProduk = getText(findTestObject("Object Repository/Products/nama produk 2")): Text of object 'Object Repository/Products/nama produk 2' is: 'Sauce Labs Bike Light'

2023-08-31 10:32:30 - [MESSAGE][PASSED] - Text of object 'Object Repository/Products/nama produk 2' is: 'Sauce Labs Bike Light'

2023-08-31 10:32:30 - [TEST_STEP][PASSED] - deskripsi = getText(findTestObject("Object Repository/Products/deskripsi produk 2")): Text of object 'Object Repository/Products/deskripsi produk 2' is: 'A red light isn't the desired state in testing but it sure helps when riding your bike at night. Water-resistant with 3 lighting modes, 1 AAA battery included.'

2023-08-31 10:32:31 - [MESSAGE][PASSED] - Text of object 'Object Repository/Products/deskripsi produk 2' is: 'A red light isn't the desired state in testing but it sure helps when riding your bike at night. Water-resistant with 3 lighting modes, 1 AAA battery included.'

2023-08-31 10:32:31 - [TEST_STEP][PASSED] - Harga = getText(findTestObject("Object Repository/Products/harga produk 2")): Text of object 'Object Repository/Products/harga produk 2' is: '$9.99'

2023-08-31 10:32:31 - [MESSAGE][PASSED] - Text of object 'Object Repository/Products/harga produk 2' is: '$9.99'

2023-08-31 10:32:31 - [TEST_STEP][PASSED] - NamaProduk = []: null

2023-08-31 10:32:31 - [TEST_STEP][PASSED] - deskripsiProduk = []: null

2023-08-31 10:32:31 - [TEST_STEP][PASSED] - hargaBarang = []: null

2023-08-31 10:32:31 - [TEST_STEP][PASSED] - for ([i = 0, i < 2, (i++)]): null

2023-08-31 10:32:31 - [TEST_STEP][PASSED] - NamaProduk[0] = produk: null

2023-08-31 10:32:31 - [TEST_STEP][PASSED] - NamaProduk[1] = namaProduk: null

2023-08-31 10:32:31 - [TEST_STEP][PASSED] - deskripsiProduk[0] = Deskripsi: null

2023-08-31 10:32:31 - [TEST_STEP][PASSED] - deskripsiProduk[1] = deskripsi: null

2023-08-31 10:32:31 - [TEST_STEP][PASSED] - hargaBarang[0] = harga: null

2023-08-31 10:32:31 - [TEST_STEP][PASSED] - hargaBarang[1] = Harga: null

2023-08-31 10:32:31 - [TEST_STEP][PASSED] - NamaProduk[0] = produk: null

2023-08-31 10:32:31 - [TEST_STEP][PASSED] - NamaProduk[1] = namaProduk: null

2023-08-31 10:32:31 - [TEST_STEP][PASSED] - deskripsiProduk[0] = Deskripsi: null

2023-08-31 10:32:31 - [TEST_STEP][PASSED] - deskripsiProduk[1] = deskripsi: null

2023-08-31 10:32:31 - [TEST_STEP][PASSED] - hargaBarang[0] = harga: null

2023-08-31 10:32:31 - [TEST_STEP][PASSED] - hargaBarang[1] = Harga: null

2023-08-31 10:32:31 - [TEST_STEP][PASSED] - dataProduk2 = new java.util.HashMap(): null

2023-08-31 10:32:31 - [TEST_STEP][PASSED] - dataProduk2.put("NamaProduk2", NamaProduk): null

2023-08-31 10:32:31 - [TEST_STEP][PASSED] - dataProduk2.put("deskripsiProduk2", deskripsiProduk): null

2023-08-31 10:32:31 - [TEST_STEP][PASSED] - dataProduk2.put("hargaBarang2", hargaBarang): null

2023-08-31 10:32:31 - [TEST_STEP][PASSED] - return dataProduk2: null

2023-08-31 10:32:31 - [MESSAGE][PASSED] - Call Test Case 'Test Cases/2. Products/TC-Product-AddCart-002' successfully

2023-08-31 10:32:31 - [TEST_STEP][PASSED] - nmProduk = dataProduk2.get("NamaProduk2"): null

2023-08-31 10:32:31 - [TEST_STEP][PASSED] - desc = dataProduk2.get("deskripsiProduk2"): null

2023-08-31 10:32:31 - [TEST_STEP][PASSED] - Price = dataProduk2.get("hargaBarang2"): null

2023-08-31 10:32:31 - [TEST_STEP][PASSED] - click(findTestObject("keranjang/keranjang belanja")): Object: 'Object Repository/keranjang/keranjang belanja' is clicked on

2023-08-31 10:32:32 - [MESSAGE][PASSED] - Object: 'Object Repository/keranjang/keranjang belanja' is clicked on

2023-08-31 10:32:32 - [TEST_STEP][PASSED] - verifyElementPresent(findTestObject("keranjang/div_Your Cart"), 0): Object 'Object Repository/keranjang/div_Your Cart' is present

2023-08-31 10:32:32 - [MESSAGE][WARNING] - Timeout '0' is invalid. Using default page load timeout: '30'

2023-08-31 10:32:32 - [MESSAGE][PASSED] - Object 'Object Repository/keranjang/div_Your Cart' is present

2023-08-31 10:32:32 - [TEST_STEP][PASSED] - NamaProdukList = findWebElements(findTestObject("Object Repository/keranjang/nama semua produk(keranjang)"), 5): null

2023-08-31 10:32:32 - [TEST_STEP][PASSED] - DescProdukList = findWebElements(findTestObject("Object Repository/keranjang/desc semua produk"), 5): null

2023-08-31 10:32:33 - [TEST_STEP][PASSED] - hargaProdukList = findWebElements(findTestObject("Object Repository/keranjang/harga semua produk"), 5): null

2023-08-31 10:32:33 - [TEST_STEP][PASSED] - nmProdukOri = new java.util.ArrayList(): null

2023-08-31 10:32:33 - [TEST_STEP][PASSED] - descProdukOri = new java.util.ArrayList(): null

2023-08-31 10:32:33 - [TEST_STEP][PASSED] - hargaProdukOri = new java.util.ArrayList(): null

2023-08-31 10:32:33 - [TEST_STEP][PASSED] - for ([i = 0, i < NamaProdukList.size(), (i++)]): null

2023-08-31 10:32:33 - [TEST_STEP][PASSED] - namaText = text.trim(): null

2023-08-31 10:32:33 - [TEST_STEP][PASSED] - descText = text.trim(): null

2023-08-31 10:32:33 - [TEST_STEP][PASSED] - hargaText = text.trim(): null

2023-08-31 10:32:33 - [TEST_STEP][PASSED] - nmProdukOri.add(namaText): null

2023-08-31 10:32:33 - [TEST_STEP][PASSED] - descProdukOri.add(descText): null

2023-08-31 10:32:33 - [TEST_STEP][PASSED] - hargaProdukOri.add(hargaText): null

2023-08-31 10:32:33 - [TEST_STEP][PASSED] - namaText = text.trim(): null

2023-08-31 10:32:33 - [TEST_STEP][PASSED] - descText = text.trim(): null

2023-08-31 10:32:33 - [TEST_STEP][PASSED] - hargaText = text.trim(): null

2023-08-31 10:32:33 - [TEST_STEP][PASSED] - nmProdukOri.add(namaText): null

2023-08-31 10:32:33 - [TEST_STEP][PASSED] - descProdukOri.add(descText): null

2023-08-31 10:32:33 - [TEST_STEP][PASSED] - hargaProdukOri.add(hargaText): null

2023-08-31 10:32:33 - [TEST_STEP][PASSED] - assert nmProduk == nmProdukOri: null

2023-08-31 10:32:33 - [TEST_STEP][PASSED] - assert desc == descProdukOri: null

2023-08-31 10:32:33 - [TEST_STEP][PASSED] - assert Price == hargaProdukOri: null

2023-08-31 10:32:33 - [TEST_STEP][PASSED] - return dataProduk2: null

2023-08-31 10:32:33 - [MESSAGE][PASSED] - Call Test Case 'Test Cases/4. keranjang/TC-Cart-Show-003' successfully

2023-08-31 10:32:33 - [TEST_STEP][PASSED] - namaProduk = data.get("NamaProduk2"): null

2023-08-31 10:32:33 - [TEST_STEP][PASSED] - desc = data.get("deskripsiProduk2"): null

2023-08-31 10:32:33 - [TEST_STEP][PASSED] - harga = data.get("hargaBarang2"): null

2023-08-31 10:32:33 - [TEST_STEP][PASSED] - click(findTestObject("chekout/button_Checkout")): Object: 'Object Repository/chekout/button_Checkout' is clicked on

2023-08-31 10:32:34 - [MESSAGE][PASSED] - Object: 'Object Repository/chekout/button_Checkout' is clicked on

2023-08-31 10:32:34 - [TEST_STEP][PASSED] - verifyElementPresent(findTestObject("chekout/step 1 Checkout Your Information"), 0): Object 'Object Repository/chekout/step 1 Checkout Your Information' is present

2023-08-31 10:32:34 - [MESSAGE][WARNING] - Timeout '0' is invalid. Using default page load timeout: '30'

2023-08-31 10:32:34 - [MESSAGE][PASSED] - Object 'Object Repository/chekout/step 1 Checkout Your Information' is present

2023-08-31 10:32:34 - [TEST_STEP][PASSED] - setText(findTestObject("chekout/input_firstName_Checkout Your Information"), "Ika"): Text 'Ika' is set on object 'Object Repository/chekout/input_firstName_Checkout Your Information'

2023-08-31 10:32:35 - [MESSAGE][PASSED] - Text 'Ika' is set on object 'Object Repository/chekout/input_firstName_Checkout Your Information'

2023-08-31 10:32:35 - [TEST_STEP][PASSED] - setText(findTestObject("chekout/input_postalCode_Checkout Your Information"), "55582"): Text '55582' is set on object 'Object Repository/chekout/input_postalCode_Checkout Your Information'

2023-08-31 10:32:36 - [MESSAGE][PASSED] - Text '55582' is set on object 'Object Repository/chekout/input_postalCode_Checkout Your Information'

2023-08-31 10:32:36 - [TEST_STEP][PASSED] - click(findTestObject("chekout/continue (your Information)")): Object: 'Object Repository/chekout/continue (your Information)' is clicked on

2023-08-31 10:32:37 - [MESSAGE][PASSED] - Object: 'Object Repository/chekout/continue (your Information)' is clicked on

2023-08-31 10:32:37 - [TEST_STEP][FAILED] - verifyElementText(findTestObject("chekout/Error minta input First Name"), "Last Name Required"): Verify element text of test object 'Object Repository/chekout/Error minta input First Name' FAILED. (Root cause: com.kms.katalon.core.exception.StepFailedException: Verify element text of test object 'Object Repository/chekout/Error minta input First Name' FAILED.
	at com.kms.katalon.core.webui.keyword.internal.WebUIKeywordMain.stepFailed(WebUIKeywordMain.groovy:64)
	at com.kms.katalon.core.webui.keyword.internal.WebUIKeywordMain.runKeyword(WebUIKeywordMain.groovy:26)
	at com.kms.katalon.core.webui.keyword.builtin.VerifyElementTextKeyword.verifyElementText(VerifyElementTextKeyword.groovy:72)
	at com.kms.katalon.core.webui.keyword.builtin.VerifyElementTextKeyword.execute(VerifyElementTextKeyword.groovy:40)
	at com.kms.katalon.core.keyword.internal.KeywordExecutor.executeKeywordForPlatform(KeywordExecutor.groovy:74)
	at com.kms.katalon.core.webui.keyword.WebUiBuiltInKeywords.verifyElementText(WebUiBuiltInKeywords.groovy:4749)
	at com.kms.katalon.core.webui.keyword.WebUiBuiltInKeywords$verifyElementText$5.call(Unknown Source)
	at TC-Checkout-Error-002.run(TC-Checkout-Error-002:38)
	at com.kms.katalon.core.main.ScriptEngine.run(ScriptEngine.java:194)
	at com.kms.katalon.core.main.ScriptEngine.runScriptAsRawText(ScriptEngine.java:119)
	at com.kms.katalon.core.main.TestCaseExecutor.runScript(TestCaseExecutor.java:448)
	at com.kms.katalon.core.main.TestCaseExecutor.doExecute(TestCaseExecutor.java:439)
	at com.kms.katalon.core.main.TestCaseExecutor.processExecutionPhase(TestCaseExecutor.java:418)
	at com.kms.katalon.core.main.TestCaseExecutor.accessMainPhase(TestCaseExecutor.java:410)
	at com.kms.katalon.core.main.TestCaseExecutor.execute(TestCaseExecutor.java:285)
	at com.kms.katalon.core.main.TestCaseExecutor.execute(TestCaseExecutor.java:369)
	at com.kms.katalon.core.main.TestCaseExecutor.execute(TestCaseExecutor.java:369)
	at com.kms.katalon.core.main.TestCaseExecutor.execute(TestCaseExecutor.java:369)
	at com.kms.katalon.core.common.CommonExecutor.accessTestCaseMainPhase(CommonExecutor.java:65)
	at com.kms.katalon.core.main.TestSuiteExecutor.accessTestSuiteMainPhase(TestSuiteExecutor.java:148)
	at com.kms.katalon.core.main.TestSuiteExecutor.execute(TestSuiteExecutor.java:106)
	at com.kms.katalon.core.main.TestCaseMain.startTestSuite(TestCaseMain.java:187)
	at com.kms.katalon.core.main.TestCaseMain$startTestSuite$0.call(Unknown Source)
	at TempTestSuite1693452099201.run(TempTestSuite1693452099201.groovy:36)
Caused by: com.kms.katalon.core.exception.StepFailedException: Actual text 'Error: Last Name is required' and expected text 'Last Name Required' of test object 'Object Repository/chekout/Error minta input First Name' are NOT matched.
	at com.kms.katalon.core.webui.keyword.internal.WebUIKeywordMain.stepFailed(WebUIKeywordMain.groovy:64)
	at com.kms.katalon.core.webui.keyword.builtin.VerifyElementTextKeyword$_verifyElementText_closure1.doCall(VerifyElementTextKeyword.groovy:57)
	at com.kms.katalon.core.webui.keyword.builtin.VerifyElementTextKeyword$_verifyElementText_closure1.call(VerifyElementTextKeyword.groovy)
	at com.kms.katalon.core.webui.keyword.internal.WebUIKeywordMain.runKeyword(WebUIKeywordMain.groovy:20)
	... 22 more
)

2023-08-31 10:32:37 - [MESSAGE][FAILED] - Actual text 'Error: Last Name is required' and expected text 'Last Name Required' of test object 'Object Repository/chekout/Error minta input First Name' are NOT matched. (Root cause: com.kms.katalon.core.exception.StepFailedException: Actual text 'Error: Last Name is required' and expected text 'Last Name Required' of test object 'Object Repository/chekout/Error minta input First Name' are NOT matched.
	at com.kms.katalon.core.webui.keyword.internal.WebUIKeywordMain.stepFailed(WebUIKeywordMain.groovy:64)
	at com.kms.katalon.core.webui.keyword.builtin.VerifyElementTextKeyword$_verifyElementText_closure1.doCall(VerifyElementTextKeyword.groovy:57)
	at com.kms.katalon.core.webui.keyword.builtin.VerifyElementTextKeyword$_verifyElementText_closure1.call(VerifyElementTextKeyword.groovy)
	at com.kms.katalon.core.webui.keyword.internal.WebUIKeywordMain.runKeyword(WebUIKeywordMain.groovy:20)
	at com.kms.katalon.core.webui.keyword.builtin.VerifyElementTextKeyword.verifyElementText(VerifyElementTextKeyword.groovy:72)
	at com.kms.katalon.core.webui.keyword.builtin.VerifyElementTextKeyword.execute(VerifyElementTextKeyword.groovy:40)
	at com.kms.katalon.core.keyword.internal.KeywordExecutor.executeKeywordForPlatform(KeywordExecutor.groovy:74)
	at com.kms.katalon.core.webui.keyword.WebUiBuiltInKeywords.verifyElementText(WebUiBuiltInKeywords.groovy:4749)
	at com.kms.katalon.core.webui.keyword.WebUiBuiltInKeywords$verifyElementText$5.call(Unknown Source)
	at TC-Checkout-Error-002.run(TC-Checkout-Error-002:38)
	at com.kms.katalon.core.main.ScriptEngine.run(ScriptEngine.java:194)
	at com.kms.katalon.core.main.ScriptEngine.runScriptAsRawText(ScriptEngine.java:119)
	at com.kms.katalon.core.main.TestCaseExecutor.runScript(TestCaseExecutor.java:448)
	at com.kms.katalon.core.main.TestCaseExecutor.doExecute(TestCaseExecutor.java:439)
	at com.kms.katalon.core.main.TestCaseExecutor.processExecutionPhase(TestCaseExecutor.java:418)
	at com.kms.katalon.core.main.TestCaseExecutor.accessMainPhase(TestCaseExecutor.java:410)
	at com.kms.katalon.core.main.TestCaseExecutor.execute(TestCaseExecutor.java:285)
	at com.kms.katalon.core.main.TestCaseExecutor.execute(TestCaseExecutor.java:369)
	at com.kms.katalon.core.main.TestCaseExecutor.execute(TestCaseExecutor.java:369)
	at com.kms.katalon.core.main.TestCaseExecutor.execute(TestCaseExecutor.java:369)
	at com.kms.katalon.core.common.CommonExecutor.accessTestCaseMainPhase(CommonExecutor.java:65)
	at com.kms.katalon.core.main.TestSuiteExecutor.accessTestSuiteMainPhase(TestSuiteExecutor.java:148)
	at com.kms.katalon.core.main.TestSuiteExecutor.execute(TestSuiteExecutor.java:106)
	at com.kms.katalon.core.main.TestCaseMain.startTestSuite(TestCaseMain.java:187)
	at com.kms.katalon.core.main.TestCaseMain$startTestSuite$0.call(Unknown Source)
	at TempTestSuite1693452099201.run(TempTestSuite1693452099201.groovy:36)
)
[[ATTACHMENT|F:\\bootcamp\\batch-324-qa\\Ika\\Sauce demo\\Reports\\20230831_102139\\test Sauce Demo\\20230831_102139\\1693452757637.png]]

2023-08-31 10:32:38 - [MESSAGE][FAILED] - Verify element text of test object 'Object Repository/chekout/Error minta input First Name' FAILED. (Root cause: com.kms.katalon.core.exception.StepFailedException: Verify element text of test object 'Object Repository/chekout/Error minta input First Name' FAILED.
	at com.kms.katalon.core.webui.keyword.internal.WebUIKeywordMain.stepFailed(WebUIKeywordMain.groovy:64)
	at com.kms.katalon.core.webui.keyword.internal.WebUIKeywordMain.runKeyword(WebUIKeywordMain.groovy:26)
	at com.kms.katalon.core.webui.keyword.builtin.VerifyElementTextKeyword.verifyElementText(VerifyElementTextKeyword.groovy:72)
	at com.kms.katalon.core.webui.keyword.builtin.VerifyElementTextKeyword.execute(VerifyElementTextKeyword.groovy:40)
	at com.kms.katalon.core.keyword.internal.KeywordExecutor.executeKeywordForPlatform(KeywordExecutor.groovy:74)
	at com.kms.katalon.core.webui.keyword.WebUiBuiltInKeywords.verifyElementText(WebUiBuiltInKeywords.groovy:4749)
	at com.kms.katalon.core.webui.keyword.WebUiBuiltInKeywords$verifyElementText$5.call(Unknown Source)
	at TC-Checkout-Error-002.run(TC-Checkout-Error-002:38)
	at com.kms.katalon.core.main.ScriptEngine.run(ScriptEngine.java:194)
	at com.kms.katalon.core.main.ScriptEngine.runScriptAsRawText(ScriptEngine.java:119)
	at com.kms.katalon.core.main.TestCaseExecutor.runScript(TestCaseExecutor.java:448)
	at com.kms.katalon.core.main.TestCaseExecutor.doExecute(TestCaseExecutor.java:439)
	at com.kms.katalon.core.main.TestCaseExecutor.processExecutionPhase(TestCaseExecutor.java:418)
	at com.kms.katalon.core.main.TestCaseExecutor.accessMainPhase(TestCaseExecutor.java:410)
	at com.kms.katalon.core.main.TestCaseExecutor.execute(TestCaseExecutor.java:285)
	at com.kms.katalon.core.main.TestCaseExecutor.execute(TestCaseExecutor.java:369)
	at com.kms.katalon.core.main.TestCaseExecutor.execute(TestCaseExecutor.java:369)
	at com.kms.katalon.core.main.TestCaseExecutor.execute(TestCaseExecutor.java:369)
	at com.kms.katalon.core.common.CommonExecutor.accessTestCaseMainPhase(CommonExecutor.java:65)
	at com.kms.katalon.core.main.TestSuiteExecutor.accessTestSuiteMainPhase(TestSuiteExecutor.java:148)
	at com.kms.katalon.core.main.TestSuiteExecutor.execute(TestSuiteExecutor.java:106)
	at com.kms.katalon.core.main.TestCaseMain.startTestSuite(TestCaseMain.java:187)
	at com.kms.katalon.core.main.TestCaseMain$startTestSuite$0.call(Unknown Source)
	at TempTestSuite1693452099201.run(TempTestSuite1693452099201.groovy:36)
Caused by: com.kms.katalon.core.exception.StepFailedException: Actual text 'Error: Last Name is required' and expected text 'Last Name Required' of test object 'Object Repository/chekout/Error minta input First Name' are NOT matched.
	at com.kms.katalon.core.webui.keyword.internal.WebUIKeywordMain.stepFailed(WebUIKeywordMain.groovy:64)
	at com.kms.katalon.core.webui.keyword.builtin.VerifyElementTextKeyword$_verifyElementText_closure1.doCall(VerifyElementTextKeyword.groovy:57)
	at com.kms.katalon.core.webui.keyword.builtin.VerifyElementTextKeyword$_verifyElementText_closure1.call(VerifyElementTextKeyword.groovy)
	at com.kms.katalon.core.webui.keyword.internal.WebUIKeywordMain.runKeyword(WebUIKeywordMain.groovy:20)
	... 22 more
)
[[ATTACHMENT|F:\\bootcamp\\batch-324-qa\\Ika\\Sauce demo\\Reports\\20230831_102139\\test Sauce Demo\\20230831_102139\\1693452757882.png]]]]></system-out>
         <system-err><![CDATA[2023-08-31 10:32:14 - [TEST_CASE][FAILED] - Test Cases/5. Chekout/TC-Checkout-Error-002: Test Cases/5. Chekout/TC-Checkout-Error-002 FAILED.
Reason:
com.kms.katalon.core.exception.StepFailedException: Verify element text of test object 'Object Repository/chekout/Error minta input First Name' FAILED.
	at com.kms.katalon.core.webui.keyword.internal.WebUIKeywordMain.stepFailed(WebUIKeywordMain.groovy:64)
	at com.kms.katalon.core.webui.keyword.internal.WebUIKeywordMain.runKeyword(WebUIKeywordMain.groovy:26)
	at com.kms.katalon.core.webui.keyword.builtin.VerifyElementTextKeyword.verifyElementText(VerifyElementTextKeyword.groovy:72)
	at com.kms.katalon.core.webui.keyword.builtin.VerifyElementTextKeyword.execute(VerifyElementTextKeyword.groovy:40)
	at com.kms.katalon.core.keyword.internal.KeywordExecutor.executeKeywordForPlatform(KeywordExecutor.groovy:74)
	at com.kms.katalon.core.webui.keyword.WebUiBuiltInKeywords.verifyElementText(WebUiBuiltInKeywords.groovy:4749)
	at com.kms.katalon.core.webui.keyword.WebUiBuiltInKeywords$verifyElementText$5.call(Unknown Source)
	at TC-Checkout-Error-002.run(TC-Checkout-Error-002:38)
	at com.kms.katalon.core.main.ScriptEngine.run(ScriptEngine.java:194)
	at com.kms.katalon.core.main.ScriptEngine.runScriptAsRawText(ScriptEngine.java:119)
	at com.kms.katalon.core.main.TestCaseExecutor.runScript(TestCaseExecutor.java:448)
	at com.kms.katalon.core.main.TestCaseExecutor.doExecute(TestCaseExecutor.java:439)
	at com.kms.katalon.core.main.TestCaseExecutor.processExecutionPhase(TestCaseExecutor.java:418)
	at com.kms.katalon.core.main.TestCaseExecutor.accessMainPhase(TestCaseExecutor.java:410)
	at com.kms.katalon.core.main.TestCaseExecutor.execute(TestCaseExecutor.java:285)
	at com.kms.katalon.core.main.TestCaseExecutor.execute(TestCaseExecutor.java:369)
	at com.kms.katalon.core.main.TestCaseExecutor.execute(TestCaseExecutor.java:369)
	at com.kms.katalon.core.main.TestCaseExecutor.execute(TestCaseExecutor.java:369)
	at com.kms.katalon.core.common.CommonExecutor.accessTestCaseMainPhase(CommonExecutor.java:65)
	at com.kms.katalon.core.main.TestSuiteExecutor.accessTestSuiteMainPhase(TestSuiteExecutor.java:148)
	at com.kms.katalon.core.main.TestSuiteExecutor.execute(TestSuiteExecutor.java:106)
	at com.kms.katalon.core.main.TestCaseMain.startTestSuite(TestCaseMain.java:187)
	at com.kms.katalon.core.main.TestCaseMain$startTestSuite$0.call(Unknown Source)
	at TempTestSuite1693452099201.run(TempTestSuite1693452099201.groovy:36)
Caused by: com.kms.katalon.core.exception.StepFailedException: Actual text 'Error: Last Name is required' and expected text 'Last Name Required' of test object 'Object Repository/chekout/Error minta input First Name' are NOT matched.
	at com.kms.katalon.core.webui.keyword.internal.WebUIKeywordMain.stepFailed(WebUIKeywordMain.groovy:64)
	at com.kms.katalon.core.webui.keyword.builtin.VerifyElementTextKeyword$_verifyElementText_closure1.doCall(VerifyElementTextKeyword.groovy:57)
	at com.kms.katalon.core.webui.keyword.builtin.VerifyElementTextKeyword$_verifyElementText_closure1.call(VerifyElementTextKeyword.groovy)
	at com.kms.katalon.core.webui.keyword.internal.WebUIKeywordMain.runKeyword(WebUIKeywordMain.groovy:20)
	... 22 more]]></system-err>
      </testcase>
      <testcase name="Test Cases/5. Chekout/TC-Checkout-Error-003" time="22.784" classname="Test Cases/5. Chekout/TC-Checkout-Error-003" status="PASSED">
         <system-out><![CDATA[2023-08-31 10:32:38 - [TEST_CASE][PASSED] - Test Cases/5. Chekout/TC-Checkout-Error-003: Test Cases/5. Chekout/TC-Checkout-Error-003

2023-08-31 10:32:38 - [TEST_STEP][PASSED] - data = callTestCase(findTestCase("4. keranjang/TC-Cart-Show-003"), [:], STOP_ON_FAILURE): Call Test Case 'Test Cases/4. keranjang/TC-Cart-Show-003' successfully

2023-08-31 10:32:38 - [TEST_CASE][PASSED] - Test Cases/4. keranjang/TC-Cart-Show-003: Test Cases/4. keranjang/TC-Cart-Show-003

2023-08-31 10:32:38 - [TEST_STEP][PASSED] - dataProduk2 = callTestCase(findTestCase("2. Products/TC-Product-AddCart-002"), [:], STOP_ON_FAILURE): Call Test Case 'Test Cases/2. Products/TC-Product-AddCart-002' successfully

2023-08-31 10:32:38 - [TEST_CASE][PASSED] - Test Cases/2. Products/TC-Product-AddCart-002: Test Cases/2. Products/TC-Product-AddCart-002

2023-08-31 10:32:38 - [TEST_STEP][PASSED] - dataCart1 = callTestCase(findTestCase("2. Products/TC-Product-AddCart-001"), ["produkName":"Sauce Labs Backpack", "deskripsi":"carry.allTheThings() with the sleek, streamlined Sly Pack that melds uncompromising style with unequaled laptop and tablet protection.", ... ], STOP_ON_FAILURE): Call Test Case 'Test Cases/2. Products/TC-Product-AddCart-001' successfully

2023-08-31 10:32:38 - [TEST_CASE][PASSED] - Test Cases/2. Products/TC-Product-AddCart-001: Test Cases/2. Products/TC-Product-AddCart-001

2023-08-31 10:32:38 - [TEST_STEP][PASSED] - callTestCase(findTestCase("2. Products/TC-Product-Show-001"), [:], STOP_ON_FAILURE): Call Test Case 'Test Cases/2. Products/TC-Product-Show-001' successfully

2023-08-31 10:32:38 - [TEST_CASE][PASSED] - Test Cases/2. Products/TC-Product-Show-001: Test Cases/2. Products/TC-Product-Show-001

2023-08-31 10:32:38 - [TEST_STEP][PASSED] - callTestCase(findTestCase("1. login/TC-Login-Success-001"), [:], STOP_ON_FAILURE): Call Test Case 'Test Cases/1. login/TC-Login-Success-001' successfully

2023-08-31 10:32:38 - [TEST_CASE][PASSED] - Test Cases/1. login/TC-Login-Success-001: Test Cases/1. login/TC-Login-Success-001

2023-08-31 10:32:38 - [TEST_STEP][PASSED] - openBrowser(web): Browser is opened with url: 'https://www.saucedemo.com/inventory.html'

2023-08-31 10:32:38 - [MESSAGE][WARNING] - A browser is already opened. Closing browser and opening a new one

2023-08-31 10:32:39 - [MESSAGE][INFO] - Starting 'Edge Chromium' driver

2023-08-31 10:32:42 - [MESSAGE][INFO] - Action delay is set to 0 milliseconds

2023-08-31 10:32:46 - [MESSAGE][PASSED] - Browser is opened with url: 'https://www.saucedemo.com/inventory.html'

2023-08-31 10:32:46 - [TEST_STEP][PASSED] - maximizeWindow(): Current window maximized

2023-08-31 10:32:47 - [MESSAGE][PASSED] - Current window maximized

2023-08-31 10:32:47 - [TEST_STEP][PASSED] - verifyElementPresent(findTestObject("1. Login/halaman home swag labs"), 0): Object 'Object Repository/1. Login/halaman home swag labs' is present

2023-08-31 10:32:47 - [MESSAGE][WARNING] - Timeout '0' is invalid. Using default page load timeout: '30'

2023-08-31 10:32:47 - [MESSAGE][PASSED] - Object 'Object Repository/1. Login/halaman home swag labs' is present

2023-08-31 10:32:47 - [TEST_STEP][PASSED] - setText(findTestObject("1. Login/input username"), username): Text 'standard_user' is set on object 'Object Repository/1. Login/input username'

2023-08-31 10:32:48 - [MESSAGE][PASSED] - Text 'standard_user' is set on object 'Object Repository/1. Login/input username'

2023-08-31 10:32:48 - [TEST_STEP][PASSED] - setEncryptedText(findTestObject("1. Login/input password"), password): Text ****** has been set on object 'Object Repository/1. Login/input password'

2023-08-31 10:32:48 - [MESSAGE][PASSED] - Text ****** has been set on object 'Object Repository/1. Login/input password'

2023-08-31 10:32:48 - [TEST_STEP][PASSED] - click(findTestObject("1. Login/button Login")): Object: 'Object Repository/1. Login/button Login' is clicked on

2023-08-31 10:32:49 - [MESSAGE][PASSED] - Object: 'Object Repository/1. Login/button Login' is clicked on

2023-08-31 10:32:49 - [TEST_STEP][PASSED] - verifyElementText(findTestObject("1. Login/home product atau halaman Swag Labs"), "Swag Labs"): Actual text and expected text of test object 'Object Repository/1. Login/home product atau halaman Swag Labs' are matched.

2023-08-31 10:32:50 - [MESSAGE][PASSED] - Actual text and expected text of test object 'Object Repository/1. Login/home product atau halaman Swag Labs' are matched.

2023-08-31 10:32:50 - [MESSAGE][PASSED] - Call Test Case 'Test Cases/1. login/TC-Login-Success-001' successfully

2023-08-31 10:32:50 - [MESSAGE][PASSED] - Call Test Case 'Test Cases/2. Products/TC-Product-Show-001' successfully

2023-08-31 10:32:50 - [TEST_STEP][PASSED] - click(findTestObject("Products/button_Add to cart 1")): Object: 'Object Repository/Products/button_Add to cart 1' is clicked on

2023-08-31 10:32:50 - [MESSAGE][PASSED] - Object: 'Object Repository/Products/button_Add to cart 1' is clicked on

2023-08-31 10:32:50 - [TEST_STEP][PASSED] - verifyElementPresent(findTestObject("Object Repository/Products/button_Remove"), 0): Object 'Object Repository/Products/button_Remove' is present

2023-08-31 10:32:50 - [MESSAGE][WARNING] - Timeout '0' is invalid. Using default page load timeout: '30'

2023-08-31 10:32:51 - [MESSAGE][PASSED] - Object 'Object Repository/Products/button_Remove' is present

2023-08-31 10:32:51 - [TEST_STEP][PASSED] - verifyElementPresent(findTestObject("Products/shopping cart 1"), 0): Object 'Object Repository/Products/shopping cart 1' is present

2023-08-31 10:32:51 - [MESSAGE][WARNING] - Timeout '0' is invalid. Using default page load timeout: '30'

2023-08-31 10:32:51 - [MESSAGE][PASSED] - Object 'Object Repository/Products/shopping cart 1' is present

2023-08-31 10:32:51 - [TEST_STEP][PASSED] - badge = getText(findTestObject("Object Repository/Products/angka di keranjang")): Text of object 'Object Repository/Products/angka di keranjang' is: '1'

2023-08-31 10:32:51 - [MESSAGE][PASSED] - Text of object 'Object Repository/Products/angka di keranjang' is: '1'

2023-08-31 10:32:51 - [TEST_STEP][PASSED] - assert badge == "1": null

2023-08-31 10:32:51 - [TEST_STEP][PASSED] - namaProduk = getText(findTestObject("Products/div_Sauce Labs Backpack")): Text of object 'Object Repository/Products/div_Sauce Labs Backpack' is: 'Sauce Labs Backpack'

2023-08-31 10:32:52 - [MESSAGE][PASSED] - Text of object 'Object Repository/Products/div_Sauce Labs Backpack' is: 'Sauce Labs Backpack'

2023-08-31 10:32:52 - [TEST_STEP][PASSED] - deskripsi = getText(findTestObject("Products/deskripsi")): Text of object 'Object Repository/Products/deskripsi' is: 'carry.allTheThings() with the sleek, streamlined Sly Pack that melds uncompromising style with unequaled laptop and tablet protection.'

2023-08-31 10:32:52 - [MESSAGE][PASSED] - Text of object 'Object Repository/Products/deskripsi' is: 'carry.allTheThings() with the sleek, streamlined Sly Pack that melds uncompromising style with unequaled laptop and tablet protection.'

2023-08-31 10:32:52 - [TEST_STEP][PASSED] - price = getText(findTestObject("Products/harga produk 1")): Text of object 'Object Repository/Products/harga produk 1' is: '$29.99'

2023-08-31 10:32:53 - [MESSAGE][PASSED] - Text of object 'Object Repository/Products/harga produk 1' is: '$29.99'

2023-08-31 10:32:53 - [TEST_STEP][PASSED] - assert trim().equalsIgnoreCase(produkName.trim()): null

2023-08-31 10:32:53 - [TEST_STEP][PASSED] - assert trim().equalsIgnoreCase(deskripsi.trim()): null

2023-08-31 10:32:53 - [TEST_STEP][PASSED] - assert trim().equalsIgnoreCase(price.trim()): null

2023-08-31 10:32:53 - [TEST_STEP][PASSED] - dataProduk = new java.util.HashMap(): null

2023-08-31 10:32:53 - [TEST_STEP][PASSED] - dataProduk.put("namaProduk", namaProduk): null

2023-08-31 10:32:53 - [TEST_STEP][PASSED] - dataProduk.put("deskripsi", deskripsi): null

2023-08-31 10:32:53 - [TEST_STEP][PASSED] - dataProduk.put("price", price): null

2023-08-31 10:32:53 - [TEST_STEP][PASSED] - return dataProduk: null

2023-08-31 10:32:53 - [MESSAGE][PASSED] - Call Test Case 'Test Cases/2. Products/TC-Product-AddCart-001' successfully

2023-08-31 10:32:53 - [TEST_STEP][PASSED] - produk = dataCart1.get("namaProduk"): null

2023-08-31 10:32:53 - [TEST_STEP][PASSED] - Deskripsi = dataCart1.get("deskripsi"): null

2023-08-31 10:32:53 - [TEST_STEP][PASSED] - harga = dataCart1.get("price"): null

2023-08-31 10:32:53 - [TEST_STEP][PASSED] - click(findTestObject("Products/button_Add to cart")): Object: 'Object Repository/Products/button_Add to cart' is clicked on

2023-08-31 10:32:53 - [MESSAGE][PASSED] - Object: 'Object Repository/Products/button_Add to cart' is clicked on

2023-08-31 10:32:53 - [TEST_STEP][PASSED] - verifyElementPresent(findTestObject("Object Repository/Products/button_Remove"), 0): Object 'Object Repository/Products/button_Remove' is present

2023-08-31 10:32:53 - [MESSAGE][WARNING] - Timeout '0' is invalid. Using default page load timeout: '30'

2023-08-31 10:32:53 - [MESSAGE][PASSED] - Object 'Object Repository/Products/button_Remove' is present

2023-08-31 10:32:53 - [TEST_STEP][PASSED] - namaProduk = getText(findTestObject("Object Repository/Products/nama produk 2")): Text of object 'Object Repository/Products/nama produk 2' is: 'Sauce Labs Bike Light'

2023-08-31 10:32:54 - [MESSAGE][PASSED] - Text of object 'Object Repository/Products/nama produk 2' is: 'Sauce Labs Bike Light'

2023-08-31 10:32:54 - [TEST_STEP][PASSED] - deskripsi = getText(findTestObject("Object Repository/Products/deskripsi produk 2")): Text of object 'Object Repository/Products/deskripsi produk 2' is: 'A red light isn't the desired state in testing but it sure helps when riding your bike at night. Water-resistant with 3 lighting modes, 1 AAA battery included.'

2023-08-31 10:32:54 - [MESSAGE][PASSED] - Text of object 'Object Repository/Products/deskripsi produk 2' is: 'A red light isn't the desired state in testing but it sure helps when riding your bike at night. Water-resistant with 3 lighting modes, 1 AAA battery included.'

2023-08-31 10:32:54 - [TEST_STEP][PASSED] - Harga = getText(findTestObject("Object Repository/Products/harga produk 2")): Text of object 'Object Repository/Products/harga produk 2' is: '$9.99'

2023-08-31 10:32:55 - [MESSAGE][PASSED] - Text of object 'Object Repository/Products/harga produk 2' is: '$9.99'

2023-08-31 10:32:55 - [TEST_STEP][PASSED] - NamaProduk = []: null

2023-08-31 10:32:55 - [TEST_STEP][PASSED] - deskripsiProduk = []: null

2023-08-31 10:32:55 - [TEST_STEP][PASSED] - hargaBarang = []: null

2023-08-31 10:32:55 - [TEST_STEP][PASSED] - for ([i = 0, i < 2, (i++)]): null

2023-08-31 10:32:55 - [TEST_STEP][PASSED] - NamaProduk[0] = produk: null

2023-08-31 10:32:55 - [TEST_STEP][PASSED] - NamaProduk[1] = namaProduk: null

2023-08-31 10:32:55 - [TEST_STEP][PASSED] - deskripsiProduk[0] = Deskripsi: null

2023-08-31 10:32:55 - [TEST_STEP][PASSED] - deskripsiProduk[1] = deskripsi: null

2023-08-31 10:32:55 - [TEST_STEP][PASSED] - hargaBarang[0] = harga: null

2023-08-31 10:32:55 - [TEST_STEP][PASSED] - hargaBarang[1] = Harga: null

2023-08-31 10:32:55 - [TEST_STEP][PASSED] - NamaProduk[0] = produk: null

2023-08-31 10:32:55 - [TEST_STEP][PASSED] - NamaProduk[1] = namaProduk: null

2023-08-31 10:32:55 - [TEST_STEP][PASSED] - deskripsiProduk[0] = Deskripsi: null

2023-08-31 10:32:55 - [TEST_STEP][PASSED] - deskripsiProduk[1] = deskripsi: null

2023-08-31 10:32:55 - [TEST_STEP][PASSED] - hargaBarang[0] = harga: null

2023-08-31 10:32:55 - [TEST_STEP][PASSED] - hargaBarang[1] = Harga: null

2023-08-31 10:32:55 - [TEST_STEP][PASSED] - dataProduk2 = new java.util.HashMap(): null

2023-08-31 10:32:55 - [TEST_STEP][PASSED] - dataProduk2.put("NamaProduk2", NamaProduk): null

2023-08-31 10:32:55 - [TEST_STEP][PASSED] - dataProduk2.put("deskripsiProduk2", deskripsiProduk): null

2023-08-31 10:32:55 - [TEST_STEP][PASSED] - dataProduk2.put("hargaBarang2", hargaBarang): null

2023-08-31 10:32:55 - [TEST_STEP][PASSED] - return dataProduk2: null

2023-08-31 10:32:55 - [MESSAGE][PASSED] - Call Test Case 'Test Cases/2. Products/TC-Product-AddCart-002' successfully

2023-08-31 10:32:55 - [TEST_STEP][PASSED] - nmProduk = dataProduk2.get("NamaProduk2"): null

2023-08-31 10:32:55 - [TEST_STEP][PASSED] - desc = dataProduk2.get("deskripsiProduk2"): null

2023-08-31 10:32:55 - [TEST_STEP][PASSED] - Price = dataProduk2.get("hargaBarang2"): null

2023-08-31 10:32:55 - [TEST_STEP][PASSED] - click(findTestObject("keranjang/keranjang belanja")): Object: 'Object Repository/keranjang/keranjang belanja' is clicked on

2023-08-31 10:32:55 - [MESSAGE][PASSED] - Object: 'Object Repository/keranjang/keranjang belanja' is clicked on

2023-08-31 10:32:55 - [TEST_STEP][PASSED] - verifyElementPresent(findTestObject("keranjang/div_Your Cart"), 0): Object 'Object Repository/keranjang/div_Your Cart' is present

2023-08-31 10:32:55 - [MESSAGE][WARNING] - Timeout '0' is invalid. Using default page load timeout: '30'

2023-08-31 10:32:56 - [MESSAGE][PASSED] - Object 'Object Repository/keranjang/div_Your Cart' is present

2023-08-31 10:32:56 - [TEST_STEP][PASSED] - NamaProdukList = findWebElements(findTestObject("Object Repository/keranjang/nama semua produk(keranjang)"), 5): null

2023-08-31 10:32:56 - [TEST_STEP][PASSED] - DescProdukList = findWebElements(findTestObject("Object Repository/keranjang/desc semua produk"), 5): null

2023-08-31 10:32:56 - [TEST_STEP][PASSED] - hargaProdukList = findWebElements(findTestObject("Object Repository/keranjang/harga semua produk"), 5): null

2023-08-31 10:32:57 - [TEST_STEP][PASSED] - nmProdukOri = new java.util.ArrayList(): null

2023-08-31 10:32:57 - [TEST_STEP][PASSED] - descProdukOri = new java.util.ArrayList(): null

2023-08-31 10:32:57 - [TEST_STEP][PASSED] - hargaProdukOri = new java.util.ArrayList(): null

2023-08-31 10:32:57 - [TEST_STEP][PASSED] - for ([i = 0, i < NamaProdukList.size(), (i++)]): null

2023-08-31 10:32:57 - [TEST_STEP][PASSED] - namaText = text.trim(): null

2023-08-31 10:32:57 - [TEST_STEP][PASSED] - descText = text.trim(): null

2023-08-31 10:32:57 - [TEST_STEP][PASSED] - hargaText = text.trim(): null

2023-08-31 10:32:57 - [TEST_STEP][PASSED] - nmProdukOri.add(namaText): null

2023-08-31 10:32:57 - [TEST_STEP][PASSED] - descProdukOri.add(descText): null

2023-08-31 10:32:57 - [TEST_STEP][PASSED] - hargaProdukOri.add(hargaText): null

2023-08-31 10:32:57 - [TEST_STEP][PASSED] - namaText = text.trim(): null

2023-08-31 10:32:57 - [TEST_STEP][PASSED] - descText = text.trim(): null

2023-08-31 10:32:57 - [TEST_STEP][PASSED] - hargaText = text.trim(): null

2023-08-31 10:32:57 - [TEST_STEP][PASSED] - nmProdukOri.add(namaText): null

2023-08-31 10:32:57 - [TEST_STEP][PASSED] - descProdukOri.add(descText): null

2023-08-31 10:32:57 - [TEST_STEP][PASSED] - hargaProdukOri.add(hargaText): null

2023-08-31 10:32:57 - [TEST_STEP][PASSED] - assert nmProduk == nmProdukOri: null

2023-08-31 10:32:57 - [TEST_STEP][PASSED] - assert desc == descProdukOri: null

2023-08-31 10:32:57 - [TEST_STEP][PASSED] - assert Price == hargaProdukOri: null

2023-08-31 10:32:57 - [TEST_STEP][PASSED] - return dataProduk2: null

2023-08-31 10:32:57 - [MESSAGE][PASSED] - Call Test Case 'Test Cases/4. keranjang/TC-Cart-Show-003' successfully

2023-08-31 10:32:57 - [TEST_STEP][PASSED] - namaProduk = data.get("NamaProduk2"): null

2023-08-31 10:32:57 - [TEST_STEP][PASSED] - desc = data.get("deskripsiProduk2"): null

2023-08-31 10:32:57 - [TEST_STEP][PASSED] - harga = data.get("hargaBarang2"): null

2023-08-31 10:32:57 - [TEST_STEP][PASSED] - click(findTestObject("chekout/button_Checkout")): Object: 'Object Repository/chekout/button_Checkout' is clicked on

2023-08-31 10:32:57 - [MESSAGE][PASSED] - Object: 'Object Repository/chekout/button_Checkout' is clicked on

2023-08-31 10:32:57 - [TEST_STEP][PASSED] - verifyElementPresent(findTestObject("chekout/step 1 Checkout Your Information"), 0): Object 'Object Repository/chekout/step 1 Checkout Your Information' is present

2023-08-31 10:32:57 - [MESSAGE][WARNING] - Timeout '0' is invalid. Using default page load timeout: '30'

2023-08-31 10:32:58 - [MESSAGE][PASSED] - Object 'Object Repository/chekout/step 1 Checkout Your Information' is present

2023-08-31 10:32:58 - [TEST_STEP][PASSED] - setText(findTestObject("chekout/input_firstName_Checkout Your Information"), "Ika"): Text 'Ika' is set on object 'Object Repository/chekout/input_firstName_Checkout Your Information'

2023-08-31 10:32:58 - [MESSAGE][PASSED] - Text 'Ika' is set on object 'Object Repository/chekout/input_firstName_Checkout Your Information'

2023-08-31 10:32:58 - [TEST_STEP][PASSED] - setText(findTestObject("chekout/input_lastName_Checkout Your Information"), "Nur"): Text 'Nur' is set on object 'Object Repository/chekout/input_lastName_Checkout Your Information'

2023-08-31 10:32:59 - [MESSAGE][PASSED] - Text 'Nur' is set on object 'Object Repository/chekout/input_lastName_Checkout Your Information'

2023-08-31 10:32:59 - [TEST_STEP][PASSED] - click(findTestObject("chekout/continue (your Information)")): Object: 'Object Repository/chekout/continue (your Information)' is clicked on

2023-08-31 10:33:00 - [MESSAGE][PASSED] - Object: 'Object Repository/chekout/continue (your Information)' is clicked on

2023-08-31 10:33:00 - [TEST_STEP][PASSED] - verifyElementText(findTestObject("chekout/Error minta input First Name"), "Error: Postal Code is required"): Actual text and expected text of test object 'Object Repository/chekout/Error minta input First Name' are matched.

2023-08-31 10:33:00 - [MESSAGE][PASSED] - Actual text and expected text of test object 'Object Repository/chekout/Error minta input First Name' are matched.]]></system-out>
         <system-err><![CDATA[]]></system-err>
      </testcase>
      <testcase name="Test Cases/6. Logout/TC-Logout-Success-001" time="10.711" classname="Test Cases/6. Logout/TC-Logout-Success-001" status="PASSED">
         <system-out><![CDATA[2023-08-31 10:33:00 - [TEST_CASE][PASSED] - Test Cases/6. Logout/TC-Logout-Success-001: Test Cases/6. Logout/TC-Logout-Success-001

2023-08-31 10:33:01 - [TEST_STEP][PASSED] - callTestCase(findTestCase("1. login/TC-Login-Success-001"), [:], STOP_ON_FAILURE): Call Test Case 'Test Cases/1. login/TC-Login-Success-001' successfully

2023-08-31 10:33:01 - [TEST_CASE][PASSED] - Test Cases/1. login/TC-Login-Success-001: Test Cases/1. login/TC-Login-Success-001

2023-08-31 10:33:01 - [TEST_STEP][PASSED] - openBrowser(web): Browser is opened with url: 'https://www.saucedemo.com/inventory.html'

2023-08-31 10:33:01 - [MESSAGE][WARNING] - A browser is already opened. Closing browser and opening a new one

2023-08-31 10:33:02 - [MESSAGE][INFO] - Starting 'Edge Chromium' driver

2023-08-31 10:33:04 - [MESSAGE][INFO] - Action delay is set to 0 milliseconds

2023-08-31 10:33:07 - [MESSAGE][PASSED] - Browser is opened with url: 'https://www.saucedemo.com/inventory.html'

2023-08-31 10:33:07 - [TEST_STEP][PASSED] - maximizeWindow(): Current window maximized

2023-08-31 10:33:07 - [MESSAGE][PASSED] - Current window maximized

2023-08-31 10:33:07 - [TEST_STEP][PASSED] - verifyElementPresent(findTestObject("1. Login/halaman home swag labs"), 0): Object 'Object Repository/1. Login/halaman home swag labs' is present

2023-08-31 10:33:07 - [MESSAGE][WARNING] - Timeout '0' is invalid. Using default page load timeout: '30'

2023-08-31 10:33:07 - [MESSAGE][PASSED] - Object 'Object Repository/1. Login/halaman home swag labs' is present

2023-08-31 10:33:07 - [TEST_STEP][PASSED] - setText(findTestObject("1. Login/input username"), username): Text 'standard_user' is set on object 'Object Repository/1. Login/input username'

2023-08-31 10:33:08 - [MESSAGE][PASSED] - Text 'standard_user' is set on object 'Object Repository/1. Login/input username'

2023-08-31 10:33:08 - [TEST_STEP][PASSED] - setEncryptedText(findTestObject("1. Login/input password"), password): Text ****** has been set on object 'Object Repository/1. Login/input password'

2023-08-31 10:33:09 - [MESSAGE][PASSED] - Text ****** has been set on object 'Object Repository/1. Login/input password'

2023-08-31 10:33:09 - [TEST_STEP][PASSED] - click(findTestObject("1. Login/button Login")): Object: 'Object Repository/1. Login/button Login' is clicked on

2023-08-31 10:33:09 - [MESSAGE][PASSED] - Object: 'Object Repository/1. Login/button Login' is clicked on

2023-08-31 10:33:09 - [TEST_STEP][PASSED] - verifyElementText(findTestObject("1. Login/home product atau halaman Swag Labs"), "Swag Labs"): Actual text and expected text of test object 'Object Repository/1. Login/home product atau halaman Swag Labs' are matched.

2023-08-31 10:33:10 - [MESSAGE][PASSED] - Actual text and expected text of test object 'Object Repository/1. Login/home product atau halaman Swag Labs' are matched.

2023-08-31 10:33:10 - [MESSAGE][PASSED] - Call Test Case 'Test Cases/1. login/TC-Login-Success-001' successfully

2023-08-31 10:33:10 - [TEST_STEP][PASSED] - click(findTestObject("logout/button hamburger")): Object: 'Object Repository/logout/button hamburger' is clicked on

2023-08-31 10:33:10 - [MESSAGE][PASSED] - Object: 'Object Repository/logout/button hamburger' is clicked on

2023-08-31 10:33:10 - [TEST_STEP][PASSED] - click(findTestObject("logout/a_Logout")): Object: 'Object Repository/logout/a_Logout' is clicked on

2023-08-31 10:33:11 - [MESSAGE][PASSED] - Object: 'Object Repository/logout/a_Logout' is clicked on

2023-08-31 10:33:11 - [TEST_STEP][PASSED] - verifyElementPresent(findTestObject("1. Login/halaman home swag labs"), 0): Object 'Object Repository/1. Login/halaman home swag labs' is present

2023-08-31 10:33:11 - [MESSAGE][WARNING] - Timeout '0' is invalid. Using default page load timeout: '30'

2023-08-31 10:33:11 - [MESSAGE][PASSED] - Object 'Object Repository/1. Login/halaman home swag labs' is present]]></system-out>
         <system-err><![CDATA[]]></system-err>
      </testcase>
      <system-out><![CDATA[2023-08-31 10:21:48 - [TEST_SUITE][FAILED] - test Sauce Demo: Test Cases/1. login/TC-Login-Failed-002 FAILED.
Reason:
com.kms.katalon.core.exception.StepFailedException: Verify element text of test object 'Object Repository/1. Login/error meminta pasword' FAILED.
	at com.kms.katalon.core.webui.keyword.internal.WebUIKeywordMain.stepFailed(WebUIKeywordMain.groovy:64)
	at com.kms.katalon.core.webui.keyword.internal.WebUIKeywordMain.runKeyword(WebUIKeywordMain.groovy:26)
	at com.kms.katalon.core.webui.keyword.builtin.VerifyElementTextKeyword.verifyElementText(VerifyElementTextKeyword.groovy:72)
	at com.kms.katalon.core.webui.keyword.builtin.VerifyElementTextKeyword.execute(VerifyElementTextKeyword.groovy:40)
	at com.kms.katalon.core.keyword.internal.KeywordExecutor.executeKeywordForPlatform(KeywordExecutor.groovy:74)
	at com.kms.katalon.core.webui.keyword.WebUiBuiltInKeywords.verifyElementText(WebUiBuiltInKeywords.groovy:4749)
	at com.kms.katalon.core.webui.keyword.WebUiBuiltInKeywords$verifyElementText$5.call(Unknown Source)
	at TC-Login-Failed-002.run(TC-Login-Failed-002:30)
	at com.kms.katalon.core.main.ScriptEngine.run(ScriptEngine.java:194)
	at com.kms.katalon.core.main.ScriptEngine.runScriptAsRawText(ScriptEngine.java:119)
	at com.kms.katalon.core.main.TestCaseExecutor.runScript(TestCaseExecutor.java:448)
	at com.kms.katalon.core.main.TestCaseExecutor.doExecute(TestCaseExecutor.java:439)
	at com.kms.katalon.core.main.TestCaseExecutor.processExecutionPhase(TestCaseExecutor.java:418)
	at com.kms.katalon.core.main.TestCaseExecutor.accessMainPhase(TestCaseExecutor.java:410)
	at com.kms.katalon.core.main.TestCaseExecutor.execute(TestCaseExecutor.java:285)
	at com.kms.katalon.core.common.CommonExecutor.accessTestCaseMainPhase(CommonExecutor.java:65)
	at com.kms.katalon.core.main.TestSuiteExecutor.accessTestSuiteMainPhase(TestSuiteExecutor.java:148)
	at com.kms.katalon.core.main.TestSuiteExecutor.execute(TestSuiteExecutor.java:106)
	at com.kms.katalon.core.main.TestCaseMain.startTestSuite(TestCaseMain.java:187)
	at com.kms.katalon.core.main.TestCaseMain$startTestSuite$0.call(Unknown Source)
	at TempTestSuite1693452099201.run(TempTestSuite1693452099201.groovy:36)
Caused by: com.kms.katalon.core.exception.StepFailedException: Actual text 'Epic sadface: Password is required' and expected text 'Login failed! Please ensure the password are valid.' of test object 'Object Repository/1. Login/error meminta pasword' are NOT matched.
	at com.kms.katalon.core.webui.keyword.internal.WebUIKeywordMain.stepFailed(WebUIKeywordMain.groovy:64)
	at com.kms.katalon.core.webui.keyword.builtin.VerifyElementTextKeyword$_verifyElementText_closure1.doCall(VerifyElementTextKeyword.groovy:57)
	at com.kms.katalon.core.webui.keyword.builtin.VerifyElementTextKeyword$_verifyElementText_closure1.call(VerifyElementTextKeyword.groovy)
	at com.kms.katalon.core.webui.keyword.internal.WebUIKeywordMain.runKeyword(WebUIKeywordMain.groovy:20)
	... 19 more]]></system-out>
      <system-err><![CDATA[2023-08-31 10:21:48 - [TEST_SUITE][FAILED] - test Sauce Demo: Test Cases/1. login/TC-Login-Failed-002 FAILED.
Reason:
com.kms.katalon.core.exception.StepFailedException: Verify element text of test object 'Object Repository/1. Login/error meminta pasword' FAILED.
	at com.kms.katalon.core.webui.keyword.internal.WebUIKeywordMain.stepFailed(WebUIKeywordMain.groovy:64)
	at com.kms.katalon.core.webui.keyword.internal.WebUIKeywordMain.runKeyword(WebUIKeywordMain.groovy:26)
	at com.kms.katalon.core.webui.keyword.builtin.VerifyElementTextKeyword.verifyElementText(VerifyElementTextKeyword.groovy:72)
	at com.kms.katalon.core.webui.keyword.builtin.VerifyElementTextKeyword.execute(VerifyElementTextKeyword.groovy:40)
	at com.kms.katalon.core.keyword.internal.KeywordExecutor.executeKeywordForPlatform(KeywordExecutor.groovy:74)
	at com.kms.katalon.core.webui.keyword.WebUiBuiltInKeywords.verifyElementText(WebUiBuiltInKeywords.groovy:4749)
	at com.kms.katalon.core.webui.keyword.WebUiBuiltInKeywords$verifyElementText$5.call(Unknown Source)
	at TC-Login-Failed-002.run(TC-Login-Failed-002:30)
	at com.kms.katalon.core.main.ScriptEngine.run(ScriptEngine.java:194)
	at com.kms.katalon.core.main.ScriptEngine.runScriptAsRawText(ScriptEngine.java:119)
	at com.kms.katalon.core.main.TestCaseExecutor.runScript(TestCaseExecutor.java:448)
	at com.kms.katalon.core.main.TestCaseExecutor.doExecute(TestCaseExecutor.java:439)
	at com.kms.katalon.core.main.TestCaseExecutor.processExecutionPhase(TestCaseExecutor.java:418)
	at com.kms.katalon.core.main.TestCaseExecutor.accessMainPhase(TestCaseExecutor.java:410)
	at com.kms.katalon.core.main.TestCaseExecutor.execute(TestCaseExecutor.java:285)
	at com.kms.katalon.core.common.CommonExecutor.accessTestCaseMainPhase(CommonExecutor.java:65)
	at com.kms.katalon.core.main.TestSuiteExecutor.accessTestSuiteMainPhase(TestSuiteExecutor.java:148)
	at com.kms.katalon.core.main.TestSuiteExecutor.execute(TestSuiteExecutor.java:106)
	at com.kms.katalon.core.main.TestCaseMain.startTestSuite(TestCaseMain.java:187)
	at com.kms.katalon.core.main.TestCaseMain$startTestSuite$0.call(Unknown Source)
	at TempTestSuite1693452099201.run(TempTestSuite1693452099201.groovy:36)
Caused by: com.kms.katalon.core.exception.StepFailedException: Actual text 'Epic sadface: Password is required' and expected text 'Login failed! Please ensure the password are valid.' of test object 'Object Repository/1. Login/error meminta pasword' are NOT matched.
	at com.kms.katalon.core.webui.keyword.internal.WebUIKeywordMain.stepFailed(WebUIKeywordMain.groovy:64)
	at com.kms.katalon.core.webui.keyword.builtin.VerifyElementTextKeyword$_verifyElementText_closure1.doCall(VerifyElementTextKeyword.groovy:57)
	at com.kms.katalon.core.webui.keyword.builtin.VerifyElementTextKeyword$_verifyElementText_closure1.call(VerifyElementTextKeyword.groovy)
	at com.kms.katalon.core.webui.keyword.internal.WebUIKeywordMain.runKeyword(WebUIKeywordMain.groovy:20)
	... 19 more]]></system-err>
   </testsuite>
</testsuites>
