<?xml version="1.0" encoding="UTF-8"?>
<testsuites name="test Sauce Demo" time="502.712" tests="31" failures="1" errors="0">
   <testsuite name="test Sauce Demo" tests="31" failures="1" errors="0" time="502.712" skipped="0" timestamp="2023-08-30 20:27:16" hostname="USER - DESKTOP-22KTP91" id="Test Suites/test Sauce Demo">
      <properties>
         <property name="deviceName" value=""/>
         <property name="devicePlatform" value=""/>
         <property name="logFolder" value="F:\\bootcamp\\batch-324-qa\\Ika\\Sauce demo\\Reports\\20230830_202706\\test Sauce Demo\\20230830_202707"/>
         <property name="logFiles" value="F:\\bootcamp\\batch-324-qa\\Ika\\Sauce demo\\Reports\\20230830_202706\\test Sauce Demo\\20230830_202707\\execution0.log"/>
         <property name="attachments" value="F:\\bootcamp\\batch-324-qa\\Ika\\Sauce demo\\Reports\\20230830_202706\\test Sauce Demo\\20230830_202707\\1693402082767.png, F:\\bootcamp\\batch-324-qa\\Ika\\Sauce demo\\Reports\\20230830_202706\\test Sauce Demo\\20230830_202707\\1693402083149.png, F:\\bootcamp\\batch-324-qa\\Ika\\Sauce demo\\Reports\\20230830_202706\\test Sauce Demo\\20230830_202707\\1693402093558.png, F:\\bootcamp\\batch-324-qa\\Ika\\Sauce demo\\Reports\\20230830_202706\\test Sauce Demo\\20230830_202707\\1693402093723.png, F:\\bootcamp\\batch-324-qa\\Ika\\Sauce demo\\Reports\\20230830_202706\\test Sauce Demo\\20230830_202707\\1693402101682.png, F:\\bootcamp\\batch-324-qa\\Ika\\Sauce demo\\Reports\\20230830_202706\\test Sauce Demo\\20230830_202707\\1693402101905.png, F:\\bootcamp\\batch-324-qa\\Ika\\Sauce demo\\Reports\\20230830_202706\\test Sauce Demo\\20230830_202707\\1693402109795.png, F:\\bootcamp\\batch-324-qa\\Ika\\Sauce demo\\Reports\\20230830_202706\\test Sauce Demo\\20230830_202707\\1693402109993.png"/>
         <property name="hostName" value="USER - DESKTOP-22KTP91"/>
         <property name="os" value="Windows 10 64bit"/>
         <property name="katalonVersion" value="8.6.5.208"/>
         <property name="browser" value="Edge Chromium 116"/>
         <property name="hostAddress" value="192.168.0.106"/>
         <property name="sessionId" value="1c7804512ad3588d8e7f9dd6a661e0d0"/>
         <property name="seleniumVersion" value="3.141.59"/>
         <property name="proxyInformation" value="ProxyInformation { proxyOption=NO_PROXY, proxyServerType=HTTP, username=, password=********, proxyServerAddress=, proxyServerPort=0, executionList=&quot;&quot;, isApplyToDesiredCapabilities=true }"/>
         <property name="platform" value="Windows 10"/>
      </properties>
      <testcase name="Test Cases/1. login/TC-Login-Success-001" time="13.882" classname="Test Cases/1. login/TC-Login-Success-001" status="PASSED">
         <system-out><![CDATA[2023-08-30 20:27:17 - [TEST_CASE][PASSED] - Test Cases/1. login/TC-Login-Success-001: Test Cases/1. login/TC-Login-Success-001

2023-08-30 20:27:17 - [TEST_STEP][PASSED] - openBrowser(web): Browser is opened with url: 'https://www.saucedemo.com/inventory.html'

2023-08-30 20:27:18 - [MESSAGE][INFO] - Starting 'Edge Chromium' driver

2023-08-30 20:27:20 - [MESSAGE][INFO] - Action delay is set to 0 milliseconds

2023-08-30 20:27:26 - [MESSAGE][PASSED] - Browser is opened with url: 'https://www.saucedemo.com/inventory.html'

2023-08-30 20:27:26 - [TEST_STEP][PASSED] - maximizeWindow(): Current window maximized

2023-08-30 20:27:26 - [MESSAGE][PASSED] - Current window maximized

2023-08-30 20:27:26 - [TEST_STEP][PASSED] - verifyElementPresent(findTestObject("1. Login/halaman home swag labs"), 0): Object 'Object Repository/1. Login/halaman home swag labs' is present

2023-08-30 20:27:26 - [MESSAGE][WARNING] - Timeout '0' is invalid. Using default page load timeout: '30'

2023-08-30 20:27:27 - [MESSAGE][PASSED] - Object 'Object Repository/1. Login/halaman home swag labs' is present

2023-08-30 20:27:27 - [TEST_STEP][PASSED] - setText(findTestObject("1. Login/input username"), username): Text 'standard_user' is set on object 'Object Repository/1. Login/input username'

2023-08-30 20:27:28 - [MESSAGE][PASSED] - Text 'standard_user' is set on object 'Object Repository/1. Login/input username'

2023-08-30 20:27:28 - [TEST_STEP][PASSED] - setEncryptedText(findTestObject("1. Login/input password"), password): Text ****** has been set on object 'Object Repository/1. Login/input password'

2023-08-30 20:27:29 - [MESSAGE][PASSED] - Text ****** has been set on object 'Object Repository/1. Login/input password'

2023-08-30 20:27:29 - [TEST_STEP][PASSED] - click(findTestObject("1. Login/button Login")): Object: 'Object Repository/1. Login/button Login' is clicked on

2023-08-30 20:27:30 - [MESSAGE][PASSED] - Object: 'Object Repository/1. Login/button Login' is clicked on

2023-08-30 20:27:30 - [TEST_STEP][PASSED] - verifyElementText(findTestObject("1. Login/home product atau halaman Swag Labs"), "Swag Labs"): Actual text and expected text of test object 'Object Repository/1. Login/home product atau halaman Swag Labs' are matched.

2023-08-30 20:27:31 - [MESSAGE][PASSED] - Actual text and expected text of test object 'Object Repository/1. Login/home product atau halaman Swag Labs' are matched.]]></system-out>
         <system-err><![CDATA[]]></system-err>
      </testcase>
      <testcase name="Test Cases/1. login/TC-Login-Locked-001" time="14.115" classname="Test Cases/1. login/TC-Login-Locked-001" status="PASSED">
         <system-out><![CDATA[2023-08-30 20:27:31 - [TEST_CASE][PASSED] - Test Cases/1. login/TC-Login-Locked-001: Test Cases/1. login/TC-Login-Locked-001

2023-08-30 20:27:32 - [TEST_STEP][PASSED] - openBrowser(web): Browser is opened with url: 'https://www.saucedemo.com/inventory.html'

2023-08-30 20:27:32 - [MESSAGE][WARNING] - A browser is already opened. Closing browser and opening a new one

2023-08-30 20:27:33 - [MESSAGE][INFO] - Starting 'Edge Chromium' driver

2023-08-30 20:27:35 - [MESSAGE][INFO] - Action delay is set to 0 milliseconds

2023-08-30 20:27:37 - [MESSAGE][PASSED] - Browser is opened with url: 'https://www.saucedemo.com/inventory.html'

2023-08-30 20:27:37 - [TEST_STEP][PASSED] - maximizeWindow(): Current window maximized

2023-08-30 20:27:38 - [MESSAGE][PASSED] - Current window maximized

2023-08-30 20:27:38 - [TEST_STEP][PASSED] - verifyElementPresent(findTestObject("1. Login/halaman home swag labs"), 0): Object 'Object Repository/1. Login/halaman home swag labs' is present

2023-08-30 20:27:38 - [MESSAGE][WARNING] - Timeout '0' is invalid. Using default page load timeout: '30'

2023-08-30 20:27:38 - [MESSAGE][PASSED] - Object 'Object Repository/1. Login/halaman home swag labs' is present

2023-08-30 20:27:38 - [TEST_STEP][PASSED] - setText(findTestObject("1. Login/input username"), "dianty"): Text 'dianty' is set on object 'Object Repository/1. Login/input username'

2023-08-30 20:27:39 - [MESSAGE][PASSED] - Text 'dianty' is set on object 'Object Repository/1. Login/input username'

2023-08-30 20:27:39 - [TEST_STEP][PASSED] - setEncryptedText(findTestObject("1. Login/input password"), "tSupps0lC3o="): Text ****** has been set on object 'Object Repository/1. Login/input password'

2023-08-30 20:27:40 - [MESSAGE][PASSED] - Text ****** has been set on object 'Object Repository/1. Login/input password'

2023-08-30 20:27:40 - [TEST_STEP][PASSED] - click(findTestObject("1. Login/button Login")): Object: 'Object Repository/1. Login/button Login' is clicked on

2023-08-30 20:27:41 - [MESSAGE][PASSED] - Object: 'Object Repository/1. Login/button Login' is clicked on

2023-08-30 20:27:41 - [TEST_STEP][PASSED] - verifyElementText(findTestObject("1. Login/error salah usn dan password"), "Epic sadface: Username and password do not match any user in this service"): Actual text and expected text of test object 'Object Repository/1. Login/error salah usn dan password' are matched.

2023-08-30 20:27:41 - [MESSAGE][PASSED] - Actual text and expected text of test object 'Object Repository/1. Login/error salah usn dan password' are matched.

2023-08-30 20:27:41 - [TEST_STEP][PASSED] - delay(3): Delayed 3 second(s)

2023-08-30 20:27:44 - [MESSAGE][PASSED] - Delayed 3 second(s)

2023-08-30 20:27:44 - [TEST_STEP][PASSED] - closeBrowser(): Browser is closed

2023-08-30 20:27:45 - [MESSAGE][PASSED] - Browser is closed]]></system-out>
         <system-err><![CDATA[]]></system-err>
      </testcase>
      <testcase name="Test Cases/1. login/TC-Login-Failed-001" time="8.527" classname="Test Cases/1. login/TC-Login-Failed-001" status="PASSED">
         <system-out><![CDATA[2023-08-30 20:27:45 - [TEST_CASE][PASSED] - Test Cases/1. login/TC-Login-Failed-001: Test Cases/1. login/TC-Login-Failed-001

2023-08-30 20:27:45 - [TEST_STEP][PASSED] - openBrowser(web): Browser is opened with url: 'https://www.saucedemo.com/inventory.html'

2023-08-30 20:27:45 - [MESSAGE][INFO] - Starting 'Edge Chromium' driver

2023-08-30 20:27:47 - [MESSAGE][INFO] - Action delay is set to 0 milliseconds

2023-08-30 20:27:50 - [MESSAGE][PASSED] - Browser is opened with url: 'https://www.saucedemo.com/inventory.html'

2023-08-30 20:27:50 - [TEST_STEP][PASSED] - maximizeWindow(): Current window maximized

2023-08-30 20:27:50 - [MESSAGE][PASSED] - Current window maximized

2023-08-30 20:27:50 - [TEST_STEP][PASSED] - verifyElementPresent(findTestObject("1. Login/halaman home swag labs"), 0): Object 'Object Repository/1. Login/halaman home swag labs' is present

2023-08-30 20:27:50 - [MESSAGE][WARNING] - Timeout '0' is invalid. Using default page load timeout: '30'

2023-08-30 20:27:50 - [MESSAGE][PASSED] - Object 'Object Repository/1. Login/halaman home swag labs' is present

2023-08-30 20:27:50 - [TEST_STEP][PASSED] - setText(findTestObject("1. Login/input username"), username): Text 'standard_user' is set on object 'Object Repository/1. Login/input username'

2023-08-30 20:27:51 - [MESSAGE][PASSED] - Text 'standard_user' is set on object 'Object Repository/1. Login/input username'

2023-08-30 20:27:51 - [TEST_STEP][PASSED] - setEncryptedText(findTestObject("1. Login/input password"), password): Text ****** has been set on object 'Object Repository/1. Login/input password'

2023-08-30 20:27:52 - [MESSAGE][PASSED] - Text ****** has been set on object 'Object Repository/1. Login/input password'

2023-08-30 20:27:52 - [TEST_STEP][PASSED] - click(findTestObject("1. Login/button Login")): Object: 'Object Repository/1. Login/button Login' is clicked on

2023-08-30 20:27:53 - [MESSAGE][PASSED] - Object: 'Object Repository/1. Login/button Login' is clicked on

2023-08-30 20:27:53 - [TEST_STEP][PASSED] - verifyElementText(findTestObject("1. Login/home product atau halaman Swag Labs"), "Swag Labs"): Actual text and expected text of test object 'Object Repository/1. Login/home product atau halaman Swag Labs' are matched.

2023-08-30 20:27:53 - [MESSAGE][PASSED] - Actual text and expected text of test object 'Object Repository/1. Login/home product atau halaman Swag Labs' are matched.]]></system-out>
         <system-err><![CDATA[]]></system-err>
      </testcase>
      <testcase name="Test Cases/1. login/TC-Login-Failed-002" time="8.026" classname="Test Cases/1. login/TC-Login-Failed-002" status="FAILED">
         <failure type="FAILED" message="Test Cases/1. login/TC-Login-Failed-002 FAILED.
Reason:
com.kms.katalon.core.exception.StepFailedException: Verify element text of test object 'Object Repository/1. Login/error meminta pasword' FAILED.
	at com.kms.katalon.core.webui.keyword.internal.WebUIKeywordMain.stepFailed(WebUIKeywordMain.groovy:64)
	at com.kms.katalon.core.webui.keyword.internal.WebUIKeywordMain.runKeyword(WebUIKeywordMain.groovy:26)
	at com.kms.katalon.core.webui.keyword.builtin.VerifyElementTextKeyword.verifyElementText(VerifyElementTextKeyword.groovy:72)
	at com.kms.katalon.core.webui.keyword.builtin.VerifyElementTextKeyword.execute(VerifyElementTextKeyword.groovy:40)
	at com.kms.katalon.core.keyword.internal.KeywordExecutor.executeKeywordForPlatform(KeywordExecutor.groovy:74)
	at com.kms.katalon.core.webui.keyword.WebUiBuiltInKeywords.verifyElementText(WebUiBuiltInKeywords.groovy:4749)
	at com.kms.katalon.core.webui.keyword.WebUiBuiltInKeywords$verifyElementText$5.call(Unknown Source)
	at TC-Login-Failed-002.run(TC-Login-Failed-002:30)
	at com.kms.katalon.core.main.ScriptEngine.run(ScriptEngine.java:194)
	at com.kms.katalon.core.main.ScriptEngine.runScriptAsRawText(ScriptEngine.java:119)
	at com.kms.katalon.core.main.TestCaseExecutor.runScript(TestCaseExecutor.java:448)
	at com.kms.katalon.core.main.TestCaseExecutor.doExecute(TestCaseExecutor.java:439)
	at com.kms.katalon.core.main.TestCaseExecutor.processExecutionPhase(TestCaseExecutor.java:418)
	at com.kms.katalon.core.main.TestCaseExecutor.accessMainPhase(TestCaseExecutor.java:410)
	at com.kms.katalon.core.main.TestCaseExecutor.execute(TestCaseExecutor.java:285)
	at com.kms.katalon.core.main.TestCaseExecutor.execute(TestCaseExecutor.java:369)
	at com.kms.katalon.core.main.TestCaseExecutor.execute(TestCaseExecutor.java:369)
	at com.kms.katalon.core.main.TestCaseExecutor.execute(TestCaseExecutor.java:369)
	at com.kms.katalon.core.common.CommonExecutor.accessTestCaseMainPhase(CommonExecutor.java:65)
	at com.kms.katalon.core.main.TestSuiteExecutor.accessTestSuiteMainPhase(TestSuiteExecutor.java:148)
	at com.kms.katalon.core.main.TestSuiteExecutor.execute(TestSuiteExecutor.java:106)
	at com.kms.katalon.core.main.TestCaseMain.startTestSuite(TestCaseMain.java:187)
	at com.kms.katalon.core.main.TestCaseMain$startTestSuite$0.call(Unknown Source)
	at TempTestSuite1693402027019.run(TempTestSuite1693402027019.groovy:36)
Caused by: com.kms.katalon.core.exception.StepFailedException: Actual text 'Epic sadface: Password is required' and expected text 'Login failed! Please ensure the password are valid.' of test object 'Object Repository/1. Login/error meminta pasword' are NOT matched.
	at com.kms.katalon.core.webui.keyword.internal.WebUIKeywordMain.stepFailed(WebUIKeywordMain.groovy:64)
	at com.kms.katalon.core.webui.keyword.builtin.VerifyElementTextKeyword$_verifyElementText_closure1.doCall(VerifyElementTextKeyword.groovy:57)
	at com.kms.katalon.core.webui.keyword.builtin.VerifyElementTextKeyword$_verifyElementText_closure1.call(VerifyElementTextKeyword.groovy)
	at com.kms.katalon.core.webui.keyword.internal.WebUIKeywordMain.runKeyword(WebUIKeywordMain.groovy:20)
	... 22 more
"/>
         <system-out><![CDATA[2023-08-30 20:28:22 - [TEST_CASE][FAILED] - Test Cases/1. login/TC-Login-Failed-002: Test Cases/1. login/TC-Login-Failed-002 FAILED.
Reason:
com.kms.katalon.core.exception.StepFailedException: Verify element text of test object 'Object Repository/1. Login/error meminta pasword' FAILED.
	at com.kms.katalon.core.webui.keyword.internal.WebUIKeywordMain.stepFailed(WebUIKeywordMain.groovy:64)
	at com.kms.katalon.core.webui.keyword.internal.WebUIKeywordMain.runKeyword(WebUIKeywordMain.groovy:26)
	at com.kms.katalon.core.webui.keyword.builtin.VerifyElementTextKeyword.verifyElementText(VerifyElementTextKeyword.groovy:72)
	at com.kms.katalon.core.webui.keyword.builtin.VerifyElementTextKeyword.execute(VerifyElementTextKeyword.groovy:40)
	at com.kms.katalon.core.keyword.internal.KeywordExecutor.executeKeywordForPlatform(KeywordExecutor.groovy:74)
	at com.kms.katalon.core.webui.keyword.WebUiBuiltInKeywords.verifyElementText(WebUiBuiltInKeywords.groovy:4749)
	at com.kms.katalon.core.webui.keyword.WebUiBuiltInKeywords$verifyElementText$5.call(Unknown Source)
	at TC-Login-Failed-002.run(TC-Login-Failed-002:30)
	at com.kms.katalon.core.main.ScriptEngine.run(ScriptEngine.java:194)
	at com.kms.katalon.core.main.ScriptEngine.runScriptAsRawText(ScriptEngine.java:119)
	at com.kms.katalon.core.main.TestCaseExecutor.runScript(TestCaseExecutor.java:448)
	at com.kms.katalon.core.main.TestCaseExecutor.doExecute(TestCaseExecutor.java:439)
	at com.kms.katalon.core.main.TestCaseExecutor.processExecutionPhase(TestCaseExecutor.java:418)
	at com.kms.katalon.core.main.TestCaseExecutor.accessMainPhase(TestCaseExecutor.java:410)
	at com.kms.katalon.core.main.TestCaseExecutor.execute(TestCaseExecutor.java:285)
	at com.kms.katalon.core.main.TestCaseExecutor.execute(TestCaseExecutor.java:369)
	at com.kms.katalon.core.main.TestCaseExecutor.execute(TestCaseExecutor.java:369)
	at com.kms.katalon.core.main.TestCaseExecutor.execute(TestCaseExecutor.java:369)
	at com.kms.katalon.core.common.CommonExecutor.accessTestCaseMainPhase(CommonExecutor.java:65)
	at com.kms.katalon.core.main.TestSuiteExecutor.accessTestSuiteMainPhase(TestSuiteExecutor.java:148)
	at com.kms.katalon.core.main.TestSuiteExecutor.execute(TestSuiteExecutor.java:106)
	at com.kms.katalon.core.main.TestCaseMain.startTestSuite(TestCaseMain.java:187)
	at com.kms.katalon.core.main.TestCaseMain$startTestSuite$0.call(Unknown Source)
	at TempTestSuite1693402027019.run(TempTestSuite1693402027019.groovy:36)
Caused by: com.kms.katalon.core.exception.StepFailedException: Actual text 'Epic sadface: Password is required' and expected text 'Login failed! Please ensure the password are valid.' of test object 'Object Repository/1. Login/error meminta pasword' are NOT matched.
	at com.kms.katalon.core.webui.keyword.internal.WebUIKeywordMain.stepFailed(WebUIKeywordMain.groovy:64)
	at com.kms.katalon.core.webui.keyword.builtin.VerifyElementTextKeyword$_verifyElementText_closure1.doCall(VerifyElementTextKeyword.groovy:57)
	at com.kms.katalon.core.webui.keyword.builtin.VerifyElementTextKeyword$_verifyElementText_closure1.call(VerifyElementTextKeyword.groovy)
	at com.kms.katalon.core.webui.keyword.internal.WebUIKeywordMain.runKeyword(WebUIKeywordMain.groovy:20)
	... 22 more


2023-08-30 20:28:22 - [TEST_STEP][PASSED] - openBrowser(web): Browser is opened with url: 'https://www.saucedemo.com/inventory.html'

2023-08-30 20:28:22 - [MESSAGE][WARNING] - A browser is already opened. Closing browser and opening a new one

2023-08-30 20:28:22 - [MESSAGE][INFO] - Starting 'Edge Chromium' driver

2023-08-30 20:28:25 - [MESSAGE][INFO] - Action delay is set to 0 milliseconds

2023-08-30 20:28:27 - [MESSAGE][PASSED] - Browser is opened with url: 'https://www.saucedemo.com/inventory.html'

2023-08-30 20:28:27 - [TEST_STEP][PASSED] - maximizeWindow(): Current window maximized

2023-08-30 20:28:27 - [MESSAGE][PASSED] - Current window maximized

2023-08-30 20:28:27 - [TEST_STEP][PASSED] - verifyElementPresent(findTestObject("1. Login/halaman home swag labs"), 0): Object 'Object Repository/1. Login/halaman home swag labs' is present

2023-08-30 20:28:27 - [MESSAGE][WARNING] - Timeout '0' is invalid. Using default page load timeout: '30'

2023-08-30 20:28:27 - [MESSAGE][PASSED] - Object 'Object Repository/1. Login/halaman home swag labs' is present

2023-08-30 20:28:27 - [TEST_STEP][PASSED] - setText(findTestObject("1. Login/input username"), username): Text 'standard_user' is set on object 'Object Repository/1. Login/input username'

2023-08-30 20:28:28 - [MESSAGE][PASSED] - Text 'standard_user' is set on object 'Object Repository/1. Login/input username'

2023-08-30 20:28:28 - [TEST_STEP][PASSED] - click(findTestObject("1. Login/button Login")): Object: 'Object Repository/1. Login/button Login' is clicked on

2023-08-30 20:28:29 - [MESSAGE][PASSED] - Object: 'Object Repository/1. Login/button Login' is clicked on

2023-08-30 20:28:29 - [TEST_STEP][FAILED] - verifyElementText(findTestObject("1. Login/error meminta pasword"), "Login failed! Please ensure the password are valid."): Verify element text of test object 'Object Repository/1. Login/error meminta pasword' FAILED. (Root cause: com.kms.katalon.core.exception.StepFailedException: Verify element text of test object 'Object Repository/1. Login/error meminta pasword' FAILED.
	at com.kms.katalon.core.webui.keyword.internal.WebUIKeywordMain.stepFailed(WebUIKeywordMain.groovy:64)
	at com.kms.katalon.core.webui.keyword.internal.WebUIKeywordMain.runKeyword(WebUIKeywordMain.groovy:26)
	at com.kms.katalon.core.webui.keyword.builtin.VerifyElementTextKeyword.verifyElementText(VerifyElementTextKeyword.groovy:72)
	at com.kms.katalon.core.webui.keyword.builtin.VerifyElementTextKeyword.execute(VerifyElementTextKeyword.groovy:40)
	at com.kms.katalon.core.keyword.internal.KeywordExecutor.executeKeywordForPlatform(KeywordExecutor.groovy:74)
	at com.kms.katalon.core.webui.keyword.WebUiBuiltInKeywords.verifyElementText(WebUiBuiltInKeywords.groovy:4749)
	at com.kms.katalon.core.webui.keyword.WebUiBuiltInKeywords$verifyElementText$5.call(Unknown Source)
	at TC-Login-Failed-002.run(TC-Login-Failed-002:30)
	at com.kms.katalon.core.main.ScriptEngine.run(ScriptEngine.java:194)
	at com.kms.katalon.core.main.ScriptEngine.runScriptAsRawText(ScriptEngine.java:119)
	at com.kms.katalon.core.main.TestCaseExecutor.runScript(TestCaseExecutor.java:448)
	at com.kms.katalon.core.main.TestCaseExecutor.doExecute(TestCaseExecutor.java:439)
	at com.kms.katalon.core.main.TestCaseExecutor.processExecutionPhase(TestCaseExecutor.java:418)
	at com.kms.katalon.core.main.TestCaseExecutor.accessMainPhase(TestCaseExecutor.java:410)
	at com.kms.katalon.core.main.TestCaseExecutor.execute(TestCaseExecutor.java:285)
	at com.kms.katalon.core.main.TestCaseExecutor.execute(TestCaseExecutor.java:369)
	at com.kms.katalon.core.main.TestCaseExecutor.execute(TestCaseExecutor.java:369)
	at com.kms.katalon.core.main.TestCaseExecutor.execute(TestCaseExecutor.java:369)
	at com.kms.katalon.core.common.CommonExecutor.accessTestCaseMainPhase(CommonExecutor.java:65)
	at com.kms.katalon.core.main.TestSuiteExecutor.accessTestSuiteMainPhase(TestSuiteExecutor.java:148)
	at com.kms.katalon.core.main.TestSuiteExecutor.execute(TestSuiteExecutor.java:106)
	at com.kms.katalon.core.main.TestCaseMain.startTestSuite(TestCaseMain.java:187)
	at com.kms.katalon.core.main.TestCaseMain$startTestSuite$0.call(Unknown Source)
	at TempTestSuite1693402027019.run(TempTestSuite1693402027019.groovy:36)
Caused by: com.kms.katalon.core.exception.StepFailedException: Actual text 'Epic sadface: Password is required' and expected text 'Login failed! Please ensure the password are valid.' of test object 'Object Repository/1. Login/error meminta pasword' are NOT matched.
	at com.kms.katalon.core.webui.keyword.internal.WebUIKeywordMain.stepFailed(WebUIKeywordMain.groovy:64)
	at com.kms.katalon.core.webui.keyword.builtin.VerifyElementTextKeyword$_verifyElementText_closure1.doCall(VerifyElementTextKeyword.groovy:57)
	at com.kms.katalon.core.webui.keyword.builtin.VerifyElementTextKeyword$_verifyElementText_closure1.call(VerifyElementTextKeyword.groovy)
	at com.kms.katalon.core.webui.keyword.internal.WebUIKeywordMain.runKeyword(WebUIKeywordMain.groovy:20)
	... 22 more
)

2023-08-30 20:28:29 - [MESSAGE][FAILED] - Actual text 'Epic sadface: Password is required' and expected text 'Login failed! Please ensure the password are valid.' of test object 'Object Repository/1. Login/error meminta pasword' are NOT matched. (Root cause: com.kms.katalon.core.exception.StepFailedException: Actual text 'Epic sadface: Password is required' and expected text 'Login failed! Please ensure the password are valid.' of test object 'Object Repository/1. Login/error meminta pasword' are NOT matched.
	at com.kms.katalon.core.webui.keyword.internal.WebUIKeywordMain.stepFailed(WebUIKeywordMain.groovy:64)
	at com.kms.katalon.core.webui.keyword.builtin.VerifyElementTextKeyword$_verifyElementText_closure1.doCall(VerifyElementTextKeyword.groovy:57)
	at com.kms.katalon.core.webui.keyword.builtin.VerifyElementTextKeyword$_verifyElementText_closure1.call(VerifyElementTextKeyword.groovy)
	at com.kms.katalon.core.webui.keyword.internal.WebUIKeywordMain.runKeyword(WebUIKeywordMain.groovy:20)
	at com.kms.katalon.core.webui.keyword.builtin.VerifyElementTextKeyword.verifyElementText(VerifyElementTextKeyword.groovy:72)
	at com.kms.katalon.core.webui.keyword.builtin.VerifyElementTextKeyword.execute(VerifyElementTextKeyword.groovy:40)
	at com.kms.katalon.core.keyword.internal.KeywordExecutor.executeKeywordForPlatform(KeywordExecutor.groovy:74)
	at com.kms.katalon.core.webui.keyword.WebUiBuiltInKeywords.verifyElementText(WebUiBuiltInKeywords.groovy:4749)
	at com.kms.katalon.core.webui.keyword.WebUiBuiltInKeywords$verifyElementText$5.call(Unknown Source)
	at TC-Login-Failed-002.run(TC-Login-Failed-002:30)
	at com.kms.katalon.core.main.ScriptEngine.run(ScriptEngine.java:194)
	at com.kms.katalon.core.main.ScriptEngine.runScriptAsRawText(ScriptEngine.java:119)
	at com.kms.katalon.core.main.TestCaseExecutor.runScript(TestCaseExecutor.java:448)
	at com.kms.katalon.core.main.TestCaseExecutor.doExecute(TestCaseExecutor.java:439)
	at com.kms.katalon.core.main.TestCaseExecutor.processExecutionPhase(TestCaseExecutor.java:418)
	at com.kms.katalon.core.main.TestCaseExecutor.accessMainPhase(TestCaseExecutor.java:410)
	at com.kms.katalon.core.main.TestCaseExecutor.execute(TestCaseExecutor.java:285)
	at com.kms.katalon.core.main.TestCaseExecutor.execute(TestCaseExecutor.java:369)
	at com.kms.katalon.core.main.TestCaseExecutor.execute(TestCaseExecutor.java:369)
	at com.kms.katalon.core.main.TestCaseExecutor.execute(TestCaseExecutor.java:369)
	at com.kms.katalon.core.common.CommonExecutor.accessTestCaseMainPhase(CommonExecutor.java:65)
	at com.kms.katalon.core.main.TestSuiteExecutor.accessTestSuiteMainPhase(TestSuiteExecutor.java:148)
	at com.kms.katalon.core.main.TestSuiteExecutor.execute(TestSuiteExecutor.java:106)
	at com.kms.katalon.core.main.TestCaseMain.startTestSuite(TestCaseMain.java:187)
	at com.kms.katalon.core.main.TestCaseMain$startTestSuite$0.call(Unknown Source)
	at TempTestSuite1693402027019.run(TempTestSuite1693402027019.groovy:36)
)
[[ATTACHMENT|F:\\bootcamp\\batch-324-qa\\Ika\\Sauce demo\\Reports\\20230830_202706\\test Sauce Demo\\20230830_202707\\1693402109795.png]]

2023-08-30 20:28:30 - [MESSAGE][FAILED] - Verify element text of test object 'Object Repository/1. Login/error meminta pasword' FAILED. (Root cause: com.kms.katalon.core.exception.StepFailedException: Verify element text of test object 'Object Repository/1. Login/error meminta pasword' FAILED.
	at com.kms.katalon.core.webui.keyword.internal.WebUIKeywordMain.stepFailed(WebUIKeywordMain.groovy:64)
	at com.kms.katalon.core.webui.keyword.internal.WebUIKeywordMain.runKeyword(WebUIKeywordMain.groovy:26)
	at com.kms.katalon.core.webui.keyword.builtin.VerifyElementTextKeyword.verifyElementText(VerifyElementTextKeyword.groovy:72)
	at com.kms.katalon.core.webui.keyword.builtin.VerifyElementTextKeyword.execute(VerifyElementTextKeyword.groovy:40)
	at com.kms.katalon.core.keyword.internal.KeywordExecutor.executeKeywordForPlatform(KeywordExecutor.groovy:74)
	at com.kms.katalon.core.webui.keyword.WebUiBuiltInKeywords.verifyElementText(WebUiBuiltInKeywords.groovy:4749)
	at com.kms.katalon.core.webui.keyword.WebUiBuiltInKeywords$verifyElementText$5.call(Unknown Source)
	at TC-Login-Failed-002.run(TC-Login-Failed-002:30)
	at com.kms.katalon.core.main.ScriptEngine.run(ScriptEngine.java:194)
	at com.kms.katalon.core.main.ScriptEngine.runScriptAsRawText(ScriptEngine.java:119)
	at com.kms.katalon.core.main.TestCaseExecutor.runScript(TestCaseExecutor.java:448)
	at com.kms.katalon.core.main.TestCaseExecutor.doExecute(TestCaseExecutor.java:439)
	at com.kms.katalon.core.main.TestCaseExecutor.processExecutionPhase(TestCaseExecutor.java:418)
	at com.kms.katalon.core.main.TestCaseExecutor.accessMainPhase(TestCaseExecutor.java:410)
	at com.kms.katalon.core.main.TestCaseExecutor.execute(TestCaseExecutor.java:285)
	at com.kms.katalon.core.main.TestCaseExecutor.execute(TestCaseExecutor.java:369)
	at com.kms.katalon.core.main.TestCaseExecutor.execute(TestCaseExecutor.java:369)
	at com.kms.katalon.core.main.TestCaseExecutor.execute(TestCaseExecutor.java:369)
	at com.kms.katalon.core.common.CommonExecutor.accessTestCaseMainPhase(CommonExecutor.java:65)
	at com.kms.katalon.core.main.TestSuiteExecutor.accessTestSuiteMainPhase(TestSuiteExecutor.java:148)
	at com.kms.katalon.core.main.TestSuiteExecutor.execute(TestSuiteExecutor.java:106)
	at com.kms.katalon.core.main.TestCaseMain.startTestSuite(TestCaseMain.java:187)
	at com.kms.katalon.core.main.TestCaseMain$startTestSuite$0.call(Unknown Source)
	at TempTestSuite1693402027019.run(TempTestSuite1693402027019.groovy:36)
Caused by: com.kms.katalon.core.exception.StepFailedException: Actual text 'Epic sadface: Password is required' and expected text 'Login failed! Please ensure the password are valid.' of test object 'Object Repository/1. Login/error meminta pasword' are NOT matched.
	at com.kms.katalon.core.webui.keyword.internal.WebUIKeywordMain.stepFailed(WebUIKeywordMain.groovy:64)
	at com.kms.katalon.core.webui.keyword.builtin.VerifyElementTextKeyword$_verifyElementText_closure1.doCall(VerifyElementTextKeyword.groovy:57)
	at com.kms.katalon.core.webui.keyword.builtin.VerifyElementTextKeyword$_verifyElementText_closure1.call(VerifyElementTextKeyword.groovy)
	at com.kms.katalon.core.webui.keyword.internal.WebUIKeywordMain.runKeyword(WebUIKeywordMain.groovy:20)
	... 22 more
)
[[ATTACHMENT|F:\\bootcamp\\batch-324-qa\\Ika\\Sauce demo\\Reports\\20230830_202706\\test Sauce Demo\\20230830_202707\\1693402109993.png]]]]></system-out>
         <system-err><![CDATA[2023-08-30 20:28:22 - [TEST_CASE][FAILED] - Test Cases/1. login/TC-Login-Failed-002: Test Cases/1. login/TC-Login-Failed-002 FAILED.
Reason:
com.kms.katalon.core.exception.StepFailedException: Verify element text of test object 'Object Repository/1. Login/error meminta pasword' FAILED.
	at com.kms.katalon.core.webui.keyword.internal.WebUIKeywordMain.stepFailed(WebUIKeywordMain.groovy:64)
	at com.kms.katalon.core.webui.keyword.internal.WebUIKeywordMain.runKeyword(WebUIKeywordMain.groovy:26)
	at com.kms.katalon.core.webui.keyword.builtin.VerifyElementTextKeyword.verifyElementText(VerifyElementTextKeyword.groovy:72)
	at com.kms.katalon.core.webui.keyword.builtin.VerifyElementTextKeyword.execute(VerifyElementTextKeyword.groovy:40)
	at com.kms.katalon.core.keyword.internal.KeywordExecutor.executeKeywordForPlatform(KeywordExecutor.groovy:74)
	at com.kms.katalon.core.webui.keyword.WebUiBuiltInKeywords.verifyElementText(WebUiBuiltInKeywords.groovy:4749)
	at com.kms.katalon.core.webui.keyword.WebUiBuiltInKeywords$verifyElementText$5.call(Unknown Source)
	at TC-Login-Failed-002.run(TC-Login-Failed-002:30)
	at com.kms.katalon.core.main.ScriptEngine.run(ScriptEngine.java:194)
	at com.kms.katalon.core.main.ScriptEngine.runScriptAsRawText(ScriptEngine.java:119)
	at com.kms.katalon.core.main.TestCaseExecutor.runScript(TestCaseExecutor.java:448)
	at com.kms.katalon.core.main.TestCaseExecutor.doExecute(TestCaseExecutor.java:439)
	at com.kms.katalon.core.main.TestCaseExecutor.processExecutionPhase(TestCaseExecutor.java:418)
	at com.kms.katalon.core.main.TestCaseExecutor.accessMainPhase(TestCaseExecutor.java:410)
	at com.kms.katalon.core.main.TestCaseExecutor.execute(TestCaseExecutor.java:285)
	at com.kms.katalon.core.main.TestCaseExecutor.execute(TestCaseExecutor.java:369)
	at com.kms.katalon.core.main.TestCaseExecutor.execute(TestCaseExecutor.java:369)
	at com.kms.katalon.core.main.TestCaseExecutor.execute(TestCaseExecutor.java:369)
	at com.kms.katalon.core.common.CommonExecutor.accessTestCaseMainPhase(CommonExecutor.java:65)
	at com.kms.katalon.core.main.TestSuiteExecutor.accessTestSuiteMainPhase(TestSuiteExecutor.java:148)
	at com.kms.katalon.core.main.TestSuiteExecutor.execute(TestSuiteExecutor.java:106)
	at com.kms.katalon.core.main.TestCaseMain.startTestSuite(TestCaseMain.java:187)
	at com.kms.katalon.core.main.TestCaseMain$startTestSuite$0.call(Unknown Source)
	at TempTestSuite1693402027019.run(TempTestSuite1693402027019.groovy:36)
Caused by: com.kms.katalon.core.exception.StepFailedException: Actual text 'Epic sadface: Password is required' and expected text 'Login failed! Please ensure the password are valid.' of test object 'Object Repository/1. Login/error meminta pasword' are NOT matched.
	at com.kms.katalon.core.webui.keyword.internal.WebUIKeywordMain.stepFailed(WebUIKeywordMain.groovy:64)
	at com.kms.katalon.core.webui.keyword.builtin.VerifyElementTextKeyword$_verifyElementText_closure1.doCall(VerifyElementTextKeyword.groovy:57)
	at com.kms.katalon.core.webui.keyword.builtin.VerifyElementTextKeyword$_verifyElementText_closure1.call(VerifyElementTextKeyword.groovy)
	at com.kms.katalon.core.webui.keyword.internal.WebUIKeywordMain.runKeyword(WebUIKeywordMain.groovy:20)
	... 22 more]]></system-err>
      </testcase>
      <testcase name="Test Cases/1. login/TC-Login-Failed-003" time="8.551" classname="Test Cases/1. login/TC-Login-Failed-003" status="PASSED">
         <system-out><![CDATA[2023-08-30 20:28:30 - [TEST_CASE][PASSED] - Test Cases/1. login/TC-Login-Failed-003: Test Cases/1. login/TC-Login-Failed-003

2023-08-30 20:28:30 - [TEST_STEP][PASSED] - openBrowser(web): Browser is opened with url: 'https://www.saucedemo.com/inventory.html'

2023-08-30 20:28:30 - [MESSAGE][WARNING] - A browser is already opened. Closing browser and opening a new one

2023-08-30 20:28:31 - [MESSAGE][INFO] - Starting 'Edge Chromium' driver

2023-08-30 20:28:33 - [MESSAGE][INFO] - Action delay is set to 0 milliseconds

2023-08-30 20:28:36 - [MESSAGE][PASSED] - Browser is opened with url: 'https://www.saucedemo.com/inventory.html'

2023-08-30 20:28:36 - [TEST_STEP][PASSED] - maximizeWindow(): Current window maximized

2023-08-30 20:28:36 - [MESSAGE][PASSED] - Current window maximized

2023-08-30 20:28:36 - [TEST_STEP][PASSED] - verifyElementPresent(findTestObject("1. Login/halaman home swag labs"), 0): Object 'Object Repository/1. Login/halaman home swag labs' is present

2023-08-30 20:28:36 - [MESSAGE][WARNING] - Timeout '0' is invalid. Using default page load timeout: '30'

2023-08-30 20:28:37 - [MESSAGE][PASSED] - Object 'Object Repository/1. Login/halaman home swag labs' is present

2023-08-30 20:28:37 - [TEST_STEP][PASSED] - setEncryptedText(findTestObject("1. Login/input password"), password): Text ****** has been set on object 'Object Repository/1. Login/input password'

2023-08-30 20:28:37 - [MESSAGE][PASSED] - Text ****** has been set on object 'Object Repository/1. Login/input password'

2023-08-30 20:28:37 - [TEST_STEP][PASSED] - click(findTestObject("1. Login/button Login")): Object: 'Object Repository/1. Login/button Login' is clicked on

2023-08-30 20:28:38 - [MESSAGE][PASSED] - Object: 'Object Repository/1. Login/button Login' is clicked on

2023-08-30 20:28:38 - [TEST_STEP][PASSED] - verifyElementText(findTestObject("1. Login/error meminta username"), "Epic sadface: Username is required"): Actual text and expected text of test object 'Object Repository/1. Login/error meminta username' are matched.

2023-08-30 20:28:38 - [MESSAGE][PASSED] - Actual text and expected text of test object 'Object Repository/1. Login/error meminta username' are matched.]]></system-out>
         <system-err><![CDATA[]]></system-err>
      </testcase>
      <testcase name="Test Cases/1. login/TC-Login-Failed-004" time="6.579" classname="Test Cases/1. login/TC-Login-Failed-004" status="PASSED">
         <system-out><![CDATA[2023-08-30 20:28:38 - [TEST_CASE][PASSED] - Test Cases/1. login/TC-Login-Failed-004: Test Cases/1. login/TC-Login-Failed-004

2023-08-30 20:28:39 - [TEST_STEP][PASSED] - openBrowser(web): Browser is opened with url: 'https://www.saucedemo.com/inventory.html'

2023-08-30 20:28:39 - [MESSAGE][WARNING] - A browser is already opened. Closing browser and opening a new one

2023-08-30 20:28:39 - [MESSAGE][INFO] - Starting 'Edge Chromium' driver

2023-08-30 20:28:42 - [MESSAGE][INFO] - Action delay is set to 0 milliseconds

2023-08-30 20:28:43 - [MESSAGE][PASSED] - Browser is opened with url: 'https://www.saucedemo.com/inventory.html'

2023-08-30 20:28:43 - [TEST_STEP][PASSED] - maximizeWindow(): Current window maximized

2023-08-30 20:28:44 - [MESSAGE][PASSED] - Current window maximized

2023-08-30 20:28:44 - [TEST_STEP][PASSED] - verifyElementPresent(findTestObject("1. Login/halaman home swag labs"), 0): Object 'Object Repository/1. Login/halaman home swag labs' is present

2023-08-30 20:28:44 - [MESSAGE][WARNING] - Timeout '0' is invalid. Using default page load timeout: '30'

2023-08-30 20:28:44 - [MESSAGE][PASSED] - Object 'Object Repository/1. Login/halaman home swag labs' is present

2023-08-30 20:28:44 - [TEST_STEP][PASSED] - click(findTestObject("1. Login/button Login")): Object: 'Object Repository/1. Login/button Login' is clicked on

2023-08-30 20:28:44 - [MESSAGE][PASSED] - Object: 'Object Repository/1. Login/button Login' is clicked on

2023-08-30 20:28:44 - [TEST_STEP][PASSED] - verifyElementPresent(findTestObject("1. Login/error salah usn dan password"), 0): Object 'Object Repository/1. Login/error salah usn dan password' is present

2023-08-30 20:28:44 - [MESSAGE][WARNING] - Timeout '0' is invalid. Using default page load timeout: '30'

2023-08-30 20:28:45 - [MESSAGE][PASSED] - Object 'Object Repository/1. Login/error salah usn dan password' is present]]></system-out>
         <system-err><![CDATA[]]></system-err>
      </testcase>
      <testcase name="Test Cases/2. Products/TC-Product-Show-001" time="9.409" classname="Test Cases/2. Products/TC-Product-Show-001" status="PASSED">
         <system-out><![CDATA[2023-08-30 20:28:45 - [TEST_CASE][PASSED] - Test Cases/2. Products/TC-Product-Show-001: Test Cases/2. Products/TC-Product-Show-001

2023-08-30 20:28:45 - [TEST_STEP][PASSED] - callTestCase(findTestCase("1. login/TC-Login-Success-001"), [:], STOP_ON_FAILURE): Call Test Case 'Test Cases/1. login/TC-Login-Success-001' successfully

2023-08-30 20:28:46 - [TEST_CASE][PASSED] - Test Cases/1. login/TC-Login-Success-001: Test Cases/1. login/TC-Login-Success-001

2023-08-30 20:28:46 - [TEST_STEP][PASSED] - openBrowser(web): Browser is opened with url: 'https://www.saucedemo.com/inventory.html'

2023-08-30 20:28:46 - [MESSAGE][WARNING] - A browser is already opened. Closing browser and opening a new one

2023-08-30 20:28:46 - [MESSAGE][INFO] - Starting 'Edge Chromium' driver

2023-08-30 20:28:49 - [MESSAGE][INFO] - Action delay is set to 0 milliseconds

2023-08-30 20:28:51 - [MESSAGE][PASSED] - Browser is opened with url: 'https://www.saucedemo.com/inventory.html'

2023-08-30 20:28:51 - [TEST_STEP][PASSED] - maximizeWindow(): Current window maximized

2023-08-30 20:28:51 - [MESSAGE][PASSED] - Current window maximized

2023-08-30 20:28:51 - [TEST_STEP][PASSED] - verifyElementPresent(findTestObject("1. Login/halaman home swag labs"), 0): Object 'Object Repository/1. Login/halaman home swag labs' is present

2023-08-30 20:28:51 - [MESSAGE][WARNING] - Timeout '0' is invalid. Using default page load timeout: '30'

2023-08-30 20:28:51 - [MESSAGE][PASSED] - Object 'Object Repository/1. Login/halaman home swag labs' is present

2023-08-30 20:28:51 - [TEST_STEP][PASSED] - setText(findTestObject("1. Login/input username"), username): Text 'standard_user' is set on object 'Object Repository/1. Login/input username'

2023-08-30 20:28:52 - [MESSAGE][PASSED] - Text 'standard_user' is set on object 'Object Repository/1. Login/input username'

2023-08-30 20:28:52 - [TEST_STEP][PASSED] - setEncryptedText(findTestObject("1. Login/input password"), password): Text ****** has been set on object 'Object Repository/1. Login/input password'

2023-08-30 20:28:53 - [MESSAGE][PASSED] - Text ****** has been set on object 'Object Repository/1. Login/input password'

2023-08-30 20:28:53 - [TEST_STEP][PASSED] - click(findTestObject("1. Login/button Login")): Object: 'Object Repository/1. Login/button Login' is clicked on

2023-08-30 20:28:54 - [MESSAGE][PASSED] - Object: 'Object Repository/1. Login/button Login' is clicked on

2023-08-30 20:28:54 - [TEST_STEP][PASSED] - verifyElementText(findTestObject("1. Login/home product atau halaman Swag Labs"), "Swag Labs"): Actual text and expected text of test object 'Object Repository/1. Login/home product atau halaman Swag Labs' are matched.

2023-08-30 20:28:54 - [MESSAGE][PASSED] - Actual text and expected text of test object 'Object Repository/1. Login/home product atau halaman Swag Labs' are matched.

2023-08-30 20:28:54 - [MESSAGE][PASSED] - Call Test Case 'Test Cases/1. login/TC-Login-Success-001' successfully]]></system-out>
         <system-err><![CDATA[]]></system-err>
      </testcase>
      <testcase name="Test Cases/2. Products/TC-Product-Sort-001" time="11.618" classname="Test Cases/2. Products/TC-Product-Sort-001" status="PASSED">
         <system-out><![CDATA[2023-08-30 20:28:54 - [TEST_CASE][PASSED] - Test Cases/2. Products/TC-Product-Sort-001: Test Cases/2. Products/TC-Product-Sort-001

2023-08-30 20:28:55 - [TEST_STEP][PASSED] - callTestCase(findTestCase("2. Products/TC-Product-Show-001"), [:], STOP_ON_FAILURE): Call Test Case 'Test Cases/2. Products/TC-Product-Show-001' successfully

2023-08-30 20:28:55 - [TEST_CASE][PASSED] - Test Cases/2. Products/TC-Product-Show-001: Test Cases/2. Products/TC-Product-Show-001

2023-08-30 20:28:55 - [TEST_STEP][PASSED] - callTestCase(findTestCase("1. login/TC-Login-Success-001"), [:], STOP_ON_FAILURE): Call Test Case 'Test Cases/1. login/TC-Login-Success-001' successfully

2023-08-30 20:28:55 - [TEST_CASE][PASSED] - Test Cases/1. login/TC-Login-Success-001: Test Cases/1. login/TC-Login-Success-001

2023-08-30 20:28:55 - [TEST_STEP][PASSED] - openBrowser(web): Browser is opened with url: 'https://www.saucedemo.com/inventory.html'

2023-08-30 20:28:55 - [MESSAGE][WARNING] - A browser is already opened. Closing browser and opening a new one

2023-08-30 20:28:56 - [MESSAGE][INFO] - Starting 'Edge Chromium' driver

2023-08-30 20:28:58 - [MESSAGE][INFO] - Action delay is set to 0 milliseconds

2023-08-30 20:29:00 - [MESSAGE][PASSED] - Browser is opened with url: 'https://www.saucedemo.com/inventory.html'

2023-08-30 20:29:00 - [TEST_STEP][PASSED] - maximizeWindow(): Current window maximized

2023-08-30 20:29:01 - [MESSAGE][PASSED] - Current window maximized

2023-08-30 20:29:01 - [TEST_STEP][PASSED] - verifyElementPresent(findTestObject("1. Login/halaman home swag labs"), 0): Object 'Object Repository/1. Login/halaman home swag labs' is present

2023-08-30 20:29:01 - [MESSAGE][WARNING] - Timeout '0' is invalid. Using default page load timeout: '30'

2023-08-30 20:29:01 - [MESSAGE][PASSED] - Object 'Object Repository/1. Login/halaman home swag labs' is present

2023-08-30 20:29:01 - [TEST_STEP][PASSED] - setText(findTestObject("1. Login/input username"), username): Text 'standard_user' is set on object 'Object Repository/1. Login/input username'

2023-08-30 20:29:02 - [MESSAGE][PASSED] - Text 'standard_user' is set on object 'Object Repository/1. Login/input username'

2023-08-30 20:29:02 - [TEST_STEP][PASSED] - setEncryptedText(findTestObject("1. Login/input password"), password): Text ****** has been set on object 'Object Repository/1. Login/input password'

2023-08-30 20:29:02 - [MESSAGE][PASSED] - Text ****** has been set on object 'Object Repository/1. Login/input password'

2023-08-30 20:29:02 - [TEST_STEP][PASSED] - click(findTestObject("1. Login/button Login")): Object: 'Object Repository/1. Login/button Login' is clicked on

2023-08-30 20:29:03 - [MESSAGE][PASSED] - Object: 'Object Repository/1. Login/button Login' is clicked on

2023-08-30 20:29:03 - [TEST_STEP][PASSED] - verifyElementText(findTestObject("1. Login/home product atau halaman Swag Labs"), "Swag Labs"): Actual text and expected text of test object 'Object Repository/1. Login/home product atau halaman Swag Labs' are matched.

2023-08-30 20:29:04 - [MESSAGE][PASSED] - Actual text and expected text of test object 'Object Repository/1. Login/home product atau halaman Swag Labs' are matched.

2023-08-30 20:29:04 - [MESSAGE][PASSED] - Call Test Case 'Test Cases/1. login/TC-Login-Success-001' successfully

2023-08-30 20:29:04 - [MESSAGE][PASSED] - Call Test Case 'Test Cases/2. Products/TC-Product-Show-001' successfully

2023-08-30 20:29:04 - [TEST_STEP][PASSED] - selectOptionByValue(findTestObject("Products/dropdown fillter"), "az", false): All options with value 'az' are selected in object 'Object Repository/Products/dropdown fillter' 

2023-08-30 20:29:05 - [MESSAGE][PASSED] - All options with value 'az' are selected in object 'Object Repository/Products/dropdown fillter' 

2023-08-30 20:29:05 - [TEST_STEP][PASSED] - dataList = findWebElements(findTestObject("Object Repository/Products/nama semua produk"), 10): null

2023-08-30 20:29:06 - [TEST_STEP][PASSED] - arrProdukNameOri = []: null

2023-08-30 20:29:06 - [TEST_STEP][PASSED] - arrProdukNameSort = []: null

2023-08-30 20:29:06 - [TEST_STEP][PASSED] - for ([i = 0, i < dataList.size(), (i++)]): null

2023-08-30 20:29:06 - [TEST_STEP][PASSED] - text = text: null

2023-08-30 20:29:06 - [TEST_STEP][PASSED] - arrProdukNameOri[i] = text: null

2023-08-30 20:29:06 - [TEST_STEP][PASSED] - arrProdukNameSort[i] = text: null

2023-08-30 20:29:06 - [TEST_STEP][PASSED] - text = text: null

2023-08-30 20:29:06 - [TEST_STEP][PASSED] - arrProdukNameOri[i] = text: null

2023-08-30 20:29:06 - [TEST_STEP][PASSED] - arrProdukNameSort[i] = text: null

2023-08-30 20:29:06 - [TEST_STEP][PASSED] - text = text: null

2023-08-30 20:29:06 - [TEST_STEP][PASSED] - arrProdukNameOri[i] = text: null

2023-08-30 20:29:06 - [TEST_STEP][PASSED] - arrProdukNameSort[i] = text: null

2023-08-30 20:29:06 - [TEST_STEP][PASSED] - text = text: null

2023-08-30 20:29:06 - [TEST_STEP][PASSED] - arrProdukNameOri[i] = text: null

2023-08-30 20:29:06 - [TEST_STEP][PASSED] - arrProdukNameSort[i] = text: null

2023-08-30 20:29:06 - [TEST_STEP][PASSED] - text = text: null

2023-08-30 20:29:06 - [TEST_STEP][PASSED] - arrProdukNameOri[i] = text: null

2023-08-30 20:29:06 - [TEST_STEP][PASSED] - arrProdukNameSort[i] = text: null

2023-08-30 20:29:06 - [TEST_STEP][PASSED] - text = text: null

2023-08-30 20:29:06 - [TEST_STEP][PASSED] - arrProdukNameOri[i] = text: null

2023-08-30 20:29:06 - [TEST_STEP][PASSED] - arrProdukNameSort[i] = text: null

2023-08-30 20:29:06 - [TEST_STEP][PASSED] - Arrays.sort(arrProdukNameSort): null

2023-08-30 20:29:06 - [TEST_STEP][PASSED] - println(arrProdukNameOri): null

2023-08-30 20:29:06 - [TEST_STEP][PASSED] - println(arrProdukNameSort): null

2023-08-30 20:29:06 - [TEST_STEP][PASSED] - assert arrProdukNameOri == arrProdukNameSort: null]]></system-out>
         <system-err><![CDATA[]]></system-err>
      </testcase>
      <testcase name="Test Cases/2. Products/TC-Product-Sort-002" time="10.503" classname="Test Cases/2. Products/TC-Product-Sort-002" status="PASSED">
         <system-out><![CDATA[2023-08-30 20:29:06 - [TEST_CASE][PASSED] - Test Cases/2. Products/TC-Product-Sort-002: Test Cases/2. Products/TC-Product-Sort-002

2023-08-30 20:29:07 - [TEST_STEP][PASSED] - callTestCase(findTestCase("2. Products/TC-Product-Show-001"), [:], STOP_ON_FAILURE): Call Test Case 'Test Cases/2. Products/TC-Product-Show-001' successfully

2023-08-30 20:29:07 - [TEST_CASE][PASSED] - Test Cases/2. Products/TC-Product-Show-001: Test Cases/2. Products/TC-Product-Show-001

2023-08-30 20:29:07 - [TEST_STEP][PASSED] - callTestCase(findTestCase("1. login/TC-Login-Success-001"), [:], STOP_ON_FAILURE): Call Test Case 'Test Cases/1. login/TC-Login-Success-001' successfully

2023-08-30 20:29:07 - [TEST_CASE][PASSED] - Test Cases/1. login/TC-Login-Success-001: Test Cases/1. login/TC-Login-Success-001

2023-08-30 20:29:07 - [TEST_STEP][PASSED] - openBrowser(web): Browser is opened with url: 'https://www.saucedemo.com/inventory.html'

2023-08-30 20:29:07 - [MESSAGE][WARNING] - A browser is already opened. Closing browser and opening a new one

2023-08-30 20:29:08 - [MESSAGE][INFO] - Starting 'Edge Chromium' driver

2023-08-30 20:29:09 - [MESSAGE][INFO] - Action delay is set to 0 milliseconds

2023-08-30 20:29:11 - [MESSAGE][PASSED] - Browser is opened with url: 'https://www.saucedemo.com/inventory.html'

2023-08-30 20:29:11 - [TEST_STEP][PASSED] - maximizeWindow(): Current window maximized

2023-08-30 20:29:11 - [MESSAGE][PASSED] - Current window maximized

2023-08-30 20:29:11 - [TEST_STEP][PASSED] - verifyElementPresent(findTestObject("1. Login/halaman home swag labs"), 0): Object 'Object Repository/1. Login/halaman home swag labs' is present

2023-08-30 20:29:12 - [MESSAGE][WARNING] - Timeout '0' is invalid. Using default page load timeout: '30'

2023-08-30 20:29:12 - [MESSAGE][PASSED] - Object 'Object Repository/1. Login/halaman home swag labs' is present

2023-08-30 20:29:12 - [TEST_STEP][PASSED] - setText(findTestObject("1. Login/input username"), username): Text 'standard_user' is set on object 'Object Repository/1. Login/input username'

2023-08-30 20:29:13 - [MESSAGE][PASSED] - Text 'standard_user' is set on object 'Object Repository/1. Login/input username'

2023-08-30 20:29:13 - [TEST_STEP][PASSED] - setEncryptedText(findTestObject("1. Login/input password"), password): Text ****** has been set on object 'Object Repository/1. Login/input password'

2023-08-30 20:29:13 - [MESSAGE][PASSED] - Text ****** has been set on object 'Object Repository/1. Login/input password'

2023-08-30 20:29:13 - [TEST_STEP][PASSED] - click(findTestObject("1. Login/button Login")): Object: 'Object Repository/1. Login/button Login' is clicked on

2023-08-30 20:29:14 - [MESSAGE][PASSED] - Object: 'Object Repository/1. Login/button Login' is clicked on

2023-08-30 20:29:14 - [TEST_STEP][PASSED] - verifyElementText(findTestObject("1. Login/home product atau halaman Swag Labs"), "Swag Labs"): Actual text and expected text of test object 'Object Repository/1. Login/home product atau halaman Swag Labs' are matched.

2023-08-30 20:29:15 - [MESSAGE][PASSED] - Actual text and expected text of test object 'Object Repository/1. Login/home product atau halaman Swag Labs' are matched.

2023-08-30 20:29:15 - [MESSAGE][PASSED] - Call Test Case 'Test Cases/1. login/TC-Login-Success-001' successfully

2023-08-30 20:29:15 - [MESSAGE][PASSED] - Call Test Case 'Test Cases/2. Products/TC-Product-Show-001' successfully

2023-08-30 20:29:15 - [TEST_STEP][PASSED] - selectOptionByValue(findTestObject("Products/dropdown fillter"), "za", false): All options with value 'za' are selected in object 'Object Repository/Products/dropdown fillter' 

2023-08-30 20:29:16 - [MESSAGE][PASSED] - All options with value 'za' are selected in object 'Object Repository/Products/dropdown fillter' 

2023-08-30 20:29:16 - [TEST_STEP][PASSED] - dataList = findWebElements(findTestObject("Object Repository/Products/nama semua produk"), 10): null

2023-08-30 20:29:16 - [TEST_STEP][PASSED] - arrProdukNameOri = []: null

2023-08-30 20:29:16 - [TEST_STEP][PASSED] - arrProdukNameSort = []: null

2023-08-30 20:29:16 - [TEST_STEP][PASSED] - for ([i = 0, i < dataList.size(), (i++)]): null

2023-08-30 20:29:16 - [TEST_STEP][PASSED] - text = text: null

2023-08-30 20:29:16 - [TEST_STEP][PASSED] - arrProdukNameOri[i] = text: null

2023-08-30 20:29:16 - [TEST_STEP][PASSED] - arrProdukNameSort[i] = text: null

2023-08-30 20:29:16 - [TEST_STEP][PASSED] - text = text: null

2023-08-30 20:29:16 - [TEST_STEP][PASSED] - arrProdukNameOri[i] = text: null

2023-08-30 20:29:16 - [TEST_STEP][PASSED] - arrProdukNameSort[i] = text: null

2023-08-30 20:29:16 - [TEST_STEP][PASSED] - text = text: null

2023-08-30 20:29:16 - [TEST_STEP][PASSED] - arrProdukNameOri[i] = text: null

2023-08-30 20:29:16 - [TEST_STEP][PASSED] - arrProdukNameSort[i] = text: null

2023-08-30 20:29:16 - [TEST_STEP][PASSED] - text = text: null

2023-08-30 20:29:16 - [TEST_STEP][PASSED] - arrProdukNameOri[i] = text: null

2023-08-30 20:29:16 - [TEST_STEP][PASSED] - arrProdukNameSort[i] = text: null

2023-08-30 20:29:16 - [TEST_STEP][PASSED] - text = text: null

2023-08-30 20:29:16 - [TEST_STEP][PASSED] - arrProdukNameOri[i] = text: null

2023-08-30 20:29:16 - [TEST_STEP][PASSED] - arrProdukNameSort[i] = text: null

2023-08-30 20:29:16 - [TEST_STEP][PASSED] - text = text: null

2023-08-30 20:29:16 - [TEST_STEP][PASSED] - arrProdukNameOri[i] = text: null

2023-08-30 20:29:16 - [TEST_STEP][PASSED] - arrProdukNameSort[i] = text: null

2023-08-30 20:29:16 - [TEST_STEP][PASSED] - Arrays.sort(arrProdukNameSort, Collections.reverseOrder()): null

2023-08-30 20:29:16 - [TEST_STEP][PASSED] - println(arrProdukNameOri): null

2023-08-30 20:29:16 - [TEST_STEP][PASSED] - println(arrProdukNameSort): null

2023-08-30 20:29:16 - [TEST_STEP][PASSED] - assert arrProdukNameOri == arrProdukNameSort: null]]></system-out>
         <system-err><![CDATA[]]></system-err>
      </testcase>
      <testcase name="Test Cases/2. Products/TC-Product-Sort-003" time="11.803" classname="Test Cases/2. Products/TC-Product-Sort-003" status="PASSED">
         <system-out><![CDATA[2023-08-30 20:29:16 - [TEST_CASE][PASSED] - Test Cases/2. Products/TC-Product-Sort-003: Test Cases/2. Products/TC-Product-Sort-003

2023-08-30 20:29:17 - [TEST_STEP][PASSED] - callTestCase(findTestCase("2. Products/TC-Product-Show-001"), [:], STOP_ON_FAILURE): Call Test Case 'Test Cases/2. Products/TC-Product-Show-001' successfully

2023-08-30 20:29:17 - [TEST_CASE][PASSED] - Test Cases/2. Products/TC-Product-Show-001: Test Cases/2. Products/TC-Product-Show-001

2023-08-30 20:29:17 - [TEST_STEP][PASSED] - callTestCase(findTestCase("1. login/TC-Login-Success-001"), [:], STOP_ON_FAILURE): Call Test Case 'Test Cases/1. login/TC-Login-Success-001' successfully

2023-08-30 20:29:17 - [TEST_CASE][PASSED] - Test Cases/1. login/TC-Login-Success-001: Test Cases/1. login/TC-Login-Success-001

2023-08-30 20:29:17 - [TEST_STEP][PASSED] - openBrowser(web): Browser is opened with url: 'https://www.saucedemo.com/inventory.html'

2023-08-30 20:29:17 - [MESSAGE][WARNING] - A browser is already opened. Closing browser and opening a new one

2023-08-30 20:29:18 - [MESSAGE][INFO] - Starting 'Edge Chromium' driver

2023-08-30 20:29:20 - [MESSAGE][INFO] - Action delay is set to 0 milliseconds

2023-08-30 20:29:23 - [MESSAGE][PASSED] - Browser is opened with url: 'https://www.saucedemo.com/inventory.html'

2023-08-30 20:29:23 - [TEST_STEP][PASSED] - maximizeWindow(): Current window maximized

2023-08-30 20:29:23 - [MESSAGE][PASSED] - Current window maximized

2023-08-30 20:29:23 - [TEST_STEP][PASSED] - verifyElementPresent(findTestObject("1. Login/halaman home swag labs"), 0): Object 'Object Repository/1. Login/halaman home swag labs' is present

2023-08-30 20:29:23 - [MESSAGE][WARNING] - Timeout '0' is invalid. Using default page load timeout: '30'

2023-08-30 20:29:24 - [MESSAGE][PASSED] - Object 'Object Repository/1. Login/halaman home swag labs' is present

2023-08-30 20:29:24 - [TEST_STEP][PASSED] - setText(findTestObject("1. Login/input username"), username): Text 'standard_user' is set on object 'Object Repository/1. Login/input username'

2023-08-30 20:29:25 - [MESSAGE][PASSED] - Text 'standard_user' is set on object 'Object Repository/1. Login/input username'

2023-08-30 20:29:25 - [TEST_STEP][PASSED] - setEncryptedText(findTestObject("1. Login/input password"), password): Text ****** has been set on object 'Object Repository/1. Login/input password'

2023-08-30 20:29:25 - [MESSAGE][PASSED] - Text ****** has been set on object 'Object Repository/1. Login/input password'

2023-08-30 20:29:25 - [TEST_STEP][PASSED] - click(findTestObject("1. Login/button Login")): Object: 'Object Repository/1. Login/button Login' is clicked on

2023-08-30 20:29:26 - [MESSAGE][PASSED] - Object: 'Object Repository/1. Login/button Login' is clicked on

2023-08-30 20:29:26 - [TEST_STEP][PASSED] - verifyElementText(findTestObject("1. Login/home product atau halaman Swag Labs"), "Swag Labs"): Actual text and expected text of test object 'Object Repository/1. Login/home product atau halaman Swag Labs' are matched.

2023-08-30 20:29:27 - [MESSAGE][PASSED] - Actual text and expected text of test object 'Object Repository/1. Login/home product atau halaman Swag Labs' are matched.

2023-08-30 20:29:27 - [MESSAGE][PASSED] - Call Test Case 'Test Cases/1. login/TC-Login-Success-001' successfully

2023-08-30 20:29:27 - [MESSAGE][PASSED] - Call Test Case 'Test Cases/2. Products/TC-Product-Show-001' successfully

2023-08-30 20:29:27 - [TEST_STEP][PASSED] - selectOptionByValue(findTestObject("Products/dropdown fillter"), "lohi", false): All options with value 'lohi' are selected in object 'Object Repository/Products/dropdown fillter' 

2023-08-30 20:29:28 - [MESSAGE][PASSED] - All options with value 'lohi' are selected in object 'Object Repository/Products/dropdown fillter' 

2023-08-30 20:29:28 - [TEST_STEP][PASSED] - dataList = findWebElements(findTestObject("Object Repository/Products/harga semua produk"), 10): null

2023-08-30 20:29:28 - [TEST_STEP][PASSED] - arrHargaOri = []: null

2023-08-30 20:29:28 - [TEST_STEP][PASSED] - arrHargaSort = []: null

2023-08-30 20:29:28 - [TEST_STEP][PASSED] - for ([i = 0, i < dataList.size(), (i++)]): null

2023-08-30 20:29:28 - [TEST_STEP][PASSED] - text = text.replace("$", ""): null

2023-08-30 20:29:28 - [TEST_STEP][PASSED] - arrNilai = Double.parseDouble(text): null

2023-08-30 20:29:28 - [TEST_STEP][PASSED] - arrHargaOri[i] = arrNilai: null

2023-08-30 20:29:28 - [TEST_STEP][PASSED] - arrHargaSort[i] = arrNilai: null

2023-08-30 20:29:28 - [TEST_STEP][PASSED] - text = text.replace("$", ""): null

2023-08-30 20:29:28 - [TEST_STEP][PASSED] - arrNilai = Double.parseDouble(text): null

2023-08-30 20:29:28 - [TEST_STEP][PASSED] - arrHargaOri[i] = arrNilai: null

2023-08-30 20:29:28 - [TEST_STEP][PASSED] - arrHargaSort[i] = arrNilai: null

2023-08-30 20:29:28 - [TEST_STEP][PASSED] - text = text.replace("$", ""): null

2023-08-30 20:29:28 - [TEST_STEP][PASSED] - arrNilai = Double.parseDouble(text): null

2023-08-30 20:29:28 - [TEST_STEP][PASSED] - arrHargaOri[i] = arrNilai: null

2023-08-30 20:29:28 - [TEST_STEP][PASSED] - arrHargaSort[i] = arrNilai: null

2023-08-30 20:29:28 - [TEST_STEP][PASSED] - text = text.replace("$", ""): null

2023-08-30 20:29:28 - [TEST_STEP][PASSED] - arrNilai = Double.parseDouble(text): null

2023-08-30 20:29:28 - [TEST_STEP][PASSED] - arrHargaOri[i] = arrNilai: null

2023-08-30 20:29:28 - [TEST_STEP][PASSED] - arrHargaSort[i] = arrNilai: null

2023-08-30 20:29:28 - [TEST_STEP][PASSED] - text = text.replace("$", ""): null

2023-08-30 20:29:28 - [TEST_STEP][PASSED] - arrNilai = Double.parseDouble(text): null

2023-08-30 20:29:28 - [TEST_STEP][PASSED] - arrHargaOri[i] = arrNilai: null

2023-08-30 20:29:28 - [TEST_STEP][PASSED] - arrHargaSort[i] = arrNilai: null

2023-08-30 20:29:28 - [TEST_STEP][PASSED] - text = text.replace("$", ""): null

2023-08-30 20:29:28 - [TEST_STEP][PASSED] - arrNilai = Double.parseDouble(text): null

2023-08-30 20:29:28 - [TEST_STEP][PASSED] - arrHargaOri[i] = arrNilai: null

2023-08-30 20:29:28 - [TEST_STEP][PASSED] - arrHargaSort[i] = arrNilai: null

2023-08-30 20:29:28 - [TEST_STEP][PASSED] - Arrays.sort(arrHargaSort): null

2023-08-30 20:29:28 - [TEST_STEP][PASSED] - println(arrHargaOri): null

2023-08-30 20:29:28 - [TEST_STEP][PASSED] - println(arrHargaSort): null

2023-08-30 20:29:28 - [TEST_STEP][PASSED] - assert arrHargaOri == arrHargaSort: null]]></system-out>
         <system-err><![CDATA[]]></system-err>
      </testcase>
      <testcase name="Test Cases/2. Products/TC-Product-Sort-004" time="12.248" classname="Test Cases/2. Products/TC-Product-Sort-004" status="PASSED">
         <system-out><![CDATA[2023-08-30 20:29:28 - [TEST_CASE][PASSED] - Test Cases/2. Products/TC-Product-Sort-004: Test Cases/2. Products/TC-Product-Sort-004

2023-08-30 20:29:29 - [TEST_STEP][PASSED] - callTestCase(findTestCase("2. Products/TC-Product-Show-001"), [:], STOP_ON_FAILURE): Call Test Case 'Test Cases/2. Products/TC-Product-Show-001' successfully

2023-08-30 20:29:29 - [TEST_CASE][PASSED] - Test Cases/2. Products/TC-Product-Show-001: Test Cases/2. Products/TC-Product-Show-001

2023-08-30 20:29:29 - [TEST_STEP][PASSED] - callTestCase(findTestCase("1. login/TC-Login-Success-001"), [:], STOP_ON_FAILURE): Call Test Case 'Test Cases/1. login/TC-Login-Success-001' successfully

2023-08-30 20:29:29 - [TEST_CASE][PASSED] - Test Cases/1. login/TC-Login-Success-001: Test Cases/1. login/TC-Login-Success-001

2023-08-30 20:29:29 - [TEST_STEP][PASSED] - openBrowser(web): Browser is opened with url: 'https://www.saucedemo.com/inventory.html'

2023-08-30 20:29:29 - [MESSAGE][WARNING] - A browser is already opened. Closing browser and opening a new one

2023-08-30 20:29:30 - [MESSAGE][INFO] - Starting 'Edge Chromium' driver

2023-08-30 20:29:32 - [MESSAGE][INFO] - Action delay is set to 0 milliseconds

2023-08-30 20:29:34 - [MESSAGE][PASSED] - Browser is opened with url: 'https://www.saucedemo.com/inventory.html'

2023-08-30 20:29:34 - [TEST_STEP][PASSED] - maximizeWindow(): Current window maximized

2023-08-30 20:29:34 - [MESSAGE][PASSED] - Current window maximized

2023-08-30 20:29:34 - [TEST_STEP][PASSED] - verifyElementPresent(findTestObject("1. Login/halaman home swag labs"), 0): Object 'Object Repository/1. Login/halaman home swag labs' is present

2023-08-30 20:29:35 - [MESSAGE][WARNING] - Timeout '0' is invalid. Using default page load timeout: '30'

2023-08-30 20:29:35 - [MESSAGE][PASSED] - Object 'Object Repository/1. Login/halaman home swag labs' is present

2023-08-30 20:29:35 - [TEST_STEP][PASSED] - setText(findTestObject("1. Login/input username"), username): Text 'standard_user' is set on object 'Object Repository/1. Login/input username'

2023-08-30 20:29:36 - [MESSAGE][PASSED] - Text 'standard_user' is set on object 'Object Repository/1. Login/input username'

2023-08-30 20:29:36 - [TEST_STEP][PASSED] - setEncryptedText(findTestObject("1. Login/input password"), password): Text ****** has been set on object 'Object Repository/1. Login/input password'

2023-08-30 20:29:37 - [MESSAGE][PASSED] - Text ****** has been set on object 'Object Repository/1. Login/input password'

2023-08-30 20:29:37 - [TEST_STEP][PASSED] - click(findTestObject("1. Login/button Login")): Object: 'Object Repository/1. Login/button Login' is clicked on

2023-08-30 20:29:37 - [MESSAGE][PASSED] - Object: 'Object Repository/1. Login/button Login' is clicked on

2023-08-30 20:29:37 - [TEST_STEP][PASSED] - verifyElementText(findTestObject("1. Login/home product atau halaman Swag Labs"), "Swag Labs"): Actual text and expected text of test object 'Object Repository/1. Login/home product atau halaman Swag Labs' are matched.

2023-08-30 20:29:39 - [MESSAGE][PASSED] - Actual text and expected text of test object 'Object Repository/1. Login/home product atau halaman Swag Labs' are matched.

2023-08-30 20:29:39 - [MESSAGE][PASSED] - Call Test Case 'Test Cases/1. login/TC-Login-Success-001' successfully

2023-08-30 20:29:39 - [MESSAGE][PASSED] - Call Test Case 'Test Cases/2. Products/TC-Product-Show-001' successfully

2023-08-30 20:29:39 - [TEST_STEP][PASSED] - selectOptionByValue(findTestObject("Products/dropdown fillter"), "hilo", false): All options with value 'hilo' are selected in object 'Object Repository/Products/dropdown fillter' 

2023-08-30 20:29:40 - [MESSAGE][PASSED] - All options with value 'hilo' are selected in object 'Object Repository/Products/dropdown fillter' 

2023-08-30 20:29:40 - [TEST_STEP][PASSED] - dataList = findWebElements(findTestObject("Object Repository/Products/harga semua produk"), 10): null

2023-08-30 20:29:40 - [TEST_STEP][PASSED] - arrHargaOri = []: null

2023-08-30 20:29:40 - [TEST_STEP][PASSED] - arrHargaSort = []: null

2023-08-30 20:29:40 - [TEST_STEP][PASSED] - for ([i = 0, i < dataList.size(), (i++)]): null

2023-08-30 20:29:40 - [TEST_STEP][PASSED] - text = text.replace("$", ""): null

2023-08-30 20:29:40 - [TEST_STEP][PASSED] - arrNilai = Double.parseDouble(text): null

2023-08-30 20:29:40 - [TEST_STEP][PASSED] - arrHargaOri[i] = arrNilai: null

2023-08-30 20:29:40 - [TEST_STEP][PASSED] - arrHargaSort[i] = arrNilai: null

2023-08-30 20:29:40 - [TEST_STEP][PASSED] - text = text.replace("$", ""): null

2023-08-30 20:29:40 - [TEST_STEP][PASSED] - arrNilai = Double.parseDouble(text): null

2023-08-30 20:29:40 - [TEST_STEP][PASSED] - arrHargaOri[i] = arrNilai: null

2023-08-30 20:29:40 - [TEST_STEP][PASSED] - arrHargaSort[i] = arrNilai: null

2023-08-30 20:29:40 - [TEST_STEP][PASSED] - text = text.replace("$", ""): null

2023-08-30 20:29:40 - [TEST_STEP][PASSED] - arrNilai = Double.parseDouble(text): null

2023-08-30 20:29:40 - [TEST_STEP][PASSED] - arrHargaOri[i] = arrNilai: null

2023-08-30 20:29:40 - [TEST_STEP][PASSED] - arrHargaSort[i] = arrNilai: null

2023-08-30 20:29:40 - [TEST_STEP][PASSED] - text = text.replace("$", ""): null

2023-08-30 20:29:40 - [TEST_STEP][PASSED] - arrNilai = Double.parseDouble(text): null

2023-08-30 20:29:40 - [TEST_STEP][PASSED] - arrHargaOri[i] = arrNilai: null

2023-08-30 20:29:40 - [TEST_STEP][PASSED] - arrHargaSort[i] = arrNilai: null

2023-08-30 20:29:40 - [TEST_STEP][PASSED] - text = text.replace("$", ""): null

2023-08-30 20:29:40 - [TEST_STEP][PASSED] - arrNilai = Double.parseDouble(text): null

2023-08-30 20:29:40 - [TEST_STEP][PASSED] - arrHargaOri[i] = arrNilai: null

2023-08-30 20:29:40 - [TEST_STEP][PASSED] - arrHargaSort[i] = arrNilai: null

2023-08-30 20:29:40 - [TEST_STEP][PASSED] - text = text.replace("$", ""): null

2023-08-30 20:29:40 - [TEST_STEP][PASSED] - arrNilai = Double.parseDouble(text): null

2023-08-30 20:29:40 - [TEST_STEP][PASSED] - arrHargaOri[i] = arrNilai: null

2023-08-30 20:29:40 - [TEST_STEP][PASSED] - arrHargaSort[i] = arrNilai: null

2023-08-30 20:29:40 - [TEST_STEP][PASSED] - Arrays.sort(arrHargaSort, Collections.reverseOrder()): null

2023-08-30 20:29:40 - [TEST_STEP][PASSED] - println(arrHargaOri): null

2023-08-30 20:29:40 - [TEST_STEP][PASSED] - println(arrHargaSort): null

2023-08-30 20:29:40 - [TEST_STEP][PASSED] - assert arrHargaOri == arrHargaSort: null]]></system-out>
         <system-err><![CDATA[]]></system-err>
      </testcase>
      <testcase name="Test Cases/2. Products/TC-Product-AddCart-001" time="13.032" classname="Test Cases/2. Products/TC-Product-AddCart-001" status="PASSED">
         <system-out><![CDATA[2023-08-30 20:29:40 - [TEST_CASE][PASSED] - Test Cases/2. Products/TC-Product-AddCart-001: Test Cases/2. Products/TC-Product-AddCart-001

2023-08-30 20:29:42 - [TEST_STEP][PASSED] - callTestCase(findTestCase("2. Products/TC-Product-Show-001"), [:], STOP_ON_FAILURE): Call Test Case 'Test Cases/2. Products/TC-Product-Show-001' successfully

2023-08-30 20:29:42 - [TEST_CASE][PASSED] - Test Cases/2. Products/TC-Product-Show-001: Test Cases/2. Products/TC-Product-Show-001

2023-08-30 20:29:42 - [TEST_STEP][PASSED] - callTestCase(findTestCase("1. login/TC-Login-Success-001"), [:], STOP_ON_FAILURE): Call Test Case 'Test Cases/1. login/TC-Login-Success-001' successfully

2023-08-30 20:29:42 - [TEST_CASE][PASSED] - Test Cases/1. login/TC-Login-Success-001: Test Cases/1. login/TC-Login-Success-001

2023-08-30 20:29:42 - [TEST_STEP][PASSED] - openBrowser(web): Browser is opened with url: 'https://www.saucedemo.com/inventory.html'

2023-08-30 20:29:42 - [MESSAGE][WARNING] - A browser is already opened. Closing browser and opening a new one

2023-08-30 20:29:43 - [MESSAGE][INFO] - Starting 'Edge Chromium' driver

2023-08-30 20:29:45 - [MESSAGE][INFO] - Action delay is set to 0 milliseconds

2023-08-30 20:29:47 - [MESSAGE][PASSED] - Browser is opened with url: 'https://www.saucedemo.com/inventory.html'

2023-08-30 20:29:47 - [TEST_STEP][PASSED] - maximizeWindow(): Current window maximized

2023-08-30 20:29:47 - [MESSAGE][PASSED] - Current window maximized

2023-08-30 20:29:47 - [TEST_STEP][PASSED] - verifyElementPresent(findTestObject("1. Login/halaman home swag labs"), 0): Object 'Object Repository/1. Login/halaman home swag labs' is present

2023-08-30 20:29:47 - [MESSAGE][WARNING] - Timeout '0' is invalid. Using default page load timeout: '30'

2023-08-30 20:29:47 - [MESSAGE][PASSED] - Object 'Object Repository/1. Login/halaman home swag labs' is present

2023-08-30 20:29:47 - [TEST_STEP][PASSED] - setText(findTestObject("1. Login/input username"), username): Text 'standard_user' is set on object 'Object Repository/1. Login/input username'

2023-08-30 20:29:48 - [MESSAGE][PASSED] - Text 'standard_user' is set on object 'Object Repository/1. Login/input username'

2023-08-30 20:29:48 - [TEST_STEP][PASSED] - setEncryptedText(findTestObject("1. Login/input password"), password): Text ****** has been set on object 'Object Repository/1. Login/input password'

2023-08-30 20:29:49 - [MESSAGE][PASSED] - Text ****** has been set on object 'Object Repository/1. Login/input password'

2023-08-30 20:29:49 - [TEST_STEP][PASSED] - click(findTestObject("1. Login/button Login")): Object: 'Object Repository/1. Login/button Login' is clicked on

2023-08-30 20:29:50 - [MESSAGE][PASSED] - Object: 'Object Repository/1. Login/button Login' is clicked on

2023-08-30 20:29:50 - [TEST_STEP][PASSED] - verifyElementText(findTestObject("1. Login/home product atau halaman Swag Labs"), "Swag Labs"): Actual text and expected text of test object 'Object Repository/1. Login/home product atau halaman Swag Labs' are matched.

2023-08-30 20:29:51 - [MESSAGE][PASSED] - Actual text and expected text of test object 'Object Repository/1. Login/home product atau halaman Swag Labs' are matched.

2023-08-30 20:29:51 - [MESSAGE][PASSED] - Call Test Case 'Test Cases/1. login/TC-Login-Success-001' successfully

2023-08-30 20:29:51 - [MESSAGE][PASSED] - Call Test Case 'Test Cases/2. Products/TC-Product-Show-001' successfully

2023-08-30 20:29:51 - [TEST_STEP][PASSED] - click(findTestObject("Products/button_Add to cart 1")): Object: 'Object Repository/Products/button_Add to cart 1' is clicked on

2023-08-30 20:29:51 - [MESSAGE][PASSED] - Object: 'Object Repository/Products/button_Add to cart 1' is clicked on

2023-08-30 20:29:51 - [TEST_STEP][PASSED] - verifyElementPresent(findTestObject("Products/shopping cart 1"), 0): Object 'Object Repository/Products/shopping cart 1' is present

2023-08-30 20:29:52 - [MESSAGE][WARNING] - Timeout '0' is invalid. Using default page load timeout: '30'

2023-08-30 20:29:52 - [MESSAGE][PASSED] - Object 'Object Repository/Products/shopping cart 1' is present

2023-08-30 20:29:52 - [TEST_STEP][PASSED] - namaProduk = getText(findTestObject("Products/div_Sauce Labs Backpack")): Text of object 'Object Repository/Products/div_Sauce Labs Backpack' is: 'Sauce Labs Backpack'

2023-08-30 20:29:52 - [MESSAGE][PASSED] - Text of object 'Object Repository/Products/div_Sauce Labs Backpack' is: 'Sauce Labs Backpack'

2023-08-30 20:29:52 - [TEST_STEP][PASSED] - deskripsi = getText(findTestObject("Products/deskripsi")): Text of object 'Object Repository/Products/deskripsi' is: 'carry.allTheThings() with the sleek, streamlined Sly Pack that melds uncompromising style with unequaled laptop and tablet protection.'

2023-08-30 20:29:53 - [MESSAGE][PASSED] - Text of object 'Object Repository/Products/deskripsi' is: 'carry.allTheThings() with the sleek, streamlined Sly Pack that melds uncompromising style with unequaled laptop and tablet protection.'

2023-08-30 20:29:53 - [TEST_STEP][PASSED] - price = getText(findTestObject("Products/harga produk 1")): Text of object 'Object Repository/Products/harga produk 1' is: '$29.99'

2023-08-30 20:29:53 - [MESSAGE][PASSED] - Text of object 'Object Repository/Products/harga produk 1' is: '$29.99'

2023-08-30 20:29:53 - [TEST_STEP][PASSED] - assert trim().equalsIgnoreCase(produkName.trim()): null

2023-08-30 20:29:53 - [TEST_STEP][PASSED] - assert trim().equalsIgnoreCase(deskripsi.trim()): null

2023-08-30 20:29:53 - [TEST_STEP][PASSED] - assert trim().equalsIgnoreCase(price.trim()): null

2023-08-30 20:29:53 - [TEST_STEP][PASSED] - dataProduk = new java.util.HashMap(): null

2023-08-30 20:29:53 - [TEST_STEP][PASSED] - dataProduk.put("namaProduk", namaProduk): null

2023-08-30 20:29:53 - [TEST_STEP][PASSED] - dataProduk.put("deskripsi", deskripsi): null

2023-08-30 20:29:53 - [TEST_STEP][PASSED] - dataProduk.put("price", price): null

2023-08-30 20:29:53 - [TEST_STEP][PASSED] - return dataProduk: null]]></system-out>
         <system-err><![CDATA[]]></system-err>
      </testcase>
      <testcase name="Test Cases/2. Products/TC-Product-AddCart-002" time="15.228" classname="Test Cases/2. Products/TC-Product-AddCart-002" status="PASSED">
         <system-out><![CDATA[2023-08-30 20:29:54 - [TEST_CASE][PASSED] - Test Cases/2. Products/TC-Product-AddCart-002: Test Cases/2. Products/TC-Product-AddCart-002

2023-08-30 20:29:55 - [TEST_STEP][PASSED] - dataCart1 = callTestCase(findTestCase("2. Products/TC-Product-AddCart-001"), ["produkName":"Sauce Labs Backpack", "deskripsi":"carry.allTheThings() with the sleek, streamlined Sly Pack that melds uncompromising style with unequaled laptop and tablet protection.", ... ], STOP_ON_FAILURE): Call Test Case 'Test Cases/2. Products/TC-Product-AddCart-001' successfully

2023-08-30 20:29:55 - [TEST_CASE][PASSED] - Test Cases/2. Products/TC-Product-AddCart-001: Test Cases/2. Products/TC-Product-AddCart-001

2023-08-30 20:29:55 - [TEST_STEP][PASSED] - callTestCase(findTestCase("2. Products/TC-Product-Show-001"), [:], STOP_ON_FAILURE): Call Test Case 'Test Cases/2. Products/TC-Product-Show-001' successfully

2023-08-30 20:29:55 - [TEST_CASE][PASSED] - Test Cases/2. Products/TC-Product-Show-001: Test Cases/2. Products/TC-Product-Show-001

2023-08-30 20:29:55 - [TEST_STEP][PASSED] - callTestCase(findTestCase("1. login/TC-Login-Success-001"), [:], STOP_ON_FAILURE): Call Test Case 'Test Cases/1. login/TC-Login-Success-001' successfully

2023-08-30 20:29:55 - [TEST_CASE][PASSED] - Test Cases/1. login/TC-Login-Success-001: Test Cases/1. login/TC-Login-Success-001

2023-08-30 20:29:55 - [TEST_STEP][PASSED] - openBrowser(web): Browser is opened with url: 'https://www.saucedemo.com/inventory.html'

2023-08-30 20:29:55 - [MESSAGE][WARNING] - A browser is already opened. Closing browser and opening a new one

2023-08-30 20:29:56 - [MESSAGE][INFO] - Starting 'Edge Chromium' driver

2023-08-30 20:29:58 - [MESSAGE][INFO] - Action delay is set to 0 milliseconds

2023-08-30 20:30:01 - [MESSAGE][PASSED] - Browser is opened with url: 'https://www.saucedemo.com/inventory.html'

2023-08-30 20:30:01 - [TEST_STEP][PASSED] - maximizeWindow(): Current window maximized

2023-08-30 20:30:01 - [MESSAGE][PASSED] - Current window maximized

2023-08-30 20:30:01 - [TEST_STEP][PASSED] - verifyElementPresent(findTestObject("1. Login/halaman home swag labs"), 0): Object 'Object Repository/1. Login/halaman home swag labs' is present

2023-08-30 20:30:01 - [MESSAGE][WARNING] - Timeout '0' is invalid. Using default page load timeout: '30'

2023-08-30 20:30:02 - [MESSAGE][PASSED] - Object 'Object Repository/1. Login/halaman home swag labs' is present

2023-08-30 20:30:02 - [TEST_STEP][PASSED] - setText(findTestObject("1. Login/input username"), username): Text 'standard_user' is set on object 'Object Repository/1. Login/input username'

2023-08-30 20:30:03 - [MESSAGE][PASSED] - Text 'standard_user' is set on object 'Object Repository/1. Login/input username'

2023-08-30 20:30:03 - [TEST_STEP][PASSED] - setEncryptedText(findTestObject("1. Login/input password"), password): Text ****** has been set on object 'Object Repository/1. Login/input password'

2023-08-30 20:30:03 - [MESSAGE][PASSED] - Text ****** has been set on object 'Object Repository/1. Login/input password'

2023-08-30 20:30:03 - [TEST_STEP][PASSED] - click(findTestObject("1. Login/button Login")): Object: 'Object Repository/1. Login/button Login' is clicked on

2023-08-30 20:30:04 - [MESSAGE][PASSED] - Object: 'Object Repository/1. Login/button Login' is clicked on

2023-08-30 20:30:04 - [TEST_STEP][PASSED] - verifyElementText(findTestObject("1. Login/home product atau halaman Swag Labs"), "Swag Labs"): Actual text and expected text of test object 'Object Repository/1. Login/home product atau halaman Swag Labs' are matched.

2023-08-30 20:30:04 - [MESSAGE][PASSED] - Actual text and expected text of test object 'Object Repository/1. Login/home product atau halaman Swag Labs' are matched.

2023-08-30 20:30:04 - [MESSAGE][PASSED] - Call Test Case 'Test Cases/1. login/TC-Login-Success-001' successfully

2023-08-30 20:30:04 - [MESSAGE][PASSED] - Call Test Case 'Test Cases/2. Products/TC-Product-Show-001' successfully

2023-08-30 20:30:04 - [TEST_STEP][PASSED] - click(findTestObject("Products/button_Add to cart 1")): Object: 'Object Repository/Products/button_Add to cart 1' is clicked on

2023-08-30 20:30:05 - [MESSAGE][PASSED] - Object: 'Object Repository/Products/button_Add to cart 1' is clicked on

2023-08-30 20:30:05 - [TEST_STEP][PASSED] - verifyElementPresent(findTestObject("Products/shopping cart 1"), 0): Object 'Object Repository/Products/shopping cart 1' is present

2023-08-30 20:30:05 - [MESSAGE][WARNING] - Timeout '0' is invalid. Using default page load timeout: '30'

2023-08-30 20:30:05 - [MESSAGE][PASSED] - Object 'Object Repository/Products/shopping cart 1' is present

2023-08-30 20:30:05 - [TEST_STEP][PASSED] - namaProduk = getText(findTestObject("Products/div_Sauce Labs Backpack")): Text of object 'Object Repository/Products/div_Sauce Labs Backpack' is: 'Sauce Labs Backpack'

2023-08-30 20:30:06 - [MESSAGE][PASSED] - Text of object 'Object Repository/Products/div_Sauce Labs Backpack' is: 'Sauce Labs Backpack'

2023-08-30 20:30:06 - [TEST_STEP][PASSED] - deskripsi = getText(findTestObject("Products/deskripsi")): Text of object 'Object Repository/Products/deskripsi' is: 'carry.allTheThings() with the sleek, streamlined Sly Pack that melds uncompromising style with unequaled laptop and tablet protection.'

2023-08-30 20:30:06 - [MESSAGE][PASSED] - Text of object 'Object Repository/Products/deskripsi' is: 'carry.allTheThings() with the sleek, streamlined Sly Pack that melds uncompromising style with unequaled laptop and tablet protection.'

2023-08-30 20:30:06 - [TEST_STEP][PASSED] - price = getText(findTestObject("Products/harga produk 1")): Text of object 'Object Repository/Products/harga produk 1' is: '$29.99'

2023-08-30 20:30:07 - [MESSAGE][PASSED] - Text of object 'Object Repository/Products/harga produk 1' is: '$29.99'

2023-08-30 20:30:07 - [TEST_STEP][PASSED] - assert trim().equalsIgnoreCase(produkName.trim()): null

2023-08-30 20:30:07 - [TEST_STEP][PASSED] - assert trim().equalsIgnoreCase(deskripsi.trim()): null

2023-08-30 20:30:07 - [TEST_STEP][PASSED] - assert trim().equalsIgnoreCase(price.trim()): null

2023-08-30 20:30:07 - [TEST_STEP][PASSED] - dataProduk = new java.util.HashMap(): null

2023-08-30 20:30:07 - [TEST_STEP][PASSED] - dataProduk.put("namaProduk", namaProduk): null

2023-08-30 20:30:07 - [TEST_STEP][PASSED] - dataProduk.put("deskripsi", deskripsi): null

2023-08-30 20:30:07 - [TEST_STEP][PASSED] - dataProduk.put("price", price): null

2023-08-30 20:30:07 - [TEST_STEP][PASSED] - return dataProduk: null

2023-08-30 20:30:07 - [MESSAGE][PASSED] - Call Test Case 'Test Cases/2. Products/TC-Product-AddCart-001' successfully

2023-08-30 20:30:07 - [TEST_STEP][PASSED] - produk = dataCart1.get("namaProduk"): null

2023-08-30 20:30:07 - [TEST_STEP][PASSED] - Deskripsi = dataCart1.get("deskripsi"): null

2023-08-30 20:30:07 - [TEST_STEP][PASSED] - harga = dataCart1.get("price"): null

2023-08-30 20:30:07 - [TEST_STEP][PASSED] - click(findTestObject("Products/button_Add to cart")): Object: 'Object Repository/Products/button_Add to cart' is clicked on

2023-08-30 20:30:07 - [MESSAGE][PASSED] - Object: 'Object Repository/Products/button_Add to cart' is clicked on

2023-08-30 20:30:07 - [TEST_STEP][PASSED] - namaProduk = getText(findTestObject("Object Repository/Products/nama produk 2")): Text of object 'Object Repository/Products/nama produk 2' is: 'Sauce Labs Bike Light'

2023-08-30 20:30:08 - [MESSAGE][PASSED] - Text of object 'Object Repository/Products/nama produk 2' is: 'Sauce Labs Bike Light'

2023-08-30 20:30:08 - [TEST_STEP][PASSED] - deskripsi = getText(findTestObject("Object Repository/Products/deskripsi produk 2")): Text of object 'Object Repository/Products/deskripsi produk 2' is: 'A red light isn't the desired state in testing but it sure helps when riding your bike at night. Water-resistant with 3 lighting modes, 1 AAA battery included.'

2023-08-30 20:30:08 - [MESSAGE][PASSED] - Text of object 'Object Repository/Products/deskripsi produk 2' is: 'A red light isn't the desired state in testing but it sure helps when riding your bike at night. Water-resistant with 3 lighting modes, 1 AAA battery included.'

2023-08-30 20:30:08 - [TEST_STEP][PASSED] - Harga = getText(findTestObject("Object Repository/Products/harga produk 2")): Text of object 'Object Repository/Products/harga produk 2' is: '$9.99'

2023-08-30 20:30:09 - [MESSAGE][PASSED] - Text of object 'Object Repository/Products/harga produk 2' is: '$9.99'

2023-08-30 20:30:09 - [TEST_STEP][PASSED] - NamaProduk = []: null

2023-08-30 20:30:09 - [TEST_STEP][PASSED] - deskripsiProduk = []: null

2023-08-30 20:30:09 - [TEST_STEP][PASSED] - hargaBarang = []: null

2023-08-30 20:30:09 - [TEST_STEP][PASSED] - for ([i = 0, i < 2, (i++)]): null

2023-08-30 20:30:09 - [TEST_STEP][PASSED] - NamaProduk[0] = produk: null

2023-08-30 20:30:09 - [TEST_STEP][PASSED] - NamaProduk[1] = namaProduk: null

2023-08-30 20:30:09 - [TEST_STEP][PASSED] - deskripsiProduk[0] = Deskripsi: null

2023-08-30 20:30:09 - [TEST_STEP][PASSED] - deskripsiProduk[1] = deskripsi: null

2023-08-30 20:30:09 - [TEST_STEP][PASSED] - hargaBarang[0] = harga: null

2023-08-30 20:30:09 - [TEST_STEP][PASSED] - hargaBarang[1] = Harga: null

2023-08-30 20:30:09 - [TEST_STEP][PASSED] - NamaProduk[0] = produk: null

2023-08-30 20:30:09 - [TEST_STEP][PASSED] - NamaProduk[1] = namaProduk: null

2023-08-30 20:30:09 - [TEST_STEP][PASSED] - deskripsiProduk[0] = Deskripsi: null

2023-08-30 20:30:09 - [TEST_STEP][PASSED] - deskripsiProduk[1] = deskripsi: null

2023-08-30 20:30:09 - [TEST_STEP][PASSED] - hargaBarang[0] = harga: null

2023-08-30 20:30:09 - [TEST_STEP][PASSED] - hargaBarang[1] = Harga: null

2023-08-30 20:30:09 - [TEST_STEP][PASSED] - dataProduk2 = new java.util.HashMap(): null

2023-08-30 20:30:09 - [TEST_STEP][PASSED] - dataProduk2.put("NamaProduk2", NamaProduk): null

2023-08-30 20:30:09 - [TEST_STEP][PASSED] - dataProduk2.put("deskripsiProduk2", deskripsiProduk): null

2023-08-30 20:30:09 - [TEST_STEP][PASSED] - dataProduk2.put("hargaBarang2", hargaBarang): null

2023-08-30 20:30:09 - [TEST_STEP][PASSED] - return dataProduk2: null]]></system-out>
         <system-err><![CDATA[]]></system-err>
      </testcase>
      <testcase name="Test Cases/2. Products/TC-Product-RemoveCart-001" time="11.993" classname="Test Cases/2. Products/TC-Product-RemoveCart-001" status="PASSED">
         <system-out><![CDATA[2023-08-30 20:30:09 - [TEST_CASE][PASSED] - Test Cases/2. Products/TC-Product-RemoveCart-001: Test Cases/2. Products/TC-Product-RemoveCart-001

2023-08-30 20:30:09 - [TEST_STEP][PASSED] - callTestCase(findTestCase("2. Products/TC-Product-AddCart-001"), [:], STOP_ON_FAILURE): Call Test Case 'Test Cases/2. Products/TC-Product-AddCart-001' successfully

2023-08-30 20:30:09 - [TEST_CASE][PASSED] - Test Cases/2. Products/TC-Product-AddCart-001: Test Cases/2. Products/TC-Product-AddCart-001

2023-08-30 20:30:09 - [TEST_STEP][PASSED] - callTestCase(findTestCase("2. Products/TC-Product-Show-001"), [:], STOP_ON_FAILURE): Call Test Case 'Test Cases/2. Products/TC-Product-Show-001' successfully

2023-08-30 20:30:10 - [TEST_CASE][PASSED] - Test Cases/2. Products/TC-Product-Show-001: Test Cases/2. Products/TC-Product-Show-001

2023-08-30 20:30:10 - [TEST_STEP][PASSED] - callTestCase(findTestCase("1. login/TC-Login-Success-001"), [:], STOP_ON_FAILURE): Call Test Case 'Test Cases/1. login/TC-Login-Success-001' successfully

2023-08-30 20:30:10 - [TEST_CASE][PASSED] - Test Cases/1. login/TC-Login-Success-001: Test Cases/1. login/TC-Login-Success-001

2023-08-30 20:30:10 - [TEST_STEP][PASSED] - openBrowser(web): Browser is opened with url: 'https://www.saucedemo.com/inventory.html'

2023-08-30 20:30:10 - [MESSAGE][WARNING] - A browser is already opened. Closing browser and opening a new one

2023-08-30 20:30:10 - [MESSAGE][INFO] - Starting 'Edge Chromium' driver

2023-08-30 20:30:13 - [MESSAGE][INFO] - Action delay is set to 0 milliseconds

2023-08-30 20:30:15 - [MESSAGE][PASSED] - Browser is opened with url: 'https://www.saucedemo.com/inventory.html'

2023-08-30 20:30:15 - [TEST_STEP][PASSED] - maximizeWindow(): Current window maximized

2023-08-30 20:30:15 - [MESSAGE][PASSED] - Current window maximized

2023-08-30 20:30:15 - [TEST_STEP][PASSED] - verifyElementPresent(findTestObject("1. Login/halaman home swag labs"), 0): Object 'Object Repository/1. Login/halaman home swag labs' is present

2023-08-30 20:30:15 - [MESSAGE][WARNING] - Timeout '0' is invalid. Using default page load timeout: '30'

2023-08-30 20:30:15 - [MESSAGE][PASSED] - Object 'Object Repository/1. Login/halaman home swag labs' is present

2023-08-30 20:30:15 - [TEST_STEP][PASSED] - setText(findTestObject("1. Login/input username"), username): Text 'standard_user' is set on object 'Object Repository/1. Login/input username'

2023-08-30 20:30:16 - [MESSAGE][PASSED] - Text 'standard_user' is set on object 'Object Repository/1. Login/input username'

2023-08-30 20:30:16 - [TEST_STEP][PASSED] - setEncryptedText(findTestObject("1. Login/input password"), password): Text ****** has been set on object 'Object Repository/1. Login/input password'

2023-08-30 20:30:17 - [MESSAGE][PASSED] - Text ****** has been set on object 'Object Repository/1. Login/input password'

2023-08-30 20:30:17 - [TEST_STEP][PASSED] - click(findTestObject("1. Login/button Login")): Object: 'Object Repository/1. Login/button Login' is clicked on

2023-08-30 20:30:17 - [MESSAGE][PASSED] - Object: 'Object Repository/1. Login/button Login' is clicked on

2023-08-30 20:30:17 - [TEST_STEP][PASSED] - verifyElementText(findTestObject("1. Login/home product atau halaman Swag Labs"), "Swag Labs"): Actual text and expected text of test object 'Object Repository/1. Login/home product atau halaman Swag Labs' are matched.

2023-08-30 20:30:18 - [MESSAGE][PASSED] - Actual text and expected text of test object 'Object Repository/1. Login/home product atau halaman Swag Labs' are matched.

2023-08-30 20:30:18 - [MESSAGE][PASSED] - Call Test Case 'Test Cases/1. login/TC-Login-Success-001' successfully

2023-08-30 20:30:18 - [MESSAGE][PASSED] - Call Test Case 'Test Cases/2. Products/TC-Product-Show-001' successfully

2023-08-30 20:30:18 - [TEST_STEP][PASSED] - click(findTestObject("Products/button_Add to cart 1")): Object: 'Object Repository/Products/button_Add to cart 1' is clicked on

2023-08-30 20:30:19 - [MESSAGE][PASSED] - Object: 'Object Repository/Products/button_Add to cart 1' is clicked on

2023-08-30 20:30:19 - [TEST_STEP][PASSED] - verifyElementPresent(findTestObject("Products/shopping cart 1"), 0): Object 'Object Repository/Products/shopping cart 1' is present

2023-08-30 20:30:19 - [MESSAGE][WARNING] - Timeout '0' is invalid. Using default page load timeout: '30'

2023-08-30 20:30:19 - [MESSAGE][PASSED] - Object 'Object Repository/Products/shopping cart 1' is present

2023-08-30 20:30:19 - [TEST_STEP][PASSED] - namaProduk = getText(findTestObject("Products/div_Sauce Labs Backpack")): Text of object 'Object Repository/Products/div_Sauce Labs Backpack' is: 'Sauce Labs Backpack'

2023-08-30 20:30:19 - [MESSAGE][PASSED] - Text of object 'Object Repository/Products/div_Sauce Labs Backpack' is: 'Sauce Labs Backpack'

2023-08-30 20:30:19 - [TEST_STEP][PASSED] - deskripsi = getText(findTestObject("Products/deskripsi")): Text of object 'Object Repository/Products/deskripsi' is: 'carry.allTheThings() with the sleek, streamlined Sly Pack that melds uncompromising style with unequaled laptop and tablet protection.'

2023-08-30 20:30:20 - [MESSAGE][PASSED] - Text of object 'Object Repository/Products/deskripsi' is: 'carry.allTheThings() with the sleek, streamlined Sly Pack that melds uncompromising style with unequaled laptop and tablet protection.'

2023-08-30 20:30:20 - [TEST_STEP][PASSED] - price = getText(findTestObject("Products/harga produk 1")): Text of object 'Object Repository/Products/harga produk 1' is: '$29.99'

2023-08-30 20:30:20 - [MESSAGE][PASSED] - Text of object 'Object Repository/Products/harga produk 1' is: '$29.99'

2023-08-30 20:30:20 - [TEST_STEP][PASSED] - assert trim().equalsIgnoreCase(produkName.trim()): null

2023-08-30 20:30:20 - [TEST_STEP][PASSED] - assert trim().equalsIgnoreCase(deskripsi.trim()): null

2023-08-30 20:30:20 - [TEST_STEP][PASSED] - assert trim().equalsIgnoreCase(price.trim()): null

2023-08-30 20:30:20 - [TEST_STEP][PASSED] - dataProduk = new java.util.HashMap(): null

2023-08-30 20:30:20 - [TEST_STEP][PASSED] - dataProduk.put("namaProduk", namaProduk): null

2023-08-30 20:30:20 - [TEST_STEP][PASSED] - dataProduk.put("deskripsi", deskripsi): null

2023-08-30 20:30:20 - [TEST_STEP][PASSED] - dataProduk.put("price", price): null

2023-08-30 20:30:20 - [TEST_STEP][PASSED] - return dataProduk: null

2023-08-30 20:30:20 - [MESSAGE][PASSED] - Call Test Case 'Test Cases/2. Products/TC-Product-AddCart-001' successfully

2023-08-30 20:30:20 - [TEST_STEP][PASSED] - click(findTestObject("Products/button_Remove")): Object: 'Object Repository/Products/button_Remove' is clicked on

2023-08-30 20:30:21 - [MESSAGE][PASSED] - Object: 'Object Repository/Products/button_Remove' is clicked on]]></system-out>
         <system-err><![CDATA[]]></system-err>
      </testcase>
      <testcase name="Test Cases/3. Detail Products/TC-DetailProduct-Show-001" time="11.627" classname="Test Cases/3. Detail Products/TC-DetailProduct-Show-001" status="PASSED">
         <system-out><![CDATA[2023-08-30 20:30:21 - [TEST_CASE][PASSED] - Test Cases/3. Detail Products/TC-DetailProduct-Show-001: Test Cases/3. Detail Products/TC-DetailProduct-Show-001

2023-08-30 20:30:21 - [TEST_STEP][PASSED] - callTestCase(findTestCase("1. login/TC-Login-Success-001"), [:], STOP_ON_FAILURE): Call Test Case 'Test Cases/1. login/TC-Login-Success-001' successfully

2023-08-30 20:30:22 - [TEST_CASE][PASSED] - Test Cases/1. login/TC-Login-Success-001: Test Cases/1. login/TC-Login-Success-001

2023-08-30 20:30:22 - [TEST_STEP][PASSED] - openBrowser(web): Browser is opened with url: 'https://www.saucedemo.com/inventory.html'

2023-08-30 20:30:22 - [MESSAGE][WARNING] - A browser is already opened. Closing browser and opening a new one

2023-08-30 20:30:22 - [MESSAGE][INFO] - Starting 'Edge Chromium' driver

2023-08-30 20:30:25 - [MESSAGE][INFO] - Action delay is set to 0 milliseconds

2023-08-30 20:30:27 - [MESSAGE][PASSED] - Browser is opened with url: 'https://www.saucedemo.com/inventory.html'

2023-08-30 20:30:27 - [TEST_STEP][PASSED] - maximizeWindow(): Current window maximized

2023-08-30 20:30:27 - [MESSAGE][PASSED] - Current window maximized

2023-08-30 20:30:27 - [TEST_STEP][PASSED] - verifyElementPresent(findTestObject("1. Login/halaman home swag labs"), 0): Object 'Object Repository/1. Login/halaman home swag labs' is present

2023-08-30 20:30:27 - [MESSAGE][WARNING] - Timeout '0' is invalid. Using default page load timeout: '30'

2023-08-30 20:30:27 - [MESSAGE][PASSED] - Object 'Object Repository/1. Login/halaman home swag labs' is present

2023-08-30 20:30:27 - [TEST_STEP][PASSED] - setText(findTestObject("1. Login/input username"), username): Text 'standard_user' is set on object 'Object Repository/1. Login/input username'

2023-08-30 20:30:28 - [MESSAGE][PASSED] - Text 'standard_user' is set on object 'Object Repository/1. Login/input username'

2023-08-30 20:30:28 - [TEST_STEP][PASSED] - setEncryptedText(findTestObject("1. Login/input password"), password): Text ****** has been set on object 'Object Repository/1. Login/input password'

2023-08-30 20:30:29 - [MESSAGE][PASSED] - Text ****** has been set on object 'Object Repository/1. Login/input password'

2023-08-30 20:30:29 - [TEST_STEP][PASSED] - click(findTestObject("1. Login/button Login")): Object: 'Object Repository/1. Login/button Login' is clicked on

2023-08-30 20:30:29 - [MESSAGE][PASSED] - Object: 'Object Repository/1. Login/button Login' is clicked on

2023-08-30 20:30:29 - [TEST_STEP][PASSED] - verifyElementText(findTestObject("1. Login/home product atau halaman Swag Labs"), "Swag Labs"): Actual text and expected text of test object 'Object Repository/1. Login/home product atau halaman Swag Labs' are matched.

2023-08-30 20:30:31 - [MESSAGE][PASSED] - Actual text and expected text of test object 'Object Repository/1. Login/home product atau halaman Swag Labs' are matched.

2023-08-30 20:30:31 - [MESSAGE][PASSED] - Call Test Case 'Test Cases/1. login/TC-Login-Success-001' successfully

2023-08-30 20:30:31 - [TEST_STEP][PASSED] - click(findTestObject("Detail Product/produk 1")): Object: 'Object Repository/Detail Product/produk 1' is clicked on

2023-08-30 20:30:31 - [MESSAGE][PASSED] - Object: 'Object Repository/Detail Product/produk 1' is clicked on

2023-08-30 20:30:31 - [TEST_STEP][PASSED] - namaProduk = getText(findTestObject("Object Repository/Detail Product/nama produk 1")): Text of object 'Object Repository/Detail Product/nama produk 1' is: 'Sauce Labs Backpack'

2023-08-30 20:30:32 - [MESSAGE][PASSED] - Text of object 'Object Repository/Detail Product/nama produk 1' is: 'Sauce Labs Backpack'

2023-08-30 20:30:32 - [TEST_STEP][PASSED] - deskripsi = getText(findTestObject("Object Repository/Detail Product/deskripsi produk 1")): Text of object 'Object Repository/Detail Product/deskripsi produk 1' is: 'carry.allTheThings() with the sleek, streamlined Sly Pack that melds uncompromising style with unequaled laptop and tablet protection.'

2023-08-30 20:30:32 - [MESSAGE][PASSED] - Text of object 'Object Repository/Detail Product/deskripsi produk 1' is: 'carry.allTheThings() with the sleek, streamlined Sly Pack that melds uncompromising style with unequaled laptop and tablet protection.'

2023-08-30 20:30:32 - [TEST_STEP][PASSED] - price = getText(findTestObject("Object Repository/Detail Product/deskripsi harga produk")): Text of object 'Object Repository/Detail Product/deskripsi harga produk' is: '$29.99'

2023-08-30 20:30:32 - [MESSAGE][PASSED] - Text of object 'Object Repository/Detail Product/deskripsi harga produk' is: '$29.99'

2023-08-30 20:30:32 - [TEST_STEP][PASSED] - assert trim().equalsIgnoreCase(produkName.trim()): null

2023-08-30 20:30:32 - [TEST_STEP][PASSED] - assert trim().equalsIgnoreCase(deskripsi.trim()): null

2023-08-30 20:30:32 - [TEST_STEP][PASSED] - assert trim().equalsIgnoreCase(price.trim()): null]]></system-out>
         <system-err><![CDATA[]]></system-err>
      </testcase>
      <testcase name="Test Cases/3. Detail Products/TC-DetailProduct-AddCart-001" time="14.76" classname="Test Cases/3. Detail Products/TC-DetailProduct-AddCart-001" status="PASSED">
         <system-out><![CDATA[2023-08-30 20:30:32 - [TEST_CASE][PASSED] - Test Cases/3. Detail Products/TC-DetailProduct-AddCart-001: Test Cases/3. Detail Products/TC-DetailProduct-AddCart-001

2023-08-30 20:30:33 - [TEST_STEP][PASSED] - callTestCase(findTestCase("3. Detail Products/TC-DetailProduct-Show-001"), [:], STOP_ON_FAILURE): Call Test Case 'Test Cases/3. Detail Products/TC-DetailProduct-Show-001' successfully

2023-08-30 20:30:33 - [TEST_CASE][PASSED] - Test Cases/3. Detail Products/TC-DetailProduct-Show-001: Test Cases/3. Detail Products/TC-DetailProduct-Show-001

2023-08-30 20:30:33 - [TEST_STEP][PASSED] - callTestCase(findTestCase("1. login/TC-Login-Success-001"), [:], STOP_ON_FAILURE): Call Test Case 'Test Cases/1. login/TC-Login-Success-001' successfully

2023-08-30 20:30:33 - [TEST_CASE][PASSED] - Test Cases/1. login/TC-Login-Success-001: Test Cases/1. login/TC-Login-Success-001

2023-08-30 20:30:33 - [TEST_STEP][PASSED] - openBrowser(web): Browser is opened with url: 'https://www.saucedemo.com/inventory.html'

2023-08-30 20:30:33 - [MESSAGE][WARNING] - A browser is already opened. Closing browser and opening a new one

2023-08-30 20:30:34 - [MESSAGE][INFO] - Starting 'Edge Chromium' driver

2023-08-30 20:30:36 - [MESSAGE][INFO] - Action delay is set to 0 milliseconds

2023-08-30 20:30:38 - [MESSAGE][PASSED] - Browser is opened with url: 'https://www.saucedemo.com/inventory.html'

2023-08-30 20:30:38 - [TEST_STEP][PASSED] - maximizeWindow(): Current window maximized

2023-08-30 20:30:39 - [MESSAGE][PASSED] - Current window maximized

2023-08-30 20:30:39 - [TEST_STEP][PASSED] - verifyElementPresent(findTestObject("1. Login/halaman home swag labs"), 0): Object 'Object Repository/1. Login/halaman home swag labs' is present

2023-08-30 20:30:39 - [MESSAGE][WARNING] - Timeout '0' is invalid. Using default page load timeout: '30'

2023-08-30 20:30:39 - [MESSAGE][PASSED] - Object 'Object Repository/1. Login/halaman home swag labs' is present

2023-08-30 20:30:39 - [TEST_STEP][PASSED] - setText(findTestObject("1. Login/input username"), username): Text 'standard_user' is set on object 'Object Repository/1. Login/input username'

2023-08-30 20:30:40 - [MESSAGE][PASSED] - Text 'standard_user' is set on object 'Object Repository/1. Login/input username'

2023-08-30 20:30:40 - [TEST_STEP][PASSED] - setEncryptedText(findTestObject("1. Login/input password"), password): Text ****** has been set on object 'Object Repository/1. Login/input password'

2023-08-30 20:30:41 - [MESSAGE][PASSED] - Text ****** has been set on object 'Object Repository/1. Login/input password'

2023-08-30 20:30:41 - [TEST_STEP][PASSED] - click(findTestObject("1. Login/button Login")): Object: 'Object Repository/1. Login/button Login' is clicked on

2023-08-30 20:30:41 - [MESSAGE][PASSED] - Object: 'Object Repository/1. Login/button Login' is clicked on

2023-08-30 20:30:41 - [TEST_STEP][PASSED] - verifyElementText(findTestObject("1. Login/home product atau halaman Swag Labs"), "Swag Labs"): Actual text and expected text of test object 'Object Repository/1. Login/home product atau halaman Swag Labs' are matched.

2023-08-30 20:30:42 - [MESSAGE][PASSED] - Actual text and expected text of test object 'Object Repository/1. Login/home product atau halaman Swag Labs' are matched.

2023-08-30 20:30:42 - [MESSAGE][PASSED] - Call Test Case 'Test Cases/1. login/TC-Login-Success-001' successfully

2023-08-30 20:30:42 - [TEST_STEP][PASSED] - click(findTestObject("Detail Product/produk 1")): Object: 'Object Repository/Detail Product/produk 1' is clicked on

2023-08-30 20:30:43 - [MESSAGE][PASSED] - Object: 'Object Repository/Detail Product/produk 1' is clicked on

2023-08-30 20:30:43 - [TEST_STEP][PASSED] - namaProduk = getText(findTestObject("Object Repository/Detail Product/nama produk 1")): Text of object 'Object Repository/Detail Product/nama produk 1' is: 'Sauce Labs Backpack'

2023-08-30 20:30:43 - [MESSAGE][PASSED] - Text of object 'Object Repository/Detail Product/nama produk 1' is: 'Sauce Labs Backpack'

2023-08-30 20:30:43 - [TEST_STEP][PASSED] - deskripsi = getText(findTestObject("Object Repository/Detail Product/deskripsi produk 1")): Text of object 'Object Repository/Detail Product/deskripsi produk 1' is: 'carry.allTheThings() with the sleek, streamlined Sly Pack that melds uncompromising style with unequaled laptop and tablet protection.'

2023-08-30 20:30:44 - [MESSAGE][PASSED] - Text of object 'Object Repository/Detail Product/deskripsi produk 1' is: 'carry.allTheThings() with the sleek, streamlined Sly Pack that melds uncompromising style with unequaled laptop and tablet protection.'

2023-08-30 20:30:44 - [TEST_STEP][PASSED] - price = getText(findTestObject("Object Repository/Detail Product/deskripsi harga produk")): Text of object 'Object Repository/Detail Product/deskripsi harga produk' is: '$29.99'

2023-08-30 20:30:44 - [MESSAGE][PASSED] - Text of object 'Object Repository/Detail Product/deskripsi harga produk' is: '$29.99'

2023-08-30 20:30:44 - [TEST_STEP][PASSED] - assert trim().equalsIgnoreCase(produkName.trim()): null

2023-08-30 20:30:44 - [TEST_STEP][PASSED] - assert trim().equalsIgnoreCase(deskripsi.trim()): null

2023-08-30 20:30:44 - [TEST_STEP][PASSED] - assert trim().equalsIgnoreCase(price.trim()): null

2023-08-30 20:30:44 - [MESSAGE][PASSED] - Call Test Case 'Test Cases/3. Detail Products/TC-DetailProduct-Show-001' successfully

2023-08-30 20:30:44 - [TEST_STEP][PASSED] - click(findTestObject("Detail Product/button_Add to cart")): Object: 'Object Repository/Detail Product/button_Add to cart' is clicked on

2023-08-30 20:30:45 - [MESSAGE][PASSED] - Object: 'Object Repository/Detail Product/button_Add to cart' is clicked on

2023-08-30 20:30:45 - [TEST_STEP][PASSED] - verifyElementPresent(findTestObject("Detail Product/shopping cart"), 0): Object 'Object Repository/Detail Product/shopping cart' is present

2023-08-30 20:30:45 - [MESSAGE][WARNING] - Timeout '0' is invalid. Using default page load timeout: '30'

2023-08-30 20:30:45 - [MESSAGE][PASSED] - Object 'Object Repository/Detail Product/shopping cart' is present

2023-08-30 20:30:45 - [TEST_STEP][PASSED] - badge = Integer.parseInt(getText(findTestObject("Object Repository/Detail Product/angka di keranjang"))): Text of object 'Object Repository/Detail Product/angka di keranjang' is: '1'

2023-08-30 20:30:46 - [MESSAGE][PASSED] - Text of object 'Object Repository/Detail Product/angka di keranjang' is: '1'

2023-08-30 20:30:46 - [TEST_STEP][PASSED] - namaProduk = getText(findTestObject("Object Repository/Detail Product/nama produk 1")): Text of object 'Object Repository/Detail Product/nama produk 1' is: 'Sauce Labs Backpack'

2023-08-30 20:30:46 - [MESSAGE][PASSED] - Text of object 'Object Repository/Detail Product/nama produk 1' is: 'Sauce Labs Backpack'

2023-08-30 20:30:46 - [TEST_STEP][PASSED] - deskripsi = getText(findTestObject("Object Repository/Detail Product/deskripsi produk 1")): Text of object 'Object Repository/Detail Product/deskripsi produk 1' is: 'carry.allTheThings() with the sleek, streamlined Sly Pack that melds uncompromising style with unequaled laptop and tablet protection.'

2023-08-30 20:30:47 - [MESSAGE][PASSED] - Text of object 'Object Repository/Detail Product/deskripsi produk 1' is: 'carry.allTheThings() with the sleek, streamlined Sly Pack that melds uncompromising style with unequaled laptop and tablet protection.'

2023-08-30 20:30:47 - [TEST_STEP][PASSED] - price = getText(findTestObject("Object Repository/Detail Product/deskripsi harga produk")): Text of object 'Object Repository/Detail Product/deskripsi harga produk' is: '$29.99'

2023-08-30 20:30:47 - [MESSAGE][PASSED] - Text of object 'Object Repository/Detail Product/deskripsi harga produk' is: '$29.99'

2023-08-30 20:30:47 - [TEST_STEP][PASSED] - assert badge == badge: null

2023-08-30 20:30:47 - [TEST_STEP][PASSED] - assert trim().equalsIgnoreCase(produkName.trim()): null

2023-08-30 20:30:47 - [TEST_STEP][PASSED] - assert trim().equalsIgnoreCase(deskripsi.trim()): null

2023-08-30 20:30:47 - [TEST_STEP][PASSED] - assert trim().equalsIgnoreCase(price.trim()): null

2023-08-30 20:30:47 - [TEST_STEP][PASSED] - data = new java.util.HashMap(): null

2023-08-30 20:30:47 - [TEST_STEP][PASSED] - data.put("namaProduk", namaProduk): null

2023-08-30 20:30:47 - [TEST_STEP][PASSED] - data.put("deskripsi", deskripsi): null

2023-08-30 20:30:47 - [TEST_STEP][PASSED] - data.put("price", price): null

2023-08-30 20:30:47 - [TEST_STEP][PASSED] - return data: null]]></system-out>
         <system-err><![CDATA[]]></system-err>
      </testcase>
      <testcase name="Test Cases/3. Detail Products/TC-DetailProduct-RemoveCart-001" time="16.69" classname="Test Cases/3. Detail Products/TC-DetailProduct-RemoveCart-001" status="PASSED">
         <system-out><![CDATA[2023-08-30 20:30:47 - [TEST_CASE][PASSED] - Test Cases/3. Detail Products/TC-DetailProduct-RemoveCart-001: Test Cases/3. Detail Products/TC-DetailProduct-RemoveCart-001

2023-08-30 20:30:48 - [TEST_STEP][PASSED] - callTestCase(findTestCase("3. Detail Products/TC-DetailProduct-AddCart-001"), [:], STOP_ON_FAILURE): Call Test Case 'Test Cases/3. Detail Products/TC-DetailProduct-AddCart-001' successfully

2023-08-30 20:30:48 - [TEST_CASE][PASSED] - Test Cases/3. Detail Products/TC-DetailProduct-AddCart-001: Test Cases/3. Detail Products/TC-DetailProduct-AddCart-001

2023-08-30 20:30:48 - [TEST_STEP][PASSED] - callTestCase(findTestCase("3. Detail Products/TC-DetailProduct-Show-001"), [:], STOP_ON_FAILURE): Call Test Case 'Test Cases/3. Detail Products/TC-DetailProduct-Show-001' successfully

2023-08-30 20:30:48 - [TEST_CASE][PASSED] - Test Cases/3. Detail Products/TC-DetailProduct-Show-001: Test Cases/3. Detail Products/TC-DetailProduct-Show-001

2023-08-30 20:30:48 - [TEST_STEP][PASSED] - callTestCase(findTestCase("1. login/TC-Login-Success-001"), [:], STOP_ON_FAILURE): Call Test Case 'Test Cases/1. login/TC-Login-Success-001' successfully

2023-08-30 20:30:49 - [TEST_CASE][PASSED] - Test Cases/1. login/TC-Login-Success-001: Test Cases/1. login/TC-Login-Success-001

2023-08-30 20:30:49 - [TEST_STEP][PASSED] - openBrowser(web): Browser is opened with url: 'https://www.saucedemo.com/inventory.html'

2023-08-30 20:30:49 - [MESSAGE][WARNING] - A browser is already opened. Closing browser and opening a new one

2023-08-30 20:30:49 - [MESSAGE][INFO] - Starting 'Edge Chromium' driver

2023-08-30 20:30:52 - [MESSAGE][INFO] - Action delay is set to 0 milliseconds

2023-08-30 20:30:54 - [MESSAGE][PASSED] - Browser is opened with url: 'https://www.saucedemo.com/inventory.html'

2023-08-30 20:30:54 - [TEST_STEP][PASSED] - maximizeWindow(): Current window maximized

2023-08-30 20:30:54 - [MESSAGE][PASSED] - Current window maximized

2023-08-30 20:30:54 - [TEST_STEP][PASSED] - verifyElementPresent(findTestObject("1. Login/halaman home swag labs"), 0): Object 'Object Repository/1. Login/halaman home swag labs' is present

2023-08-30 20:30:54 - [MESSAGE][WARNING] - Timeout '0' is invalid. Using default page load timeout: '30'

2023-08-30 20:30:54 - [MESSAGE][PASSED] - Object 'Object Repository/1. Login/halaman home swag labs' is present

2023-08-30 20:30:54 - [TEST_STEP][PASSED] - setText(findTestObject("1. Login/input username"), username): Text 'standard_user' is set on object 'Object Repository/1. Login/input username'

2023-08-30 20:30:55 - [MESSAGE][PASSED] - Text 'standard_user' is set on object 'Object Repository/1. Login/input username'

2023-08-30 20:30:55 - [TEST_STEP][PASSED] - setEncryptedText(findTestObject("1. Login/input password"), password): Text ****** has been set on object 'Object Repository/1. Login/input password'

2023-08-30 20:30:56 - [MESSAGE][PASSED] - Text ****** has been set on object 'Object Repository/1. Login/input password'

2023-08-30 20:30:56 - [TEST_STEP][PASSED] - click(findTestObject("1. Login/button Login")): Object: 'Object Repository/1. Login/button Login' is clicked on

2023-08-30 20:30:57 - [MESSAGE][PASSED] - Object: 'Object Repository/1. Login/button Login' is clicked on

2023-08-30 20:30:57 - [TEST_STEP][PASSED] - verifyElementText(findTestObject("1. Login/home product atau halaman Swag Labs"), "Swag Labs"): Actual text and expected text of test object 'Object Repository/1. Login/home product atau halaman Swag Labs' are matched.

2023-08-30 20:30:57 - [MESSAGE][PASSED] - Actual text and expected text of test object 'Object Repository/1. Login/home product atau halaman Swag Labs' are matched.

2023-08-30 20:30:57 - [MESSAGE][PASSED] - Call Test Case 'Test Cases/1. login/TC-Login-Success-001' successfully

2023-08-30 20:30:57 - [TEST_STEP][PASSED] - click(findTestObject("Detail Product/produk 1")): Object: 'Object Repository/Detail Product/produk 1' is clicked on

2023-08-30 20:30:58 - [MESSAGE][PASSED] - Object: 'Object Repository/Detail Product/produk 1' is clicked on

2023-08-30 20:30:58 - [TEST_STEP][PASSED] - namaProduk = getText(findTestObject("Object Repository/Detail Product/nama produk 1")): Text of object 'Object Repository/Detail Product/nama produk 1' is: 'Sauce Labs Backpack'

2023-08-30 20:30:58 - [MESSAGE][PASSED] - Text of object 'Object Repository/Detail Product/nama produk 1' is: 'Sauce Labs Backpack'

2023-08-30 20:30:58 - [TEST_STEP][PASSED] - deskripsi = getText(findTestObject("Object Repository/Detail Product/deskripsi produk 1")): Text of object 'Object Repository/Detail Product/deskripsi produk 1' is: 'carry.allTheThings() with the sleek, streamlined Sly Pack that melds uncompromising style with unequaled laptop and tablet protection.'

2023-08-30 20:30:59 - [MESSAGE][PASSED] - Text of object 'Object Repository/Detail Product/deskripsi produk 1' is: 'carry.allTheThings() with the sleek, streamlined Sly Pack that melds uncompromising style with unequaled laptop and tablet protection.'

2023-08-30 20:30:59 - [TEST_STEP][PASSED] - price = getText(findTestObject("Object Repository/Detail Product/deskripsi harga produk")): Text of object 'Object Repository/Detail Product/deskripsi harga produk' is: '$29.99'

2023-08-30 20:30:59 - [MESSAGE][PASSED] - Text of object 'Object Repository/Detail Product/deskripsi harga produk' is: '$29.99'

2023-08-30 20:30:59 - [TEST_STEP][PASSED] - assert trim().equalsIgnoreCase(produkName.trim()): null

2023-08-30 20:30:59 - [TEST_STEP][PASSED] - assert trim().equalsIgnoreCase(deskripsi.trim()): null

2023-08-30 20:30:59 - [TEST_STEP][PASSED] - assert trim().equalsIgnoreCase(price.trim()): null

2023-08-30 20:30:59 - [MESSAGE][PASSED] - Call Test Case 'Test Cases/3. Detail Products/TC-DetailProduct-Show-001' successfully

2023-08-30 20:30:59 - [TEST_STEP][PASSED] - click(findTestObject("Detail Product/button_Add to cart")): Object: 'Object Repository/Detail Product/button_Add to cart' is clicked on

2023-08-30 20:31:00 - [MESSAGE][PASSED] - Object: 'Object Repository/Detail Product/button_Add to cart' is clicked on

2023-08-30 20:31:00 - [TEST_STEP][PASSED] - verifyElementPresent(findTestObject("Detail Product/shopping cart"), 0): Object 'Object Repository/Detail Product/shopping cart' is present

2023-08-30 20:31:00 - [MESSAGE][WARNING] - Timeout '0' is invalid. Using default page load timeout: '30'

2023-08-30 20:31:00 - [MESSAGE][PASSED] - Object 'Object Repository/Detail Product/shopping cart' is present

2023-08-30 20:31:00 - [TEST_STEP][PASSED] - badge = Integer.parseInt(getText(findTestObject("Object Repository/Detail Product/angka di keranjang"))): Text of object 'Object Repository/Detail Product/angka di keranjang' is: '1'

2023-08-30 20:31:01 - [MESSAGE][PASSED] - Text of object 'Object Repository/Detail Product/angka di keranjang' is: '1'

2023-08-30 20:31:01 - [TEST_STEP][PASSED] - namaProduk = getText(findTestObject("Object Repository/Detail Product/nama produk 1")): Text of object 'Object Repository/Detail Product/nama produk 1' is: 'Sauce Labs Backpack'

2023-08-30 20:31:01 - [MESSAGE][PASSED] - Text of object 'Object Repository/Detail Product/nama produk 1' is: 'Sauce Labs Backpack'

2023-08-30 20:31:01 - [TEST_STEP][PASSED] - deskripsi = getText(findTestObject("Object Repository/Detail Product/deskripsi produk 1")): Text of object 'Object Repository/Detail Product/deskripsi produk 1' is: 'carry.allTheThings() with the sleek, streamlined Sly Pack that melds uncompromising style with unequaled laptop and tablet protection.'

2023-08-30 20:31:02 - [MESSAGE][PASSED] - Text of object 'Object Repository/Detail Product/deskripsi produk 1' is: 'carry.allTheThings() with the sleek, streamlined Sly Pack that melds uncompromising style with unequaled laptop and tablet protection.'

2023-08-30 20:31:02 - [TEST_STEP][PASSED] - price = getText(findTestObject("Object Repository/Detail Product/deskripsi harga produk")): Text of object 'Object Repository/Detail Product/deskripsi harga produk' is: '$29.99'

2023-08-30 20:31:02 - [MESSAGE][PASSED] - Text of object 'Object Repository/Detail Product/deskripsi harga produk' is: '$29.99'

2023-08-30 20:31:02 - [TEST_STEP][PASSED] - assert badge == badge: null

2023-08-30 20:31:02 - [TEST_STEP][PASSED] - assert trim().equalsIgnoreCase(produkName.trim()): null

2023-08-30 20:31:02 - [TEST_STEP][PASSED] - assert trim().equalsIgnoreCase(deskripsi.trim()): null

2023-08-30 20:31:02 - [TEST_STEP][PASSED] - assert trim().equalsIgnoreCase(price.trim()): null

2023-08-30 20:31:02 - [TEST_STEP][PASSED] - data = new java.util.HashMap(): null

2023-08-30 20:31:02 - [TEST_STEP][PASSED] - data.put("namaProduk", namaProduk): null

2023-08-30 20:31:02 - [TEST_STEP][PASSED] - data.put("deskripsi", deskripsi): null

2023-08-30 20:31:02 - [TEST_STEP][PASSED] - data.put("price", price): null

2023-08-30 20:31:02 - [TEST_STEP][PASSED] - return data: null

2023-08-30 20:31:02 - [MESSAGE][PASSED] - Call Test Case 'Test Cases/3. Detail Products/TC-DetailProduct-AddCart-001' successfully

2023-08-30 20:31:02 - [TEST_STEP][PASSED] - click(findTestObject("Detail Product/button_Remove")): Object: 'Object Repository/Detail Product/button_Remove' is clicked on

2023-08-30 20:31:03 - [MESSAGE][PASSED] - Object: 'Object Repository/Detail Product/button_Remove' is clicked on

2023-08-30 20:31:03 - [TEST_STEP][PASSED] - verifyElementNotPresent(findTestObject("Detail Product/angka di keranjang"), 0): Web element with id: 'Object Repository/Detail Product/angka di keranjang' located by 'By.xpath: //div[@id='shopping_cart_container']/a/span' is not present after '30' second(s)

2023-08-30 20:31:03 - [MESSAGE][WARNING] - Timeout '0' is invalid. Using default page load timeout: '30'

2023-08-30 20:31:04 - [MESSAGE][PASSED] - Web element with id: 'Object Repository/Detail Product/angka di keranjang' located by 'By.xpath: //div[@id='shopping_cart_container']/a/span' is not present after '30' second(s)]]></system-out>
         <system-err><![CDATA[]]></system-err>
      </testcase>
      <testcase name="Test Cases/3. Detail Products/TC-DetailProduct-Nav-001" time="13.721" classname="Test Cases/3. Detail Products/TC-DetailProduct-Nav-001" status="PASSED">
         <system-out><![CDATA[2023-08-30 20:31:04 - [TEST_CASE][PASSED] - Test Cases/3. Detail Products/TC-DetailProduct-Nav-001: Test Cases/3. Detail Products/TC-DetailProduct-Nav-001

2023-08-30 20:31:05 - [TEST_STEP][PASSED] - callTestCase(findTestCase("3. Detail Products/TC-DetailProduct-Show-001"), [:], STOP_ON_FAILURE): Call Test Case 'Test Cases/3. Detail Products/TC-DetailProduct-Show-001' successfully

2023-08-30 20:31:05 - [TEST_CASE][PASSED] - Test Cases/3. Detail Products/TC-DetailProduct-Show-001: Test Cases/3. Detail Products/TC-DetailProduct-Show-001

2023-08-30 20:31:05 - [TEST_STEP][PASSED] - callTestCase(findTestCase("1. login/TC-Login-Success-001"), [:], STOP_ON_FAILURE): Call Test Case 'Test Cases/1. login/TC-Login-Success-001' successfully

2023-08-30 20:31:05 - [TEST_CASE][PASSED] - Test Cases/1. login/TC-Login-Success-001: Test Cases/1. login/TC-Login-Success-001

2023-08-30 20:31:05 - [TEST_STEP][PASSED] - openBrowser(web): Browser is opened with url: 'https://www.saucedemo.com/inventory.html'

2023-08-30 20:31:05 - [MESSAGE][WARNING] - A browser is already opened. Closing browser and opening a new one

2023-08-30 20:31:06 - [MESSAGE][INFO] - Starting 'Edge Chromium' driver

2023-08-30 20:31:08 - [MESSAGE][INFO] - Action delay is set to 0 milliseconds

2023-08-30 20:31:10 - [MESSAGE][PASSED] - Browser is opened with url: 'https://www.saucedemo.com/inventory.html'

2023-08-30 20:31:10 - [TEST_STEP][PASSED] - maximizeWindow(): Current window maximized

2023-08-30 20:31:10 - [MESSAGE][PASSED] - Current window maximized

2023-08-30 20:31:10 - [TEST_STEP][PASSED] - verifyElementPresent(findTestObject("1. Login/halaman home swag labs"), 0): Object 'Object Repository/1. Login/halaman home swag labs' is present

2023-08-30 20:31:11 - [MESSAGE][WARNING] - Timeout '0' is invalid. Using default page load timeout: '30'

2023-08-30 20:31:11 - [MESSAGE][PASSED] - Object 'Object Repository/1. Login/halaman home swag labs' is present

2023-08-30 20:31:11 - [TEST_STEP][PASSED] - setText(findTestObject("1. Login/input username"), username): Text 'standard_user' is set on object 'Object Repository/1. Login/input username'

2023-08-30 20:31:12 - [MESSAGE][PASSED] - Text 'standard_user' is set on object 'Object Repository/1. Login/input username'

2023-08-30 20:31:12 - [TEST_STEP][PASSED] - setEncryptedText(findTestObject("1. Login/input password"), password): Text ****** has been set on object 'Object Repository/1. Login/input password'

2023-08-30 20:31:13 - [MESSAGE][PASSED] - Text ****** has been set on object 'Object Repository/1. Login/input password'

2023-08-30 20:31:13 - [TEST_STEP][PASSED] - click(findTestObject("1. Login/button Login")): Object: 'Object Repository/1. Login/button Login' is clicked on

2023-08-30 20:31:14 - [MESSAGE][PASSED] - Object: 'Object Repository/1. Login/button Login' is clicked on

2023-08-30 20:31:14 - [TEST_STEP][PASSED] - verifyElementText(findTestObject("1. Login/home product atau halaman Swag Labs"), "Swag Labs"): Actual text and expected text of test object 'Object Repository/1. Login/home product atau halaman Swag Labs' are matched.

2023-08-30 20:31:15 - [MESSAGE][PASSED] - Actual text and expected text of test object 'Object Repository/1. Login/home product atau halaman Swag Labs' are matched.

2023-08-30 20:31:15 - [MESSAGE][PASSED] - Call Test Case 'Test Cases/1. login/TC-Login-Success-001' successfully

2023-08-30 20:31:15 - [TEST_STEP][PASSED] - click(findTestObject("Detail Product/produk 1")): Object: 'Object Repository/Detail Product/produk 1' is clicked on

2023-08-30 20:31:15 - [MESSAGE][PASSED] - Object: 'Object Repository/Detail Product/produk 1' is clicked on

2023-08-30 20:31:15 - [TEST_STEP][PASSED] - namaProduk = getText(findTestObject("Object Repository/Detail Product/nama produk 1")): Text of object 'Object Repository/Detail Product/nama produk 1' is: 'Sauce Labs Backpack'

2023-08-30 20:31:16 - [MESSAGE][PASSED] - Text of object 'Object Repository/Detail Product/nama produk 1' is: 'Sauce Labs Backpack'

2023-08-30 20:31:16 - [TEST_STEP][PASSED] - deskripsi = getText(findTestObject("Object Repository/Detail Product/deskripsi produk 1")): Text of object 'Object Repository/Detail Product/deskripsi produk 1' is: 'carry.allTheThings() with the sleek, streamlined Sly Pack that melds uncompromising style with unequaled laptop and tablet protection.'

2023-08-30 20:31:16 - [MESSAGE][PASSED] - Text of object 'Object Repository/Detail Product/deskripsi produk 1' is: 'carry.allTheThings() with the sleek, streamlined Sly Pack that melds uncompromising style with unequaled laptop and tablet protection.'

2023-08-30 20:31:16 - [TEST_STEP][PASSED] - price = getText(findTestObject("Object Repository/Detail Product/deskripsi harga produk")): Text of object 'Object Repository/Detail Product/deskripsi harga produk' is: '$29.99'

2023-08-30 20:31:17 - [MESSAGE][PASSED] - Text of object 'Object Repository/Detail Product/deskripsi harga produk' is: '$29.99'

2023-08-30 20:31:17 - [TEST_STEP][PASSED] - assert trim().equalsIgnoreCase(produkName.trim()): null

2023-08-30 20:31:17 - [TEST_STEP][PASSED] - assert trim().equalsIgnoreCase(deskripsi.trim()): null

2023-08-30 20:31:17 - [TEST_STEP][PASSED] - assert trim().equalsIgnoreCase(price.trim()): null

2023-08-30 20:31:17 - [MESSAGE][PASSED] - Call Test Case 'Test Cases/3. Detail Products/TC-DetailProduct-Show-001' successfully

2023-08-30 20:31:17 - [TEST_STEP][PASSED] - click(findTestObject("Detail Product/button_Back to products")): Object: 'Object Repository/Detail Product/button_Back to products' is clicked on

2023-08-30 20:31:17 - [MESSAGE][PASSED] - Object: 'Object Repository/Detail Product/button_Back to products' is clicked on

2023-08-30 20:31:17 - [TEST_STEP][PASSED] - verifyElementPresent(findTestObject("1. Login/home product atau halaman Swag Labs"), 0): Object 'Object Repository/1. Login/home product atau halaman Swag Labs' is present

2023-08-30 20:31:17 - [MESSAGE][WARNING] - Timeout '0' is invalid. Using default page load timeout: '30'

2023-08-30 20:31:18 - [MESSAGE][PASSED] - Object 'Object Repository/1. Login/home product atau halaman Swag Labs' is present]]></system-out>
         <system-err><![CDATA[]]></system-err>
      </testcase>
      <testcase name="Test Cases/4. keranjang/TC-Cart-Show-001" time="11.436" classname="Test Cases/4. keranjang/TC-Cart-Show-001" status="PASSED">
         <system-out><![CDATA[2023-08-30 20:31:18 - [TEST_CASE][PASSED] - Test Cases/4. keranjang/TC-Cart-Show-001: Test Cases/4. keranjang/TC-Cart-Show-001

2023-08-30 20:31:18 - [TEST_STEP][PASSED] - callTestCase(findTestCase("1. login/TC-Login-Success-001"), [:], STOP_ON_FAILURE): Call Test Case 'Test Cases/1. login/TC-Login-Success-001' successfully

2023-08-30 20:31:18 - [TEST_CASE][PASSED] - Test Cases/1. login/TC-Login-Success-001: Test Cases/1. login/TC-Login-Success-001

2023-08-30 20:31:18 - [TEST_STEP][PASSED] - openBrowser(web): Browser is opened with url: 'https://www.saucedemo.com/inventory.html'

2023-08-30 20:31:18 - [MESSAGE][WARNING] - A browser is already opened. Closing browser and opening a new one

2023-08-30 20:31:19 - [MESSAGE][INFO] - Starting 'Edge Chromium' driver

2023-08-30 20:31:21 - [MESSAGE][INFO] - Action delay is set to 0 milliseconds

2023-08-30 20:31:24 - [MESSAGE][PASSED] - Browser is opened with url: 'https://www.saucedemo.com/inventory.html'

2023-08-30 20:31:24 - [TEST_STEP][PASSED] - maximizeWindow(): Current window maximized

2023-08-30 20:31:24 - [MESSAGE][PASSED] - Current window maximized

2023-08-30 20:31:24 - [TEST_STEP][PASSED] - verifyElementPresent(findTestObject("1. Login/halaman home swag labs"), 0): Object 'Object Repository/1. Login/halaman home swag labs' is present

2023-08-30 20:31:25 - [MESSAGE][WARNING] - Timeout '0' is invalid. Using default page load timeout: '30'

2023-08-30 20:31:25 - [MESSAGE][PASSED] - Object 'Object Repository/1. Login/halaman home swag labs' is present

2023-08-30 20:31:25 - [TEST_STEP][PASSED] - setText(findTestObject("1. Login/input username"), username): Text 'standard_user' is set on object 'Object Repository/1. Login/input username'

2023-08-30 20:31:26 - [MESSAGE][PASSED] - Text 'standard_user' is set on object 'Object Repository/1. Login/input username'

2023-08-30 20:31:26 - [TEST_STEP][PASSED] - setEncryptedText(findTestObject("1. Login/input password"), password): Text ****** has been set on object 'Object Repository/1. Login/input password'

2023-08-30 20:31:27 - [MESSAGE][PASSED] - Text ****** has been set on object 'Object Repository/1. Login/input password'

2023-08-30 20:31:27 - [TEST_STEP][PASSED] - click(findTestObject("1. Login/button Login")): Object: 'Object Repository/1. Login/button Login' is clicked on

2023-08-30 20:31:28 - [MESSAGE][PASSED] - Object: 'Object Repository/1. Login/button Login' is clicked on

2023-08-30 20:31:28 - [TEST_STEP][PASSED] - verifyElementText(findTestObject("1. Login/home product atau halaman Swag Labs"), "Swag Labs"): Actual text and expected text of test object 'Object Repository/1. Login/home product atau halaman Swag Labs' are matched.

2023-08-30 20:31:28 - [MESSAGE][PASSED] - Actual text and expected text of test object 'Object Repository/1. Login/home product atau halaman Swag Labs' are matched.

2023-08-30 20:31:28 - [MESSAGE][PASSED] - Call Test Case 'Test Cases/1. login/TC-Login-Success-001' successfully

2023-08-30 20:31:28 - [TEST_STEP][PASSED] - click(findTestObject("keranjang/keranjang belanja")): Object: 'Object Repository/keranjang/keranjang belanja' is clicked on

2023-08-30 20:31:29 - [MESSAGE][PASSED] - Object: 'Object Repository/keranjang/keranjang belanja' is clicked on

2023-08-30 20:31:29 - [TEST_STEP][PASSED] - verifyElementPresent(findTestObject("keranjang/div_Your Cart"), 0): Object 'Object Repository/keranjang/div_Your Cart' is present

2023-08-30 20:31:29 - [MESSAGE][WARNING] - Timeout '0' is invalid. Using default page load timeout: '30'

2023-08-30 20:31:29 - [MESSAGE][PASSED] - Object 'Object Repository/keranjang/div_Your Cart' is present]]></system-out>
         <system-err><![CDATA[]]></system-err>
      </testcase>
      <testcase name="Test Cases/4. keranjang/TC-Cart-Show-002" time="15.081" classname="Test Cases/4. keranjang/TC-Cart-Show-002" status="PASSED">
         <system-out><![CDATA[2023-08-30 20:31:29 - [TEST_CASE][PASSED] - Test Cases/4. keranjang/TC-Cart-Show-002: Test Cases/4. keranjang/TC-Cart-Show-002

2023-08-30 20:31:30 - [TEST_STEP][PASSED] - dataProduk = callTestCase(findTestCase("2. Products/TC-Product-AddCart-001"), [:], STOP_ON_FAILURE): Call Test Case 'Test Cases/2. Products/TC-Product-AddCart-001' successfully

2023-08-30 20:31:30 - [TEST_CASE][PASSED] - Test Cases/2. Products/TC-Product-AddCart-001: Test Cases/2. Products/TC-Product-AddCart-001

2023-08-30 20:31:30 - [TEST_STEP][PASSED] - callTestCase(findTestCase("2. Products/TC-Product-Show-001"), [:], STOP_ON_FAILURE): Call Test Case 'Test Cases/2. Products/TC-Product-Show-001' successfully

2023-08-30 20:31:30 - [TEST_CASE][PASSED] - Test Cases/2. Products/TC-Product-Show-001: Test Cases/2. Products/TC-Product-Show-001

2023-08-30 20:31:30 - [TEST_STEP][PASSED] - callTestCase(findTestCase("1. login/TC-Login-Success-001"), [:], STOP_ON_FAILURE): Call Test Case 'Test Cases/1. login/TC-Login-Success-001' successfully

2023-08-30 20:31:30 - [TEST_CASE][PASSED] - Test Cases/1. login/TC-Login-Success-001: Test Cases/1. login/TC-Login-Success-001

2023-08-30 20:31:30 - [TEST_STEP][PASSED] - openBrowser(web): Browser is opened with url: 'https://www.saucedemo.com/inventory.html'

2023-08-30 20:31:30 - [MESSAGE][WARNING] - A browser is already opened. Closing browser and opening a new one

2023-08-30 20:31:31 - [MESSAGE][INFO] - Starting 'Edge Chromium' driver

2023-08-30 20:31:34 - [MESSAGE][INFO] - Action delay is set to 0 milliseconds

2023-08-30 20:31:35 - [MESSAGE][PASSED] - Browser is opened with url: 'https://www.saucedemo.com/inventory.html'

2023-08-30 20:31:35 - [TEST_STEP][PASSED] - maximizeWindow(): Current window maximized

2023-08-30 20:31:35 - [MESSAGE][PASSED] - Current window maximized

2023-08-30 20:31:35 - [TEST_STEP][PASSED] - verifyElementPresent(findTestObject("1. Login/halaman home swag labs"), 0): Object 'Object Repository/1. Login/halaman home swag labs' is present

2023-08-30 20:31:35 - [MESSAGE][WARNING] - Timeout '0' is invalid. Using default page load timeout: '30'

2023-08-30 20:31:36 - [MESSAGE][PASSED] - Object 'Object Repository/1. Login/halaman home swag labs' is present

2023-08-30 20:31:36 - [TEST_STEP][PASSED] - setText(findTestObject("1. Login/input username"), username): Text 'standard_user' is set on object 'Object Repository/1. Login/input username'

2023-08-30 20:31:37 - [MESSAGE][PASSED] - Text 'standard_user' is set on object 'Object Repository/1. Login/input username'

2023-08-30 20:31:37 - [TEST_STEP][PASSED] - setEncryptedText(findTestObject("1. Login/input password"), password): Text ****** has been set on object 'Object Repository/1. Login/input password'

2023-08-30 20:31:38 - [MESSAGE][PASSED] - Text ****** has been set on object 'Object Repository/1. Login/input password'

2023-08-30 20:31:38 - [TEST_STEP][PASSED] - click(findTestObject("1. Login/button Login")): Object: 'Object Repository/1. Login/button Login' is clicked on

2023-08-30 20:31:39 - [MESSAGE][PASSED] - Object: 'Object Repository/1. Login/button Login' is clicked on

2023-08-30 20:31:39 - [TEST_STEP][PASSED] - verifyElementText(findTestObject("1. Login/home product atau halaman Swag Labs"), "Swag Labs"): Actual text and expected text of test object 'Object Repository/1. Login/home product atau halaman Swag Labs' are matched.

2023-08-30 20:31:39 - [MESSAGE][PASSED] - Actual text and expected text of test object 'Object Repository/1. Login/home product atau halaman Swag Labs' are matched.

2023-08-30 20:31:39 - [MESSAGE][PASSED] - Call Test Case 'Test Cases/1. login/TC-Login-Success-001' successfully

2023-08-30 20:31:39 - [MESSAGE][PASSED] - Call Test Case 'Test Cases/2. Products/TC-Product-Show-001' successfully

2023-08-30 20:31:39 - [TEST_STEP][PASSED] - click(findTestObject("Products/button_Add to cart 1")): Object: 'Object Repository/Products/button_Add to cart 1' is clicked on

2023-08-30 20:31:40 - [MESSAGE][PASSED] - Object: 'Object Repository/Products/button_Add to cart 1' is clicked on

2023-08-30 20:31:40 - [TEST_STEP][PASSED] - verifyElementPresent(findTestObject("Products/shopping cart 1"), 0): Object 'Object Repository/Products/shopping cart 1' is present

2023-08-30 20:31:40 - [MESSAGE][WARNING] - Timeout '0' is invalid. Using default page load timeout: '30'

2023-08-30 20:31:41 - [MESSAGE][PASSED] - Object 'Object Repository/Products/shopping cart 1' is present

2023-08-30 20:31:41 - [TEST_STEP][PASSED] - namaProduk = getText(findTestObject("Products/div_Sauce Labs Backpack")): Text of object 'Object Repository/Products/div_Sauce Labs Backpack' is: 'Sauce Labs Backpack'

2023-08-30 20:31:41 - [MESSAGE][PASSED] - Text of object 'Object Repository/Products/div_Sauce Labs Backpack' is: 'Sauce Labs Backpack'

2023-08-30 20:31:41 - [TEST_STEP][PASSED] - deskripsi = getText(findTestObject("Products/deskripsi")): Text of object 'Object Repository/Products/deskripsi' is: 'carry.allTheThings() with the sleek, streamlined Sly Pack that melds uncompromising style with unequaled laptop and tablet protection.'

2023-08-30 20:31:42 - [MESSAGE][PASSED] - Text of object 'Object Repository/Products/deskripsi' is: 'carry.allTheThings() with the sleek, streamlined Sly Pack that melds uncompromising style with unequaled laptop and tablet protection.'

2023-08-30 20:31:42 - [TEST_STEP][PASSED] - price = getText(findTestObject("Products/harga produk 1")): Text of object 'Object Repository/Products/harga produk 1' is: '$29.99'

2023-08-30 20:31:42 - [MESSAGE][PASSED] - Text of object 'Object Repository/Products/harga produk 1' is: '$29.99'

2023-08-30 20:31:42 - [TEST_STEP][PASSED] - assert trim().equalsIgnoreCase(produkName.trim()): null

2023-08-30 20:31:42 - [TEST_STEP][PASSED] - assert trim().equalsIgnoreCase(deskripsi.trim()): null

2023-08-30 20:31:42 - [TEST_STEP][PASSED] - assert trim().equalsIgnoreCase(price.trim()): null

2023-08-30 20:31:42 - [TEST_STEP][PASSED] - dataProduk = new java.util.HashMap(): null

2023-08-30 20:31:42 - [TEST_STEP][PASSED] - dataProduk.put("namaProduk", namaProduk): null

2023-08-30 20:31:42 - [TEST_STEP][PASSED] - dataProduk.put("deskripsi", deskripsi): null

2023-08-30 20:31:42 - [TEST_STEP][PASSED] - dataProduk.put("price", price): null

2023-08-30 20:31:42 - [TEST_STEP][PASSED] - return dataProduk: null

2023-08-30 20:31:42 - [MESSAGE][PASSED] - Call Test Case 'Test Cases/2. Products/TC-Product-AddCart-001' successfully

2023-08-30 20:31:42 - [TEST_STEP][PASSED] - produk = dataProduk.get("namaProduk"): null

2023-08-30 20:31:42 - [TEST_STEP][PASSED] - Deskripsi = dataProduk.get("deskripsi"): null

2023-08-30 20:31:42 - [TEST_STEP][PASSED] - price = dataProduk.get("price"): null

2023-08-30 20:31:42 - [TEST_STEP][PASSED] - click(findTestObject("keranjang/keranjang belanja")): Object: 'Object Repository/keranjang/keranjang belanja' is clicked on

2023-08-30 20:31:42 - [MESSAGE][PASSED] - Object: 'Object Repository/keranjang/keranjang belanja' is clicked on

2023-08-30 20:31:42 - [TEST_STEP][PASSED] - verifyElementPresent(findTestObject("keranjang/div_Your Cart"), 0): Object 'Object Repository/keranjang/div_Your Cart' is present

2023-08-30 20:31:42 - [MESSAGE][WARNING] - Timeout '0' is invalid. Using default page load timeout: '30'

2023-08-30 20:31:43 - [MESSAGE][PASSED] - Object 'Object Repository/keranjang/div_Your Cart' is present

2023-08-30 20:31:43 - [TEST_STEP][PASSED] - namaProduk = getText(findTestObject("Object Repository/keranjang/nama produk")): Text of object 'Object Repository/keranjang/nama produk' is: 'Sauce Labs Backpack'

2023-08-30 20:31:43 - [MESSAGE][PASSED] - Text of object 'Object Repository/keranjang/nama produk' is: 'Sauce Labs Backpack'

2023-08-30 20:31:43 - [TEST_STEP][PASSED] - deskripsi = getText(findTestObject("Object Repository/keranjang/deskripsi")): Text of object 'Object Repository/keranjang/deskripsi' is: 'carry.allTheThings() with the sleek, streamlined Sly Pack that melds uncompromising style with unequaled laptop and tablet protection.'

2023-08-30 20:31:44 - [MESSAGE][PASSED] - Text of object 'Object Repository/keranjang/deskripsi' is: 'carry.allTheThings() with the sleek, streamlined Sly Pack that melds uncompromising style with unequaled laptop and tablet protection.'

2023-08-30 20:31:44 - [TEST_STEP][PASSED] - harga = getText(findTestObject("Object Repository/keranjang/harga")): Text of object 'Object Repository/keranjang/harga' is: '$29.99'

2023-08-30 20:31:44 - [MESSAGE][PASSED] - Text of object 'Object Repository/keranjang/harga' is: '$29.99'

2023-08-30 20:31:44 - [TEST_STEP][PASSED] - assert trim().equalsIgnoreCase(produk.trim()): null

2023-08-30 20:31:44 - [TEST_STEP][PASSED] - assert trim().equalsIgnoreCase(Deskripsi.trim()): null

2023-08-30 20:31:44 - [TEST_STEP][PASSED] - assert trim().equalsIgnoreCase(price.trim()): null

2023-08-30 20:31:44 - [TEST_STEP][PASSED] - dataKeranjang = new java.util.HashMap(): null

2023-08-30 20:31:44 - [TEST_STEP][PASSED] - dataKeranjang.put("namaProduk", namaProduk): null

2023-08-30 20:31:44 - [TEST_STEP][PASSED] - dataKeranjang.put("deskripsi", deskripsi): null

2023-08-30 20:31:44 - [TEST_STEP][PASSED] - dataKeranjang.put("harga", harga): null

2023-08-30 20:31:44 - [TEST_STEP][PASSED] - return dataKeranjang: null]]></system-out>
         <system-err><![CDATA[]]></system-err>
      </testcase>
      <testcase name="Test Cases/4. keranjang/TC-Cart-Show-003" time="21.147" classname="Test Cases/4. keranjang/TC-Cart-Show-003" status="PASSED">
         <system-out><![CDATA[2023-08-30 20:31:44 - [TEST_CASE][PASSED] - Test Cases/4. keranjang/TC-Cart-Show-003: Test Cases/4. keranjang/TC-Cart-Show-003

2023-08-30 20:31:45 - [TEST_STEP][PASSED] - dataProduk2 = callTestCase(findTestCase("2. Products/TC-Product-AddCart-002"), [:], STOP_ON_FAILURE): Call Test Case 'Test Cases/2. Products/TC-Product-AddCart-002' successfully

2023-08-30 20:31:45 - [TEST_CASE][PASSED] - Test Cases/2. Products/TC-Product-AddCart-002: Test Cases/2. Products/TC-Product-AddCart-002

2023-08-30 20:31:45 - [TEST_STEP][PASSED] - dataCart1 = callTestCase(findTestCase("2. Products/TC-Product-AddCart-001"), ["produkName":"Sauce Labs Backpack", "deskripsi":"carry.allTheThings() with the sleek, streamlined Sly Pack that melds uncompromising style with unequaled laptop and tablet protection.", ... ], STOP_ON_FAILURE): Call Test Case 'Test Cases/2. Products/TC-Product-AddCart-001' successfully

2023-08-30 20:31:45 - [TEST_CASE][PASSED] - Test Cases/2. Products/TC-Product-AddCart-001: Test Cases/2. Products/TC-Product-AddCart-001

2023-08-30 20:31:45 - [TEST_STEP][PASSED] - callTestCase(findTestCase("2. Products/TC-Product-Show-001"), [:], STOP_ON_FAILURE): Call Test Case 'Test Cases/2. Products/TC-Product-Show-001' successfully

2023-08-30 20:31:46 - [TEST_CASE][PASSED] - Test Cases/2. Products/TC-Product-Show-001: Test Cases/2. Products/TC-Product-Show-001

2023-08-30 20:31:46 - [TEST_STEP][PASSED] - callTestCase(findTestCase("1. login/TC-Login-Success-001"), [:], STOP_ON_FAILURE): Call Test Case 'Test Cases/1. login/TC-Login-Success-001' successfully

2023-08-30 20:31:46 - [TEST_CASE][PASSED] - Test Cases/1. login/TC-Login-Success-001: Test Cases/1. login/TC-Login-Success-001

2023-08-30 20:31:46 - [TEST_STEP][PASSED] - openBrowser(web): Browser is opened with url: 'https://www.saucedemo.com/inventory.html'

2023-08-30 20:31:46 - [MESSAGE][WARNING] - A browser is already opened. Closing browser and opening a new one

2023-08-30 20:31:46 - [MESSAGE][INFO] - Starting 'Edge Chromium' driver

2023-08-30 20:31:49 - [MESSAGE][INFO] - Action delay is set to 0 milliseconds

2023-08-30 20:31:55 - [MESSAGE][PASSED] - Browser is opened with url: 'https://www.saucedemo.com/inventory.html'

2023-08-30 20:31:55 - [TEST_STEP][PASSED] - maximizeWindow(): Current window maximized

2023-08-30 20:31:55 - [MESSAGE][PASSED] - Current window maximized

2023-08-30 20:31:55 - [TEST_STEP][PASSED] - verifyElementPresent(findTestObject("1. Login/halaman home swag labs"), 0): Object 'Object Repository/1. Login/halaman home swag labs' is present

2023-08-30 20:31:55 - [MESSAGE][WARNING] - Timeout '0' is invalid. Using default page load timeout: '30'

2023-08-30 20:31:56 - [MESSAGE][PASSED] - Object 'Object Repository/1. Login/halaman home swag labs' is present

2023-08-30 20:31:56 - [TEST_STEP][PASSED] - setText(findTestObject("1. Login/input username"), username): Text 'standard_user' is set on object 'Object Repository/1. Login/input username'

2023-08-30 20:31:57 - [MESSAGE][PASSED] - Text 'standard_user' is set on object 'Object Repository/1. Login/input username'

2023-08-30 20:31:57 - [TEST_STEP][PASSED] - setEncryptedText(findTestObject("1. Login/input password"), password): Text ****** has been set on object 'Object Repository/1. Login/input password'

2023-08-30 20:31:57 - [MESSAGE][PASSED] - Text ****** has been set on object 'Object Repository/1. Login/input password'

2023-08-30 20:31:57 - [TEST_STEP][PASSED] - click(findTestObject("1. Login/button Login")): Object: 'Object Repository/1. Login/button Login' is clicked on

2023-08-30 20:31:58 - [MESSAGE][PASSED] - Object: 'Object Repository/1. Login/button Login' is clicked on

2023-08-30 20:31:58 - [TEST_STEP][PASSED] - verifyElementText(findTestObject("1. Login/home product atau halaman Swag Labs"), "Swag Labs"): Actual text and expected text of test object 'Object Repository/1. Login/home product atau halaman Swag Labs' are matched.

2023-08-30 20:31:59 - [MESSAGE][PASSED] - Actual text and expected text of test object 'Object Repository/1. Login/home product atau halaman Swag Labs' are matched.

2023-08-30 20:31:59 - [MESSAGE][PASSED] - Call Test Case 'Test Cases/1. login/TC-Login-Success-001' successfully

2023-08-30 20:31:59 - [MESSAGE][PASSED] - Call Test Case 'Test Cases/2. Products/TC-Product-Show-001' successfully

2023-08-30 20:31:59 - [TEST_STEP][PASSED] - click(findTestObject("Products/button_Add to cart 1")): Object: 'Object Repository/Products/button_Add to cart 1' is clicked on

2023-08-30 20:31:59 - [MESSAGE][PASSED] - Object: 'Object Repository/Products/button_Add to cart 1' is clicked on

2023-08-30 20:31:59 - [TEST_STEP][PASSED] - verifyElementPresent(findTestObject("Products/shopping cart 1"), 0): Object 'Object Repository/Products/shopping cart 1' is present

2023-08-30 20:31:59 - [MESSAGE][WARNING] - Timeout '0' is invalid. Using default page load timeout: '30'

2023-08-30 20:32:00 - [MESSAGE][PASSED] - Object 'Object Repository/Products/shopping cart 1' is present

2023-08-30 20:32:00 - [TEST_STEP][PASSED] - namaProduk = getText(findTestObject("Products/div_Sauce Labs Backpack")): Text of object 'Object Repository/Products/div_Sauce Labs Backpack' is: 'Sauce Labs Backpack'

2023-08-30 20:32:00 - [MESSAGE][PASSED] - Text of object 'Object Repository/Products/div_Sauce Labs Backpack' is: 'Sauce Labs Backpack'

2023-08-30 20:32:00 - [TEST_STEP][PASSED] - deskripsi = getText(findTestObject("Products/deskripsi")): Text of object 'Object Repository/Products/deskripsi' is: 'carry.allTheThings() with the sleek, streamlined Sly Pack that melds uncompromising style with unequaled laptop and tablet protection.'

2023-08-30 20:32:01 - [MESSAGE][PASSED] - Text of object 'Object Repository/Products/deskripsi' is: 'carry.allTheThings() with the sleek, streamlined Sly Pack that melds uncompromising style with unequaled laptop and tablet protection.'

2023-08-30 20:32:01 - [TEST_STEP][PASSED] - price = getText(findTestObject("Products/harga produk 1")): Text of object 'Object Repository/Products/harga produk 1' is: '$29.99'

2023-08-30 20:32:01 - [MESSAGE][PASSED] - Text of object 'Object Repository/Products/harga produk 1' is: '$29.99'

2023-08-30 20:32:01 - [TEST_STEP][PASSED] - assert trim().equalsIgnoreCase(produkName.trim()): null

2023-08-30 20:32:01 - [TEST_STEP][PASSED] - assert trim().equalsIgnoreCase(deskripsi.trim()): null

2023-08-30 20:32:01 - [TEST_STEP][PASSED] - assert trim().equalsIgnoreCase(price.trim()): null

2023-08-30 20:32:01 - [TEST_STEP][PASSED] - dataProduk = new java.util.HashMap(): null

2023-08-30 20:32:01 - [TEST_STEP][PASSED] - dataProduk.put("namaProduk", namaProduk): null

2023-08-30 20:32:01 - [TEST_STEP][PASSED] - dataProduk.put("deskripsi", deskripsi): null

2023-08-30 20:32:01 - [TEST_STEP][PASSED] - dataProduk.put("price", price): null

2023-08-30 20:32:01 - [TEST_STEP][PASSED] - return dataProduk: null

2023-08-30 20:32:01 - [MESSAGE][PASSED] - Call Test Case 'Test Cases/2. Products/TC-Product-AddCart-001' successfully

2023-08-30 20:32:01 - [TEST_STEP][PASSED] - produk = dataCart1.get("namaProduk"): null

2023-08-30 20:32:01 - [TEST_STEP][PASSED] - Deskripsi = dataCart1.get("deskripsi"): null

2023-08-30 20:32:01 - [TEST_STEP][PASSED] - harga = dataCart1.get("price"): null

2023-08-30 20:32:01 - [TEST_STEP][PASSED] - click(findTestObject("Products/button_Add to cart")): Object: 'Object Repository/Products/button_Add to cart' is clicked on

2023-08-30 20:32:01 - [MESSAGE][PASSED] - Object: 'Object Repository/Products/button_Add to cart' is clicked on

2023-08-30 20:32:01 - [TEST_STEP][PASSED] - namaProduk = getText(findTestObject("Object Repository/Products/nama produk 2")): Text of object 'Object Repository/Products/nama produk 2' is: 'Sauce Labs Bike Light'

2023-08-30 20:32:02 - [MESSAGE][PASSED] - Text of object 'Object Repository/Products/nama produk 2' is: 'Sauce Labs Bike Light'

2023-08-30 20:32:02 - [TEST_STEP][PASSED] - deskripsi = getText(findTestObject("Object Repository/Products/deskripsi produk 2")): Text of object 'Object Repository/Products/deskripsi produk 2' is: 'A red light isn't the desired state in testing but it sure helps when riding your bike at night. Water-resistant with 3 lighting modes, 1 AAA battery included.'

2023-08-30 20:32:02 - [MESSAGE][PASSED] - Text of object 'Object Repository/Products/deskripsi produk 2' is: 'A red light isn't the desired state in testing but it sure helps when riding your bike at night. Water-resistant with 3 lighting modes, 1 AAA battery included.'

2023-08-30 20:32:02 - [TEST_STEP][PASSED] - Harga = getText(findTestObject("Object Repository/Products/harga produk 2")): Text of object 'Object Repository/Products/harga produk 2' is: '$9.99'

2023-08-30 20:32:03 - [MESSAGE][PASSED] - Text of object 'Object Repository/Products/harga produk 2' is: '$9.99'

2023-08-30 20:32:03 - [TEST_STEP][PASSED] - NamaProduk = []: null

2023-08-30 20:32:03 - [TEST_STEP][PASSED] - deskripsiProduk = []: null

2023-08-30 20:32:03 - [TEST_STEP][PASSED] - hargaBarang = []: null

2023-08-30 20:32:03 - [TEST_STEP][PASSED] - for ([i = 0, i < 2, (i++)]): null

2023-08-30 20:32:03 - [TEST_STEP][PASSED] - NamaProduk[0] = produk: null

2023-08-30 20:32:03 - [TEST_STEP][PASSED] - NamaProduk[1] = namaProduk: null

2023-08-30 20:32:03 - [TEST_STEP][PASSED] - deskripsiProduk[0] = Deskripsi: null

2023-08-30 20:32:03 - [TEST_STEP][PASSED] - deskripsiProduk[1] = deskripsi: null

2023-08-30 20:32:03 - [TEST_STEP][PASSED] - hargaBarang[0] = harga: null

2023-08-30 20:32:03 - [TEST_STEP][PASSED] - hargaBarang[1] = Harga: null

2023-08-30 20:32:03 - [TEST_STEP][PASSED] - NamaProduk[0] = produk: null

2023-08-30 20:32:03 - [TEST_STEP][PASSED] - NamaProduk[1] = namaProduk: null

2023-08-30 20:32:03 - [TEST_STEP][PASSED] - deskripsiProduk[0] = Deskripsi: null

2023-08-30 20:32:03 - [TEST_STEP][PASSED] - deskripsiProduk[1] = deskripsi: null

2023-08-30 20:32:03 - [TEST_STEP][PASSED] - hargaBarang[0] = harga: null

2023-08-30 20:32:03 - [TEST_STEP][PASSED] - hargaBarang[1] = Harga: null

2023-08-30 20:32:03 - [TEST_STEP][PASSED] - dataProduk2 = new java.util.HashMap(): null

2023-08-30 20:32:03 - [TEST_STEP][PASSED] - dataProduk2.put("NamaProduk2", NamaProduk): null

2023-08-30 20:32:03 - [TEST_STEP][PASSED] - dataProduk2.put("deskripsiProduk2", deskripsiProduk): null

2023-08-30 20:32:03 - [TEST_STEP][PASSED] - dataProduk2.put("hargaBarang2", hargaBarang): null

2023-08-30 20:32:03 - [TEST_STEP][PASSED] - return dataProduk2: null

2023-08-30 20:32:03 - [MESSAGE][PASSED] - Call Test Case 'Test Cases/2. Products/TC-Product-AddCart-002' successfully

2023-08-30 20:32:03 - [TEST_STEP][PASSED] - nmProduk = dataProduk2.get("NamaProduk2"): null

2023-08-30 20:32:03 - [TEST_STEP][PASSED] - desc = dataProduk2.get("deskripsiProduk2"): null

2023-08-30 20:32:03 - [TEST_STEP][PASSED] - Price = dataProduk2.get("hargaBarang2"): null

2023-08-30 20:32:03 - [TEST_STEP][PASSED] - click(findTestObject("keranjang/keranjang belanja")): Object: 'Object Repository/keranjang/keranjang belanja' is clicked on

2023-08-30 20:32:03 - [MESSAGE][PASSED] - Object: 'Object Repository/keranjang/keranjang belanja' is clicked on

2023-08-30 20:32:03 - [TEST_STEP][PASSED] - verifyElementPresent(findTestObject("keranjang/div_Your Cart"), 0): Object 'Object Repository/keranjang/div_Your Cart' is present

2023-08-30 20:32:04 - [MESSAGE][WARNING] - Timeout '0' is invalid. Using default page load timeout: '30'

2023-08-30 20:32:04 - [MESSAGE][PASSED] - Object 'Object Repository/keranjang/div_Your Cart' is present

2023-08-30 20:32:04 - [TEST_STEP][PASSED] - NamaProdukList = findWebElements(findTestObject("Object Repository/keranjang/nama semua produk(keranjang)"), 5): null

2023-08-30 20:32:04 - [TEST_STEP][PASSED] - DescProdukList = findWebElements(findTestObject("Object Repository/keranjang/desc semua produk"), 5): null

2023-08-30 20:32:05 - [TEST_STEP][PASSED] - hargaProdukList = findWebElements(findTestObject("Object Repository/keranjang/harga semua produk"), 5): null

2023-08-30 20:32:05 - [TEST_STEP][PASSED] - nmProdukOri = new java.util.ArrayList(): null

2023-08-30 20:32:05 - [TEST_STEP][PASSED] - descProdukOri = new java.util.ArrayList(): null

2023-08-30 20:32:05 - [TEST_STEP][PASSED] - hargaProdukOri = new java.util.ArrayList(): null

2023-08-30 20:32:05 - [TEST_STEP][PASSED] - for ([i = 0, i < NamaProdukList.size(), (i++)]): null

2023-08-30 20:32:05 - [TEST_STEP][PASSED] - namaText = text.trim(): null

2023-08-30 20:32:05 - [TEST_STEP][PASSED] - descText = text.trim(): null

2023-08-30 20:32:05 - [TEST_STEP][PASSED] - hargaText = text.trim(): null

2023-08-30 20:32:05 - [TEST_STEP][PASSED] - nmProdukOri.add(namaText): null

2023-08-30 20:32:05 - [TEST_STEP][PASSED] - descProdukOri.add(descText): null

2023-08-30 20:32:05 - [TEST_STEP][PASSED] - hargaProdukOri.add(hargaText): null

2023-08-30 20:32:05 - [TEST_STEP][PASSED] - namaText = text.trim(): null

2023-08-30 20:32:05 - [TEST_STEP][PASSED] - descText = text.trim(): null

2023-08-30 20:32:05 - [TEST_STEP][PASSED] - hargaText = text.trim(): null

2023-08-30 20:32:05 - [TEST_STEP][PASSED] - nmProdukOri.add(namaText): null

2023-08-30 20:32:05 - [TEST_STEP][PASSED] - descProdukOri.add(descText): null

2023-08-30 20:32:05 - [TEST_STEP][PASSED] - hargaProdukOri.add(hargaText): null

2023-08-30 20:32:05 - [TEST_STEP][PASSED] - assert nmProduk == nmProdukOri: null

2023-08-30 20:32:05 - [TEST_STEP][PASSED] - assert desc == descProdukOri: null

2023-08-30 20:32:05 - [TEST_STEP][PASSED] - assert Price == hargaProdukOri: null

2023-08-30 20:32:05 - [TEST_STEP][PASSED] - return dataProduk2: null]]></system-out>
         <system-err><![CDATA[]]></system-err>
      </testcase>
      <testcase name="Test Cases/4. keranjang/TC-Cart-Remove-001" time="17.199" classname="Test Cases/4. keranjang/TC-Cart-Remove-001" status="PASSED">
         <system-out><![CDATA[2023-08-30 20:32:05 - [TEST_CASE][PASSED] - Test Cases/4. keranjang/TC-Cart-Remove-001: Test Cases/4. keranjang/TC-Cart-Remove-001

2023-08-30 20:32:06 - [TEST_STEP][PASSED] - callTestCase(findTestCase("4. keranjang/TC-Cart-Show-002"), [:], STOP_ON_FAILURE): Call Test Case 'Test Cases/4. keranjang/TC-Cart-Show-002' successfully

2023-08-30 20:32:06 - [TEST_CASE][PASSED] - Test Cases/4. keranjang/TC-Cart-Show-002: Test Cases/4. keranjang/TC-Cart-Show-002

2023-08-30 20:32:06 - [TEST_STEP][PASSED] - dataProduk = callTestCase(findTestCase("2. Products/TC-Product-AddCart-001"), [:], STOP_ON_FAILURE): Call Test Case 'Test Cases/2. Products/TC-Product-AddCart-001' successfully

2023-08-30 20:32:06 - [TEST_CASE][PASSED] - Test Cases/2. Products/TC-Product-AddCart-001: Test Cases/2. Products/TC-Product-AddCart-001

2023-08-30 20:32:07 - [TEST_STEP][PASSED] - callTestCase(findTestCase("2. Products/TC-Product-Show-001"), [:], STOP_ON_FAILURE): Call Test Case 'Test Cases/2. Products/TC-Product-Show-001' successfully

2023-08-30 20:32:07 - [TEST_CASE][PASSED] - Test Cases/2. Products/TC-Product-Show-001: Test Cases/2. Products/TC-Product-Show-001

2023-08-30 20:32:07 - [TEST_STEP][PASSED] - callTestCase(findTestCase("1. login/TC-Login-Success-001"), [:], STOP_ON_FAILURE): Call Test Case 'Test Cases/1. login/TC-Login-Success-001' successfully

2023-08-30 20:32:07 - [TEST_CASE][PASSED] - Test Cases/1. login/TC-Login-Success-001: Test Cases/1. login/TC-Login-Success-001

2023-08-30 20:32:07 - [TEST_STEP][PASSED] - openBrowser(web): Browser is opened with url: 'https://www.saucedemo.com/inventory.html'

2023-08-30 20:32:07 - [MESSAGE][WARNING] - A browser is already opened. Closing browser and opening a new one

2023-08-30 20:32:08 - [MESSAGE][INFO] - Starting 'Edge Chromium' driver

2023-08-30 20:32:10 - [MESSAGE][INFO] - Action delay is set to 0 milliseconds

2023-08-30 20:32:12 - [MESSAGE][PASSED] - Browser is opened with url: 'https://www.saucedemo.com/inventory.html'

2023-08-30 20:32:12 - [TEST_STEP][PASSED] - maximizeWindow(): Current window maximized

2023-08-30 20:32:12 - [MESSAGE][PASSED] - Current window maximized

2023-08-30 20:32:12 - [TEST_STEP][PASSED] - verifyElementPresent(findTestObject("1. Login/halaman home swag labs"), 0): Object 'Object Repository/1. Login/halaman home swag labs' is present

2023-08-30 20:32:13 - [MESSAGE][WARNING] - Timeout '0' is invalid. Using default page load timeout: '30'

2023-08-30 20:32:13 - [MESSAGE][PASSED] - Object 'Object Repository/1. Login/halaman home swag labs' is present

2023-08-30 20:32:13 - [TEST_STEP][PASSED] - setText(findTestObject("1. Login/input username"), username): Text 'standard_user' is set on object 'Object Repository/1. Login/input username'

2023-08-30 20:32:14 - [MESSAGE][PASSED] - Text 'standard_user' is set on object 'Object Repository/1. Login/input username'

2023-08-30 20:32:14 - [TEST_STEP][PASSED] - setEncryptedText(findTestObject("1. Login/input password"), password): Text ****** has been set on object 'Object Repository/1. Login/input password'

2023-08-30 20:32:15 - [MESSAGE][PASSED] - Text ****** has been set on object 'Object Repository/1. Login/input password'

2023-08-30 20:32:15 - [TEST_STEP][PASSED] - click(findTestObject("1. Login/button Login")): Object: 'Object Repository/1. Login/button Login' is clicked on

2023-08-30 20:32:16 - [MESSAGE][PASSED] - Object: 'Object Repository/1. Login/button Login' is clicked on

2023-08-30 20:32:16 - [TEST_STEP][PASSED] - verifyElementText(findTestObject("1. Login/home product atau halaman Swag Labs"), "Swag Labs"): Actual text and expected text of test object 'Object Repository/1. Login/home product atau halaman Swag Labs' are matched.

2023-08-30 20:32:16 - [MESSAGE][PASSED] - Actual text and expected text of test object 'Object Repository/1. Login/home product atau halaman Swag Labs' are matched.

2023-08-30 20:32:16 - [MESSAGE][PASSED] - Call Test Case 'Test Cases/1. login/TC-Login-Success-001' successfully

2023-08-30 20:32:16 - [MESSAGE][PASSED] - Call Test Case 'Test Cases/2. Products/TC-Product-Show-001' successfully

2023-08-30 20:32:16 - [TEST_STEP][PASSED] - click(findTestObject("Products/button_Add to cart 1")): Object: 'Object Repository/Products/button_Add to cart 1' is clicked on

2023-08-30 20:32:17 - [MESSAGE][PASSED] - Object: 'Object Repository/Products/button_Add to cart 1' is clicked on

2023-08-30 20:32:17 - [TEST_STEP][PASSED] - verifyElementPresent(findTestObject("Products/shopping cart 1"), 0): Object 'Object Repository/Products/shopping cart 1' is present

2023-08-30 20:32:17 - [MESSAGE][WARNING] - Timeout '0' is invalid. Using default page load timeout: '30'

2023-08-30 20:32:17 - [MESSAGE][PASSED] - Object 'Object Repository/Products/shopping cart 1' is present

2023-08-30 20:32:17 - [TEST_STEP][PASSED] - namaProduk = getText(findTestObject("Products/div_Sauce Labs Backpack")): Text of object 'Object Repository/Products/div_Sauce Labs Backpack' is: 'Sauce Labs Backpack'

2023-08-30 20:32:18 - [MESSAGE][PASSED] - Text of object 'Object Repository/Products/div_Sauce Labs Backpack' is: 'Sauce Labs Backpack'

2023-08-30 20:32:18 - [TEST_STEP][PASSED] - deskripsi = getText(findTestObject("Products/deskripsi")): Text of object 'Object Repository/Products/deskripsi' is: 'carry.allTheThings() with the sleek, streamlined Sly Pack that melds uncompromising style with unequaled laptop and tablet protection.'

2023-08-30 20:32:18 - [MESSAGE][PASSED] - Text of object 'Object Repository/Products/deskripsi' is: 'carry.allTheThings() with the sleek, streamlined Sly Pack that melds uncompromising style with unequaled laptop and tablet protection.'

2023-08-30 20:32:18 - [TEST_STEP][PASSED] - price = getText(findTestObject("Products/harga produk 1")): Text of object 'Object Repository/Products/harga produk 1' is: '$29.99'

2023-08-30 20:32:19 - [MESSAGE][PASSED] - Text of object 'Object Repository/Products/harga produk 1' is: '$29.99'

2023-08-30 20:32:19 - [TEST_STEP][PASSED] - assert trim().equalsIgnoreCase(produkName.trim()): null

2023-08-30 20:32:19 - [TEST_STEP][PASSED] - assert trim().equalsIgnoreCase(deskripsi.trim()): null

2023-08-30 20:32:19 - [TEST_STEP][PASSED] - assert trim().equalsIgnoreCase(price.trim()): null

2023-08-30 20:32:19 - [TEST_STEP][PASSED] - dataProduk = new java.util.HashMap(): null

2023-08-30 20:32:19 - [TEST_STEP][PASSED] - dataProduk.put("namaProduk", namaProduk): null

2023-08-30 20:32:19 - [TEST_STEP][PASSED] - dataProduk.put("deskripsi", deskripsi): null

2023-08-30 20:32:19 - [TEST_STEP][PASSED] - dataProduk.put("price", price): null

2023-08-30 20:32:19 - [TEST_STEP][PASSED] - return dataProduk: null

2023-08-30 20:32:19 - [MESSAGE][PASSED] - Call Test Case 'Test Cases/2. Products/TC-Product-AddCart-001' successfully

2023-08-30 20:32:19 - [TEST_STEP][PASSED] - produk = dataProduk.get("namaProduk"): null

2023-08-30 20:32:19 - [TEST_STEP][PASSED] - Deskripsi = dataProduk.get("deskripsi"): null

2023-08-30 20:32:19 - [TEST_STEP][PASSED] - price = dataProduk.get("price"): null

2023-08-30 20:32:19 - [TEST_STEP][PASSED] - click(findTestObject("keranjang/keranjang belanja")): Object: 'Object Repository/keranjang/keranjang belanja' is clicked on

2023-08-30 20:32:19 - [MESSAGE][PASSED] - Object: 'Object Repository/keranjang/keranjang belanja' is clicked on

2023-08-30 20:32:19 - [TEST_STEP][PASSED] - verifyElementPresent(findTestObject("keranjang/div_Your Cart"), 0): Object 'Object Repository/keranjang/div_Your Cart' is present

2023-08-30 20:32:20 - [MESSAGE][WARNING] - Timeout '0' is invalid. Using default page load timeout: '30'

2023-08-30 20:32:20 - [MESSAGE][PASSED] - Object 'Object Repository/keranjang/div_Your Cart' is present

2023-08-30 20:32:20 - [TEST_STEP][PASSED] - namaProduk = getText(findTestObject("Object Repository/keranjang/nama produk")): Text of object 'Object Repository/keranjang/nama produk' is: 'Sauce Labs Backpack'

2023-08-30 20:32:20 - [MESSAGE][PASSED] - Text of object 'Object Repository/keranjang/nama produk' is: 'Sauce Labs Backpack'

2023-08-30 20:32:20 - [TEST_STEP][PASSED] - deskripsi = getText(findTestObject("Object Repository/keranjang/deskripsi")): Text of object 'Object Repository/keranjang/deskripsi' is: 'carry.allTheThings() with the sleek, streamlined Sly Pack that melds uncompromising style with unequaled laptop and tablet protection.'

2023-08-30 20:32:21 - [MESSAGE][PASSED] - Text of object 'Object Repository/keranjang/deskripsi' is: 'carry.allTheThings() with the sleek, streamlined Sly Pack that melds uncompromising style with unequaled laptop and tablet protection.'

2023-08-30 20:32:21 - [TEST_STEP][PASSED] - harga = getText(findTestObject("Object Repository/keranjang/harga")): Text of object 'Object Repository/keranjang/harga' is: '$29.99'

2023-08-30 20:32:21 - [MESSAGE][PASSED] - Text of object 'Object Repository/keranjang/harga' is: '$29.99'

2023-08-30 20:32:21 - [TEST_STEP][PASSED] - assert trim().equalsIgnoreCase(produk.trim()): null

2023-08-30 20:32:21 - [TEST_STEP][PASSED] - assert trim().equalsIgnoreCase(Deskripsi.trim()): null

2023-08-30 20:32:21 - [TEST_STEP][PASSED] - assert trim().equalsIgnoreCase(price.trim()): null

2023-08-30 20:32:21 - [TEST_STEP][PASSED] - dataKeranjang = new java.util.HashMap(): null

2023-08-30 20:32:21 - [TEST_STEP][PASSED] - dataKeranjang.put("namaProduk", namaProduk): null

2023-08-30 20:32:21 - [TEST_STEP][PASSED] - dataKeranjang.put("deskripsi", deskripsi): null

2023-08-30 20:32:21 - [TEST_STEP][PASSED] - dataKeranjang.put("harga", harga): null

2023-08-30 20:32:21 - [TEST_STEP][PASSED] - return dataKeranjang: null

2023-08-30 20:32:21 - [MESSAGE][PASSED] - Call Test Case 'Test Cases/4. keranjang/TC-Cart-Show-002' successfully

2023-08-30 20:32:21 - [TEST_STEP][PASSED] - click(findTestObject("keranjang/button_Remove")): Object: 'Object Repository/keranjang/button_Remove' is clicked on

2023-08-30 20:32:22 - [MESSAGE][PASSED] - Object: 'Object Repository/keranjang/button_Remove' is clicked on

2023-08-30 20:32:22 - [TEST_STEP][PASSED] - verifyElementNotPresent(findTestObject("keranjang/jumlah di keranjang"), 0): Web element with id: 'Object Repository/keranjang/jumlah di keranjang' located by 'By.xpath: //div[@id='shopping_cart_container']/a/span' is not present after '30' second(s)

2023-08-30 20:32:22 - [MESSAGE][WARNING] - Timeout '0' is invalid. Using default page load timeout: '30'

2023-08-30 20:32:23 - [MESSAGE][PASSED] - Web element with id: 'Object Repository/keranjang/jumlah di keranjang' located by 'By.xpath: //div[@id='shopping_cart_container']/a/span' is not present after '30' second(s)]]></system-out>
         <system-err><![CDATA[]]></system-err>
      </testcase>
      <testcase name="Test Cases/4. keranjang/TC-Cart-Nav-001" time="16.557" classname="Test Cases/4. keranjang/TC-Cart-Nav-001" status="PASSED">
         <system-out><![CDATA[2023-08-30 20:32:23 - [TEST_CASE][PASSED] - Test Cases/4. keranjang/TC-Cart-Nav-001: Test Cases/4. keranjang/TC-Cart-Nav-001

2023-08-30 20:32:24 - [TEST_STEP][PASSED] - callTestCase(findTestCase("4. keranjang/TC-Cart-Show-002"), [:], STOP_ON_FAILURE): Call Test Case 'Test Cases/4. keranjang/TC-Cart-Show-002' successfully

2023-08-30 20:32:24 - [TEST_CASE][PASSED] - Test Cases/4. keranjang/TC-Cart-Show-002: Test Cases/4. keranjang/TC-Cart-Show-002

2023-08-30 20:32:24 - [TEST_STEP][PASSED] - dataProduk = callTestCase(findTestCase("2. Products/TC-Product-AddCart-001"), [:], STOP_ON_FAILURE): Call Test Case 'Test Cases/2. Products/TC-Product-AddCart-001' successfully

2023-08-30 20:32:24 - [TEST_CASE][PASSED] - Test Cases/2. Products/TC-Product-AddCart-001: Test Cases/2. Products/TC-Product-AddCart-001

2023-08-30 20:32:24 - [TEST_STEP][PASSED] - callTestCase(findTestCase("2. Products/TC-Product-Show-001"), [:], STOP_ON_FAILURE): Call Test Case 'Test Cases/2. Products/TC-Product-Show-001' successfully

2023-08-30 20:32:24 - [TEST_CASE][PASSED] - Test Cases/2. Products/TC-Product-Show-001: Test Cases/2. Products/TC-Product-Show-001

2023-08-30 20:32:24 - [TEST_STEP][PASSED] - callTestCase(findTestCase("1. login/TC-Login-Success-001"), [:], STOP_ON_FAILURE): Call Test Case 'Test Cases/1. login/TC-Login-Success-001' successfully

2023-08-30 20:32:24 - [TEST_CASE][PASSED] - Test Cases/1. login/TC-Login-Success-001: Test Cases/1. login/TC-Login-Success-001

2023-08-30 20:32:24 - [TEST_STEP][PASSED] - openBrowser(web): Browser is opened with url: 'https://www.saucedemo.com/inventory.html'

2023-08-30 20:32:24 - [MESSAGE][WARNING] - A browser is already opened. Closing browser and opening a new one

2023-08-30 20:32:25 - [MESSAGE][INFO] - Starting 'Edge Chromium' driver

2023-08-30 20:32:27 - [MESSAGE][INFO] - Action delay is set to 0 milliseconds

2023-08-30 20:32:29 - [MESSAGE][PASSED] - Browser is opened with url: 'https://www.saucedemo.com/inventory.html'

2023-08-30 20:32:29 - [TEST_STEP][PASSED] - maximizeWindow(): Current window maximized

2023-08-30 20:32:29 - [MESSAGE][PASSED] - Current window maximized

2023-08-30 20:32:29 - [TEST_STEP][PASSED] - verifyElementPresent(findTestObject("1. Login/halaman home swag labs"), 0): Object 'Object Repository/1. Login/halaman home swag labs' is present

2023-08-30 20:32:30 - [MESSAGE][WARNING] - Timeout '0' is invalid. Using default page load timeout: '30'

2023-08-30 20:32:30 - [MESSAGE][PASSED] - Object 'Object Repository/1. Login/halaman home swag labs' is present

2023-08-30 20:32:30 - [TEST_STEP][PASSED] - setText(findTestObject("1. Login/input username"), username): Text 'standard_user' is set on object 'Object Repository/1. Login/input username'

2023-08-30 20:32:31 - [MESSAGE][PASSED] - Text 'standard_user' is set on object 'Object Repository/1. Login/input username'

2023-08-30 20:32:31 - [TEST_STEP][PASSED] - setEncryptedText(findTestObject("1. Login/input password"), password): Text ****** has been set on object 'Object Repository/1. Login/input password'

2023-08-30 20:32:31 - [MESSAGE][PASSED] - Text ****** has been set on object 'Object Repository/1. Login/input password'

2023-08-30 20:32:31 - [TEST_STEP][PASSED] - click(findTestObject("1. Login/button Login")): Object: 'Object Repository/1. Login/button Login' is clicked on

2023-08-30 20:32:32 - [MESSAGE][PASSED] - Object: 'Object Repository/1. Login/button Login' is clicked on

2023-08-30 20:32:32 - [TEST_STEP][PASSED] - verifyElementText(findTestObject("1. Login/home product atau halaman Swag Labs"), "Swag Labs"): Actual text and expected text of test object 'Object Repository/1. Login/home product atau halaman Swag Labs' are matched.

2023-08-30 20:32:32 - [MESSAGE][PASSED] - Actual text and expected text of test object 'Object Repository/1. Login/home product atau halaman Swag Labs' are matched.

2023-08-30 20:32:32 - [MESSAGE][PASSED] - Call Test Case 'Test Cases/1. login/TC-Login-Success-001' successfully

2023-08-30 20:32:32 - [MESSAGE][PASSED] - Call Test Case 'Test Cases/2. Products/TC-Product-Show-001' successfully

2023-08-30 20:32:32 - [TEST_STEP][PASSED] - click(findTestObject("Products/button_Add to cart 1")): Object: 'Object Repository/Products/button_Add to cart 1' is clicked on

2023-08-30 20:32:33 - [MESSAGE][PASSED] - Object: 'Object Repository/Products/button_Add to cart 1' is clicked on

2023-08-30 20:32:33 - [TEST_STEP][PASSED] - verifyElementPresent(findTestObject("Products/shopping cart 1"), 0): Object 'Object Repository/Products/shopping cart 1' is present

2023-08-30 20:32:33 - [MESSAGE][WARNING] - Timeout '0' is invalid. Using default page load timeout: '30'

2023-08-30 20:32:33 - [MESSAGE][PASSED] - Object 'Object Repository/Products/shopping cart 1' is present

2023-08-30 20:32:33 - [TEST_STEP][PASSED] - namaProduk = getText(findTestObject("Products/div_Sauce Labs Backpack")): Text of object 'Object Repository/Products/div_Sauce Labs Backpack' is: 'Sauce Labs Backpack'

2023-08-30 20:32:34 - [MESSAGE][PASSED] - Text of object 'Object Repository/Products/div_Sauce Labs Backpack' is: 'Sauce Labs Backpack'

2023-08-30 20:32:34 - [TEST_STEP][PASSED] - deskripsi = getText(findTestObject("Products/deskripsi")): Text of object 'Object Repository/Products/deskripsi' is: 'carry.allTheThings() with the sleek, streamlined Sly Pack that melds uncompromising style with unequaled laptop and tablet protection.'

2023-08-30 20:32:35 - [MESSAGE][PASSED] - Text of object 'Object Repository/Products/deskripsi' is: 'carry.allTheThings() with the sleek, streamlined Sly Pack that melds uncompromising style with unequaled laptop and tablet protection.'

2023-08-30 20:32:35 - [TEST_STEP][PASSED] - price = getText(findTestObject("Products/harga produk 1")): Text of object 'Object Repository/Products/harga produk 1' is: '$29.99'

2023-08-30 20:32:35 - [MESSAGE][PASSED] - Text of object 'Object Repository/Products/harga produk 1' is: '$29.99'

2023-08-30 20:32:35 - [TEST_STEP][PASSED] - assert trim().equalsIgnoreCase(produkName.trim()): null

2023-08-30 20:32:35 - [TEST_STEP][PASSED] - assert trim().equalsIgnoreCase(deskripsi.trim()): null

2023-08-30 20:32:35 - [TEST_STEP][PASSED] - assert trim().equalsIgnoreCase(price.trim()): null

2023-08-30 20:32:35 - [TEST_STEP][PASSED] - dataProduk = new java.util.HashMap(): null

2023-08-30 20:32:35 - [TEST_STEP][PASSED] - dataProduk.put("namaProduk", namaProduk): null

2023-08-30 20:32:35 - [TEST_STEP][PASSED] - dataProduk.put("deskripsi", deskripsi): null

2023-08-30 20:32:35 - [TEST_STEP][PASSED] - dataProduk.put("price", price): null

2023-08-30 20:32:35 - [TEST_STEP][PASSED] - return dataProduk: null

2023-08-30 20:32:35 - [MESSAGE][PASSED] - Call Test Case 'Test Cases/2. Products/TC-Product-AddCart-001' successfully

2023-08-30 20:32:35 - [TEST_STEP][PASSED] - produk = dataProduk.get("namaProduk"): null

2023-08-30 20:32:35 - [TEST_STEP][PASSED] - Deskripsi = dataProduk.get("deskripsi"): null

2023-08-30 20:32:35 - [TEST_STEP][PASSED] - price = dataProduk.get("price"): null

2023-08-30 20:32:35 - [TEST_STEP][PASSED] - click(findTestObject("keranjang/keranjang belanja")): Object: 'Object Repository/keranjang/keranjang belanja' is clicked on

2023-08-30 20:32:36 - [MESSAGE][PASSED] - Object: 'Object Repository/keranjang/keranjang belanja' is clicked on

2023-08-30 20:32:36 - [TEST_STEP][PASSED] - verifyElementPresent(findTestObject("keranjang/div_Your Cart"), 0): Object 'Object Repository/keranjang/div_Your Cart' is present

2023-08-30 20:32:36 - [MESSAGE][WARNING] - Timeout '0' is invalid. Using default page load timeout: '30'

2023-08-30 20:32:36 - [MESSAGE][PASSED] - Object 'Object Repository/keranjang/div_Your Cart' is present

2023-08-30 20:32:36 - [TEST_STEP][PASSED] - namaProduk = getText(findTestObject("Object Repository/keranjang/nama produk")): Text of object 'Object Repository/keranjang/nama produk' is: 'Sauce Labs Backpack'

2023-08-30 20:32:37 - [MESSAGE][PASSED] - Text of object 'Object Repository/keranjang/nama produk' is: 'Sauce Labs Backpack'

2023-08-30 20:32:37 - [TEST_STEP][PASSED] - deskripsi = getText(findTestObject("Object Repository/keranjang/deskripsi")): Text of object 'Object Repository/keranjang/deskripsi' is: 'carry.allTheThings() with the sleek, streamlined Sly Pack that melds uncompromising style with unequaled laptop and tablet protection.'

2023-08-30 20:32:37 - [MESSAGE][PASSED] - Text of object 'Object Repository/keranjang/deskripsi' is: 'carry.allTheThings() with the sleek, streamlined Sly Pack that melds uncompromising style with unequaled laptop and tablet protection.'

2023-08-30 20:32:37 - [TEST_STEP][PASSED] - harga = getText(findTestObject("Object Repository/keranjang/harga")): Text of object 'Object Repository/keranjang/harga' is: '$29.99'

2023-08-30 20:32:38 - [MESSAGE][PASSED] - Text of object 'Object Repository/keranjang/harga' is: '$29.99'

2023-08-30 20:32:38 - [TEST_STEP][PASSED] - assert trim().equalsIgnoreCase(produk.trim()): null

2023-08-30 20:32:38 - [TEST_STEP][PASSED] - assert trim().equalsIgnoreCase(Deskripsi.trim()): null

2023-08-30 20:32:38 - [TEST_STEP][PASSED] - assert trim().equalsIgnoreCase(price.trim()): null

2023-08-30 20:32:38 - [TEST_STEP][PASSED] - dataKeranjang = new java.util.HashMap(): null

2023-08-30 20:32:38 - [TEST_STEP][PASSED] - dataKeranjang.put("namaProduk", namaProduk): null

2023-08-30 20:32:38 - [TEST_STEP][PASSED] - dataKeranjang.put("deskripsi", deskripsi): null

2023-08-30 20:32:38 - [TEST_STEP][PASSED] - dataKeranjang.put("harga", harga): null

2023-08-30 20:32:38 - [TEST_STEP][PASSED] - return dataKeranjang: null

2023-08-30 20:32:38 - [MESSAGE][PASSED] - Call Test Case 'Test Cases/4. keranjang/TC-Cart-Show-002' successfully

2023-08-30 20:32:38 - [TEST_STEP][PASSED] - click(findTestObject("keranjang/button_Continue Shopping")): Object: 'Object Repository/keranjang/button_Continue Shopping' is clicked on

2023-08-30 20:32:39 - [MESSAGE][PASSED] - Object: 'Object Repository/keranjang/button_Continue Shopping' is clicked on

2023-08-30 20:32:39 - [TEST_STEP][PASSED] - verifyElementPresent(findTestObject("1. Login/home product atau halaman Swag Labs"), 0): Object 'Object Repository/1. Login/home product atau halaman Swag Labs' is present

2023-08-30 20:32:39 - [MESSAGE][WARNING] - Timeout '0' is invalid. Using default page load timeout: '30'

2023-08-30 20:32:39 - [MESSAGE][PASSED] - Object 'Object Repository/1. Login/home product atau halaman Swag Labs' is present]]></system-out>
         <system-err><![CDATA[]]></system-err>
      </testcase>
      <testcase name="Test Cases/4. keranjang/TC-Cart-Nav-002" time="20.61" classname="Test Cases/4. keranjang/TC-Cart-Nav-002" status="PASSED">
         <system-out><![CDATA[2023-08-30 20:32:39 - [TEST_CASE][PASSED] - Test Cases/4. keranjang/TC-Cart-Nav-002: Test Cases/4. keranjang/TC-Cart-Nav-002

2023-08-30 20:32:40 - [TEST_STEP][PASSED] - callTestCase(findTestCase("4. keranjang/TC-Cart-Show-002"), [:], STOP_ON_FAILURE): Call Test Case 'Test Cases/4. keranjang/TC-Cart-Show-002' successfully

2023-08-30 20:32:40 - [TEST_CASE][PASSED] - Test Cases/4. keranjang/TC-Cart-Show-002: Test Cases/4. keranjang/TC-Cart-Show-002

2023-08-30 20:32:40 - [TEST_STEP][PASSED] - dataProduk = callTestCase(findTestCase("2. Products/TC-Product-AddCart-001"), [:], STOP_ON_FAILURE): Call Test Case 'Test Cases/2. Products/TC-Product-AddCart-001' successfully

2023-08-30 20:32:40 - [TEST_CASE][PASSED] - Test Cases/2. Products/TC-Product-AddCart-001: Test Cases/2. Products/TC-Product-AddCart-001

2023-08-30 20:32:40 - [TEST_STEP][PASSED] - callTestCase(findTestCase("2. Products/TC-Product-Show-001"), [:], STOP_ON_FAILURE): Call Test Case 'Test Cases/2. Products/TC-Product-Show-001' successfully

2023-08-30 20:32:41 - [TEST_CASE][PASSED] - Test Cases/2. Products/TC-Product-Show-001: Test Cases/2. Products/TC-Product-Show-001

2023-08-30 20:32:41 - [TEST_STEP][PASSED] - callTestCase(findTestCase("1. login/TC-Login-Success-001"), [:], STOP_ON_FAILURE): Call Test Case 'Test Cases/1. login/TC-Login-Success-001' successfully

2023-08-30 20:32:41 - [TEST_CASE][PASSED] - Test Cases/1. login/TC-Login-Success-001: Test Cases/1. login/TC-Login-Success-001

2023-08-30 20:32:41 - [TEST_STEP][PASSED] - openBrowser(web): Browser is opened with url: 'https://www.saucedemo.com/inventory.html'

2023-08-30 20:32:41 - [MESSAGE][WARNING] - A browser is already opened. Closing browser and opening a new one

2023-08-30 20:32:41 - [MESSAGE][INFO] - Starting 'Edge Chromium' driver

2023-08-30 20:32:44 - [MESSAGE][INFO] - Action delay is set to 0 milliseconds

2023-08-30 20:32:46 - [MESSAGE][PASSED] - Browser is opened with url: 'https://www.saucedemo.com/inventory.html'

2023-08-30 20:32:46 - [TEST_STEP][PASSED] - maximizeWindow(): Current window maximized

2023-08-30 20:32:46 - [MESSAGE][PASSED] - Current window maximized

2023-08-30 20:32:46 - [TEST_STEP][PASSED] - verifyElementPresent(findTestObject("1. Login/halaman home swag labs"), 0): Object 'Object Repository/1. Login/halaman home swag labs' is present

2023-08-30 20:32:46 - [MESSAGE][WARNING] - Timeout '0' is invalid. Using default page load timeout: '30'

2023-08-30 20:32:47 - [MESSAGE][PASSED] - Object 'Object Repository/1. Login/halaman home swag labs' is present

2023-08-30 20:32:47 - [TEST_STEP][PASSED] - setText(findTestObject("1. Login/input username"), username): Text 'standard_user' is set on object 'Object Repository/1. Login/input username'

2023-08-30 20:32:48 - [MESSAGE][PASSED] - Text 'standard_user' is set on object 'Object Repository/1. Login/input username'

2023-08-30 20:32:48 - [TEST_STEP][PASSED] - setEncryptedText(findTestObject("1. Login/input password"), password): Text ****** has been set on object 'Object Repository/1. Login/input password'

2023-08-30 20:32:48 - [MESSAGE][PASSED] - Text ****** has been set on object 'Object Repository/1. Login/input password'

2023-08-30 20:32:48 - [TEST_STEP][PASSED] - click(findTestObject("1. Login/button Login")): Object: 'Object Repository/1. Login/button Login' is clicked on

2023-08-30 20:32:49 - [MESSAGE][PASSED] - Object: 'Object Repository/1. Login/button Login' is clicked on

2023-08-30 20:32:49 - [TEST_STEP][PASSED] - verifyElementText(findTestObject("1. Login/home product atau halaman Swag Labs"), "Swag Labs"): Actual text and expected text of test object 'Object Repository/1. Login/home product atau halaman Swag Labs' are matched.

2023-08-30 20:32:50 - [MESSAGE][PASSED] - Actual text and expected text of test object 'Object Repository/1. Login/home product atau halaman Swag Labs' are matched.

2023-08-30 20:32:50 - [MESSAGE][PASSED] - Call Test Case 'Test Cases/1. login/TC-Login-Success-001' successfully

2023-08-30 20:32:50 - [MESSAGE][PASSED] - Call Test Case 'Test Cases/2. Products/TC-Product-Show-001' successfully

2023-08-30 20:32:50 - [TEST_STEP][PASSED] - click(findTestObject("Products/button_Add to cart 1")): Object: 'Object Repository/Products/button_Add to cart 1' is clicked on

2023-08-30 20:32:51 - [MESSAGE][PASSED] - Object: 'Object Repository/Products/button_Add to cart 1' is clicked on

2023-08-30 20:32:51 - [TEST_STEP][PASSED] - verifyElementPresent(findTestObject("Products/shopping cart 1"), 0): Object 'Object Repository/Products/shopping cart 1' is present

2023-08-30 20:32:51 - [MESSAGE][WARNING] - Timeout '0' is invalid. Using default page load timeout: '30'

2023-08-30 20:32:51 - [MESSAGE][PASSED] - Object 'Object Repository/Products/shopping cart 1' is present

2023-08-30 20:32:51 - [TEST_STEP][PASSED] - namaProduk = getText(findTestObject("Products/div_Sauce Labs Backpack")): Text of object 'Object Repository/Products/div_Sauce Labs Backpack' is: 'Sauce Labs Backpack'

2023-08-30 20:32:52 - [MESSAGE][PASSED] - Text of object 'Object Repository/Products/div_Sauce Labs Backpack' is: 'Sauce Labs Backpack'

2023-08-30 20:32:52 - [TEST_STEP][PASSED] - deskripsi = getText(findTestObject("Products/deskripsi")): Text of object 'Object Repository/Products/deskripsi' is: 'carry.allTheThings() with the sleek, streamlined Sly Pack that melds uncompromising style with unequaled laptop and tablet protection.'

2023-08-30 20:32:52 - [MESSAGE][PASSED] - Text of object 'Object Repository/Products/deskripsi' is: 'carry.allTheThings() with the sleek, streamlined Sly Pack that melds uncompromising style with unequaled laptop and tablet protection.'

2023-08-30 20:32:52 - [TEST_STEP][PASSED] - price = getText(findTestObject("Products/harga produk 1")): Text of object 'Object Repository/Products/harga produk 1' is: '$29.99'

2023-08-30 20:32:53 - [MESSAGE][PASSED] - Text of object 'Object Repository/Products/harga produk 1' is: '$29.99'

2023-08-30 20:32:53 - [TEST_STEP][PASSED] - assert trim().equalsIgnoreCase(produkName.trim()): null

2023-08-30 20:32:53 - [TEST_STEP][PASSED] - assert trim().equalsIgnoreCase(deskripsi.trim()): null

2023-08-30 20:32:53 - [TEST_STEP][PASSED] - assert trim().equalsIgnoreCase(price.trim()): null

2023-08-30 20:32:53 - [TEST_STEP][PASSED] - dataProduk = new java.util.HashMap(): null

2023-08-30 20:32:53 - [TEST_STEP][PASSED] - dataProduk.put("namaProduk", namaProduk): null

2023-08-30 20:32:53 - [TEST_STEP][PASSED] - dataProduk.put("deskripsi", deskripsi): null

2023-08-30 20:32:53 - [TEST_STEP][PASSED] - dataProduk.put("price", price): null

2023-08-30 20:32:53 - [TEST_STEP][PASSED] - return dataProduk: null

2023-08-30 20:32:53 - [MESSAGE][PASSED] - Call Test Case 'Test Cases/2. Products/TC-Product-AddCart-001' successfully

2023-08-30 20:32:53 - [TEST_STEP][PASSED] - produk = dataProduk.get("namaProduk"): null

2023-08-30 20:32:53 - [TEST_STEP][PASSED] - Deskripsi = dataProduk.get("deskripsi"): null

2023-08-30 20:32:53 - [TEST_STEP][PASSED] - price = dataProduk.get("price"): null

2023-08-30 20:32:53 - [TEST_STEP][PASSED] - click(findTestObject("keranjang/keranjang belanja")): Object: 'Object Repository/keranjang/keranjang belanja' is clicked on

2023-08-30 20:32:53 - [MESSAGE][PASSED] - Object: 'Object Repository/keranjang/keranjang belanja' is clicked on

2023-08-30 20:32:53 - [TEST_STEP][PASSED] - verifyElementPresent(findTestObject("keranjang/div_Your Cart"), 0): Object 'Object Repository/keranjang/div_Your Cart' is present

2023-08-30 20:32:54 - [MESSAGE][WARNING] - Timeout '0' is invalid. Using default page load timeout: '30'

2023-08-30 20:32:54 - [MESSAGE][PASSED] - Object 'Object Repository/keranjang/div_Your Cart' is present

2023-08-30 20:32:54 - [TEST_STEP][PASSED] - namaProduk = getText(findTestObject("Object Repository/keranjang/nama produk")): Text of object 'Object Repository/keranjang/nama produk' is: 'Sauce Labs Backpack'

2023-08-30 20:32:54 - [MESSAGE][PASSED] - Text of object 'Object Repository/keranjang/nama produk' is: 'Sauce Labs Backpack'

2023-08-30 20:32:54 - [TEST_STEP][PASSED] - deskripsi = getText(findTestObject("Object Repository/keranjang/deskripsi")): Text of object 'Object Repository/keranjang/deskripsi' is: 'carry.allTheThings() with the sleek, streamlined Sly Pack that melds uncompromising style with unequaled laptop and tablet protection.'

2023-08-30 20:32:55 - [MESSAGE][PASSED] - Text of object 'Object Repository/keranjang/deskripsi' is: 'carry.allTheThings() with the sleek, streamlined Sly Pack that melds uncompromising style with unequaled laptop and tablet protection.'

2023-08-30 20:32:55 - [TEST_STEP][PASSED] - harga = getText(findTestObject("Object Repository/keranjang/harga")): Text of object 'Object Repository/keranjang/harga' is: '$29.99'

2023-08-30 20:32:56 - [MESSAGE][PASSED] - Text of object 'Object Repository/keranjang/harga' is: '$29.99'

2023-08-30 20:32:56 - [TEST_STEP][PASSED] - assert trim().equalsIgnoreCase(produk.trim()): null

2023-08-30 20:32:56 - [TEST_STEP][PASSED] - assert trim().equalsIgnoreCase(Deskripsi.trim()): null

2023-08-30 20:32:56 - [TEST_STEP][PASSED] - assert trim().equalsIgnoreCase(price.trim()): null

2023-08-30 20:32:56 - [TEST_STEP][PASSED] - dataKeranjang = new java.util.HashMap(): null

2023-08-30 20:32:56 - [TEST_STEP][PASSED] - dataKeranjang.put("namaProduk", namaProduk): null

2023-08-30 20:32:56 - [TEST_STEP][PASSED] - dataKeranjang.put("deskripsi", deskripsi): null

2023-08-30 20:32:56 - [TEST_STEP][PASSED] - dataKeranjang.put("harga", harga): null

2023-08-30 20:32:56 - [TEST_STEP][PASSED] - return dataKeranjang: null

2023-08-30 20:32:56 - [MESSAGE][PASSED] - Call Test Case 'Test Cases/4. keranjang/TC-Cart-Show-002' successfully

2023-08-30 20:32:56 - [TEST_STEP][PASSED] - nmPro = getText(findTestObject("Object Repository/keranjang/div_Sauce Labs Backpack")): Text of object 'Object Repository/keranjang/div_Sauce Labs Backpack' is: 'Sauce Labs Backpack'

2023-08-30 20:32:56 - [MESSAGE][PASSED] - Text of object 'Object Repository/keranjang/div_Sauce Labs Backpack' is: 'Sauce Labs Backpack'

2023-08-30 20:32:56 - [TEST_STEP][PASSED] - desc = getText(findTestObject("Object Repository/keranjang/desc produk 1 di keranjang")): Text of object 'Object Repository/keranjang/desc produk 1 di keranjang' is: 'carry.allTheThings() with the sleek, streamlined Sly Pack that melds uncompromising style with unequaled laptop and tablet protection.'

2023-08-30 20:32:57 - [MESSAGE][PASSED] - Text of object 'Object Repository/keranjang/desc produk 1 di keranjang' is: 'carry.allTheThings() with the sleek, streamlined Sly Pack that melds uncompromising style with unequaled laptop and tablet protection.'

2023-08-30 20:32:57 - [TEST_STEP][PASSED] - harga = getText(findTestObject("Object Repository/keranjang/harga produk 1 di keranjang")): Text of object 'Object Repository/keranjang/harga produk 1 di keranjang' is: '$29.99'

2023-08-30 20:32:57 - [MESSAGE][PASSED] - Text of object 'Object Repository/keranjang/harga produk 1 di keranjang' is: '$29.99'

2023-08-30 20:32:57 - [TEST_STEP][PASSED] - click(findTestObject("keranjang/nama produk 1")): Object: 'Object Repository/keranjang/nama produk 1' is clicked on

2023-08-30 20:32:58 - [MESSAGE][PASSED] - Object: 'Object Repository/keranjang/nama produk 1' is clicked on

2023-08-30 20:32:58 - [TEST_STEP][PASSED] - namaProduk = getText(findTestObject("Object Repository/keranjang/nm produk detail produk")): Text of object 'Object Repository/keranjang/nm produk detail produk' is: 'Sauce Labs Backpack'

2023-08-30 20:32:59 - [MESSAGE][PASSED] - Text of object 'Object Repository/keranjang/nm produk detail produk' is: 'Sauce Labs Backpack'

2023-08-30 20:32:59 - [TEST_STEP][PASSED] - desc = getText(findTestObject("Object Repository/keranjang/desc produk di detail produk")): Text of object 'Object Repository/keranjang/desc produk di detail produk' is: 'carry.allTheThings() with the sleek, streamlined Sly Pack that melds uncompromising style with unequaled laptop and tablet protection.'

2023-08-30 20:32:59 - [MESSAGE][PASSED] - Text of object 'Object Repository/keranjang/desc produk di detail produk' is: 'carry.allTheThings() with the sleek, streamlined Sly Pack that melds uncompromising style with unequaled laptop and tablet protection.'

2023-08-30 20:32:59 - [TEST_STEP][PASSED] - price = getText(findTestObject("Object Repository/keranjang/harga produk 1 di detail produk")): Text of object 'Object Repository/keranjang/harga produk 1 di detail produk' is: '$29.99'

2023-08-30 20:33:00 - [MESSAGE][PASSED] - Text of object 'Object Repository/keranjang/harga produk 1 di detail produk' is: '$29.99'

2023-08-30 20:33:00 - [TEST_STEP][PASSED] - assert nmPro == namaProduk: null

2023-08-30 20:33:00 - [TEST_STEP][PASSED] - assert desc == desc: null

2023-08-30 20:33:00 - [TEST_STEP][PASSED] - assert harga == price: null]]></system-out>
         <system-err><![CDATA[]]></system-err>
      </testcase>
      <testcase name="Test Cases/5. Chekout/TC-Checkout-Success-001" time="28.021" classname="Test Cases/5. Chekout/TC-Checkout-Success-001" status="PASSED">
         <system-out><![CDATA[2023-08-30 20:33:00 - [TEST_CASE][PASSED] - Test Cases/5. Chekout/TC-Checkout-Success-001: Test Cases/5. Chekout/TC-Checkout-Success-001

2023-08-30 20:33:01 - [TEST_STEP][PASSED] - data = callTestCase(findTestCase("4. keranjang/TC-Cart-Show-002"), ["namaProduk":"Sauce Labs Backpack", "deskripsi":"carry.allTheThings() with the sleek, streamlined Sly Pack that melds uncompromising style with unequaled laptop and tablet protection.", ... ], STOP_ON_FAILURE): Call Test Case 'Test Cases/4. keranjang/TC-Cart-Show-002' successfully

2023-08-30 20:33:01 - [TEST_CASE][PASSED] - Test Cases/4. keranjang/TC-Cart-Show-002: Test Cases/4. keranjang/TC-Cart-Show-002

2023-08-30 20:33:01 - [TEST_STEP][PASSED] - dataProduk = callTestCase(findTestCase("2. Products/TC-Product-AddCart-001"), [:], STOP_ON_FAILURE): Call Test Case 'Test Cases/2. Products/TC-Product-AddCart-001' successfully

2023-08-30 20:33:01 - [TEST_CASE][PASSED] - Test Cases/2. Products/TC-Product-AddCart-001: Test Cases/2. Products/TC-Product-AddCart-001

2023-08-30 20:33:01 - [TEST_STEP][PASSED] - callTestCase(findTestCase("2. Products/TC-Product-Show-001"), [:], STOP_ON_FAILURE): Call Test Case 'Test Cases/2. Products/TC-Product-Show-001' successfully

2023-08-30 20:33:01 - [TEST_CASE][PASSED] - Test Cases/2. Products/TC-Product-Show-001: Test Cases/2. Products/TC-Product-Show-001

2023-08-30 20:33:01 - [TEST_STEP][PASSED] - callTestCase(findTestCase("1. login/TC-Login-Success-001"), [:], STOP_ON_FAILURE): Call Test Case 'Test Cases/1. login/TC-Login-Success-001' successfully

2023-08-30 20:33:01 - [TEST_CASE][PASSED] - Test Cases/1. login/TC-Login-Success-001: Test Cases/1. login/TC-Login-Success-001

2023-08-30 20:33:01 - [TEST_STEP][PASSED] - openBrowser(web): Browser is opened with url: 'https://www.saucedemo.com/inventory.html'

2023-08-30 20:33:01 - [MESSAGE][WARNING] - A browser is already opened. Closing browser and opening a new one

2023-08-30 20:33:02 - [MESSAGE][INFO] - Starting 'Edge Chromium' driver

2023-08-30 20:33:04 - [MESSAGE][INFO] - Action delay is set to 0 milliseconds

2023-08-30 20:33:07 - [MESSAGE][PASSED] - Browser is opened with url: 'https://www.saucedemo.com/inventory.html'

2023-08-30 20:33:07 - [TEST_STEP][PASSED] - maximizeWindow(): Current window maximized

2023-08-30 20:33:07 - [MESSAGE][PASSED] - Current window maximized

2023-08-30 20:33:07 - [TEST_STEP][PASSED] - verifyElementPresent(findTestObject("1. Login/halaman home swag labs"), 0): Object 'Object Repository/1. Login/halaman home swag labs' is present

2023-08-30 20:33:08 - [MESSAGE][WARNING] - Timeout '0' is invalid. Using default page load timeout: '30'

2023-08-30 20:33:08 - [MESSAGE][PASSED] - Object 'Object Repository/1. Login/halaman home swag labs' is present

2023-08-30 20:33:08 - [TEST_STEP][PASSED] - setText(findTestObject("1. Login/input username"), username): Text 'standard_user' is set on object 'Object Repository/1. Login/input username'

2023-08-30 20:33:09 - [MESSAGE][PASSED] - Text 'standard_user' is set on object 'Object Repository/1. Login/input username'

2023-08-30 20:33:09 - [TEST_STEP][PASSED] - setEncryptedText(findTestObject("1. Login/input password"), password): Text ****** has been set on object 'Object Repository/1. Login/input password'

2023-08-30 20:33:10 - [MESSAGE][PASSED] - Text ****** has been set on object 'Object Repository/1. Login/input password'

2023-08-30 20:33:10 - [TEST_STEP][PASSED] - click(findTestObject("1. Login/button Login")): Object: 'Object Repository/1. Login/button Login' is clicked on

2023-08-30 20:33:11 - [MESSAGE][PASSED] - Object: 'Object Repository/1. Login/button Login' is clicked on

2023-08-30 20:33:11 - [TEST_STEP][PASSED] - verifyElementText(findTestObject("1. Login/home product atau halaman Swag Labs"), "Swag Labs"): Actual text and expected text of test object 'Object Repository/1. Login/home product atau halaman Swag Labs' are matched.

2023-08-30 20:33:12 - [MESSAGE][PASSED] - Actual text and expected text of test object 'Object Repository/1. Login/home product atau halaman Swag Labs' are matched.

2023-08-30 20:33:12 - [MESSAGE][PASSED] - Call Test Case 'Test Cases/1. login/TC-Login-Success-001' successfully

2023-08-30 20:33:12 - [MESSAGE][PASSED] - Call Test Case 'Test Cases/2. Products/TC-Product-Show-001' successfully

2023-08-30 20:33:12 - [TEST_STEP][PASSED] - click(findTestObject("Products/button_Add to cart 1")): Object: 'Object Repository/Products/button_Add to cart 1' is clicked on

2023-08-30 20:33:12 - [MESSAGE][PASSED] - Object: 'Object Repository/Products/button_Add to cart 1' is clicked on

2023-08-30 20:33:12 - [TEST_STEP][PASSED] - verifyElementPresent(findTestObject("Products/shopping cart 1"), 0): Object 'Object Repository/Products/shopping cart 1' is present

2023-08-30 20:33:12 - [MESSAGE][WARNING] - Timeout '0' is invalid. Using default page load timeout: '30'

2023-08-30 20:33:13 - [MESSAGE][PASSED] - Object 'Object Repository/Products/shopping cart 1' is present

2023-08-30 20:33:13 - [TEST_STEP][PASSED] - namaProduk = getText(findTestObject("Products/div_Sauce Labs Backpack")): Text of object 'Object Repository/Products/div_Sauce Labs Backpack' is: 'Sauce Labs Backpack'

2023-08-30 20:33:13 - [MESSAGE][PASSED] - Text of object 'Object Repository/Products/div_Sauce Labs Backpack' is: 'Sauce Labs Backpack'

2023-08-30 20:33:13 - [TEST_STEP][PASSED] - deskripsi = getText(findTestObject("Products/deskripsi")): Text of object 'Object Repository/Products/deskripsi' is: 'carry.allTheThings() with the sleek, streamlined Sly Pack that melds uncompromising style with unequaled laptop and tablet protection.'

2023-08-30 20:33:14 - [MESSAGE][PASSED] - Text of object 'Object Repository/Products/deskripsi' is: 'carry.allTheThings() with the sleek, streamlined Sly Pack that melds uncompromising style with unequaled laptop and tablet protection.'

2023-08-30 20:33:14 - [TEST_STEP][PASSED] - price = getText(findTestObject("Products/harga produk 1")): Text of object 'Object Repository/Products/harga produk 1' is: '$29.99'

2023-08-30 20:33:14 - [MESSAGE][PASSED] - Text of object 'Object Repository/Products/harga produk 1' is: '$29.99'

2023-08-30 20:33:14 - [TEST_STEP][PASSED] - assert trim().equalsIgnoreCase(produkName.trim()): null

2023-08-30 20:33:14 - [TEST_STEP][PASSED] - assert trim().equalsIgnoreCase(deskripsi.trim()): null

2023-08-30 20:33:14 - [TEST_STEP][PASSED] - assert trim().equalsIgnoreCase(price.trim()): null

2023-08-30 20:33:14 - [TEST_STEP][PASSED] - dataProduk = new java.util.HashMap(): null

2023-08-30 20:33:14 - [TEST_STEP][PASSED] - dataProduk.put("namaProduk", namaProduk): null

2023-08-30 20:33:14 - [TEST_STEP][PASSED] - dataProduk.put("deskripsi", deskripsi): null

2023-08-30 20:33:14 - [TEST_STEP][PASSED] - dataProduk.put("price", price): null

2023-08-30 20:33:14 - [TEST_STEP][PASSED] - return dataProduk: null

2023-08-30 20:33:14 - [MESSAGE][PASSED] - Call Test Case 'Test Cases/2. Products/TC-Product-AddCart-001' successfully

2023-08-30 20:33:14 - [TEST_STEP][PASSED] - produk = dataProduk.get("namaProduk"): null

2023-08-30 20:33:14 - [TEST_STEP][PASSED] - Deskripsi = dataProduk.get("deskripsi"): null

2023-08-30 20:33:14 - [TEST_STEP][PASSED] - price = dataProduk.get("price"): null

2023-08-30 20:33:14 - [TEST_STEP][PASSED] - click(findTestObject("keranjang/keranjang belanja")): Object: 'Object Repository/keranjang/keranjang belanja' is clicked on

2023-08-30 20:33:15 - [MESSAGE][PASSED] - Object: 'Object Repository/keranjang/keranjang belanja' is clicked on

2023-08-30 20:33:15 - [TEST_STEP][PASSED] - verifyElementPresent(findTestObject("keranjang/div_Your Cart"), 0): Object 'Object Repository/keranjang/div_Your Cart' is present

2023-08-30 20:33:15 - [MESSAGE][WARNING] - Timeout '0' is invalid. Using default page load timeout: '30'

2023-08-30 20:33:15 - [MESSAGE][PASSED] - Object 'Object Repository/keranjang/div_Your Cart' is present

2023-08-30 20:33:15 - [TEST_STEP][PASSED] - namaProduk = getText(findTestObject("Object Repository/keranjang/nama produk")): Text of object 'Object Repository/keranjang/nama produk' is: 'Sauce Labs Backpack'

2023-08-30 20:33:16 - [MESSAGE][PASSED] - Text of object 'Object Repository/keranjang/nama produk' is: 'Sauce Labs Backpack'

2023-08-30 20:33:16 - [TEST_STEP][PASSED] - deskripsi = getText(findTestObject("Object Repository/keranjang/deskripsi")): Text of object 'Object Repository/keranjang/deskripsi' is: 'carry.allTheThings() with the sleek, streamlined Sly Pack that melds uncompromising style with unequaled laptop and tablet protection.'

2023-08-30 20:33:16 - [MESSAGE][PASSED] - Text of object 'Object Repository/keranjang/deskripsi' is: 'carry.allTheThings() with the sleek, streamlined Sly Pack that melds uncompromising style with unequaled laptop and tablet protection.'

2023-08-30 20:33:16 - [TEST_STEP][PASSED] - harga = getText(findTestObject("Object Repository/keranjang/harga")): Text of object 'Object Repository/keranjang/harga' is: '$29.99'

2023-08-30 20:33:17 - [MESSAGE][PASSED] - Text of object 'Object Repository/keranjang/harga' is: '$29.99'

2023-08-30 20:33:17 - [TEST_STEP][PASSED] - assert trim().equalsIgnoreCase(produk.trim()): null

2023-08-30 20:33:17 - [TEST_STEP][PASSED] - assert trim().equalsIgnoreCase(Deskripsi.trim()): null

2023-08-30 20:33:17 - [TEST_STEP][PASSED] - assert trim().equalsIgnoreCase(price.trim()): null

2023-08-30 20:33:17 - [TEST_STEP][PASSED] - dataKeranjang = new java.util.HashMap(): null

2023-08-30 20:33:17 - [TEST_STEP][PASSED] - dataKeranjang.put("namaProduk", namaProduk): null

2023-08-30 20:33:17 - [TEST_STEP][PASSED] - dataKeranjang.put("deskripsi", deskripsi): null

2023-08-30 20:33:17 - [TEST_STEP][PASSED] - dataKeranjang.put("harga", harga): null

2023-08-30 20:33:17 - [TEST_STEP][PASSED] - return dataKeranjang: null

2023-08-30 20:33:17 - [MESSAGE][PASSED] - Call Test Case 'Test Cases/4. keranjang/TC-Cart-Show-002' successfully

2023-08-30 20:33:17 - [TEST_STEP][PASSED] - nProduk = data.get("namaProduk"): null

2023-08-30 20:33:17 - [TEST_STEP][PASSED] - desc = data.get("deskripsi"): null

2023-08-30 20:33:17 - [TEST_STEP][PASSED] - price = data.get("harga"): null

2023-08-30 20:33:17 - [TEST_STEP][PASSED] - click(findTestObject("chekout/button_Checkout")): Object: 'Object Repository/chekout/button_Checkout' is clicked on

2023-08-30 20:33:18 - [MESSAGE][PASSED] - Object: 'Object Repository/chekout/button_Checkout' is clicked on

2023-08-30 20:33:18 - [TEST_STEP][PASSED] - verifyElementPresent(findTestObject("chekout/step 1 Checkout Your Information"), 0): Object 'Object Repository/chekout/step 1 Checkout Your Information' is present

2023-08-30 20:33:18 - [MESSAGE][WARNING] - Timeout '0' is invalid. Using default page load timeout: '30'

2023-08-30 20:33:18 - [MESSAGE][PASSED] - Object 'Object Repository/chekout/step 1 Checkout Your Information' is present

2023-08-30 20:33:18 - [TEST_STEP][PASSED] - setText(findTestObject("chekout/input_firstName_Checkout Your Information"), "Ika"): Text 'Ika' is set on object 'Object Repository/chekout/input_firstName_Checkout Your Information'

2023-08-30 20:33:19 - [MESSAGE][PASSED] - Text 'Ika' is set on object 'Object Repository/chekout/input_firstName_Checkout Your Information'

2023-08-30 20:33:19 - [TEST_STEP][PASSED] - setText(findTestObject("chekout/input_lastName_Checkout Your Information"), "Nur"): Text 'Nur' is set on object 'Object Repository/chekout/input_lastName_Checkout Your Information'

2023-08-30 20:33:20 - [MESSAGE][PASSED] - Text 'Nur' is set on object 'Object Repository/chekout/input_lastName_Checkout Your Information'

2023-08-30 20:33:20 - [TEST_STEP][PASSED] - setText(findTestObject("chekout/input_postalCode_Checkout Your Information"), "55582"): Text '55582' is set on object 'Object Repository/chekout/input_postalCode_Checkout Your Information'

2023-08-30 20:33:21 - [MESSAGE][PASSED] - Text '55582' is set on object 'Object Repository/chekout/input_postalCode_Checkout Your Information'

2023-08-30 20:33:21 - [TEST_STEP][PASSED] - click(findTestObject("chekout/continue (your Information)")): Object: 'Object Repository/chekout/continue (your Information)' is clicked on

2023-08-30 20:33:22 - [MESSAGE][PASSED] - Object: 'Object Repository/chekout/continue (your Information)' is clicked on

2023-08-30 20:33:22 - [TEST_STEP][PASSED] - verifyElementPresent(findTestObject("chekout/span_Checkout Overview"), 0): Object 'Object Repository/chekout/span_Checkout Overview' is present

2023-08-30 20:33:22 - [MESSAGE][WARNING] - Timeout '0' is invalid. Using default page load timeout: '30'

2023-08-30 20:33:22 - [MESSAGE][PASSED] - Object 'Object Repository/chekout/span_Checkout Overview' is present

2023-08-30 20:33:22 - [TEST_STEP][PASSED] - produk = getText(findTestObject("Object Repository/chekout/nama produk 1")): Text of object 'Object Repository/chekout/nama produk 1' is: 'Sauce Labs Backpack'

2023-08-30 20:33:22 - [MESSAGE][PASSED] - Text of object 'Object Repository/chekout/nama produk 1' is: 'Sauce Labs Backpack'

2023-08-30 20:33:22 - [TEST_STEP][PASSED] - descr = getText(findTestObject("Object Repository/chekout/deksripsi produk 1")): Text of object 'Object Repository/chekout/deksripsi produk 1' is: 'carry.allTheThings() with the sleek, streamlined Sly Pack that melds uncompromising style with unequaled laptop and tablet protection.'

2023-08-30 20:33:23 - [MESSAGE][PASSED] - Text of object 'Object Repository/chekout/deksripsi produk 1' is: 'carry.allTheThings() with the sleek, streamlined Sly Pack that melds uncompromising style with unequaled laptop and tablet protection.'

2023-08-30 20:33:23 - [TEST_STEP][PASSED] - Harga = getText(findTestObject("Object Repository/chekout/harga produk 1")): Text of object 'Object Repository/chekout/harga produk 1' is: '$29.99'

2023-08-30 20:33:24 - [MESSAGE][PASSED] - Text of object 'Object Repository/chekout/harga produk 1' is: '$29.99'

2023-08-30 20:33:24 - [TEST_STEP][PASSED] - assert nProduk == produk: null

2023-08-30 20:33:24 - [TEST_STEP][PASSED] - assert desc == descr: null

2023-08-30 20:33:24 - [TEST_STEP][PASSED] - assert price == Harga: null

2023-08-30 20:33:24 - [TEST_STEP][PASSED] - tax = getText(findTestObject("Object Repository/chekout/tax")).split("\$"): Text of object 'Object Repository/chekout/tax' is: 'Tax: $2.40'

2023-08-30 20:33:24 - [MESSAGE][PASSED] - Text of object 'Object Repository/chekout/tax' is: 'Tax: $2.40'

2023-08-30 20:33:24 - [TEST_STEP][PASSED] - newTax = Double.parseDouble(tax[1]): null

2023-08-30 20:33:24 - [TEST_STEP][PASSED] - total = getText(findTestObject("Object Repository/chekout/item total")).split("\$"): Text of object 'Object Repository/chekout/item total' is: 'Item total: $29.99'

2023-08-30 20:33:25 - [MESSAGE][PASSED] - Text of object 'Object Repository/chekout/item total' is: 'Item total: $29.99'

2023-08-30 20:33:25 - [TEST_STEP][PASSED] - totalHarga = Double.parseDouble(total[1]): null

2023-08-30 20:33:25 - [TEST_STEP][PASSED] - text = getText(findTestObject("Object Repository/chekout/item total")).split("\$"): Text of object 'Object Repository/chekout/item total' is: 'Item total: $29.99'

2023-08-30 20:33:26 - [MESSAGE][PASSED] - Text of object 'Object Repository/chekout/item total' is: 'Item total: $29.99'

2023-08-30 20:33:26 - [TEST_STEP][PASSED] - hargaNew = Double.parseDouble(text[1]): null

2023-08-30 20:33:26 - [TEST_STEP][PASSED] - hitTax = hargaNew * 0.08: null

2023-08-30 20:33:26 - [TEST_STEP][PASSED] - hitTax = Math.round(hitTax * 100) / 100: null

2023-08-30 20:33:26 - [TEST_STEP][PASSED] - hitTotal = hargaNew + hitTax: null

2023-08-30 20:33:26 - [TEST_STEP][PASSED] - sum = getText(findTestObject("Object Repository/chekout/total harga")).split("\$"): Text of object 'Object Repository/chekout/total harga' is: 'Total: $32.39'

2023-08-30 20:33:27 - [MESSAGE][PASSED] - Text of object 'Object Repository/chekout/total harga' is: 'Total: $32.39'

2023-08-30 20:33:27 - [TEST_STEP][PASSED] - sumPrice = Double.parseDouble(sum[1]): null

2023-08-30 20:33:27 - [TEST_STEP][PASSED] - assert newTax == hitTax: null

2023-08-30 20:33:27 - [TEST_STEP][PASSED] - assert sumPrice == hitTotal: null

2023-08-30 20:33:27 - [TEST_STEP][PASSED] - click(findTestObject("chekout/button_Cancel di halaman overview")): Object: 'Object Repository/chekout/button_Cancel di halaman overview' is clicked on

2023-08-30 20:33:27 - [MESSAGE][PASSED] - Object: 'Object Repository/chekout/button_Cancel di halaman overview' is clicked on

2023-08-30 20:33:27 - [TEST_STEP][PASSED] - verifyElementPresent(findTestObject("1. Login/home product atau halaman Swag Labs"), 0): Object 'Object Repository/1. Login/home product atau halaman Swag Labs' is present

2023-08-30 20:33:28 - [MESSAGE][WARNING] - Timeout '0' is invalid. Using default page load timeout: '30'

2023-08-30 20:33:28 - [MESSAGE][PASSED] - Object 'Object Repository/1. Login/home product atau halaman Swag Labs' is present]]></system-out>
         <system-err><![CDATA[]]></system-err>
      </testcase>
      <testcase name="Test Cases/5. Chekout/TC-Checkout-Success-002" time="27.976" classname="Test Cases/5. Chekout/TC-Checkout-Success-002" status="PASSED">
         <system-out><![CDATA[2023-08-30 20:33:28 - [TEST_CASE][PASSED] - Test Cases/5. Chekout/TC-Checkout-Success-002: Test Cases/5. Chekout/TC-Checkout-Success-002

2023-08-30 20:33:29 - [TEST_STEP][PASSED] - data = callTestCase(findTestCase("4. keranjang/TC-Cart-Show-003"), [:], STOP_ON_FAILURE): Call Test Case 'Test Cases/4. keranjang/TC-Cart-Show-003' successfully

2023-08-30 20:33:29 - [TEST_CASE][PASSED] - Test Cases/4. keranjang/TC-Cart-Show-003: Test Cases/4. keranjang/TC-Cart-Show-003

2023-08-30 20:33:29 - [TEST_STEP][PASSED] - dataProduk2 = callTestCase(findTestCase("2. Products/TC-Product-AddCart-002"), [:], STOP_ON_FAILURE): Call Test Case 'Test Cases/2. Products/TC-Product-AddCart-002' successfully

2023-08-30 20:33:29 - [TEST_CASE][PASSED] - Test Cases/2. Products/TC-Product-AddCart-002: Test Cases/2. Products/TC-Product-AddCart-002

2023-08-30 20:33:29 - [TEST_STEP][PASSED] - dataCart1 = callTestCase(findTestCase("2. Products/TC-Product-AddCart-001"), ["produkName":"Sauce Labs Backpack", "deskripsi":"carry.allTheThings() with the sleek, streamlined Sly Pack that melds uncompromising style with unequaled laptop and tablet protection.", ... ], STOP_ON_FAILURE): Call Test Case 'Test Cases/2. Products/TC-Product-AddCart-001' successfully

2023-08-30 20:33:29 - [TEST_CASE][PASSED] - Test Cases/2. Products/TC-Product-AddCart-001: Test Cases/2. Products/TC-Product-AddCart-001

2023-08-30 20:33:29 - [TEST_STEP][PASSED] - callTestCase(findTestCase("2. Products/TC-Product-Show-001"), [:], STOP_ON_FAILURE): Call Test Case 'Test Cases/2. Products/TC-Product-Show-001' successfully

2023-08-30 20:33:29 - [TEST_CASE][PASSED] - Test Cases/2. Products/TC-Product-Show-001: Test Cases/2. Products/TC-Product-Show-001

2023-08-30 20:33:29 - [TEST_STEP][PASSED] - callTestCase(findTestCase("1. login/TC-Login-Success-001"), [:], STOP_ON_FAILURE): Call Test Case 'Test Cases/1. login/TC-Login-Success-001' successfully

2023-08-30 20:33:30 - [TEST_CASE][PASSED] - Test Cases/1. login/TC-Login-Success-001: Test Cases/1. login/TC-Login-Success-001

2023-08-30 20:33:30 - [TEST_STEP][PASSED] - openBrowser(web): Browser is opened with url: 'https://www.saucedemo.com/inventory.html'

2023-08-30 20:33:30 - [MESSAGE][WARNING] - A browser is already opened. Closing browser and opening a new one

2023-08-30 20:33:30 - [MESSAGE][INFO] - Starting 'Edge Chromium' driver

2023-08-30 20:33:33 - [MESSAGE][INFO] - Action delay is set to 0 milliseconds

2023-08-30 20:33:35 - [MESSAGE][PASSED] - Browser is opened with url: 'https://www.saucedemo.com/inventory.html'

2023-08-30 20:33:35 - [TEST_STEP][PASSED] - maximizeWindow(): Current window maximized

2023-08-30 20:33:35 - [MESSAGE][PASSED] - Current window maximized

2023-08-30 20:33:35 - [TEST_STEP][PASSED] - verifyElementPresent(findTestObject("1. Login/halaman home swag labs"), 0): Object 'Object Repository/1. Login/halaman home swag labs' is present

2023-08-30 20:33:36 - [MESSAGE][WARNING] - Timeout '0' is invalid. Using default page load timeout: '30'

2023-08-30 20:33:36 - [MESSAGE][PASSED] - Object 'Object Repository/1. Login/halaman home swag labs' is present

2023-08-30 20:33:36 - [TEST_STEP][PASSED] - setText(findTestObject("1. Login/input username"), username): Text 'standard_user' is set on object 'Object Repository/1. Login/input username'

2023-08-30 20:33:37 - [MESSAGE][PASSED] - Text 'standard_user' is set on object 'Object Repository/1. Login/input username'

2023-08-30 20:33:37 - [TEST_STEP][PASSED] - setEncryptedText(findTestObject("1. Login/input password"), password): Text ****** has been set on object 'Object Repository/1. Login/input password'

2023-08-30 20:33:38 - [MESSAGE][PASSED] - Text ****** has been set on object 'Object Repository/1. Login/input password'

2023-08-30 20:33:38 - [TEST_STEP][PASSED] - click(findTestObject("1. Login/button Login")): Object: 'Object Repository/1. Login/button Login' is clicked on

2023-08-30 20:33:39 - [MESSAGE][PASSED] - Object: 'Object Repository/1. Login/button Login' is clicked on

2023-08-30 20:33:39 - [TEST_STEP][PASSED] - verifyElementText(findTestObject("1. Login/home product atau halaman Swag Labs"), "Swag Labs"): Actual text and expected text of test object 'Object Repository/1. Login/home product atau halaman Swag Labs' are matched.

2023-08-30 20:33:40 - [MESSAGE][PASSED] - Actual text and expected text of test object 'Object Repository/1. Login/home product atau halaman Swag Labs' are matched.

2023-08-30 20:33:40 - [MESSAGE][PASSED] - Call Test Case 'Test Cases/1. login/TC-Login-Success-001' successfully

2023-08-30 20:33:40 - [MESSAGE][PASSED] - Call Test Case 'Test Cases/2. Products/TC-Product-Show-001' successfully

2023-08-30 20:33:40 - [TEST_STEP][PASSED] - click(findTestObject("Products/button_Add to cart 1")): Object: 'Object Repository/Products/button_Add to cart 1' is clicked on

2023-08-30 20:33:41 - [MESSAGE][PASSED] - Object: 'Object Repository/Products/button_Add to cart 1' is clicked on

2023-08-30 20:33:41 - [TEST_STEP][PASSED] - verifyElementPresent(findTestObject("Products/shopping cart 1"), 0): Object 'Object Repository/Products/shopping cart 1' is present

2023-08-30 20:33:41 - [MESSAGE][WARNING] - Timeout '0' is invalid. Using default page load timeout: '30'

2023-08-30 20:33:41 - [MESSAGE][PASSED] - Object 'Object Repository/Products/shopping cart 1' is present

2023-08-30 20:33:41 - [TEST_STEP][PASSED] - namaProduk = getText(findTestObject("Products/div_Sauce Labs Backpack")): Text of object 'Object Repository/Products/div_Sauce Labs Backpack' is: 'Sauce Labs Backpack'

2023-08-30 20:33:42 - [MESSAGE][PASSED] - Text of object 'Object Repository/Products/div_Sauce Labs Backpack' is: 'Sauce Labs Backpack'

2023-08-30 20:33:42 - [TEST_STEP][PASSED] - deskripsi = getText(findTestObject("Products/deskripsi")): Text of object 'Object Repository/Products/deskripsi' is: 'carry.allTheThings() with the sleek, streamlined Sly Pack that melds uncompromising style with unequaled laptop and tablet protection.'

2023-08-30 20:33:42 - [MESSAGE][PASSED] - Text of object 'Object Repository/Products/deskripsi' is: 'carry.allTheThings() with the sleek, streamlined Sly Pack that melds uncompromising style with unequaled laptop and tablet protection.'

2023-08-30 20:33:42 - [TEST_STEP][PASSED] - price = getText(findTestObject("Products/harga produk 1")): Text of object 'Object Repository/Products/harga produk 1' is: '$29.99'

2023-08-30 20:33:43 - [MESSAGE][PASSED] - Text of object 'Object Repository/Products/harga produk 1' is: '$29.99'

2023-08-30 20:33:43 - [TEST_STEP][PASSED] - assert trim().equalsIgnoreCase(produkName.trim()): null

2023-08-30 20:33:43 - [TEST_STEP][PASSED] - assert trim().equalsIgnoreCase(deskripsi.trim()): null

2023-08-30 20:33:43 - [TEST_STEP][PASSED] - assert trim().equalsIgnoreCase(price.trim()): null

2023-08-30 20:33:43 - [TEST_STEP][PASSED] - dataProduk = new java.util.HashMap(): null

2023-08-30 20:33:43 - [TEST_STEP][PASSED] - dataProduk.put("namaProduk", namaProduk): null

2023-08-30 20:33:43 - [TEST_STEP][PASSED] - dataProduk.put("deskripsi", deskripsi): null

2023-08-30 20:33:43 - [TEST_STEP][PASSED] - dataProduk.put("price", price): null

2023-08-30 20:33:43 - [TEST_STEP][PASSED] - return dataProduk: null

2023-08-30 20:33:43 - [MESSAGE][PASSED] - Call Test Case 'Test Cases/2. Products/TC-Product-AddCart-001' successfully

2023-08-30 20:33:43 - [TEST_STEP][PASSED] - produk = dataCart1.get("namaProduk"): null

2023-08-30 20:33:43 - [TEST_STEP][PASSED] - Deskripsi = dataCart1.get("deskripsi"): null

2023-08-30 20:33:43 - [TEST_STEP][PASSED] - harga = dataCart1.get("price"): null

2023-08-30 20:33:43 - [TEST_STEP][PASSED] - click(findTestObject("Products/button_Add to cart")): Object: 'Object Repository/Products/button_Add to cart' is clicked on

2023-08-30 20:33:43 - [MESSAGE][PASSED] - Object: 'Object Repository/Products/button_Add to cart' is clicked on

2023-08-30 20:33:43 - [TEST_STEP][PASSED] - namaProduk = getText(findTestObject("Object Repository/Products/nama produk 2")): Text of object 'Object Repository/Products/nama produk 2' is: 'Sauce Labs Bike Light'

2023-08-30 20:33:44 - [MESSAGE][PASSED] - Text of object 'Object Repository/Products/nama produk 2' is: 'Sauce Labs Bike Light'

2023-08-30 20:33:44 - [TEST_STEP][PASSED] - deskripsi = getText(findTestObject("Object Repository/Products/deskripsi produk 2")): Text of object 'Object Repository/Products/deskripsi produk 2' is: 'A red light isn't the desired state in testing but it sure helps when riding your bike at night. Water-resistant with 3 lighting modes, 1 AAA battery included.'

2023-08-30 20:33:44 - [MESSAGE][PASSED] - Text of object 'Object Repository/Products/deskripsi produk 2' is: 'A red light isn't the desired state in testing but it sure helps when riding your bike at night. Water-resistant with 3 lighting modes, 1 AAA battery included.'

2023-08-30 20:33:44 - [TEST_STEP][PASSED] - Harga = getText(findTestObject("Object Repository/Products/harga produk 2")): Text of object 'Object Repository/Products/harga produk 2' is: '$9.99'

2023-08-30 20:33:45 - [MESSAGE][PASSED] - Text of object 'Object Repository/Products/harga produk 2' is: '$9.99'

2023-08-30 20:33:45 - [TEST_STEP][PASSED] - NamaProduk = []: null

2023-08-30 20:33:45 - [TEST_STEP][PASSED] - deskripsiProduk = []: null

2023-08-30 20:33:45 - [TEST_STEP][PASSED] - hargaBarang = []: null

2023-08-30 20:33:45 - [TEST_STEP][PASSED] - for ([i = 0, i < 2, (i++)]): null

2023-08-30 20:33:45 - [TEST_STEP][PASSED] - NamaProduk[0] = produk: null

2023-08-30 20:33:45 - [TEST_STEP][PASSED] - NamaProduk[1] = namaProduk: null

2023-08-30 20:33:45 - [TEST_STEP][PASSED] - deskripsiProduk[0] = Deskripsi: null

2023-08-30 20:33:45 - [TEST_STEP][PASSED] - deskripsiProduk[1] = deskripsi: null

2023-08-30 20:33:45 - [TEST_STEP][PASSED] - hargaBarang[0] = harga: null

2023-08-30 20:33:45 - [TEST_STEP][PASSED] - hargaBarang[1] = Harga: null

2023-08-30 20:33:45 - [TEST_STEP][PASSED] - NamaProduk[0] = produk: null

2023-08-30 20:33:45 - [TEST_STEP][PASSED] - NamaProduk[1] = namaProduk: null

2023-08-30 20:33:45 - [TEST_STEP][PASSED] - deskripsiProduk[0] = Deskripsi: null

2023-08-30 20:33:45 - [TEST_STEP][PASSED] - deskripsiProduk[1] = deskripsi: null

2023-08-30 20:33:45 - [TEST_STEP][PASSED] - hargaBarang[0] = harga: null

2023-08-30 20:33:45 - [TEST_STEP][PASSED] - hargaBarang[1] = Harga: null

2023-08-30 20:33:45 - [TEST_STEP][PASSED] - dataProduk2 = new java.util.HashMap(): null

2023-08-30 20:33:45 - [TEST_STEP][PASSED] - dataProduk2.put("NamaProduk2", NamaProduk): null

2023-08-30 20:33:45 - [TEST_STEP][PASSED] - dataProduk2.put("deskripsiProduk2", deskripsiProduk): null

2023-08-30 20:33:45 - [TEST_STEP][PASSED] - dataProduk2.put("hargaBarang2", hargaBarang): null

2023-08-30 20:33:45 - [TEST_STEP][PASSED] - return dataProduk2: null

2023-08-30 20:33:45 - [MESSAGE][PASSED] - Call Test Case 'Test Cases/2. Products/TC-Product-AddCart-002' successfully

2023-08-30 20:33:45 - [TEST_STEP][PASSED] - nmProduk = dataProduk2.get("NamaProduk2"): null

2023-08-30 20:33:45 - [TEST_STEP][PASSED] - desc = dataProduk2.get("deskripsiProduk2"): null

2023-08-30 20:33:45 - [TEST_STEP][PASSED] - Price = dataProduk2.get("hargaBarang2"): null

2023-08-30 20:33:45 - [TEST_STEP][PASSED] - click(findTestObject("keranjang/keranjang belanja")): Object: 'Object Repository/keranjang/keranjang belanja' is clicked on

2023-08-30 20:33:45 - [MESSAGE][PASSED] - Object: 'Object Repository/keranjang/keranjang belanja' is clicked on

2023-08-30 20:33:45 - [TEST_STEP][PASSED] - verifyElementPresent(findTestObject("keranjang/div_Your Cart"), 0): Object 'Object Repository/keranjang/div_Your Cart' is present

2023-08-30 20:33:45 - [MESSAGE][WARNING] - Timeout '0' is invalid. Using default page load timeout: '30'

2023-08-30 20:33:46 - [MESSAGE][PASSED] - Object 'Object Repository/keranjang/div_Your Cart' is present

2023-08-30 20:33:46 - [TEST_STEP][PASSED] - NamaProdukList = findWebElements(findTestObject("Object Repository/keranjang/nama semua produk(keranjang)"), 5): null

2023-08-30 20:33:46 - [TEST_STEP][PASSED] - DescProdukList = findWebElements(findTestObject("Object Repository/keranjang/desc semua produk"), 5): null

2023-08-30 20:33:47 - [TEST_STEP][PASSED] - hargaProdukList = findWebElements(findTestObject("Object Repository/keranjang/harga semua produk"), 5): null

2023-08-30 20:33:47 - [TEST_STEP][PASSED] - nmProdukOri = new java.util.ArrayList(): null

2023-08-30 20:33:47 - [TEST_STEP][PASSED] - descProdukOri = new java.util.ArrayList(): null

2023-08-30 20:33:47 - [TEST_STEP][PASSED] - hargaProdukOri = new java.util.ArrayList(): null

2023-08-30 20:33:47 - [TEST_STEP][PASSED] - for ([i = 0, i < NamaProdukList.size(), (i++)]): null

2023-08-30 20:33:47 - [TEST_STEP][PASSED] - namaText = text.trim(): null

2023-08-30 20:33:47 - [TEST_STEP][PASSED] - descText = text.trim(): null

2023-08-30 20:33:47 - [TEST_STEP][PASSED] - hargaText = text.trim(): null

2023-08-30 20:33:47 - [TEST_STEP][PASSED] - nmProdukOri.add(namaText): null

2023-08-30 20:33:47 - [TEST_STEP][PASSED] - descProdukOri.add(descText): null

2023-08-30 20:33:47 - [TEST_STEP][PASSED] - hargaProdukOri.add(hargaText): null

2023-08-30 20:33:47 - [TEST_STEP][PASSED] - namaText = text.trim(): null

2023-08-30 20:33:47 - [TEST_STEP][PASSED] - descText = text.trim(): null

2023-08-30 20:33:47 - [TEST_STEP][PASSED] - hargaText = text.trim(): null

2023-08-30 20:33:47 - [TEST_STEP][PASSED] - nmProdukOri.add(namaText): null

2023-08-30 20:33:47 - [TEST_STEP][PASSED] - descProdukOri.add(descText): null

2023-08-30 20:33:47 - [TEST_STEP][PASSED] - hargaProdukOri.add(hargaText): null

2023-08-30 20:33:47 - [TEST_STEP][PASSED] - assert nmProduk == nmProdukOri: null

2023-08-30 20:33:47 - [TEST_STEP][PASSED] - assert desc == descProdukOri: null

2023-08-30 20:33:47 - [TEST_STEP][PASSED] - assert Price == hargaProdukOri: null

2023-08-30 20:33:47 - [TEST_STEP][PASSED] - return dataProduk2: null

2023-08-30 20:33:47 - [MESSAGE][PASSED] - Call Test Case 'Test Cases/4. keranjang/TC-Cart-Show-003' successfully

2023-08-30 20:33:47 - [TEST_STEP][PASSED] - namaProduk = data.get("NamaProduk2"): null

2023-08-30 20:33:47 - [TEST_STEP][PASSED] - desc = data.get("deskripsiProduk2"): null

2023-08-30 20:33:47 - [TEST_STEP][PASSED] - harga = data.get("hargaBarang2"): null

2023-08-30 20:33:47 - [TEST_STEP][PASSED] - click(findTestObject("chekout/button_Checkout")): Object: 'Object Repository/chekout/button_Checkout' is clicked on

2023-08-30 20:33:48 - [MESSAGE][PASSED] - Object: 'Object Repository/chekout/button_Checkout' is clicked on

2023-08-30 20:33:48 - [TEST_STEP][PASSED] - verifyElementPresent(findTestObject("chekout/step 1 Checkout Your Information"), 0): Object 'Object Repository/chekout/step 1 Checkout Your Information' is present

2023-08-30 20:33:48 - [MESSAGE][WARNING] - Timeout '0' is invalid. Using default page load timeout: '30'

2023-08-30 20:33:48 - [MESSAGE][PASSED] - Object 'Object Repository/chekout/step 1 Checkout Your Information' is present

2023-08-30 20:33:48 - [TEST_STEP][PASSED] - setText(findTestObject("chekout/input_firstName_Checkout Your Information"), "Ika"): Text 'Ika' is set on object 'Object Repository/chekout/input_firstName_Checkout Your Information'

2023-08-30 20:33:49 - [MESSAGE][PASSED] - Text 'Ika' is set on object 'Object Repository/chekout/input_firstName_Checkout Your Information'

2023-08-30 20:33:49 - [TEST_STEP][PASSED] - setText(findTestObject("chekout/input_lastName_Checkout Your Information"), "Nur"): Text 'Nur' is set on object 'Object Repository/chekout/input_lastName_Checkout Your Information'

2023-08-30 20:33:50 - [MESSAGE][PASSED] - Text 'Nur' is set on object 'Object Repository/chekout/input_lastName_Checkout Your Information'

2023-08-30 20:33:50 - [TEST_STEP][PASSED] - setText(findTestObject("chekout/input_postalCode_Checkout Your Information"), "55582"): Text '55582' is set on object 'Object Repository/chekout/input_postalCode_Checkout Your Information'

2023-08-30 20:33:51 - [MESSAGE][PASSED] - Text '55582' is set on object 'Object Repository/chekout/input_postalCode_Checkout Your Information'

2023-08-30 20:33:51 - [TEST_STEP][PASSED] - click(findTestObject("chekout/continue (your Information)")): Object: 'Object Repository/chekout/continue (your Information)' is clicked on

2023-08-30 20:33:51 - [MESSAGE][PASSED] - Object: 'Object Repository/chekout/continue (your Information)' is clicked on

2023-08-30 20:33:51 - [TEST_STEP][PASSED] - verifyElementPresent(findTestObject("chekout/span_Checkout Overview"), 0): Object 'Object Repository/chekout/span_Checkout Overview' is present

2023-08-30 20:33:52 - [MESSAGE][WARNING] - Timeout '0' is invalid. Using default page load timeout: '30'

2023-08-30 20:33:52 - [MESSAGE][PASSED] - Object 'Object Repository/chekout/span_Checkout Overview' is present

2023-08-30 20:33:52 - [TEST_STEP][PASSED] - titleProduk = findWebElements(findTestObject("Object Repository/chekout/nama semua produk di overview"), 5): null

2023-08-30 20:33:52 - [TEST_STEP][PASSED] - descProduk = findWebElements(findTestObject("Object Repository/chekout/deskripsi di overview"), 5): null

2023-08-30 20:33:53 - [TEST_STEP][PASSED] - hargaProduk = findWebElements(findTestObject("Object Repository/chekout/harga semua di overview"), 5): null

2023-08-30 20:33:53 - [TEST_STEP][PASSED] - produk = new java.util.ArrayList(): null

2023-08-30 20:33:53 - [TEST_STEP][PASSED] - deskripsi = new java.util.ArrayList(): null

2023-08-30 20:33:53 - [TEST_STEP][PASSED] - price = new java.util.ArrayList(): null

2023-08-30 20:33:53 - [TEST_STEP][PASSED] - for ([i = 0, i < titleProduk.size(), (i++)]): null

2023-08-30 20:33:53 - [TEST_STEP][PASSED] - TitleProdukText = text.trim(): null

2023-08-30 20:33:53 - [TEST_STEP][PASSED] - descProdukText = text.trim(): null

2023-08-30 20:33:53 - [TEST_STEP][PASSED] - hargaProdukText = text.trim(): null

2023-08-30 20:33:53 - [TEST_STEP][PASSED] - produk.add(TitleProdukText): null

2023-08-30 20:33:53 - [TEST_STEP][PASSED] - deskripsi.add(descProdukText): null

2023-08-30 20:33:53 - [TEST_STEP][PASSED] - price.add(hargaProdukText): null

2023-08-30 20:33:53 - [TEST_STEP][PASSED] - TitleProdukText = text.trim(): null

2023-08-30 20:33:53 - [TEST_STEP][PASSED] - descProdukText = text.trim(): null

2023-08-30 20:33:53 - [TEST_STEP][PASSED] - hargaProdukText = text.trim(): null

2023-08-30 20:33:53 - [TEST_STEP][PASSED] - produk.add(TitleProdukText): null

2023-08-30 20:33:53 - [TEST_STEP][PASSED] - deskripsi.add(descProdukText): null

2023-08-30 20:33:53 - [TEST_STEP][PASSED] - price.add(hargaProdukText): null

2023-08-30 20:33:53 - [TEST_STEP][PASSED] - assert namaProduk == produk: null

2023-08-30 20:33:53 - [TEST_STEP][PASSED] - assert desc == deskripsi: null

2023-08-30 20:33:53 - [TEST_STEP][PASSED] - assert harga == price: null

2023-08-30 20:33:53 - [TEST_STEP][PASSED] - total = getText(findTestObject("Object Repository/chekout/item total")).split("\$"): Text of object 'Object Repository/chekout/item total' is: 'Item total: $39.98'

2023-08-30 20:33:54 - [MESSAGE][PASSED] - Text of object 'Object Repository/chekout/item total' is: 'Item total: $39.98'

2023-08-30 20:33:54 - [TEST_STEP][PASSED] - itemTotal = Double.parseDouble(total[1]): null

2023-08-30 20:33:54 - [TEST_STEP][PASSED] - tax = getText(findTestObject("Object Repository/chekout/tax")).split("\$"): Text of object 'Object Repository/chekout/tax' is: 'Tax: $3.20'

2023-08-30 20:33:54 - [MESSAGE][PASSED] - Text of object 'Object Repository/chekout/tax' is: 'Tax: $3.20'

2023-08-30 20:33:54 - [TEST_STEP][PASSED] - taxNew = Double.parseDouble(tax[1]): null

2023-08-30 20:33:54 - [TEST_STEP][PASSED] - hitTax = Math.round(itemTotal * 0.08 * 100) / 100: null

2023-08-30 20:33:54 - [TEST_STEP][PASSED] - hitTotalHarga = itemTotal + hitTax: null

2023-08-30 20:33:54 - [TEST_STEP][PASSED] - sumHarga = getText(findTestObject("Object Repository/chekout/total harga")).split("\$"): Text of object 'Object Repository/chekout/total harga' is: 'Total: $43.18'

2023-08-30 20:33:55 - [MESSAGE][PASSED] - Text of object 'Object Repository/chekout/total harga' is: 'Total: $43.18'

2023-08-30 20:33:55 - [TEST_STEP][PASSED] - sumPrice = Double.parseDouble(sumHarga[1]): null

2023-08-30 20:33:55 - [TEST_STEP][PASSED] - assert sumPrice == hitTotalHarga: null

2023-08-30 20:33:55 - [TEST_STEP][PASSED] - click(findTestObject("chekout/button_Finish")): Object: 'Object Repository/chekout/button_Finish' is clicked on

2023-08-30 20:33:55 - [MESSAGE][PASSED] - Object: 'Object Repository/chekout/button_Finish' is clicked on

2023-08-30 20:33:55 - [TEST_STEP][PASSED] - verifyElementText(findTestObject("chekout/h2_Thank you for your order"), "Thank you for your order!"): Actual text and expected text of test object 'Object Repository/chekout/h2_Thank you for your order' are matched.

2023-08-30 20:33:56 - [MESSAGE][PASSED] - Actual text and expected text of test object 'Object Repository/chekout/h2_Thank you for your order' are matched.]]></system-out>
         <system-err><![CDATA[]]></system-err>
      </testcase>
      <testcase name="Test Cases/5. Chekout/TC-Checkout-Nav-001" time="26.044" classname="Test Cases/5. Chekout/TC-Checkout-Nav-001" status="PASSED">
         <system-out><![CDATA[2023-08-30 20:33:56 - [TEST_CASE][PASSED] - Test Cases/5. Chekout/TC-Checkout-Nav-001: Test Cases/5. Chekout/TC-Checkout-Nav-001

2023-08-30 20:33:57 - [TEST_STEP][PASSED] - data = callTestCase(findTestCase("4. keranjang/TC-Cart-Show-002"), ["namaProduk":"Sauce Labs Backpack", "deskripsi":"carry.allTheThings() with the sleek, streamlined Sly Pack that melds uncompromising style with unequaled laptop and tablet protection.", ... ], STOP_ON_FAILURE): Call Test Case 'Test Cases/4. keranjang/TC-Cart-Show-002' successfully

2023-08-30 20:33:57 - [TEST_CASE][PASSED] - Test Cases/4. keranjang/TC-Cart-Show-002: Test Cases/4. keranjang/TC-Cart-Show-002

2023-08-30 20:33:57 - [TEST_STEP][PASSED] - dataProduk = callTestCase(findTestCase("2. Products/TC-Product-AddCart-001"), [:], STOP_ON_FAILURE): Call Test Case 'Test Cases/2. Products/TC-Product-AddCart-001' successfully

2023-08-30 20:33:57 - [TEST_CASE][PASSED] - Test Cases/2. Products/TC-Product-AddCart-001: Test Cases/2. Products/TC-Product-AddCart-001

2023-08-30 20:33:57 - [TEST_STEP][PASSED] - callTestCase(findTestCase("2. Products/TC-Product-Show-001"), [:], STOP_ON_FAILURE): Call Test Case 'Test Cases/2. Products/TC-Product-Show-001' successfully

2023-08-30 20:33:57 - [TEST_CASE][PASSED] - Test Cases/2. Products/TC-Product-Show-001: Test Cases/2. Products/TC-Product-Show-001

2023-08-30 20:33:57 - [TEST_STEP][PASSED] - callTestCase(findTestCase("1. login/TC-Login-Success-001"), [:], STOP_ON_FAILURE): Call Test Case 'Test Cases/1. login/TC-Login-Success-001' successfully

2023-08-30 20:33:58 - [TEST_CASE][PASSED] - Test Cases/1. login/TC-Login-Success-001: Test Cases/1. login/TC-Login-Success-001

2023-08-30 20:33:58 - [TEST_STEP][PASSED] - openBrowser(web): Browser is opened with url: 'https://www.saucedemo.com/inventory.html'

2023-08-30 20:33:58 - [MESSAGE][WARNING] - A browser is already opened. Closing browser and opening a new one

2023-08-30 20:33:59 - [MESSAGE][INFO] - Starting 'Edge Chromium' driver

2023-08-30 20:34:01 - [MESSAGE][INFO] - Action delay is set to 0 milliseconds

2023-08-30 20:34:03 - [MESSAGE][PASSED] - Browser is opened with url: 'https://www.saucedemo.com/inventory.html'

2023-08-30 20:34:03 - [TEST_STEP][PASSED] - maximizeWindow(): Current window maximized

2023-08-30 20:34:03 - [MESSAGE][PASSED] - Current window maximized

2023-08-30 20:34:03 - [TEST_STEP][PASSED] - verifyElementPresent(findTestObject("1. Login/halaman home swag labs"), 0): Object 'Object Repository/1. Login/halaman home swag labs' is present

2023-08-30 20:34:03 - [MESSAGE][WARNING] - Timeout '0' is invalid. Using default page load timeout: '30'

2023-08-30 20:34:03 - [MESSAGE][PASSED] - Object 'Object Repository/1. Login/halaman home swag labs' is present

2023-08-30 20:34:03 - [TEST_STEP][PASSED] - setText(findTestObject("1. Login/input username"), username): Text 'standard_user' is set on object 'Object Repository/1. Login/input username'

2023-08-30 20:34:04 - [MESSAGE][PASSED] - Text 'standard_user' is set on object 'Object Repository/1. Login/input username'

2023-08-30 20:34:04 - [TEST_STEP][PASSED] - setEncryptedText(findTestObject("1. Login/input password"), password): Text ****** has been set on object 'Object Repository/1. Login/input password'

2023-08-30 20:34:05 - [MESSAGE][PASSED] - Text ****** has been set on object 'Object Repository/1. Login/input password'

2023-08-30 20:34:05 - [TEST_STEP][PASSED] - click(findTestObject("1. Login/button Login")): Object: 'Object Repository/1. Login/button Login' is clicked on

2023-08-30 20:34:06 - [MESSAGE][PASSED] - Object: 'Object Repository/1. Login/button Login' is clicked on

2023-08-30 20:34:06 - [TEST_STEP][PASSED] - verifyElementText(findTestObject("1. Login/home product atau halaman Swag Labs"), "Swag Labs"): Actual text and expected text of test object 'Object Repository/1. Login/home product atau halaman Swag Labs' are matched.

2023-08-30 20:34:06 - [MESSAGE][PASSED] - Actual text and expected text of test object 'Object Repository/1. Login/home product atau halaman Swag Labs' are matched.

2023-08-30 20:34:06 - [MESSAGE][PASSED] - Call Test Case 'Test Cases/1. login/TC-Login-Success-001' successfully

2023-08-30 20:34:06 - [MESSAGE][PASSED] - Call Test Case 'Test Cases/2. Products/TC-Product-Show-001' successfully

2023-08-30 20:34:06 - [TEST_STEP][PASSED] - click(findTestObject("Products/button_Add to cart 1")): Object: 'Object Repository/Products/button_Add to cart 1' is clicked on

2023-08-30 20:34:07 - [MESSAGE][PASSED] - Object: 'Object Repository/Products/button_Add to cart 1' is clicked on

2023-08-30 20:34:07 - [TEST_STEP][PASSED] - verifyElementPresent(findTestObject("Products/shopping cart 1"), 0): Object 'Object Repository/Products/shopping cart 1' is present

2023-08-30 20:34:07 - [MESSAGE][WARNING] - Timeout '0' is invalid. Using default page load timeout: '30'

2023-08-30 20:34:07 - [MESSAGE][PASSED] - Object 'Object Repository/Products/shopping cart 1' is present

2023-08-30 20:34:07 - [TEST_STEP][PASSED] - namaProduk = getText(findTestObject("Products/div_Sauce Labs Backpack")): Text of object 'Object Repository/Products/div_Sauce Labs Backpack' is: 'Sauce Labs Backpack'

2023-08-30 20:34:08 - [MESSAGE][PASSED] - Text of object 'Object Repository/Products/div_Sauce Labs Backpack' is: 'Sauce Labs Backpack'

2023-08-30 20:34:08 - [TEST_STEP][PASSED] - deskripsi = getText(findTestObject("Products/deskripsi")): Text of object 'Object Repository/Products/deskripsi' is: 'carry.allTheThings() with the sleek, streamlined Sly Pack that melds uncompromising style with unequaled laptop and tablet protection.'

2023-08-30 20:34:08 - [MESSAGE][PASSED] - Text of object 'Object Repository/Products/deskripsi' is: 'carry.allTheThings() with the sleek, streamlined Sly Pack that melds uncompromising style with unequaled laptop and tablet protection.'

2023-08-30 20:34:08 - [TEST_STEP][PASSED] - price = getText(findTestObject("Products/harga produk 1")): Text of object 'Object Repository/Products/harga produk 1' is: '$29.99'

2023-08-30 20:34:09 - [MESSAGE][PASSED] - Text of object 'Object Repository/Products/harga produk 1' is: '$29.99'

2023-08-30 20:34:09 - [TEST_STEP][PASSED] - assert trim().equalsIgnoreCase(produkName.trim()): null

2023-08-30 20:34:09 - [TEST_STEP][PASSED] - assert trim().equalsIgnoreCase(deskripsi.trim()): null

2023-08-30 20:34:09 - [TEST_STEP][PASSED] - assert trim().equalsIgnoreCase(price.trim()): null

2023-08-30 20:34:09 - [TEST_STEP][PASSED] - dataProduk = new java.util.HashMap(): null

2023-08-30 20:34:09 - [TEST_STEP][PASSED] - dataProduk.put("namaProduk", namaProduk): null

2023-08-30 20:34:09 - [TEST_STEP][PASSED] - dataProduk.put("deskripsi", deskripsi): null

2023-08-30 20:34:09 - [TEST_STEP][PASSED] - dataProduk.put("price", price): null

2023-08-30 20:34:09 - [TEST_STEP][PASSED] - return dataProduk: null

2023-08-30 20:34:09 - [MESSAGE][PASSED] - Call Test Case 'Test Cases/2. Products/TC-Product-AddCart-001' successfully

2023-08-30 20:34:09 - [TEST_STEP][PASSED] - produk = dataProduk.get("namaProduk"): null

2023-08-30 20:34:09 - [TEST_STEP][PASSED] - Deskripsi = dataProduk.get("deskripsi"): null

2023-08-30 20:34:09 - [TEST_STEP][PASSED] - price = dataProduk.get("price"): null

2023-08-30 20:34:09 - [TEST_STEP][PASSED] - click(findTestObject("keranjang/keranjang belanja")): Object: 'Object Repository/keranjang/keranjang belanja' is clicked on

2023-08-30 20:34:09 - [MESSAGE][PASSED] - Object: 'Object Repository/keranjang/keranjang belanja' is clicked on

2023-08-30 20:34:09 - [TEST_STEP][PASSED] - verifyElementPresent(findTestObject("keranjang/div_Your Cart"), 0): Object 'Object Repository/keranjang/div_Your Cart' is present

2023-08-30 20:34:09 - [MESSAGE][WARNING] - Timeout '0' is invalid. Using default page load timeout: '30'

2023-08-30 20:34:10 - [MESSAGE][PASSED] - Object 'Object Repository/keranjang/div_Your Cart' is present

2023-08-30 20:34:10 - [TEST_STEP][PASSED] - namaProduk = getText(findTestObject("Object Repository/keranjang/nama produk")): Text of object 'Object Repository/keranjang/nama produk' is: 'Sauce Labs Backpack'

2023-08-30 20:34:10 - [MESSAGE][PASSED] - Text of object 'Object Repository/keranjang/nama produk' is: 'Sauce Labs Backpack'

2023-08-30 20:34:10 - [TEST_STEP][PASSED] - deskripsi = getText(findTestObject("Object Repository/keranjang/deskripsi")): Text of object 'Object Repository/keranjang/deskripsi' is: 'carry.allTheThings() with the sleek, streamlined Sly Pack that melds uncompromising style with unequaled laptop and tablet protection.'

2023-08-30 20:34:11 - [MESSAGE][PASSED] - Text of object 'Object Repository/keranjang/deskripsi' is: 'carry.allTheThings() with the sleek, streamlined Sly Pack that melds uncompromising style with unequaled laptop and tablet protection.'

2023-08-30 20:34:11 - [TEST_STEP][PASSED] - harga = getText(findTestObject("Object Repository/keranjang/harga")): Text of object 'Object Repository/keranjang/harga' is: '$29.99'

2023-08-30 20:34:12 - [MESSAGE][PASSED] - Text of object 'Object Repository/keranjang/harga' is: '$29.99'

2023-08-30 20:34:12 - [TEST_STEP][PASSED] - assert trim().equalsIgnoreCase(produk.trim()): null

2023-08-30 20:34:12 - [TEST_STEP][PASSED] - assert trim().equalsIgnoreCase(Deskripsi.trim()): null

2023-08-30 20:34:12 - [TEST_STEP][PASSED] - assert trim().equalsIgnoreCase(price.trim()): null

2023-08-30 20:34:12 - [TEST_STEP][PASSED] - dataKeranjang = new java.util.HashMap(): null

2023-08-30 20:34:12 - [TEST_STEP][PASSED] - dataKeranjang.put("namaProduk", namaProduk): null

2023-08-30 20:34:12 - [TEST_STEP][PASSED] - dataKeranjang.put("deskripsi", deskripsi): null

2023-08-30 20:34:12 - [TEST_STEP][PASSED] - dataKeranjang.put("harga", harga): null

2023-08-30 20:34:12 - [TEST_STEP][PASSED] - return dataKeranjang: null

2023-08-30 20:34:12 - [MESSAGE][PASSED] - Call Test Case 'Test Cases/4. keranjang/TC-Cart-Show-002' successfully

2023-08-30 20:34:12 - [TEST_STEP][PASSED] - nProduk = data.get("namaProduk"): null

2023-08-30 20:34:12 - [TEST_STEP][PASSED] - desc = data.get("deskripsi"): null

2023-08-30 20:34:12 - [TEST_STEP][PASSED] - price = data.get("harga"): null

2023-08-30 20:34:12 - [TEST_STEP][PASSED] - click(findTestObject("chekout/button_Checkout")): Object: 'Object Repository/chekout/button_Checkout' is clicked on

2023-08-30 20:34:12 - [MESSAGE][PASSED] - Object: 'Object Repository/chekout/button_Checkout' is clicked on

2023-08-30 20:34:12 - [TEST_STEP][PASSED] - verifyElementPresent(findTestObject("chekout/step 1 Checkout Your Information"), 0): Object 'Object Repository/chekout/step 1 Checkout Your Information' is present

2023-08-30 20:34:13 - [MESSAGE][WARNING] - Timeout '0' is invalid. Using default page load timeout: '30'

2023-08-30 20:34:13 - [MESSAGE][PASSED] - Object 'Object Repository/chekout/step 1 Checkout Your Information' is present

2023-08-30 20:34:13 - [TEST_STEP][PASSED] - setText(findTestObject("chekout/input_firstName_Checkout Your Information"), "Ika"): Text 'Ika' is set on object 'Object Repository/chekout/input_firstName_Checkout Your Information'

2023-08-30 20:34:14 - [MESSAGE][PASSED] - Text 'Ika' is set on object 'Object Repository/chekout/input_firstName_Checkout Your Information'

2023-08-30 20:34:14 - [TEST_STEP][PASSED] - setText(findTestObject("chekout/input_lastName_Checkout Your Information"), "Nur"): Text 'Nur' is set on object 'Object Repository/chekout/input_lastName_Checkout Your Information'

2023-08-30 20:34:15 - [MESSAGE][PASSED] - Text 'Nur' is set on object 'Object Repository/chekout/input_lastName_Checkout Your Information'

2023-08-30 20:34:15 - [TEST_STEP][PASSED] - setText(findTestObject("chekout/input_postalCode_Checkout Your Information"), "55582"): Text '55582' is set on object 'Object Repository/chekout/input_postalCode_Checkout Your Information'

2023-08-30 20:34:16 - [MESSAGE][PASSED] - Text '55582' is set on object 'Object Repository/chekout/input_postalCode_Checkout Your Information'

2023-08-30 20:34:16 - [TEST_STEP][PASSED] - click(findTestObject("chekout/continue (your Information)")): Object: 'Object Repository/chekout/continue (your Information)' is clicked on

2023-08-30 20:34:16 - [MESSAGE][PASSED] - Object: 'Object Repository/chekout/continue (your Information)' is clicked on

2023-08-30 20:34:16 - [TEST_STEP][PASSED] - verifyElementPresent(findTestObject("chekout/span_Checkout Overview"), 0): Object 'Object Repository/chekout/span_Checkout Overview' is present

2023-08-30 20:34:16 - [MESSAGE][WARNING] - Timeout '0' is invalid. Using default page load timeout: '30'

2023-08-30 20:34:17 - [MESSAGE][PASSED] - Object 'Object Repository/chekout/span_Checkout Overview' is present

2023-08-30 20:34:17 - [TEST_STEP][PASSED] - produk = getText(findTestObject("Object Repository/chekout/nama produk 1")): Text of object 'Object Repository/chekout/nama produk 1' is: 'Sauce Labs Backpack'

2023-08-30 20:34:17 - [MESSAGE][PASSED] - Text of object 'Object Repository/chekout/nama produk 1' is: 'Sauce Labs Backpack'

2023-08-30 20:34:17 - [TEST_STEP][PASSED] - descr = getText(findTestObject("Object Repository/chekout/deksripsi produk 1")): Text of object 'Object Repository/chekout/deksripsi produk 1' is: 'carry.allTheThings() with the sleek, streamlined Sly Pack that melds uncompromising style with unequaled laptop and tablet protection.'

2023-08-30 20:34:18 - [MESSAGE][PASSED] - Text of object 'Object Repository/chekout/deksripsi produk 1' is: 'carry.allTheThings() with the sleek, streamlined Sly Pack that melds uncompromising style with unequaled laptop and tablet protection.'

2023-08-30 20:34:18 - [TEST_STEP][PASSED] - Harga = getText(findTestObject("Object Repository/chekout/harga produk 1")): Text of object 'Object Repository/chekout/harga produk 1' is: '$29.99'

2023-08-30 20:34:19 - [MESSAGE][PASSED] - Text of object 'Object Repository/chekout/harga produk 1' is: '$29.99'

2023-08-30 20:34:19 - [TEST_STEP][PASSED] - assert nProduk == produk: null

2023-08-30 20:34:19 - [TEST_STEP][PASSED] - assert desc == descr: null

2023-08-30 20:34:19 - [TEST_STEP][PASSED] - assert price == Harga: null

2023-08-30 20:34:19 - [TEST_STEP][PASSED] - tax = getText(findTestObject("Object Repository/chekout/tax")).split("\$"): Text of object 'Object Repository/chekout/tax' is: 'Tax: $2.40'

2023-08-30 20:34:19 - [MESSAGE][PASSED] - Text of object 'Object Repository/chekout/tax' is: 'Tax: $2.40'

2023-08-30 20:34:19 - [TEST_STEP][PASSED] - newTax = Double.parseDouble(tax[1]): null

2023-08-30 20:34:19 - [TEST_STEP][PASSED] - total = getText(findTestObject("Object Repository/chekout/item total")).split("\$"): Text of object 'Object Repository/chekout/item total' is: 'Item total: $29.99'

2023-08-30 20:34:20 - [MESSAGE][PASSED] - Text of object 'Object Repository/chekout/item total' is: 'Item total: $29.99'

2023-08-30 20:34:20 - [TEST_STEP][PASSED] - totalHarga = Double.parseDouble(total[1]): null

2023-08-30 20:34:20 - [TEST_STEP][PASSED] - text = getText(findTestObject("Object Repository/chekout/item total")).split("\$"): Text of object 'Object Repository/chekout/item total' is: 'Item total: $29.99'

2023-08-30 20:34:20 - [MESSAGE][PASSED] - Text of object 'Object Repository/chekout/item total' is: 'Item total: $29.99'

2023-08-30 20:34:20 - [TEST_STEP][PASSED] - hargaNew = Double.parseDouble(text[1]): null

2023-08-30 20:34:20 - [TEST_STEP][PASSED] - hitTax = hargaNew * 0.08: null

2023-08-30 20:34:20 - [TEST_STEP][PASSED] - hitTax = Math.round(hitTax * 100) / 100: null

2023-08-30 20:34:20 - [TEST_STEP][PASSED] - hitTotal = hargaNew + hitTax: null

2023-08-30 20:34:20 - [TEST_STEP][PASSED] - sum = getText(findTestObject("Object Repository/chekout/total harga")).split("\$"): Text of object 'Object Repository/chekout/total harga' is: 'Total: $32.39'

2023-08-30 20:34:21 - [MESSAGE][PASSED] - Text of object 'Object Repository/chekout/total harga' is: 'Total: $32.39'

2023-08-30 20:34:21 - [TEST_STEP][PASSED] - sumPrice = Double.parseDouble(sum[1]): null

2023-08-30 20:34:21 - [TEST_STEP][PASSED] - assert newTax == hitTax: null

2023-08-30 20:34:21 - [TEST_STEP][PASSED] - assert sumPrice == hitTotal: null

2023-08-30 20:34:21 - [TEST_STEP][PASSED] - click(findTestObject("chekout/button_Finish")): Object: 'Object Repository/chekout/button_Finish' is clicked on

2023-08-30 20:34:21 - [MESSAGE][PASSED] - Object: 'Object Repository/chekout/button_Finish' is clicked on

2023-08-30 20:34:21 - [TEST_STEP][PASSED] - verifyElementText(findTestObject("chekout/h2_Thank you for your order"), "Thank you for your order!"): Actual text and expected text of test object 'Object Repository/chekout/h2_Thank you for your order' are matched.

2023-08-30 20:34:22 - [MESSAGE][PASSED] - Actual text and expected text of test object 'Object Repository/chekout/h2_Thank you for your order' are matched.]]></system-out>
         <system-err><![CDATA[]]></system-err>
      </testcase>
      <testcase name="Test Cases/5. Chekout/TC-Checkout-Error-001" time="19.911" classname="Test Cases/5. Chekout/TC-Checkout-Error-001" status="PASSED">
         <system-out><![CDATA[2023-08-30 20:34:22 - [TEST_CASE][PASSED] - Test Cases/5. Chekout/TC-Checkout-Error-001: Test Cases/5. Chekout/TC-Checkout-Error-001

2023-08-30 20:34:23 - [TEST_STEP][PASSED] - data = callTestCase(findTestCase("4. keranjang/TC-Cart-Show-002"), ["namaProduk":"Sauce Labs Backpack", "deskripsi":"carry.allTheThings() with the sleek, streamlined Sly Pack that melds uncompromising style with unequaled laptop and tablet protection.", ... ], STOP_ON_FAILURE): Call Test Case 'Test Cases/4. keranjang/TC-Cart-Show-002' successfully

2023-08-30 20:34:23 - [TEST_CASE][PASSED] - Test Cases/4. keranjang/TC-Cart-Show-002: Test Cases/4. keranjang/TC-Cart-Show-002

2023-08-30 20:34:23 - [TEST_STEP][PASSED] - dataProduk = callTestCase(findTestCase("2. Products/TC-Product-AddCart-001"), [:], STOP_ON_FAILURE): Call Test Case 'Test Cases/2. Products/TC-Product-AddCart-001' successfully

2023-08-30 20:34:23 - [TEST_CASE][PASSED] - Test Cases/2. Products/TC-Product-AddCart-001: Test Cases/2. Products/TC-Product-AddCart-001

2023-08-30 20:34:23 - [TEST_STEP][PASSED] - callTestCase(findTestCase("2. Products/TC-Product-Show-001"), [:], STOP_ON_FAILURE): Call Test Case 'Test Cases/2. Products/TC-Product-Show-001' successfully

2023-08-30 20:34:23 - [TEST_CASE][PASSED] - Test Cases/2. Products/TC-Product-Show-001: Test Cases/2. Products/TC-Product-Show-001

2023-08-30 20:34:23 - [TEST_STEP][PASSED] - callTestCase(findTestCase("1. login/TC-Login-Success-001"), [:], STOP_ON_FAILURE): Call Test Case 'Test Cases/1. login/TC-Login-Success-001' successfully

2023-08-30 20:34:23 - [TEST_CASE][PASSED] - Test Cases/1. login/TC-Login-Success-001: Test Cases/1. login/TC-Login-Success-001

2023-08-30 20:34:23 - [TEST_STEP][PASSED] - openBrowser(web): Browser is opened with url: 'https://www.saucedemo.com/inventory.html'

2023-08-30 20:34:23 - [MESSAGE][WARNING] - A browser is already opened. Closing browser and opening a new one

2023-08-30 20:34:24 - [MESSAGE][INFO] - Starting 'Edge Chromium' driver

2023-08-30 20:34:26 - [MESSAGE][INFO] - Action delay is set to 0 milliseconds

2023-08-30 20:34:29 - [MESSAGE][PASSED] - Browser is opened with url: 'https://www.saucedemo.com/inventory.html'

2023-08-30 20:34:29 - [TEST_STEP][PASSED] - maximizeWindow(): Current window maximized

2023-08-30 20:34:29 - [MESSAGE][PASSED] - Current window maximized

2023-08-30 20:34:29 - [TEST_STEP][PASSED] - verifyElementPresent(findTestObject("1. Login/halaman home swag labs"), 0): Object 'Object Repository/1. Login/halaman home swag labs' is present

2023-08-30 20:34:29 - [MESSAGE][WARNING] - Timeout '0' is invalid. Using default page load timeout: '30'

2023-08-30 20:34:30 - [MESSAGE][PASSED] - Object 'Object Repository/1. Login/halaman home swag labs' is present

2023-08-30 20:34:30 - [TEST_STEP][PASSED] - setText(findTestObject("1. Login/input username"), username): Text 'standard_user' is set on object 'Object Repository/1. Login/input username'

2023-08-30 20:34:31 - [MESSAGE][PASSED] - Text 'standard_user' is set on object 'Object Repository/1. Login/input username'

2023-08-30 20:34:31 - [TEST_STEP][PASSED] - setEncryptedText(findTestObject("1. Login/input password"), password): Text ****** has been set on object 'Object Repository/1. Login/input password'

2023-08-30 20:34:32 - [MESSAGE][PASSED] - Text ****** has been set on object 'Object Repository/1. Login/input password'

2023-08-30 20:34:32 - [TEST_STEP][PASSED] - click(findTestObject("1. Login/button Login")): Object: 'Object Repository/1. Login/button Login' is clicked on

2023-08-30 20:34:32 - [MESSAGE][PASSED] - Object: 'Object Repository/1. Login/button Login' is clicked on

2023-08-30 20:34:32 - [TEST_STEP][PASSED] - verifyElementText(findTestObject("1. Login/home product atau halaman Swag Labs"), "Swag Labs"): Actual text and expected text of test object 'Object Repository/1. Login/home product atau halaman Swag Labs' are matched.

2023-08-30 20:34:33 - [MESSAGE][PASSED] - Actual text and expected text of test object 'Object Repository/1. Login/home product atau halaman Swag Labs' are matched.

2023-08-30 20:34:33 - [MESSAGE][PASSED] - Call Test Case 'Test Cases/1. login/TC-Login-Success-001' successfully

2023-08-30 20:34:33 - [MESSAGE][PASSED] - Call Test Case 'Test Cases/2. Products/TC-Product-Show-001' successfully

2023-08-30 20:34:33 - [TEST_STEP][PASSED] - click(findTestObject("Products/button_Add to cart 1")): Object: 'Object Repository/Products/button_Add to cart 1' is clicked on

2023-08-30 20:34:33 - [MESSAGE][PASSED] - Object: 'Object Repository/Products/button_Add to cart 1' is clicked on

2023-08-30 20:34:33 - [TEST_STEP][PASSED] - verifyElementPresent(findTestObject("Products/shopping cart 1"), 0): Object 'Object Repository/Products/shopping cart 1' is present

2023-08-30 20:34:34 - [MESSAGE][WARNING] - Timeout '0' is invalid. Using default page load timeout: '30'

2023-08-30 20:34:34 - [MESSAGE][PASSED] - Object 'Object Repository/Products/shopping cart 1' is present

2023-08-30 20:34:34 - [TEST_STEP][PASSED] - namaProduk = getText(findTestObject("Products/div_Sauce Labs Backpack")): Text of object 'Object Repository/Products/div_Sauce Labs Backpack' is: 'Sauce Labs Backpack'

2023-08-30 20:34:34 - [MESSAGE][PASSED] - Text of object 'Object Repository/Products/div_Sauce Labs Backpack' is: 'Sauce Labs Backpack'

2023-08-30 20:34:34 - [TEST_STEP][PASSED] - deskripsi = getText(findTestObject("Products/deskripsi")): Text of object 'Object Repository/Products/deskripsi' is: 'carry.allTheThings() with the sleek, streamlined Sly Pack that melds uncompromising style with unequaled laptop and tablet protection.'

2023-08-30 20:34:35 - [MESSAGE][PASSED] - Text of object 'Object Repository/Products/deskripsi' is: 'carry.allTheThings() with the sleek, streamlined Sly Pack that melds uncompromising style with unequaled laptop and tablet protection.'

2023-08-30 20:34:35 - [TEST_STEP][PASSED] - price = getText(findTestObject("Products/harga produk 1")): Text of object 'Object Repository/Products/harga produk 1' is: '$29.99'

2023-08-30 20:34:35 - [MESSAGE][PASSED] - Text of object 'Object Repository/Products/harga produk 1' is: '$29.99'

2023-08-30 20:34:35 - [TEST_STEP][PASSED] - assert trim().equalsIgnoreCase(produkName.trim()): null

2023-08-30 20:34:35 - [TEST_STEP][PASSED] - assert trim().equalsIgnoreCase(deskripsi.trim()): null

2023-08-30 20:34:35 - [TEST_STEP][PASSED] - assert trim().equalsIgnoreCase(price.trim()): null

2023-08-30 20:34:35 - [TEST_STEP][PASSED] - dataProduk = new java.util.HashMap(): null

2023-08-30 20:34:35 - [TEST_STEP][PASSED] - dataProduk.put("namaProduk", namaProduk): null

2023-08-30 20:34:35 - [TEST_STEP][PASSED] - dataProduk.put("deskripsi", deskripsi): null

2023-08-30 20:34:35 - [TEST_STEP][PASSED] - dataProduk.put("price", price): null

2023-08-30 20:34:35 - [TEST_STEP][PASSED] - return dataProduk: null

2023-08-30 20:34:35 - [MESSAGE][PASSED] - Call Test Case 'Test Cases/2. Products/TC-Product-AddCart-001' successfully

2023-08-30 20:34:35 - [TEST_STEP][PASSED] - produk = dataProduk.get("namaProduk"): null

2023-08-30 20:34:35 - [TEST_STEP][PASSED] - Deskripsi = dataProduk.get("deskripsi"): null

2023-08-30 20:34:35 - [TEST_STEP][PASSED] - price = dataProduk.get("price"): null

2023-08-30 20:34:35 - [TEST_STEP][PASSED] - click(findTestObject("keranjang/keranjang belanja")): Object: 'Object Repository/keranjang/keranjang belanja' is clicked on

2023-08-30 20:34:36 - [MESSAGE][PASSED] - Object: 'Object Repository/keranjang/keranjang belanja' is clicked on

2023-08-30 20:34:36 - [TEST_STEP][PASSED] - verifyElementPresent(findTestObject("keranjang/div_Your Cart"), 0): Object 'Object Repository/keranjang/div_Your Cart' is present

2023-08-30 20:34:36 - [MESSAGE][WARNING] - Timeout '0' is invalid. Using default page load timeout: '30'

2023-08-30 20:34:36 - [MESSAGE][PASSED] - Object 'Object Repository/keranjang/div_Your Cart' is present

2023-08-30 20:34:36 - [TEST_STEP][PASSED] - namaProduk = getText(findTestObject("Object Repository/keranjang/nama produk")): Text of object 'Object Repository/keranjang/nama produk' is: 'Sauce Labs Backpack'

2023-08-30 20:34:37 - [MESSAGE][PASSED] - Text of object 'Object Repository/keranjang/nama produk' is: 'Sauce Labs Backpack'

2023-08-30 20:34:37 - [TEST_STEP][PASSED] - deskripsi = getText(findTestObject("Object Repository/keranjang/deskripsi")): Text of object 'Object Repository/keranjang/deskripsi' is: 'carry.allTheThings() with the sleek, streamlined Sly Pack that melds uncompromising style with unequaled laptop and tablet protection.'

2023-08-30 20:34:37 - [MESSAGE][PASSED] - Text of object 'Object Repository/keranjang/deskripsi' is: 'carry.allTheThings() with the sleek, streamlined Sly Pack that melds uncompromising style with unequaled laptop and tablet protection.'

2023-08-30 20:34:37 - [TEST_STEP][PASSED] - harga = getText(findTestObject("Object Repository/keranjang/harga")): Text of object 'Object Repository/keranjang/harga' is: '$29.99'

2023-08-30 20:34:38 - [MESSAGE][PASSED] - Text of object 'Object Repository/keranjang/harga' is: '$29.99'

2023-08-30 20:34:38 - [TEST_STEP][PASSED] - assert trim().equalsIgnoreCase(produk.trim()): null

2023-08-30 20:34:38 - [TEST_STEP][PASSED] - assert trim().equalsIgnoreCase(Deskripsi.trim()): null

2023-08-30 20:34:38 - [TEST_STEP][PASSED] - assert trim().equalsIgnoreCase(price.trim()): null

2023-08-30 20:34:38 - [TEST_STEP][PASSED] - dataKeranjang = new java.util.HashMap(): null

2023-08-30 20:34:38 - [TEST_STEP][PASSED] - dataKeranjang.put("namaProduk", namaProduk): null

2023-08-30 20:34:38 - [TEST_STEP][PASSED] - dataKeranjang.put("deskripsi", deskripsi): null

2023-08-30 20:34:38 - [TEST_STEP][PASSED] - dataKeranjang.put("harga", harga): null

2023-08-30 20:34:38 - [TEST_STEP][PASSED] - return dataKeranjang: null

2023-08-30 20:34:38 - [MESSAGE][PASSED] - Call Test Case 'Test Cases/4. keranjang/TC-Cart-Show-002' successfully

2023-08-30 20:34:38 - [TEST_STEP][PASSED] - nProduk = data.get("namaProduk"): null

2023-08-30 20:34:38 - [TEST_STEP][PASSED] - desc = data.get("deskripsi"): null

2023-08-30 20:34:38 - [TEST_STEP][PASSED] - price = data.get("harga"): null

2023-08-30 20:34:38 - [TEST_STEP][PASSED] - click(findTestObject("chekout/button_Checkout")): Object: 'Object Repository/chekout/button_Checkout' is clicked on

2023-08-30 20:34:38 - [MESSAGE][PASSED] - Object: 'Object Repository/chekout/button_Checkout' is clicked on

2023-08-30 20:34:38 - [TEST_STEP][PASSED] - verifyElementPresent(findTestObject("chekout/step 1 Checkout Your Information"), 0): Object 'Object Repository/chekout/step 1 Checkout Your Information' is present

2023-08-30 20:34:39 - [MESSAGE][WARNING] - Timeout '0' is invalid. Using default page load timeout: '30'

2023-08-30 20:34:39 - [MESSAGE][PASSED] - Object 'Object Repository/chekout/step 1 Checkout Your Information' is present

2023-08-30 20:34:39 - [TEST_STEP][PASSED] - setText(findTestObject("chekout/input_lastName_Checkout Your Information"), "Nur"): Text 'Nur' is set on object 'Object Repository/chekout/input_lastName_Checkout Your Information'

2023-08-30 20:34:40 - [MESSAGE][PASSED] - Text 'Nur' is set on object 'Object Repository/chekout/input_lastName_Checkout Your Information'

2023-08-30 20:34:40 - [TEST_STEP][PASSED] - setText(findTestObject("chekout/input_postalCode_Checkout Your Information"), "55582"): Text '55582' is set on object 'Object Repository/chekout/input_postalCode_Checkout Your Information'

2023-08-30 20:34:41 - [MESSAGE][PASSED] - Text '55582' is set on object 'Object Repository/chekout/input_postalCode_Checkout Your Information'

2023-08-30 20:34:41 - [TEST_STEP][PASSED] - click(findTestObject("chekout/continue (your Information)")): Object: 'Object Repository/chekout/continue (your Information)' is clicked on

2023-08-30 20:34:41 - [MESSAGE][PASSED] - Object: 'Object Repository/chekout/continue (your Information)' is clicked on

2023-08-30 20:34:41 - [TEST_STEP][PASSED] - verifyElementText(findTestObject("chekout/Error minta input First Name"), "Error: First Name is required"): Actual text and expected text of test object 'Object Repository/chekout/Error minta input First Name' are matched.

2023-08-30 20:34:42 - [MESSAGE][PASSED] - Actual text and expected text of test object 'Object Repository/chekout/Error minta input First Name' are matched.]]></system-out>
         <system-err><![CDATA[]]></system-err>
      </testcase>
      <testcase name="Test Cases/5. Chekout/TC-Checkout-Error-002" time="21.611" classname="Test Cases/5. Chekout/TC-Checkout-Error-002" status="PASSED">
         <system-out><![CDATA[2023-08-30 20:34:42 - [TEST_CASE][PASSED] - Test Cases/5. Chekout/TC-Checkout-Error-002: Test Cases/5. Chekout/TC-Checkout-Error-002

2023-08-30 20:34:43 - [TEST_STEP][PASSED] - data = callTestCase(findTestCase("4. keranjang/TC-Cart-Show-003"), [:], STOP_ON_FAILURE): Call Test Case 'Test Cases/4. keranjang/TC-Cart-Show-003' successfully

2023-08-30 20:34:43 - [TEST_CASE][PASSED] - Test Cases/4. keranjang/TC-Cart-Show-003: Test Cases/4. keranjang/TC-Cart-Show-003

2023-08-30 20:34:43 - [TEST_STEP][PASSED] - dataProduk2 = callTestCase(findTestCase("2. Products/TC-Product-AddCart-002"), [:], STOP_ON_FAILURE): Call Test Case 'Test Cases/2. Products/TC-Product-AddCart-002' successfully

2023-08-30 20:34:43 - [TEST_CASE][PASSED] - Test Cases/2. Products/TC-Product-AddCart-002: Test Cases/2. Products/TC-Product-AddCart-002

2023-08-30 20:34:43 - [TEST_STEP][PASSED] - dataCart1 = callTestCase(findTestCase("2. Products/TC-Product-AddCart-001"), ["produkName":"Sauce Labs Backpack", "deskripsi":"carry.allTheThings() with the sleek, streamlined Sly Pack that melds uncompromising style with unequaled laptop and tablet protection.", ... ], STOP_ON_FAILURE): Call Test Case 'Test Cases/2. Products/TC-Product-AddCart-001' successfully

2023-08-30 20:34:43 - [TEST_CASE][PASSED] - Test Cases/2. Products/TC-Product-AddCart-001: Test Cases/2. Products/TC-Product-AddCart-001

2023-08-30 20:34:43 - [TEST_STEP][PASSED] - callTestCase(findTestCase("2. Products/TC-Product-Show-001"), [:], STOP_ON_FAILURE): Call Test Case 'Test Cases/2. Products/TC-Product-Show-001' successfully

2023-08-30 20:34:43 - [TEST_CASE][PASSED] - Test Cases/2. Products/TC-Product-Show-001: Test Cases/2. Products/TC-Product-Show-001

2023-08-30 20:34:43 - [TEST_STEP][PASSED] - callTestCase(findTestCase("1. login/TC-Login-Success-001"), [:], STOP_ON_FAILURE): Call Test Case 'Test Cases/1. login/TC-Login-Success-001' successfully

2023-08-30 20:34:43 - [TEST_CASE][PASSED] - Test Cases/1. login/TC-Login-Success-001: Test Cases/1. login/TC-Login-Success-001

2023-08-30 20:34:43 - [TEST_STEP][PASSED] - openBrowser(web): Browser is opened with url: 'https://www.saucedemo.com/inventory.html'

2023-08-30 20:34:43 - [MESSAGE][WARNING] - A browser is already opened. Closing browser and opening a new one

2023-08-30 20:34:44 - [MESSAGE][INFO] - Starting 'Edge Chromium' driver

2023-08-30 20:34:46 - [MESSAGE][INFO] - Action delay is set to 0 milliseconds

2023-08-30 20:34:48 - [MESSAGE][PASSED] - Browser is opened with url: 'https://www.saucedemo.com/inventory.html'

2023-08-30 20:34:48 - [TEST_STEP][PASSED] - maximizeWindow(): Current window maximized

2023-08-30 20:34:49 - [MESSAGE][PASSED] - Current window maximized

2023-08-30 20:34:49 - [TEST_STEP][PASSED] - verifyElementPresent(findTestObject("1. Login/halaman home swag labs"), 0): Object 'Object Repository/1. Login/halaman home swag labs' is present

2023-08-30 20:34:49 - [MESSAGE][WARNING] - Timeout '0' is invalid. Using default page load timeout: '30'

2023-08-30 20:34:49 - [MESSAGE][PASSED] - Object 'Object Repository/1. Login/halaman home swag labs' is present

2023-08-30 20:34:49 - [TEST_STEP][PASSED] - setText(findTestObject("1. Login/input username"), username): Text 'standard_user' is set on object 'Object Repository/1. Login/input username'

2023-08-30 20:34:50 - [MESSAGE][PASSED] - Text 'standard_user' is set on object 'Object Repository/1. Login/input username'

2023-08-30 20:34:50 - [TEST_STEP][PASSED] - setEncryptedText(findTestObject("1. Login/input password"), password): Text ****** has been set on object 'Object Repository/1. Login/input password'

2023-08-30 20:34:51 - [MESSAGE][PASSED] - Text ****** has been set on object 'Object Repository/1. Login/input password'

2023-08-30 20:34:51 - [TEST_STEP][PASSED] - click(findTestObject("1. Login/button Login")): Object: 'Object Repository/1. Login/button Login' is clicked on

2023-08-30 20:34:52 - [MESSAGE][PASSED] - Object: 'Object Repository/1. Login/button Login' is clicked on

2023-08-30 20:34:52 - [TEST_STEP][PASSED] - verifyElementText(findTestObject("1. Login/home product atau halaman Swag Labs"), "Swag Labs"): Actual text and expected text of test object 'Object Repository/1. Login/home product atau halaman Swag Labs' are matched.

2023-08-30 20:34:52 - [MESSAGE][PASSED] - Actual text and expected text of test object 'Object Repository/1. Login/home product atau halaman Swag Labs' are matched.

2023-08-30 20:34:52 - [MESSAGE][PASSED] - Call Test Case 'Test Cases/1. login/TC-Login-Success-001' successfully

2023-08-30 20:34:52 - [MESSAGE][PASSED] - Call Test Case 'Test Cases/2. Products/TC-Product-Show-001' successfully

2023-08-30 20:34:52 - [TEST_STEP][PASSED] - click(findTestObject("Products/button_Add to cart 1")): Object: 'Object Repository/Products/button_Add to cart 1' is clicked on

2023-08-30 20:34:53 - [MESSAGE][PASSED] - Object: 'Object Repository/Products/button_Add to cart 1' is clicked on

2023-08-30 20:34:53 - [TEST_STEP][PASSED] - verifyElementPresent(findTestObject("Products/shopping cart 1"), 0): Object 'Object Repository/Products/shopping cart 1' is present

2023-08-30 20:34:53 - [MESSAGE][WARNING] - Timeout '0' is invalid. Using default page load timeout: '30'

2023-08-30 20:34:53 - [MESSAGE][PASSED] - Object 'Object Repository/Products/shopping cart 1' is present

2023-08-30 20:34:53 - [TEST_STEP][PASSED] - namaProduk = getText(findTestObject("Products/div_Sauce Labs Backpack")): Text of object 'Object Repository/Products/div_Sauce Labs Backpack' is: 'Sauce Labs Backpack'

2023-08-30 20:34:54 - [MESSAGE][PASSED] - Text of object 'Object Repository/Products/div_Sauce Labs Backpack' is: 'Sauce Labs Backpack'

2023-08-30 20:34:54 - [TEST_STEP][PASSED] - deskripsi = getText(findTestObject("Products/deskripsi")): Text of object 'Object Repository/Products/deskripsi' is: 'carry.allTheThings() with the sleek, streamlined Sly Pack that melds uncompromising style with unequaled laptop and tablet protection.'

2023-08-30 20:34:54 - [MESSAGE][PASSED] - Text of object 'Object Repository/Products/deskripsi' is: 'carry.allTheThings() with the sleek, streamlined Sly Pack that melds uncompromising style with unequaled laptop and tablet protection.'

2023-08-30 20:34:54 - [TEST_STEP][PASSED] - price = getText(findTestObject("Products/harga produk 1")): Text of object 'Object Repository/Products/harga produk 1' is: '$29.99'

2023-08-30 20:34:55 - [MESSAGE][PASSED] - Text of object 'Object Repository/Products/harga produk 1' is: '$29.99'

2023-08-30 20:34:55 - [TEST_STEP][PASSED] - assert trim().equalsIgnoreCase(produkName.trim()): null

2023-08-30 20:34:55 - [TEST_STEP][PASSED] - assert trim().equalsIgnoreCase(deskripsi.trim()): null

2023-08-30 20:34:55 - [TEST_STEP][PASSED] - assert trim().equalsIgnoreCase(price.trim()): null

2023-08-30 20:34:55 - [TEST_STEP][PASSED] - dataProduk = new java.util.HashMap(): null

2023-08-30 20:34:55 - [TEST_STEP][PASSED] - dataProduk.put("namaProduk", namaProduk): null

2023-08-30 20:34:55 - [TEST_STEP][PASSED] - dataProduk.put("deskripsi", deskripsi): null

2023-08-30 20:34:55 - [TEST_STEP][PASSED] - dataProduk.put("price", price): null

2023-08-30 20:34:55 - [TEST_STEP][PASSED] - return dataProduk: null

2023-08-30 20:34:55 - [MESSAGE][PASSED] - Call Test Case 'Test Cases/2. Products/TC-Product-AddCart-001' successfully

2023-08-30 20:34:55 - [TEST_STEP][PASSED] - produk = dataCart1.get("namaProduk"): null

2023-08-30 20:34:55 - [TEST_STEP][PASSED] - Deskripsi = dataCart1.get("deskripsi"): null

2023-08-30 20:34:55 - [TEST_STEP][PASSED] - harga = dataCart1.get("price"): null

2023-08-30 20:34:55 - [TEST_STEP][PASSED] - click(findTestObject("Products/button_Add to cart")): Object: 'Object Repository/Products/button_Add to cart' is clicked on

2023-08-30 20:34:55 - [MESSAGE][PASSED] - Object: 'Object Repository/Products/button_Add to cart' is clicked on

2023-08-30 20:34:55 - [TEST_STEP][PASSED] - namaProduk = getText(findTestObject("Object Repository/Products/nama produk 2")): Text of object 'Object Repository/Products/nama produk 2' is: 'Sauce Labs Bike Light'

2023-08-30 20:34:56 - [MESSAGE][PASSED] - Text of object 'Object Repository/Products/nama produk 2' is: 'Sauce Labs Bike Light'

2023-08-30 20:34:56 - [TEST_STEP][PASSED] - deskripsi = getText(findTestObject("Object Repository/Products/deskripsi produk 2")): Text of object 'Object Repository/Products/deskripsi produk 2' is: 'A red light isn't the desired state in testing but it sure helps when riding your bike at night. Water-resistant with 3 lighting modes, 1 AAA battery included.'

2023-08-30 20:34:56 - [MESSAGE][PASSED] - Text of object 'Object Repository/Products/deskripsi produk 2' is: 'A red light isn't the desired state in testing but it sure helps when riding your bike at night. Water-resistant with 3 lighting modes, 1 AAA battery included.'

2023-08-30 20:34:56 - [TEST_STEP][PASSED] - Harga = getText(findTestObject("Object Repository/Products/harga produk 2")): Text of object 'Object Repository/Products/harga produk 2' is: '$9.99'

2023-08-30 20:34:57 - [MESSAGE][PASSED] - Text of object 'Object Repository/Products/harga produk 2' is: '$9.99'

2023-08-30 20:34:57 - [TEST_STEP][PASSED] - NamaProduk = []: null

2023-08-30 20:34:57 - [TEST_STEP][PASSED] - deskripsiProduk = []: null

2023-08-30 20:34:57 - [TEST_STEP][PASSED] - hargaBarang = []: null

2023-08-30 20:34:57 - [TEST_STEP][PASSED] - for ([i = 0, i < 2, (i++)]): null

2023-08-30 20:34:57 - [TEST_STEP][PASSED] - NamaProduk[0] = produk: null

2023-08-30 20:34:57 - [TEST_STEP][PASSED] - NamaProduk[1] = namaProduk: null

2023-08-30 20:34:57 - [TEST_STEP][PASSED] - deskripsiProduk[0] = Deskripsi: null

2023-08-30 20:34:57 - [TEST_STEP][PASSED] - deskripsiProduk[1] = deskripsi: null

2023-08-30 20:34:57 - [TEST_STEP][PASSED] - hargaBarang[0] = harga: null

2023-08-30 20:34:57 - [TEST_STEP][PASSED] - hargaBarang[1] = Harga: null

2023-08-30 20:34:57 - [TEST_STEP][PASSED] - NamaProduk[0] = produk: null

2023-08-30 20:34:57 - [TEST_STEP][PASSED] - NamaProduk[1] = namaProduk: null

2023-08-30 20:34:57 - [TEST_STEP][PASSED] - deskripsiProduk[0] = Deskripsi: null

2023-08-30 20:34:57 - [TEST_STEP][PASSED] - deskripsiProduk[1] = deskripsi: null

2023-08-30 20:34:57 - [TEST_STEP][PASSED] - hargaBarang[0] = harga: null

2023-08-30 20:34:57 - [TEST_STEP][PASSED] - hargaBarang[1] = Harga: null

2023-08-30 20:34:57 - [TEST_STEP][PASSED] - dataProduk2 = new java.util.HashMap(): null

2023-08-30 20:34:57 - [TEST_STEP][PASSED] - dataProduk2.put("NamaProduk2", NamaProduk): null

2023-08-30 20:34:57 - [TEST_STEP][PASSED] - dataProduk2.put("deskripsiProduk2", deskripsiProduk): null

2023-08-30 20:34:57 - [TEST_STEP][PASSED] - dataProduk2.put("hargaBarang2", hargaBarang): null

2023-08-30 20:34:57 - [TEST_STEP][PASSED] - return dataProduk2: null

2023-08-30 20:34:57 - [MESSAGE][PASSED] - Call Test Case 'Test Cases/2. Products/TC-Product-AddCart-002' successfully

2023-08-30 20:34:57 - [TEST_STEP][PASSED] - nmProduk = dataProduk2.get("NamaProduk2"): null

2023-08-30 20:34:57 - [TEST_STEP][PASSED] - desc = dataProduk2.get("deskripsiProduk2"): null

2023-08-30 20:34:57 - [TEST_STEP][PASSED] - Price = dataProduk2.get("hargaBarang2"): null

2023-08-30 20:34:57 - [TEST_STEP][PASSED] - click(findTestObject("keranjang/keranjang belanja")): Object: 'Object Repository/keranjang/keranjang belanja' is clicked on

2023-08-30 20:34:57 - [MESSAGE][PASSED] - Object: 'Object Repository/keranjang/keranjang belanja' is clicked on

2023-08-30 20:34:57 - [TEST_STEP][PASSED] - verifyElementPresent(findTestObject("keranjang/div_Your Cart"), 0): Object 'Object Repository/keranjang/div_Your Cart' is present

2023-08-30 20:34:58 - [MESSAGE][WARNING] - Timeout '0' is invalid. Using default page load timeout: '30'

2023-08-30 20:34:58 - [MESSAGE][PASSED] - Object 'Object Repository/keranjang/div_Your Cart' is present

2023-08-30 20:34:58 - [TEST_STEP][PASSED] - NamaProdukList = findWebElements(findTestObject("Object Repository/keranjang/nama semua produk(keranjang)"), 5): null

2023-08-30 20:34:58 - [TEST_STEP][PASSED] - DescProdukList = findWebElements(findTestObject("Object Repository/keranjang/desc semua produk"), 5): null

2023-08-30 20:34:59 - [TEST_STEP][PASSED] - hargaProdukList = findWebElements(findTestObject("Object Repository/keranjang/harga semua produk"), 5): null

2023-08-30 20:34:59 - [TEST_STEP][PASSED] - nmProdukOri = new java.util.ArrayList(): null

2023-08-30 20:34:59 - [TEST_STEP][PASSED] - descProdukOri = new java.util.ArrayList(): null

2023-08-30 20:34:59 - [TEST_STEP][PASSED] - hargaProdukOri = new java.util.ArrayList(): null

2023-08-30 20:34:59 - [TEST_STEP][PASSED] - for ([i = 0, i < NamaProdukList.size(), (i++)]): null

2023-08-30 20:34:59 - [TEST_STEP][PASSED] - namaText = text.trim(): null

2023-08-30 20:34:59 - [TEST_STEP][PASSED] - descText = text.trim(): null

2023-08-30 20:34:59 - [TEST_STEP][PASSED] - hargaText = text.trim(): null

2023-08-30 20:34:59 - [TEST_STEP][PASSED] - nmProdukOri.add(namaText): null

2023-08-30 20:34:59 - [TEST_STEP][PASSED] - descProdukOri.add(descText): null

2023-08-30 20:34:59 - [TEST_STEP][PASSED] - hargaProdukOri.add(hargaText): null

2023-08-30 20:34:59 - [TEST_STEP][PASSED] - namaText = text.trim(): null

2023-08-30 20:34:59 - [TEST_STEP][PASSED] - descText = text.trim(): null

2023-08-30 20:34:59 - [TEST_STEP][PASSED] - hargaText = text.trim(): null

2023-08-30 20:34:59 - [TEST_STEP][PASSED] - nmProdukOri.add(namaText): null

2023-08-30 20:34:59 - [TEST_STEP][PASSED] - descProdukOri.add(descText): null

2023-08-30 20:34:59 - [TEST_STEP][PASSED] - hargaProdukOri.add(hargaText): null

2023-08-30 20:34:59 - [TEST_STEP][PASSED] - assert nmProduk == nmProdukOri: null

2023-08-30 20:34:59 - [TEST_STEP][PASSED] - assert desc == descProdukOri: null

2023-08-30 20:34:59 - [TEST_STEP][PASSED] - assert Price == hargaProdukOri: null

2023-08-30 20:34:59 - [TEST_STEP][PASSED] - return dataProduk2: null

2023-08-30 20:34:59 - [MESSAGE][PASSED] - Call Test Case 'Test Cases/4. keranjang/TC-Cart-Show-003' successfully

2023-08-30 20:34:59 - [TEST_STEP][PASSED] - namaProduk = data.get("NamaProduk2"): null

2023-08-30 20:34:59 - [TEST_STEP][PASSED] - desc = data.get("deskripsiProduk2"): null

2023-08-30 20:34:59 - [TEST_STEP][PASSED] - harga = data.get("hargaBarang2"): null

2023-08-30 20:34:59 - [TEST_STEP][PASSED] - click(findTestObject("chekout/button_Checkout")): Object: 'Object Repository/chekout/button_Checkout' is clicked on

2023-08-30 20:35:00 - [MESSAGE][PASSED] - Object: 'Object Repository/chekout/button_Checkout' is clicked on

2023-08-30 20:35:00 - [TEST_STEP][PASSED] - verifyElementPresent(findTestObject("chekout/step 1 Checkout Your Information"), 0): Object 'Object Repository/chekout/step 1 Checkout Your Information' is present

2023-08-30 20:35:00 - [MESSAGE][WARNING] - Timeout '0' is invalid. Using default page load timeout: '30'

2023-08-30 20:35:00 - [MESSAGE][PASSED] - Object 'Object Repository/chekout/step 1 Checkout Your Information' is present

2023-08-30 20:35:00 - [TEST_STEP][PASSED] - setText(findTestObject("chekout/input_firstName_Checkout Your Information"), "Ika"): Text 'Ika' is set on object 'Object Repository/chekout/input_firstName_Checkout Your Information'

2023-08-30 20:35:01 - [MESSAGE][PASSED] - Text 'Ika' is set on object 'Object Repository/chekout/input_firstName_Checkout Your Information'

2023-08-30 20:35:01 - [TEST_STEP][PASSED] - setText(findTestObject("chekout/input_postalCode_Checkout Your Information"), "55582"): Text '55582' is set on object 'Object Repository/chekout/input_postalCode_Checkout Your Information'

2023-08-30 20:35:02 - [MESSAGE][PASSED] - Text '55582' is set on object 'Object Repository/chekout/input_postalCode_Checkout Your Information'

2023-08-30 20:35:02 - [TEST_STEP][PASSED] - click(findTestObject("chekout/continue (your Information)")): Object: 'Object Repository/chekout/continue (your Information)' is clicked on

2023-08-30 20:35:03 - [MESSAGE][PASSED] - Object: 'Object Repository/chekout/continue (your Information)' is clicked on

2023-08-30 20:35:03 - [TEST_STEP][PASSED] - verifyElementText(findTestObject("chekout/Error minta input First Name"), "Error: Last Name is required"): Actual text and expected text of test object 'Object Repository/chekout/Error minta input First Name' are matched.

2023-08-30 20:35:03 - [MESSAGE][PASSED] - Actual text and expected text of test object 'Object Repository/chekout/Error minta input First Name' are matched.]]></system-out>
         <system-err><![CDATA[]]></system-err>
      </testcase>
      <testcase name="Test Cases/5. Chekout/TC-Checkout-Error-003" time="23.26" classname="Test Cases/5. Chekout/TC-Checkout-Error-003" status="PASSED">
         <system-out><![CDATA[2023-08-30 20:35:03 - [TEST_CASE][PASSED] - Test Cases/5. Chekout/TC-Checkout-Error-003: Test Cases/5. Chekout/TC-Checkout-Error-003

2023-08-30 20:35:04 - [TEST_STEP][PASSED] - data = callTestCase(findTestCase("4. keranjang/TC-Cart-Show-003"), [:], STOP_ON_FAILURE): Call Test Case 'Test Cases/4. keranjang/TC-Cart-Show-003' successfully

2023-08-30 20:35:05 - [TEST_CASE][PASSED] - Test Cases/4. keranjang/TC-Cart-Show-003: Test Cases/4. keranjang/TC-Cart-Show-003

2023-08-30 20:35:05 - [TEST_STEP][PASSED] - dataProduk2 = callTestCase(findTestCase("2. Products/TC-Product-AddCart-002"), [:], STOP_ON_FAILURE): Call Test Case 'Test Cases/2. Products/TC-Product-AddCart-002' successfully

2023-08-30 20:35:05 - [TEST_CASE][PASSED] - Test Cases/2. Products/TC-Product-AddCart-002: Test Cases/2. Products/TC-Product-AddCart-002

2023-08-30 20:35:05 - [TEST_STEP][PASSED] - dataCart1 = callTestCase(findTestCase("2. Products/TC-Product-AddCart-001"), ["produkName":"Sauce Labs Backpack", "deskripsi":"carry.allTheThings() with the sleek, streamlined Sly Pack that melds uncompromising style with unequaled laptop and tablet protection.", ... ], STOP_ON_FAILURE): Call Test Case 'Test Cases/2. Products/TC-Product-AddCart-001' successfully

2023-08-30 20:35:05 - [TEST_CASE][PASSED] - Test Cases/2. Products/TC-Product-AddCart-001: Test Cases/2. Products/TC-Product-AddCart-001

2023-08-30 20:35:05 - [TEST_STEP][PASSED] - callTestCase(findTestCase("2. Products/TC-Product-Show-001"), [:], STOP_ON_FAILURE): Call Test Case 'Test Cases/2. Products/TC-Product-Show-001' successfully

2023-08-30 20:35:05 - [TEST_CASE][PASSED] - Test Cases/2. Products/TC-Product-Show-001: Test Cases/2. Products/TC-Product-Show-001

2023-08-30 20:35:05 - [TEST_STEP][PASSED] - callTestCase(findTestCase("1. login/TC-Login-Success-001"), [:], STOP_ON_FAILURE): Call Test Case 'Test Cases/1. login/TC-Login-Success-001' successfully

2023-08-30 20:35:05 - [TEST_CASE][PASSED] - Test Cases/1. login/TC-Login-Success-001: Test Cases/1. login/TC-Login-Success-001

2023-08-30 20:35:05 - [TEST_STEP][PASSED] - openBrowser(web): Browser is opened with url: 'https://www.saucedemo.com/inventory.html'

2023-08-30 20:35:05 - [MESSAGE][WARNING] - A browser is already opened. Closing browser and opening a new one

2023-08-30 20:35:06 - [MESSAGE][INFO] - Starting 'Edge Chromium' driver

2023-08-30 20:35:07 - [MESSAGE][INFO] - Action delay is set to 0 milliseconds

2023-08-30 20:35:11 - [MESSAGE][PASSED] - Browser is opened with url: 'https://www.saucedemo.com/inventory.html'

2023-08-30 20:35:11 - [TEST_STEP][PASSED] - maximizeWindow(): Current window maximized

2023-08-30 20:35:11 - [MESSAGE][PASSED] - Current window maximized

2023-08-30 20:35:11 - [TEST_STEP][PASSED] - verifyElementPresent(findTestObject("1. Login/halaman home swag labs"), 0): Object 'Object Repository/1. Login/halaman home swag labs' is present

2023-08-30 20:35:12 - [MESSAGE][WARNING] - Timeout '0' is invalid. Using default page load timeout: '30'

2023-08-30 20:35:12 - [MESSAGE][PASSED] - Object 'Object Repository/1. Login/halaman home swag labs' is present

2023-08-30 20:35:12 - [TEST_STEP][PASSED] - setText(findTestObject("1. Login/input username"), username): Text 'standard_user' is set on object 'Object Repository/1. Login/input username'

2023-08-30 20:35:13 - [MESSAGE][PASSED] - Text 'standard_user' is set on object 'Object Repository/1. Login/input username'

2023-08-30 20:35:13 - [TEST_STEP][PASSED] - setEncryptedText(findTestObject("1. Login/input password"), password): Text ****** has been set on object 'Object Repository/1. Login/input password'

2023-08-30 20:35:14 - [MESSAGE][PASSED] - Text ****** has been set on object 'Object Repository/1. Login/input password'

2023-08-30 20:35:14 - [TEST_STEP][PASSED] - click(findTestObject("1. Login/button Login")): Object: 'Object Repository/1. Login/button Login' is clicked on

2023-08-30 20:35:15 - [MESSAGE][PASSED] - Object: 'Object Repository/1. Login/button Login' is clicked on

2023-08-30 20:35:15 - [TEST_STEP][PASSED] - verifyElementText(findTestObject("1. Login/home product atau halaman Swag Labs"), "Swag Labs"): Actual text and expected text of test object 'Object Repository/1. Login/home product atau halaman Swag Labs' are matched.

2023-08-30 20:35:16 - [MESSAGE][PASSED] - Actual text and expected text of test object 'Object Repository/1. Login/home product atau halaman Swag Labs' are matched.

2023-08-30 20:35:16 - [MESSAGE][PASSED] - Call Test Case 'Test Cases/1. login/TC-Login-Success-001' successfully

2023-08-30 20:35:16 - [MESSAGE][PASSED] - Call Test Case 'Test Cases/2. Products/TC-Product-Show-001' successfully

2023-08-30 20:35:16 - [TEST_STEP][PASSED] - click(findTestObject("Products/button_Add to cart 1")): Object: 'Object Repository/Products/button_Add to cart 1' is clicked on

2023-08-30 20:35:16 - [MESSAGE][PASSED] - Object: 'Object Repository/Products/button_Add to cart 1' is clicked on

2023-08-30 20:35:16 - [TEST_STEP][PASSED] - verifyElementPresent(findTestObject("Products/shopping cart 1"), 0): Object 'Object Repository/Products/shopping cart 1' is present

2023-08-30 20:35:16 - [MESSAGE][WARNING] - Timeout '0' is invalid. Using default page load timeout: '30'

2023-08-30 20:35:17 - [MESSAGE][PASSED] - Object 'Object Repository/Products/shopping cart 1' is present

2023-08-30 20:35:17 - [TEST_STEP][PASSED] - namaProduk = getText(findTestObject("Products/div_Sauce Labs Backpack")): Text of object 'Object Repository/Products/div_Sauce Labs Backpack' is: 'Sauce Labs Backpack'

2023-08-30 20:35:17 - [MESSAGE][PASSED] - Text of object 'Object Repository/Products/div_Sauce Labs Backpack' is: 'Sauce Labs Backpack'

2023-08-30 20:35:17 - [TEST_STEP][PASSED] - deskripsi = getText(findTestObject("Products/deskripsi")): Text of object 'Object Repository/Products/deskripsi' is: 'carry.allTheThings() with the sleek, streamlined Sly Pack that melds uncompromising style with unequaled laptop and tablet protection.'

2023-08-30 20:35:18 - [MESSAGE][PASSED] - Text of object 'Object Repository/Products/deskripsi' is: 'carry.allTheThings() with the sleek, streamlined Sly Pack that melds uncompromising style with unequaled laptop and tablet protection.'

2023-08-30 20:35:18 - [TEST_STEP][PASSED] - price = getText(findTestObject("Products/harga produk 1")): Text of object 'Object Repository/Products/harga produk 1' is: '$29.99'

2023-08-30 20:35:18 - [MESSAGE][PASSED] - Text of object 'Object Repository/Products/harga produk 1' is: '$29.99'

2023-08-30 20:35:18 - [TEST_STEP][PASSED] - assert trim().equalsIgnoreCase(produkName.trim()): null

2023-08-30 20:35:18 - [TEST_STEP][PASSED] - assert trim().equalsIgnoreCase(deskripsi.trim()): null

2023-08-30 20:35:18 - [TEST_STEP][PASSED] - assert trim().equalsIgnoreCase(price.trim()): null

2023-08-30 20:35:18 - [TEST_STEP][PASSED] - dataProduk = new java.util.HashMap(): null

2023-08-30 20:35:18 - [TEST_STEP][PASSED] - dataProduk.put("namaProduk", namaProduk): null

2023-08-30 20:35:18 - [TEST_STEP][PASSED] - dataProduk.put("deskripsi", deskripsi): null

2023-08-30 20:35:18 - [TEST_STEP][PASSED] - dataProduk.put("price", price): null

2023-08-30 20:35:18 - [TEST_STEP][PASSED] - return dataProduk: null

2023-08-30 20:35:18 - [MESSAGE][PASSED] - Call Test Case 'Test Cases/2. Products/TC-Product-AddCart-001' successfully

2023-08-30 20:35:18 - [TEST_STEP][PASSED] - produk = dataCart1.get("namaProduk"): null

2023-08-30 20:35:18 - [TEST_STEP][PASSED] - Deskripsi = dataCart1.get("deskripsi"): null

2023-08-30 20:35:18 - [TEST_STEP][PASSED] - harga = dataCart1.get("price"): null

2023-08-30 20:35:18 - [TEST_STEP][PASSED] - click(findTestObject("Products/button_Add to cart")): Object: 'Object Repository/Products/button_Add to cart' is clicked on

2023-08-30 20:35:18 - [MESSAGE][PASSED] - Object: 'Object Repository/Products/button_Add to cart' is clicked on

2023-08-30 20:35:18 - [TEST_STEP][PASSED] - namaProduk = getText(findTestObject("Object Repository/Products/nama produk 2")): Text of object 'Object Repository/Products/nama produk 2' is: 'Sauce Labs Bike Light'

2023-08-30 20:35:19 - [MESSAGE][PASSED] - Text of object 'Object Repository/Products/nama produk 2' is: 'Sauce Labs Bike Light'

2023-08-30 20:35:19 - [TEST_STEP][PASSED] - deskripsi = getText(findTestObject("Object Repository/Products/deskripsi produk 2")): Text of object 'Object Repository/Products/deskripsi produk 2' is: 'A red light isn't the desired state in testing but it sure helps when riding your bike at night. Water-resistant with 3 lighting modes, 1 AAA battery included.'

2023-08-30 20:35:20 - [MESSAGE][PASSED] - Text of object 'Object Repository/Products/deskripsi produk 2' is: 'A red light isn't the desired state in testing but it sure helps when riding your bike at night. Water-resistant with 3 lighting modes, 1 AAA battery included.'

2023-08-30 20:35:20 - [TEST_STEP][PASSED] - Harga = getText(findTestObject("Object Repository/Products/harga produk 2")): Text of object 'Object Repository/Products/harga produk 2' is: '$9.99'

2023-08-30 20:35:20 - [MESSAGE][PASSED] - Text of object 'Object Repository/Products/harga produk 2' is: '$9.99'

2023-08-30 20:35:20 - [TEST_STEP][PASSED] - NamaProduk = []: null

2023-08-30 20:35:20 - [TEST_STEP][PASSED] - deskripsiProduk = []: null

2023-08-30 20:35:20 - [TEST_STEP][PASSED] - hargaBarang = []: null

2023-08-30 20:35:20 - [TEST_STEP][PASSED] - for ([i = 0, i < 2, (i++)]): null

2023-08-30 20:35:20 - [TEST_STEP][PASSED] - NamaProduk[0] = produk: null

2023-08-30 20:35:20 - [TEST_STEP][PASSED] - NamaProduk[1] = namaProduk: null

2023-08-30 20:35:20 - [TEST_STEP][PASSED] - deskripsiProduk[0] = Deskripsi: null

2023-08-30 20:35:20 - [TEST_STEP][PASSED] - deskripsiProduk[1] = deskripsi: null

2023-08-30 20:35:20 - [TEST_STEP][PASSED] - hargaBarang[0] = harga: null

2023-08-30 20:35:20 - [TEST_STEP][PASSED] - hargaBarang[1] = Harga: null

2023-08-30 20:35:20 - [TEST_STEP][PASSED] - NamaProduk[0] = produk: null

2023-08-30 20:35:20 - [TEST_STEP][PASSED] - NamaProduk[1] = namaProduk: null

2023-08-30 20:35:20 - [TEST_STEP][PASSED] - deskripsiProduk[0] = Deskripsi: null

2023-08-30 20:35:20 - [TEST_STEP][PASSED] - deskripsiProduk[1] = deskripsi: null

2023-08-30 20:35:20 - [TEST_STEP][PASSED] - hargaBarang[0] = harga: null

2023-08-30 20:35:20 - [TEST_STEP][PASSED] - hargaBarang[1] = Harga: null

2023-08-30 20:35:20 - [TEST_STEP][PASSED] - dataProduk2 = new java.util.HashMap(): null

2023-08-30 20:35:20 - [TEST_STEP][PASSED] - dataProduk2.put("NamaProduk2", NamaProduk): null

2023-08-30 20:35:20 - [TEST_STEP][PASSED] - dataProduk2.put("deskripsiProduk2", deskripsiProduk): null

2023-08-30 20:35:20 - [TEST_STEP][PASSED] - dataProduk2.put("hargaBarang2", hargaBarang): null

2023-08-30 20:35:20 - [TEST_STEP][PASSED] - return dataProduk2: null

2023-08-30 20:35:20 - [MESSAGE][PASSED] - Call Test Case 'Test Cases/2. Products/TC-Product-AddCart-002' successfully

2023-08-30 20:35:20 - [TEST_STEP][PASSED] - nmProduk = dataProduk2.get("NamaProduk2"): null

2023-08-30 20:35:20 - [TEST_STEP][PASSED] - desc = dataProduk2.get("deskripsiProduk2"): null

2023-08-30 20:35:20 - [TEST_STEP][PASSED] - Price = dataProduk2.get("hargaBarang2"): null

2023-08-30 20:35:20 - [TEST_STEP][PASSED] - click(findTestObject("keranjang/keranjang belanja")): Object: 'Object Repository/keranjang/keranjang belanja' is clicked on

2023-08-30 20:35:21 - [MESSAGE][PASSED] - Object: 'Object Repository/keranjang/keranjang belanja' is clicked on

2023-08-30 20:35:21 - [TEST_STEP][PASSED] - verifyElementPresent(findTestObject("keranjang/div_Your Cart"), 0): Object 'Object Repository/keranjang/div_Your Cart' is present

2023-08-30 20:35:21 - [MESSAGE][WARNING] - Timeout '0' is invalid. Using default page load timeout: '30'

2023-08-30 20:35:21 - [MESSAGE][PASSED] - Object 'Object Repository/keranjang/div_Your Cart' is present

2023-08-30 20:35:21 - [TEST_STEP][PASSED] - NamaProdukList = findWebElements(findTestObject("Object Repository/keranjang/nama semua produk(keranjang)"), 5): null

2023-08-30 20:35:22 - [TEST_STEP][PASSED] - DescProdukList = findWebElements(findTestObject("Object Repository/keranjang/desc semua produk"), 5): null

2023-08-30 20:35:22 - [TEST_STEP][PASSED] - hargaProdukList = findWebElements(findTestObject("Object Repository/keranjang/harga semua produk"), 5): null

2023-08-30 20:35:23 - [TEST_STEP][PASSED] - nmProdukOri = new java.util.ArrayList(): null

2023-08-30 20:35:23 - [TEST_STEP][PASSED] - descProdukOri = new java.util.ArrayList(): null

2023-08-30 20:35:23 - [TEST_STEP][PASSED] - hargaProdukOri = new java.util.ArrayList(): null

2023-08-30 20:35:23 - [TEST_STEP][PASSED] - for ([i = 0, i < NamaProdukList.size(), (i++)]): null

2023-08-30 20:35:23 - [TEST_STEP][PASSED] - namaText = text.trim(): null

2023-08-30 20:35:23 - [TEST_STEP][PASSED] - descText = text.trim(): null

2023-08-30 20:35:23 - [TEST_STEP][PASSED] - hargaText = text.trim(): null

2023-08-30 20:35:23 - [TEST_STEP][PASSED] - nmProdukOri.add(namaText): null

2023-08-30 20:35:23 - [TEST_STEP][PASSED] - descProdukOri.add(descText): null

2023-08-30 20:35:23 - [TEST_STEP][PASSED] - hargaProdukOri.add(hargaText): null

2023-08-30 20:35:23 - [TEST_STEP][PASSED] - namaText = text.trim(): null

2023-08-30 20:35:23 - [TEST_STEP][PASSED] - descText = text.trim(): null

2023-08-30 20:35:23 - [TEST_STEP][PASSED] - hargaText = text.trim(): null

2023-08-30 20:35:23 - [TEST_STEP][PASSED] - nmProdukOri.add(namaText): null

2023-08-30 20:35:23 - [TEST_STEP][PASSED] - descProdukOri.add(descText): null

2023-08-30 20:35:23 - [TEST_STEP][PASSED] - hargaProdukOri.add(hargaText): null

2023-08-30 20:35:23 - [TEST_STEP][PASSED] - assert nmProduk == nmProdukOri: null

2023-08-30 20:35:23 - [TEST_STEP][PASSED] - assert desc == descProdukOri: null

2023-08-30 20:35:23 - [TEST_STEP][PASSED] - assert Price == hargaProdukOri: null

2023-08-30 20:35:23 - [TEST_STEP][PASSED] - return dataProduk2: null

2023-08-30 20:35:23 - [MESSAGE][PASSED] - Call Test Case 'Test Cases/4. keranjang/TC-Cart-Show-003' successfully

2023-08-30 20:35:23 - [TEST_STEP][PASSED] - namaProduk = data.get("NamaProduk2"): null

2023-08-30 20:35:23 - [TEST_STEP][PASSED] - desc = data.get("deskripsiProduk2"): null

2023-08-30 20:35:23 - [TEST_STEP][PASSED] - harga = data.get("hargaBarang2"): null

2023-08-30 20:35:23 - [TEST_STEP][PASSED] - click(findTestObject("chekout/button_Checkout")): Object: 'Object Repository/chekout/button_Checkout' is clicked on

2023-08-30 20:35:23 - [MESSAGE][PASSED] - Object: 'Object Repository/chekout/button_Checkout' is clicked on

2023-08-30 20:35:23 - [TEST_STEP][PASSED] - verifyElementPresent(findTestObject("chekout/step 1 Checkout Your Information"), 0): Object 'Object Repository/chekout/step 1 Checkout Your Information' is present

2023-08-30 20:35:24 - [MESSAGE][WARNING] - Timeout '0' is invalid. Using default page load timeout: '30'

2023-08-30 20:35:24 - [MESSAGE][PASSED] - Object 'Object Repository/chekout/step 1 Checkout Your Information' is present

2023-08-30 20:35:24 - [TEST_STEP][PASSED] - setText(findTestObject("chekout/input_firstName_Checkout Your Information"), "Ika"): Text 'Ika' is set on object 'Object Repository/chekout/input_firstName_Checkout Your Information'

2023-08-30 20:35:25 - [MESSAGE][PASSED] - Text 'Ika' is set on object 'Object Repository/chekout/input_firstName_Checkout Your Information'

2023-08-30 20:35:25 - [TEST_STEP][PASSED] - setText(findTestObject("chekout/input_lastName_Checkout Your Information"), "Nur"): Text 'Nur' is set on object 'Object Repository/chekout/input_lastName_Checkout Your Information'

2023-08-30 20:35:26 - [MESSAGE][PASSED] - Text 'Nur' is set on object 'Object Repository/chekout/input_lastName_Checkout Your Information'

2023-08-30 20:35:26 - [TEST_STEP][PASSED] - click(findTestObject("chekout/continue (your Information)")): Object: 'Object Repository/chekout/continue (your Information)' is clicked on

2023-08-30 20:35:26 - [MESSAGE][PASSED] - Object: 'Object Repository/chekout/continue (your Information)' is clicked on

2023-08-30 20:35:26 - [TEST_STEP][PASSED] - verifyElementText(findTestObject("chekout/Error minta input First Name"), "Error: Postal Code is required"): Actual text and expected text of test object 'Object Repository/chekout/Error minta input First Name' are matched.

2023-08-30 20:35:27 - [MESSAGE][PASSED] - Actual text and expected text of test object 'Object Repository/chekout/Error minta input First Name' are matched.]]></system-out>
         <system-err><![CDATA[]]></system-err>
      </testcase>
      <testcase name="Test Cases/6. Logout/TC-Logout-Success-001" time="12.305" classname="Test Cases/6. Logout/TC-Logout-Success-001" status="PASSED">
         <system-out><![CDATA[2023-08-30 20:35:27 - [TEST_CASE][PASSED] - Test Cases/6. Logout/TC-Logout-Success-001: Test Cases/6. Logout/TC-Logout-Success-001

2023-08-30 20:35:28 - [TEST_STEP][PASSED] - callTestCase(findTestCase("1. login/TC-Login-Success-001"), [:], STOP_ON_FAILURE): Call Test Case 'Test Cases/1. login/TC-Login-Success-001' successfully

2023-08-30 20:35:28 - [TEST_CASE][PASSED] - Test Cases/1. login/TC-Login-Success-001: Test Cases/1. login/TC-Login-Success-001

2023-08-30 20:35:28 - [TEST_STEP][PASSED] - openBrowser(web): Browser is opened with url: 'https://www.saucedemo.com/inventory.html'

2023-08-30 20:35:28 - [MESSAGE][WARNING] - A browser is already opened. Closing browser and opening a new one

2023-08-30 20:35:29 - [MESSAGE][INFO] - Starting 'Edge Chromium' driver

2023-08-30 20:35:31 - [MESSAGE][INFO] - Action delay is set to 0 milliseconds

2023-08-30 20:35:33 - [MESSAGE][PASSED] - Browser is opened with url: 'https://www.saucedemo.com/inventory.html'

2023-08-30 20:35:33 - [TEST_STEP][PASSED] - maximizeWindow(): Current window maximized

2023-08-30 20:35:33 - [MESSAGE][PASSED] - Current window maximized

2023-08-30 20:35:33 - [TEST_STEP][PASSED] - verifyElementPresent(findTestObject("1. Login/halaman home swag labs"), 0): Object 'Object Repository/1. Login/halaman home swag labs' is present

2023-08-30 20:35:34 - [MESSAGE][WARNING] - Timeout '0' is invalid. Using default page load timeout: '30'

2023-08-30 20:35:34 - [MESSAGE][PASSED] - Object 'Object Repository/1. Login/halaman home swag labs' is present

2023-08-30 20:35:34 - [TEST_STEP][PASSED] - setText(findTestObject("1. Login/input username"), username): Text 'standard_user' is set on object 'Object Repository/1. Login/input username'

2023-08-30 20:35:35 - [MESSAGE][PASSED] - Text 'standard_user' is set on object 'Object Repository/1. Login/input username'

2023-08-30 20:35:35 - [TEST_STEP][PASSED] - setEncryptedText(findTestObject("1. Login/input password"), password): Text ****** has been set on object 'Object Repository/1. Login/input password'

2023-08-30 20:35:36 - [MESSAGE][PASSED] - Text ****** has been set on object 'Object Repository/1. Login/input password'

2023-08-30 20:35:36 - [TEST_STEP][PASSED] - click(findTestObject("1. Login/button Login")): Object: 'Object Repository/1. Login/button Login' is clicked on

2023-08-30 20:35:36 - [MESSAGE][PASSED] - Object: 'Object Repository/1. Login/button Login' is clicked on

2023-08-30 20:35:36 - [TEST_STEP][PASSED] - verifyElementText(findTestObject("1. Login/home product atau halaman Swag Labs"), "Swag Labs"): Actual text and expected text of test object 'Object Repository/1. Login/home product atau halaman Swag Labs' are matched.

2023-08-30 20:35:37 - [MESSAGE][PASSED] - Actual text and expected text of test object 'Object Repository/1. Login/home product atau halaman Swag Labs' are matched.

2023-08-30 20:35:37 - [MESSAGE][PASSED] - Call Test Case 'Test Cases/1. login/TC-Login-Success-001' successfully

2023-08-30 20:35:37 - [TEST_STEP][PASSED] - click(findTestObject("logout/button hamburger")): Object: 'Object Repository/logout/button hamburger' is clicked on

2023-08-30 20:35:38 - [MESSAGE][PASSED] - Object: 'Object Repository/logout/button hamburger' is clicked on

2023-08-30 20:35:38 - [TEST_STEP][PASSED] - click(findTestObject("logout/a_Logout")): Object: 'Object Repository/logout/a_Logout' is clicked on

2023-08-30 20:35:39 - [MESSAGE][PASSED] - Object: 'Object Repository/logout/a_Logout' is clicked on

2023-08-30 20:35:39 - [TEST_STEP][PASSED] - verifyElementPresent(findTestObject("1. Login/halaman home swag labs"), 0): Object 'Object Repository/1. Login/halaman home swag labs' is present

2023-08-30 20:35:39 - [MESSAGE][WARNING] - Timeout '0' is invalid. Using default page load timeout: '30'

2023-08-30 20:35:39 - [MESSAGE][PASSED] - Object 'Object Repository/1. Login/halaman home swag labs' is present]]></system-out>
         <system-err><![CDATA[]]></system-err>
      </testcase>
      <system-out><![CDATA[2023-08-30 20:27:16 - [TEST_SUITE][FAILED] - test Sauce Demo: Test Cases/1. login/TC-Login-Failed-002 FAILED.
Reason:
com.kms.katalon.core.exception.StepFailedException: Verify element text of test object 'Object Repository/1. Login/error meminta pasword' FAILED.
	at com.kms.katalon.core.webui.keyword.internal.WebUIKeywordMain.stepFailed(WebUIKeywordMain.groovy:64)
	at com.kms.katalon.core.webui.keyword.internal.WebUIKeywordMain.runKeyword(WebUIKeywordMain.groovy:26)
	at com.kms.katalon.core.webui.keyword.builtin.VerifyElementTextKeyword.verifyElementText(VerifyElementTextKeyword.groovy:72)
	at com.kms.katalon.core.webui.keyword.builtin.VerifyElementTextKeyword.execute(VerifyElementTextKeyword.groovy:40)
	at com.kms.katalon.core.keyword.internal.KeywordExecutor.executeKeywordForPlatform(KeywordExecutor.groovy:74)
	at com.kms.katalon.core.webui.keyword.WebUiBuiltInKeywords.verifyElementText(WebUiBuiltInKeywords.groovy:4749)
	at com.kms.katalon.core.webui.keyword.WebUiBuiltInKeywords$verifyElementText$5.call(Unknown Source)
	at TC-Login-Failed-002.run(TC-Login-Failed-002:30)
	at com.kms.katalon.core.main.ScriptEngine.run(ScriptEngine.java:194)
	at com.kms.katalon.core.main.ScriptEngine.runScriptAsRawText(ScriptEngine.java:119)
	at com.kms.katalon.core.main.TestCaseExecutor.runScript(TestCaseExecutor.java:448)
	at com.kms.katalon.core.main.TestCaseExecutor.doExecute(TestCaseExecutor.java:439)
	at com.kms.katalon.core.main.TestCaseExecutor.processExecutionPhase(TestCaseExecutor.java:418)
	at com.kms.katalon.core.main.TestCaseExecutor.accessMainPhase(TestCaseExecutor.java:410)
	at com.kms.katalon.core.main.TestCaseExecutor.execute(TestCaseExecutor.java:285)
	at com.kms.katalon.core.common.CommonExecutor.accessTestCaseMainPhase(CommonExecutor.java:65)
	at com.kms.katalon.core.main.TestSuiteExecutor.accessTestSuiteMainPhase(TestSuiteExecutor.java:148)
	at com.kms.katalon.core.main.TestSuiteExecutor.execute(TestSuiteExecutor.java:106)
	at com.kms.katalon.core.main.TestCaseMain.startTestSuite(TestCaseMain.java:187)
	at com.kms.katalon.core.main.TestCaseMain$startTestSuite$0.call(Unknown Source)
	at TempTestSuite1693402027019.run(TempTestSuite1693402027019.groovy:36)
Caused by: com.kms.katalon.core.exception.StepFailedException: Actual text 'Epic sadface: Password is required' and expected text 'Login failed! Please ensure the password are valid.' of test object 'Object Repository/1. Login/error meminta pasword' are NOT matched.
	at com.kms.katalon.core.webui.keyword.internal.WebUIKeywordMain.stepFailed(WebUIKeywordMain.groovy:64)
	at com.kms.katalon.core.webui.keyword.builtin.VerifyElementTextKeyword$_verifyElementText_closure1.doCall(VerifyElementTextKeyword.groovy:57)
	at com.kms.katalon.core.webui.keyword.builtin.VerifyElementTextKeyword$_verifyElementText_closure1.call(VerifyElementTextKeyword.groovy)
	at com.kms.katalon.core.webui.keyword.internal.WebUIKeywordMain.runKeyword(WebUIKeywordMain.groovy:20)
	... 19 more]]></system-out>
      <system-err><![CDATA[2023-08-30 20:27:16 - [TEST_SUITE][FAILED] - test Sauce Demo: Test Cases/1. login/TC-Login-Failed-002 FAILED.
Reason:
com.kms.katalon.core.exception.StepFailedException: Verify element text of test object 'Object Repository/1. Login/error meminta pasword' FAILED.
	at com.kms.katalon.core.webui.keyword.internal.WebUIKeywordMain.stepFailed(WebUIKeywordMain.groovy:64)
	at com.kms.katalon.core.webui.keyword.internal.WebUIKeywordMain.runKeyword(WebUIKeywordMain.groovy:26)
	at com.kms.katalon.core.webui.keyword.builtin.VerifyElementTextKeyword.verifyElementText(VerifyElementTextKeyword.groovy:72)
	at com.kms.katalon.core.webui.keyword.builtin.VerifyElementTextKeyword.execute(VerifyElementTextKeyword.groovy:40)
	at com.kms.katalon.core.keyword.internal.KeywordExecutor.executeKeywordForPlatform(KeywordExecutor.groovy:74)
	at com.kms.katalon.core.webui.keyword.WebUiBuiltInKeywords.verifyElementText(WebUiBuiltInKeywords.groovy:4749)
	at com.kms.katalon.core.webui.keyword.WebUiBuiltInKeywords$verifyElementText$5.call(Unknown Source)
	at TC-Login-Failed-002.run(TC-Login-Failed-002:30)
	at com.kms.katalon.core.main.ScriptEngine.run(ScriptEngine.java:194)
	at com.kms.katalon.core.main.ScriptEngine.runScriptAsRawText(ScriptEngine.java:119)
	at com.kms.katalon.core.main.TestCaseExecutor.runScript(TestCaseExecutor.java:448)
	at com.kms.katalon.core.main.TestCaseExecutor.doExecute(TestCaseExecutor.java:439)
	at com.kms.katalon.core.main.TestCaseExecutor.processExecutionPhase(TestCaseExecutor.java:418)
	at com.kms.katalon.core.main.TestCaseExecutor.accessMainPhase(TestCaseExecutor.java:410)
	at com.kms.katalon.core.main.TestCaseExecutor.execute(TestCaseExecutor.java:285)
	at com.kms.katalon.core.common.CommonExecutor.accessTestCaseMainPhase(CommonExecutor.java:65)
	at com.kms.katalon.core.main.TestSuiteExecutor.accessTestSuiteMainPhase(TestSuiteExecutor.java:148)
	at com.kms.katalon.core.main.TestSuiteExecutor.execute(TestSuiteExecutor.java:106)
	at com.kms.katalon.core.main.TestCaseMain.startTestSuite(TestCaseMain.java:187)
	at com.kms.katalon.core.main.TestCaseMain$startTestSuite$0.call(Unknown Source)
	at TempTestSuite1693402027019.run(TempTestSuite1693402027019.groovy:36)
Caused by: com.kms.katalon.core.exception.StepFailedException: Actual text 'Epic sadface: Password is required' and expected text 'Login failed! Please ensure the password are valid.' of test object 'Object Repository/1. Login/error meminta pasword' are NOT matched.
	at com.kms.katalon.core.webui.keyword.internal.WebUIKeywordMain.stepFailed(WebUIKeywordMain.groovy:64)
	at com.kms.katalon.core.webui.keyword.builtin.VerifyElementTextKeyword$_verifyElementText_closure1.doCall(VerifyElementTextKeyword.groovy:57)
	at com.kms.katalon.core.webui.keyword.builtin.VerifyElementTextKeyword$_verifyElementText_closure1.call(VerifyElementTextKeyword.groovy)
	at com.kms.katalon.core.webui.keyword.internal.WebUIKeywordMain.runKeyword(WebUIKeywordMain.groovy:20)
	... 19 more]]></system-err>
   </testsuite>
</testsuites>
